2024-11-02 00:00:10,330 [ERROR] ConfigurationRetriever:142 - IOException on connection: sw-center.st.com
2024-11-02 00:00:10,363 [ERROR] ConfigurationRetriever:142 - IOException on connection: sw-center.st.com
2024-11-02 00:00:10,365 [ERROR] ConfigurationRetriever:142 - IOException on connection: sw-center.st.com
2024-11-02 00:20:46,251 [ERROR] ConfigurationRetriever:142 - IOException on connection: sw-center.st.com
2024-11-02 00:20:46,254 [ERROR] ConfigurationRetriever:142 - IOException on connection: sw-center.st.com
2024-11-02 00:20:46,256 [ERROR] ConfigurationRetriever:142 - IOException on connection: sw-center.st.com
2024-11-02 00:21:10,709 [ERROR] ConfigurationRetriever:142 - IOException on connection: sw-center.st.com
2024-11-02 00:21:10,711 [ERROR] ConfigurationRetriever:142 - IOException on connection: sw-center.st.com
2024-11-02 00:21:10,713 [ERROR] ConfigurationRetriever:142 - IOException on connection: sw-center.st.com
2024-11-02 00:32:17,675 [ERROR] ConfigurationRetriever:142 - IOException on connection: sw-center.st.com
2024-11-02 00:32:17,677 [ERROR] ConfigurationRetriever:142 - IOException on connection: sw-center.st.com
2024-11-02 00:32:17,679 [ERROR] ConfigurationRetriever:142 - IOException on connection: sw-center.st.com
2024-11-02 00:32:42,936 [ERROR] ConfigurationRetriever:142 - IOException on connection: sw-center.st.com
2024-11-02 00:32:42,938 [ERROR] ConfigurationRetriever:142 - IOException on connection: sw-center.st.com
2024-11-02 00:32:42,940 [ERROR] ConfigurationRetriever:142 - IOException on connection: sw-center.st.com
2024-11-02 00:35:43,147 [ERROR] ConfigurationRetriever:142 - IOException on connection: sw-center.st.com
2024-11-02 00:35:43,150 [ERROR] ConfigurationRetriever:142 - IOException on connection: sw-center.st.com
2024-11-02 00:35:43,151 [ERROR] ConfigurationRetriever:142 - IOException on connection: sw-center.st.com
2024-11-02 00:35:47,977 [ERROR] LogOutputStream:75 - [STDERR_REDIRECT] 
2024-11-02 18:13:42,981 [INFO] Activator:176 - 


2024-11-02 18:13:43,035 [INFO] Activator:177 - !SESSION log4j initialized
2024-11-02 18:14:22,761 [INFO] LogOutputStream:77 - [STDOUT_REDIRECT] 
2024-11-02 18:14:28,204 [ERROR] ConfigurationRetriever:142 - IOException on connection: Connect timed out
2024-11-02 18:14:30,210 [ERROR] ConfigurationRetriever:142 - IOException on connection: Connect timed out
2024-11-02 18:14:32,227 [ERROR] ConfigurationRetriever:142 - IOException on connection: Connect timed out
2024-11-02 18:14:36,108 [INFO] ApplicationProperties:184 - Using Application install path: C:\ST\STM32CubeIDE_1.15.1\STM32CubeIDE\plugins\com.st.stm32cube.common.mx_6.11.1.202404110753
2024-11-02 18:14:36,214 [INFO] DbMcusXml:78 - Set database path to: C:\ST\STM32CubeIDE_1.15.1\STM32CubeIDE\plugins\com.st.stm32cube.common.mx_6.11.1.202404110753\\db\/mcu/
2024-11-02 18:14:36,215 [INFO] ApiDb:274 - Set plugin database path to: C:\ST\STM32CubeIDE_1.15.1\STM32CubeIDE\plugins\com.st.stm32cube.common.mx_6.11.1.202404110753\\db\/plugins/boardmanager/
2024-11-02 18:14:36,216 [WARN] ApiDb:259 - Overriding images path with different value:  => C:\ST\STM32CubeIDE_1.15.1\STM32CubeIDE\plugins\com.st.stm32cube.common.mx_6.11.1.202404110753\\db\/plugins/mcufinder/images/
2024-11-02 18:14:36,311 [INFO] ApiDb:250 - Set database path to: C:\Users\OVIA\.stmcufinder\plugins\mcufinder//mcu/
2024-11-02 18:14:36,315 [INFO] DbMcusAds:125 - Set database path to: C:\Users\OVIA\.stmcufinder\plugins\mcufinder//mcu/
2024-11-02 18:14:36,330 [INFO] CrossReferenceDbSqlite:203 - Set database path to: C:\Users\OVIA\.stmcufinder\plugins\mcufinder//mcu/cs/
2024-11-02 18:14:37,164 [INFO] RulesReader:64 - Compatibility file has been processed (297 Rules)
2024-11-02 18:14:38,023 [INFO] DbMcusXml:78 - Set database path to: C:\ST\STM32CubeIDE_1.15.1\STM32CubeIDE\plugins\com.st.stm32cube.common.mx_6.11.1.202404110753\\db\/mcu/
2024-11-02 18:14:38,024 [INFO] ApiDb:274 - Set plugin database path to: C:\ST\STM32CubeIDE_1.15.1\STM32CubeIDE\plugins\com.st.stm32cube.common.mx_6.11.1.202404110753\\db\/plugins/boardmanager/
2024-11-02 18:14:38,025 [INFO] ApiDb:261 - Set plugin images path to: C:\ST\STM32CubeIDE_1.15.1\STM32CubeIDE\plugins\com.st.stm32cube.common.mx_6.11.1.202404110753\\db\/plugins/mcufinder/images/
2024-11-02 18:14:38,026 [WARN] DbFile:41 - Overriding database path with different value: C:\Users\OVIA\.stmcufinder\plugins\mcufinder/ => C:\Users\OVIA\.stmcufinder\plugins\mcufinder
2024-11-02 18:14:38,026 [INFO] ApiDb:250 - Set database path to: C:\Users\OVIA\.stmcufinder\plugins\mcufinder//mcu/
2024-11-02 18:14:38,027 [WARN] DbFile:41 - Overriding database path with different value: C:\Users\OVIA\.stmcufinder\plugins\mcufinder/ => C:\Users\OVIA\.stmcufinder\plugins\mcufinder
2024-11-02 18:14:38,027 [INFO] DbMcusAds:125 - Set database path to: C:\Users\OVIA\.stmcufinder\plugins\mcufinder//mcu/
2024-11-02 18:14:38,028 [WARN] DbFile:41 - Overriding database path with different value: C:\Users\OVIA\.stmcufinder\plugins\mcufinder/ => C:\Users\OVIA\.stmcufinder\plugins\mcufinder
2024-11-02 18:14:38,029 [WARN] DbFile:41 - Overriding database path with different value: C:\Users\OVIA\.stmcufinder\plugins\mcufinder/ => C:\Users\OVIA\.stmcufinder\plugins\mcufinder
2024-11-02 18:14:38,029 [INFO] CrossReferenceDbSqlite:203 - Set database path to: C:\Users\OVIA\.stmcufinder\plugins\mcufinder//mcu/cs/
2024-11-02 18:14:38,832 [INFO] MainPanel:264 - HeapMemory: 268435456
2024-11-02 18:14:39,991 [INFO] DbMcusXml:78 - Set database path to: C:\ST\STM32CubeIDE_1.15.1\STM32CubeIDE\plugins\com.st.stm32cube.common.mx_6.11.1.202404110753\\db\/mcu/
2024-11-02 18:14:39,992 [INFO] ApiDb:274 - Set plugin database path to: C:\ST\STM32CubeIDE_1.15.1\STM32CubeIDE\plugins\com.st.stm32cube.common.mx_6.11.1.202404110753\\db\/plugins/boardmanager/
2024-11-02 18:14:39,992 [INFO] ApiDb:261 - Set plugin images path to: C:\ST\STM32CubeIDE_1.15.1\STM32CubeIDE\plugins\com.st.stm32cube.common.mx_6.11.1.202404110753\\db\/plugins/mcufinder/images/
2024-11-02 18:14:39,993 [WARN] DbFile:41 - Overriding database path with different value: C:\Users\OVIA\.stmcufinder\plugins\mcufinder/ => C:\Users\OVIA\.stmcufinder\plugins\mcufinder
2024-11-02 18:14:39,994 [INFO] ApiDb:250 - Set database path to: C:\Users\OVIA\.stmcufinder\plugins\mcufinder//mcu/
2024-11-02 18:14:39,994 [WARN] DbFile:41 - Overriding database path with different value: C:\Users\OVIA\.stmcufinder\plugins\mcufinder/ => C:\Users\OVIA\.stmcufinder\plugins\mcufinder
2024-11-02 18:14:39,995 [INFO] DbMcusAds:125 - Set database path to: C:\Users\OVIA\.stmcufinder\plugins\mcufinder//mcu/
2024-11-02 18:14:39,995 [WARN] DbFile:41 - Overriding database path with different value: C:\Users\OVIA\.stmcufinder\plugins\mcufinder/ => C:\Users\OVIA\.stmcufinder\plugins\mcufinder
2024-11-02 18:14:39,995 [WARN] DbFile:41 - Overriding database path with different value: C:\Users\OVIA\.stmcufinder\plugins\mcufinder/ => C:\Users\OVIA\.stmcufinder\plugins\mcufinder
2024-11-02 18:14:39,996 [INFO] CrossReferenceDbSqlite:203 - Set database path to: C:\Users\OVIA\.stmcufinder\plugins\mcufinder//mcu/cs/
2024-11-02 18:14:40,179 [INFO] ApplicationProperties:184 - Using Application install path: C:\ST\STM32CubeIDE_1.15.1\STM32CubeIDE\plugins\com.st.stm32cube.common.mx_6.11.1.202404110753
2024-11-02 18:14:40,193 [INFO] PluginManage:196 - Search for loadable plugins [exclusion list=, ]
2024-11-02 18:14:40,210 [INFO] PluginManage:310 - Check plugin analytics
2024-11-02 18:14:41,271 [INFO] AnalyticsPlugin:253 - Accepted Software Licenses: 
2024-11-02 18:14:41,271 [INFO] AnalyticsPlugin:255 - Accepted CMSIS Pack Licenses: 
2024-11-02 18:14:41,272 [INFO] AnalyticsPlugin:257 - Accepted Firmware Licenses: FW.F4.1.28.0
2024-11-02 18:14:41,290 [INFO] PluginManage:359 - Loaded plugin analytics (category:tool,tabindex:-1)
2024-11-02 18:14:41,291 [INFO] PluginManage:310 - Check plugin cadmodel
2024-11-02 18:14:41,341 [INFO] CADModel:105 - Init CAD model plugin
2024-11-02 18:14:41,342 [INFO] PluginManage:359 - Loaded plugin cadmodel (category:power,tabindex:5)
2024-11-02 18:14:41,342 [INFO] PluginManage:310 - Check plugin clock
2024-11-02 18:14:41,415 [INFO] PluginManage:359 - Loaded plugin clock (category:base,tabindex:2)
2024-11-02 18:14:41,415 [INFO] PluginManage:310 - Check plugin ddr
2024-11-02 18:14:41,446 [INFO] PluginManage:359 - Loaded plugin ddr (category:tool,tabindex:6)
2024-11-02 18:14:41,446 [INFO] PluginManage:310 - Check plugin filemanager
2024-11-02 18:14:42,310 [INFO] PluginManage:359 - Loaded plugin filemanager (category:base,tabindex:10)
2024-11-02 18:14:42,311 [INFO] PluginManage:310 - Check plugin ipmanager
2024-11-02 18:14:42,399 [INFO] PluginManage:359 - Loaded plugin ipmanager (category:base,tabindex:5)
2024-11-02 18:14:42,400 [INFO] PluginManage:310 - Check plugin lpbam
2024-11-02 18:14:42,477 [INFO] PluginManage:359 - Loaded plugin lpbam (category:base,tabindex:0)
2024-11-02 18:14:42,478 [INFO] PluginManage:310 - Check plugin memorymap
2024-11-02 18:14:42,569 [INFO] PluginManage:359 - Loaded plugin memorymap (category:base,tabindex:4)
2024-11-02 18:14:42,570 [INFO] PluginManage:310 - Check plugin pinoutandconfiguration
2024-11-02 18:14:42,624 [INFO] PluginManage:359 - Loaded plugin pinoutandconfiguration (category:base,tabindex:1)
2024-11-02 18:14:42,624 [INFO] PluginManage:310 - Check plugin pinoutconfig
2024-11-02 18:14:43,144 [WARN] SupportedApi:132 - Cannot load RTOS API schema: s4s-elt-must-match.1: The content of 'definitions' must match (annotation?, (simpleType | complexType)?, (unique | key | keyref)*)). A problem was found starting at: attribute.
2024-11-02 18:14:44,097 [INFO] PluginManage:359 - Loaded plugin pinoutconfig (category:base,tabindex:0)
2024-11-02 18:14:44,098 [INFO] PluginManage:310 - Check plugin power
2024-11-02 18:14:44,213 [INFO] PluginManage:359 - Loaded plugin power (category:power,tabindex:4)
2024-11-02 18:14:44,214 [INFO] PluginManage:310 - Check plugin projectmanager
2024-11-02 18:14:44,366 [INFO] PluginManage:359 - Loaded plugin projectmanager (category:projectmanager,tabindex:3)
2024-11-02 18:14:44,370 [INFO] PluginManage:310 - Check plugin thirdparty
2024-11-02 18:14:45,595 [INFO] PluginManage:359 - Loaded plugin thirdparty (category:base,tabindex:-1)
2024-11-02 18:14:45,595 [WARN] IntegrityCheckThread:84 - waiting for thirdparty lock release [integrity check]
2024-11-02 18:14:45,596 [INFO] IntegrityCheckThread:86 - entering critical section [integrity check]
2024-11-02 18:14:45,598 [INFO] ThirdPartyUpdaterWithRetryManager:70 - Updater plugin not ready yet. [1/15]
2024-11-02 18:14:45,596 [INFO] PluginManage:310 - Check plugin tools
2024-11-02 18:14:45,626 [INFO] PluginManage:359 - Loaded plugin tools (category:base,tabindex:7)
2024-11-02 18:14:45,626 [INFO] PluginManage:310 - Check plugin tutovideos
2024-11-02 18:14:46,290 [ERROR] ConfigurationRetriever:142 - IOException on connection: Connect timed out
2024-11-02 18:14:46,873 [INFO] PluginManage:359 - Loaded plugin tutovideos (category:base,tabindex:-1)
2024-11-02 18:14:46,873 [INFO] PluginManage:310 - Check plugin updater
2024-11-02 18:14:46,945 [INFO] PluginManage:359 - Loaded plugin updater (category:base,tabindex:12)
2024-11-02 18:14:46,946 [INFO] PluginManage:310 - Check plugin userauth
2024-11-02 18:14:46,986 [INFO] UserAuth:114 - Init User Auth plugin
2024-11-02 18:14:46,987 [INFO] PluginManage:359 - Loaded plugin userauth (category:base,tabindex:14)
2024-11-02 18:14:46,990 [INFO] PluginManage:283 - PluginManage : Loaded plugins [17]
2024-11-02 18:14:48,600 [INFO] ThirdPartyUpdaterWithRetryManager:70 - Updater plugin not ready yet. [2/15]
2024-11-02 18:14:48,921 [INFO] PinOutPanel:1561 - setPackage(No Configuration,No Configuration)
2024-11-02 18:14:49,417 [INFO] CADModel:165 - CPN selected for project level
2024-11-02 18:14:49,421 [INFO] CADModel:114 - Register for checkConnection events
2024-11-02 18:14:49,560 [INFO] IPUIPlugin:80 - create IPUIPlugin
2024-11-02 18:14:49,561 [INFO] PluginManager:220 - loadIPPluginJar : add adc
2024-11-02 18:14:49,587 [INFO] IPUIPlugin:80 - create IPUIPlugin
2024-11-02 18:14:49,588 [INFO] PluginManager:220 - loadIPPluginJar : add aes
2024-11-02 18:14:49,612 [INFO] IPUIPlugin:80 - create IPUIPlugin
2024-11-02 18:14:49,613 [INFO] PluginManager:220 - loadIPPluginJar : add can
2024-11-02 18:14:49,629 [INFO] IPUIPlugin:80 - create IPUIPlugin
2024-11-02 18:14:49,629 [INFO] PluginManager:220 - loadIPPluginJar : add comp
2024-11-02 18:14:49,662 [INFO] IPUIPlugin:80 - create IPUIPlugin
2024-11-02 18:14:49,662 [INFO] PluginManager:220 - loadIPPluginJar : add cryp
2024-11-02 18:14:49,677 [INFO] IPUIPlugin:80 - create IPUIPlugin
2024-11-02 18:14:49,677 [INFO] PluginManager:220 - loadIPPluginJar : add dfsdm
2024-11-02 18:14:49,720 [INFO] IPUIPlugin:80 - create IPUIPlugin
2024-11-02 18:14:49,722 [INFO] PluginManager:220 - loadIPPluginJar : add dma
2024-11-02 18:14:49,744 [INFO] IPUIPlugin:80 - create IPUIPlugin
2024-11-02 18:14:49,745 [INFO] PluginManager:220 - loadIPPluginJar : add dma3
2024-11-02 18:14:49,771 [INFO] IPUIPlugin:80 - create IPUIPlugin
2024-11-02 18:14:49,772 [INFO] PluginManager:220 - loadIPPluginJar : add extmemmanager
2024-11-02 18:14:49,780 [INFO] IPUIPlugin:80 - create IPUIPlugin
2024-11-02 18:14:49,781 [INFO] PluginManager:220 - loadIPPluginJar : add fatfs
2024-11-02 18:14:49,807 [INFO] IPUIPlugin:80 - create IPUIPlugin
2024-11-02 18:14:49,807 [INFO] PluginManager:220 - loadIPPluginJar : add fmc
2024-11-02 18:14:49,848 [INFO] IPUIPlugin:80 - create IPUIPlugin
2024-11-02 18:14:49,849 [INFO] PluginManager:220 - loadIPPluginJar : add freertos
2024-11-02 18:14:49,866 [INFO] IPUIPlugin:80 - create IPUIPlugin
2024-11-02 18:14:49,866 [INFO] PluginManager:220 - loadIPPluginJar : add genericplugin
2024-11-02 18:14:49,892 [INFO] IPUIPlugin:80 - create IPUIPlugin
2024-11-02 18:14:49,893 [INFO] PluginManager:220 - loadIPPluginJar : add gfxmmu
2024-11-02 18:14:49,920 [INFO] IPUIPlugin:80 - create IPUIPlugin
2024-11-02 18:14:49,921 [INFO] PluginManager:220 - loadIPPluginJar : add gic
2024-11-02 18:14:49,986 [INFO] IPUIPlugin:80 - create IPUIPlugin
2024-11-02 18:14:49,987 [INFO] PluginManager:220 - loadIPPluginJar : add gpio
2024-11-02 18:14:50,024 [INFO] IPUIPlugin:80 - create IPUIPlugin
2024-11-02 18:14:50,025 [INFO] PluginManager:220 - loadIPPluginJar : add gtzc
2024-11-02 18:14:50,045 [INFO] IPUIPlugin:80 - create IPUIPlugin
2024-11-02 18:14:50,046 [INFO] PluginManager:220 - loadIPPluginJar : add hash
2024-11-02 18:14:50,069 [INFO] IPUIPlugin:80 - create IPUIPlugin
2024-11-02 18:14:50,070 [INFO] PluginManager:220 - loadIPPluginJar : add i2c
2024-11-02 18:14:50,091 [INFO] IPUIPlugin:80 - create IPUIPlugin
2024-11-02 18:14:50,091 [INFO] PluginManager:220 - loadIPPluginJar : add i2s
2024-11-02 18:14:50,104 [INFO] IPUIPlugin:80 - create IPUIPlugin
2024-11-02 18:14:50,105 [INFO] PluginManager:220 - loadIPPluginJar : add i3c
2024-11-02 18:14:50,127 [INFO] IPUIPlugin:80 - create IPUIPlugin
2024-11-02 18:14:50,128 [INFO] PluginManager:220 - loadIPPluginJar : add ipddr
2024-11-02 18:14:50,188 [INFO] IPUIPlugin:80 - create IPUIPlugin
2024-11-02 18:14:50,189 [INFO] PluginManager:220 - loadIPPluginJar : add linkedlist
2024-11-02 18:14:50,212 [INFO] IPUIPlugin:80 - create IPUIPlugin
2024-11-02 18:14:50,213 [INFO] PluginManager:220 - loadIPPluginJar : add lorawan
2024-11-02 18:14:50,232 [INFO] IPUIPlugin:80 - create IPUIPlugin
2024-11-02 18:14:50,232 [INFO] PluginManager:220 - loadIPPluginJar : add ltdc
2024-11-02 18:14:50,274 [INFO] IPUIPlugin:80 - create IPUIPlugin
2024-11-02 18:14:50,274 [INFO] PluginManager:220 - loadIPPluginJar : add mdma
2024-11-02 18:14:50,312 [INFO] IPUIPlugin:80 - create IPUIPlugin
2024-11-02 18:14:50,313 [INFO] PluginManager:220 - loadIPPluginJar : add nvic
2024-11-02 18:14:50,356 [INFO] IPUIPlugin:80 - create IPUIPlugin
2024-11-02 18:14:50,356 [INFO] PluginManager:220 - loadIPPluginJar : add opamp
2024-11-02 18:14:50,398 [INFO] IPUIPlugin:80 - create IPUIPlugin
2024-11-02 18:14:50,399 [INFO] PluginManager:220 - loadIPPluginJar : add openamp
2024-11-02 18:14:50,440 [INFO] IPUIPlugin:80 - create IPUIPlugin
2024-11-02 18:14:50,440 [INFO] PluginManager:220 - loadIPPluginJar : add pdm2pcm
2024-11-02 18:14:50,477 [INFO] IPUIPlugin:80 - create IPUIPlugin
2024-11-02 18:14:50,490 [INFO] PluginManager:220 - loadIPPluginJar : add plateformsettings
2024-11-02 18:14:50,519 [INFO] IPUIPlugin:80 - create IPUIPlugin
2024-11-02 18:14:50,520 [INFO] PluginManager:220 - loadIPPluginJar : add quadspi
2024-11-02 18:14:50,536 [INFO] IPUIPlugin:80 - create IPUIPlugin
2024-11-02 18:14:50,537 [INFO] PluginManager:220 - loadIPPluginJar : add resmgrutility
2024-11-02 18:14:50,581 [INFO] IPUIPlugin:80 - create IPUIPlugin
2024-11-02 18:14:50,581 [INFO] PluginManager:220 - loadIPPluginJar : add sai
2024-11-02 18:14:50,612 [INFO] IPUIPlugin:80 - create IPUIPlugin
2024-11-02 18:14:50,612 [INFO] PluginManager:220 - loadIPPluginJar : add spi
2024-11-02 18:14:50,649 [INFO] IPUIPlugin:80 - create IPUIPlugin
2024-11-02 18:14:50,650 [INFO] PluginManager:220 - loadIPPluginJar : add stm32_wpan
2024-11-02 18:14:50,683 [INFO] IPUIPlugin:80 - create IPUIPlugin
2024-11-02 18:14:50,686 [INFO] PluginManager:220 - loadIPPluginJar : add tim
2024-11-02 18:14:50,714 [INFO] IPUIPlugin:80 - create IPUIPlugin
2024-11-02 18:14:50,715 [INFO] PluginManager:220 - loadIPPluginJar : add touchsensing
2024-11-02 18:14:50,748 [INFO] IPUIPlugin:80 - create IPUIPlugin
2024-11-02 18:14:50,749 [INFO] PluginManager:220 - loadIPPluginJar : add tracer_emb
2024-11-02 18:14:50,767 [INFO] IPUIPlugin:80 - create IPUIPlugin
2024-11-02 18:14:50,770 [INFO] PluginManager:220 - loadIPPluginJar : add ts
2024-11-02 18:14:50,795 [INFO] IPUIPlugin:80 - create IPUIPlugin
2024-11-02 18:14:50,795 [INFO] PluginManager:220 - loadIPPluginJar : add tsc
2024-11-02 18:14:50,813 [INFO] IPUIPlugin:80 - create IPUIPlugin
2024-11-02 18:14:50,814 [INFO] PluginManager:220 - loadIPPluginJar : add ucpd
2024-11-02 18:14:50,847 [INFO] IPUIPlugin:80 - create IPUIPlugin
2024-11-02 18:14:50,847 [INFO] PluginManager:220 - loadIPPluginJar : add usart
2024-11-02 18:14:50,879 [INFO] IPUIPlugin:80 - create IPUIPlugin
2024-11-02 18:14:50,880 [INFO] PluginManager:220 - loadIPPluginJar : add usbx
2024-11-02 18:14:51,296 [ERROR] ConfigurationRetriever:142 - IOException on connection: Connect timed out
2024-11-02 18:14:51,360 [INFO] CADModel:165 - CPN selected for project level
2024-11-02 18:14:51,360 [INFO] CADModel:114 - Register for checkConnection events
2024-11-02 18:14:51,361 [FATAL] Updater:308 - Updater called before beeing initialized
2024-11-02 18:14:51,362 [ERROR] CADModel:125 - Updater not yet initialized, retry later 
2024-11-02 18:14:51,604 [INFO] ThirdPartyUpdaterWithRetryManager:70 - Updater plugin not ready yet. [3/15]
2024-11-02 18:14:52,340 [INFO] CADModel:165 - CPN selected for project level
2024-11-02 18:14:52,340 [INFO] CADModel:114 - Register for checkConnection events
2024-11-02 18:14:52,341 [FATAL] Updater:308 - Updater called before beeing initialized
2024-11-02 18:14:52,341 [ERROR] CADModel:125 - Updater not yet initialized, retry later 
2024-11-02 18:14:52,359 [FATAL] Updater:308 - Updater called before beeing initialized
2024-11-02 18:14:53,425 [FATAL] Updater:308 - Updater called before beeing initialized
2024-11-02 18:14:53,454 [INFO] DbMcusAds:53 - JSON generation date=Fri Sep 20 18:34:38 IST 2024 (1726837478367)
2024-11-02 18:14:53,455 [FATAL] Updater:308 - Updater called before beeing initialized
2024-11-02 18:14:53,839 [WARN] DetailPanel:346 - Failed to get advertising image, set to default
2024-11-02 18:14:54,367 [FATAL] Updater:308 - Updater called before beeing initialized
2024-11-02 18:14:54,410 [FATAL] Updater:308 - Updater called before beeing initialized
2024-11-02 18:14:54,410 [FATAL] Updater:308 - Updater called before beeing initialized
2024-11-02 18:14:54,411 [WARN] DetailPanel:346 - Failed to get advertising image, set to default
2024-11-02 18:14:54,414 [FATAL] Updater:308 - Updater called before beeing initialized
2024-11-02 18:14:54,607 [FATAL] Updater:308 - Updater called before beeing initialized
2024-11-02 18:14:54,614 [ERROR] IntegrityCheckThread:130 - Cannot retrieve database content from updater: error 21
2024-11-02 18:14:54,626 [INFO] ThirdParty:978 - Integrity check success = false
2024-11-02 18:14:54,627 [INFO] IntegrityCheckThread:100 - exiting critical section [integrity check]
2024-11-02 18:14:54,630 [INFO] IntegrityCheckThread:103 - End integrity checks thread
2024-11-02 18:14:54,825 [ERROR] Updater:1120 - MainUpdater not yet initialized. External WinMGr cannot be set.
2024-11-02 18:14:54,847 [INFO] Updater:1056 - Updater Version found : 6.11.1
2024-11-02 18:14:54,932 [INFO] ApplicationProperties:184 - Using Application install path: C:\ST\STM32CubeIDE_1.15.1\STM32CubeIDE\plugins\com.st.stm32cube.common.mx_6.11.1.202404110753
2024-11-02 18:14:56,300 [ERROR] ConfigurationRetriever:142 - IOException on connection: Connect timed out
2024-11-02 18:14:56,594 [ERROR] LogOutputStream:75 - [STDERR_REDIRECT] Nov 02, 2024 6:14:56 PM java.util.prefs.WindowsPreferences <init>
2024-11-02 18:14:56,606 [ERROR] LogOutputStream:75 - [STDERR_REDIRECT] WARNING: Could not open/create prefs root node Software\JavaSoft\Prefs at root 0xffffffff80000002. Windows RegCreateKeyEx(...) returned error code 5.
2024-11-02 18:14:56,606 [ERROR] LogOutputStream:75 - [STDERR_REDIRECT] 
2024-11-02 18:15:04,296 [INFO] MainUpdater:2873 - connection check result : 10
2024-11-02 18:15:04,298 [INFO] MainUpdater:3567 - Updater definition file requires update
2024-11-02 18:15:04,304 [INFO] MainUpdater:290 - Updater Check For Update Now.
2024-11-02 18:15:04,305 [INFO] MicroXplorer:498 - Change Database Version : DB.6.0.111
2024-11-02 18:15:04,354 [INFO] McuFinderGlobals:63 - Set McuFinder mode to 2 (CubeIDE integrated)
2024-11-02 18:15:04,407 [INFO] UserAuth:415 - Internet connection configuration mode: 1
2024-11-02 18:15:04,585 [INFO] JxBrowserEngine:152 - Initiate JxBrowser Engine with user profile folder
2024-11-02 18:15:17,870 [INFO] WebApp:161 - Instantiating new browser for Auth
2024-11-02 18:15:25,386 [ERROR] ServerAccessManage:1172 - Problem during Server Connection :  IO error Connection timed out: no further information
2024-11-02 18:15:25,389 [ERROR] ServerAccessManage:651 - Problem during Server Connection :  : updaters.zip.
2024-11-02 18:15:25,390 [WARN] LoadServerUpdatesThread:475 - Updater definition download error.
2024-11-02 18:15:25,399 [INFO] LoadServerUpdatesThread:375 - End of LoadServerUpdate Thread
2024-11-02 18:15:27,492 [INFO] CheckServerUpdateThread:120 - End of CheckServer Thread
2024-11-02 18:15:32,475 [INFO] WebApp:779 - Register for checkConnection events
2024-11-02 18:15:32,476 [INFO] WebApp:414 - Apply proxy settings
2024-11-02 18:15:32,477 [INFO] WebApp:499 - Chromium requires no authentication
2024-11-02 18:15:32,547 [INFO] WebApp:442 - Direct internet connection detected
2024-11-02 18:15:34,424 [INFO] WebApp:192 - Starting web application
2024-11-02 18:15:34,425 [INFO] WebApp:544 - Web application path used C:\ST\STM32CubeIDE_1.15.1\STM32CubeIDE\plugins\com.st.stm32cube.common.mx_6.11.1.202404110753\db\plugins\mcufinder\reactClient1\index.html
2024-11-02 21:58:13,422 [ERROR] ConfigurationRetriever:142 - IOException on connection: sw-center.st.com
2024-11-02 21:58:13,427 [ERROR] ConfigurationRetriever:142 - IOException on connection: sw-center.st.com
2024-11-02 21:58:13,430 [ERROR] ConfigurationRetriever:142 - IOException on connection: sw-center.st.com
2024-11-02 21:58:22,422 [ERROR] LogOutputStream:75 - [STDERR_REDIRECT] 
