2024-11-09 11:13:14,451 [INFO] Activator:176 - 


2024-11-09 11:13:14,485 [INFO] Activator:177 - !SESSION log4j initialized
2024-11-09 11:13:59,621 [INFO] LogOutputStream:77 - [STDOUT_REDIRECT] 
2024-11-09 11:14:01,504 [ERROR] ConfigurationRetriever:142 - IOException on connection: sw-center.st.com
2024-11-09 11:14:01,506 [ERROR] ConfigurationRetriever:142 - IOException on connection: sw-center.st.com
2024-11-09 11:14:01,507 [ERROR] ConfigurationRetriever:142 - IOException on connection: sw-center.st.com
2024-11-09 11:14:01,514 [ERROR] ConfigurationRetriever:142 - IOException on connection: sw-center.st.com
2024-11-09 11:14:01,516 [ERROR] ConfigurationRetriever:142 - IOException on connection: sw-center.st.com
2024-11-09 11:14:01,521 [ERROR] ConfigurationRetriever:142 - IOException on connection: sw-center.st.com
2024-11-09 11:14:13,704 [ERROR] ConfigurationRetriever:142 - IOException on connection: sw-center.st.com
2024-11-09 11:14:13,707 [ERROR] ConfigurationRetriever:142 - IOException on connection: sw-center.st.com
2024-11-09 11:14:13,709 [ERROR] ConfigurationRetriever:142 - IOException on connection: sw-center.st.com
2024-11-09 11:14:15,139 [ERROR] ConfigurationRetriever:142 - IOException on connection: sw-center.st.com
2024-11-09 11:14:15,144 [ERROR] ConfigurationRetriever:142 - IOException on connection: sw-center.st.com
2024-11-09 11:14:15,146 [ERROR] ConfigurationRetriever:142 - IOException on connection: sw-center.st.com
2024-11-09 11:14:16,792 [ERROR] ConfigurationRetriever:142 - IOException on connection: sw-center.st.com
2024-11-09 11:14:16,795 [ERROR] ConfigurationRetriever:142 - IOException on connection: sw-center.st.com
2024-11-09 11:14:16,798 [ERROR] ConfigurationRetriever:142 - IOException on connection: sw-center.st.com
2024-11-09 11:14:19,595 [ERROR] ConfigurationRetriever:142 - IOException on connection: sw-center.st.com
2024-11-09 11:14:19,598 [ERROR] ConfigurationRetriever:142 - IOException on connection: sw-center.st.com
2024-11-09 11:14:19,603 [ERROR] ConfigurationRetriever:142 - IOException on connection: sw-center.st.com
2024-11-09 11:14:22,047 [ERROR] ConfigurationRetriever:142 - IOException on connection: sw-center.st.com
2024-11-09 11:14:22,049 [ERROR] ConfigurationRetriever:142 - IOException on connection: sw-center.st.com
2024-11-09 11:14:22,054 [ERROR] ConfigurationRetriever:142 - IOException on connection: sw-center.st.com
2024-11-09 11:14:23,510 [ERROR] ConfigurationRetriever:142 - IOException on connection: sw-center.st.com
2024-11-09 11:14:23,513 [ERROR] ConfigurationRetriever:142 - IOException on connection: sw-center.st.com
2024-11-09 11:14:23,514 [ERROR] ConfigurationRetriever:142 - IOException on connection: sw-center.st.com
2024-11-09 11:14:25,050 [ERROR] ConfigurationRetriever:142 - IOException on connection: sw-center.st.com
2024-11-09 11:14:25,054 [ERROR] ConfigurationRetriever:142 - IOException on connection: sw-center.st.com
2024-11-09 11:14:25,056 [ERROR] ConfigurationRetriever:142 - IOException on connection: sw-center.st.com
2024-11-09 11:14:26,494 [ERROR] ConfigurationRetriever:142 - IOException on connection: sw-center.st.com
2024-11-09 11:14:26,496 [ERROR] ConfigurationRetriever:142 - IOException on connection: sw-center.st.com
2024-11-09 11:14:26,497 [ERROR] ConfigurationRetriever:142 - IOException on connection: sw-center.st.com
2024-11-09 11:14:28,032 [ERROR] ConfigurationRetriever:142 - IOException on connection: sw-center.st.com
2024-11-09 11:14:28,036 [ERROR] ConfigurationRetriever:142 - IOException on connection: sw-center.st.com
2024-11-09 11:14:28,038 [ERROR] ConfigurationRetriever:142 - IOException on connection: sw-center.st.com
2024-11-09 11:14:29,431 [ERROR] ConfigurationRetriever:142 - IOException on connection: sw-center.st.com
2024-11-09 11:14:29,435 [ERROR] ConfigurationRetriever:142 - IOException on connection: sw-center.st.com
2024-11-09 11:14:29,437 [ERROR] ConfigurationRetriever:142 - IOException on connection: sw-center.st.com
2024-11-09 11:14:30,873 [ERROR] ConfigurationRetriever:142 - IOException on connection: sw-center.st.com
2024-11-09 11:14:30,876 [ERROR] ConfigurationRetriever:142 - IOException on connection: sw-center.st.com
2024-11-09 11:14:30,878 [ERROR] ConfigurationRetriever:142 - IOException on connection: sw-center.st.com
2024-11-09 11:14:32,490 [ERROR] ConfigurationRetriever:142 - IOException on connection: sw-center.st.com
2024-11-09 11:14:32,495 [ERROR] ConfigurationRetriever:142 - IOException on connection: sw-center.st.com
2024-11-09 11:14:32,503 [ERROR] ConfigurationRetriever:142 - IOException on connection: sw-center.st.com
2024-11-09 11:14:38,337 [INFO] ApplicationProperties:184 - Using Application install path: C:\ST\STM32CubeIDE_1.15.1\STM32CubeIDE\plugins\com.st.stm32cube.common.mx_6.11.1.202404110753
2024-11-09 11:14:38,604 [INFO] DbMcusXml:78 - Set database path to: C:\ST\STM32CubeIDE_1.15.1\STM32CubeIDE\plugins\com.st.stm32cube.common.mx_6.11.1.202404110753\\db\/mcu/
2024-11-09 11:14:38,606 [INFO] ApiDb:274 - Set plugin database path to: C:\ST\STM32CubeIDE_1.15.1\STM32CubeIDE\plugins\com.st.stm32cube.common.mx_6.11.1.202404110753\\db\/plugins/boardmanager/
2024-11-09 11:14:38,607 [WARN] ApiDb:259 - Overriding images path with different value:  => C:\ST\STM32CubeIDE_1.15.1\STM32CubeIDE\plugins\com.st.stm32cube.common.mx_6.11.1.202404110753\\db\/plugins/mcufinder/images/
2024-11-09 11:14:38,795 [INFO] ApiDb:250 - Set database path to: C:\Users\OVIA\.stmcufinder\plugins\mcufinder//mcu/
2024-11-09 11:14:38,803 [INFO] DbMcusAds:125 - Set database path to: C:\Users\OVIA\.stmcufinder\plugins\mcufinder//mcu/
2024-11-09 11:14:38,858 [INFO] CrossReferenceDbSqlite:203 - Set database path to: C:\Users\OVIA\.stmcufinder\plugins\mcufinder//mcu/cs/
2024-11-09 11:14:39,882 [INFO] RulesReader:64 - Compatibility file has been processed (297 Rules)
2024-11-09 11:14:40,529 [INFO] DbMcusXml:78 - Set database path to: C:\ST\STM32CubeIDE_1.15.1\STM32CubeIDE\plugins\com.st.stm32cube.common.mx_6.11.1.202404110753\\db\/mcu/
2024-11-09 11:14:40,530 [INFO] ApiDb:274 - Set plugin database path to: C:\ST\STM32CubeIDE_1.15.1\STM32CubeIDE\plugins\com.st.stm32cube.common.mx_6.11.1.202404110753\\db\/plugins/boardmanager/
2024-11-09 11:14:40,531 [INFO] ApiDb:261 - Set plugin images path to: C:\ST\STM32CubeIDE_1.15.1\STM32CubeIDE\plugins\com.st.stm32cube.common.mx_6.11.1.202404110753\\db\/plugins/mcufinder/images/
2024-11-09 11:14:40,532 [WARN] DbFile:41 - Overriding database path with different value: C:\Users\OVIA\.stmcufinder\plugins\mcufinder/ => C:\Users\OVIA\.stmcufinder\plugins\mcufinder
2024-11-09 11:14:40,533 [INFO] ApiDb:250 - Set database path to: C:\Users\OVIA\.stmcufinder\plugins\mcufinder//mcu/
2024-11-09 11:14:40,533 [WARN] DbFile:41 - Overriding database path with different value: C:\Users\OVIA\.stmcufinder\plugins\mcufinder/ => C:\Users\OVIA\.stmcufinder\plugins\mcufinder
2024-11-09 11:14:40,534 [INFO] DbMcusAds:125 - Set database path to: C:\Users\OVIA\.stmcufinder\plugins\mcufinder//mcu/
2024-11-09 11:14:40,535 [WARN] DbFile:41 - Overriding database path with different value: C:\Users\OVIA\.stmcufinder\plugins\mcufinder/ => C:\Users\OVIA\.stmcufinder\plugins\mcufinder
2024-11-09 11:14:40,536 [WARN] DbFile:41 - Overriding database path with different value: C:\Users\OVIA\.stmcufinder\plugins\mcufinder/ => C:\Users\OVIA\.stmcufinder\plugins\mcufinder
2024-11-09 11:14:40,536 [INFO] CrossReferenceDbSqlite:203 - Set database path to: C:\Users\OVIA\.stmcufinder\plugins\mcufinder//mcu/cs/
2024-11-09 11:14:41,495 [INFO] MainPanel:264 - HeapMemory: 268435456
2024-11-09 11:14:42,495 [INFO] DbMcusXml:78 - Set database path to: C:\ST\STM32CubeIDE_1.15.1\STM32CubeIDE\plugins\com.st.stm32cube.common.mx_6.11.1.202404110753\\db\/mcu/
2024-11-09 11:14:42,495 [INFO] ApiDb:274 - Set plugin database path to: C:\ST\STM32CubeIDE_1.15.1\STM32CubeIDE\plugins\com.st.stm32cube.common.mx_6.11.1.202404110753\\db\/plugins/boardmanager/
2024-11-09 11:14:42,496 [INFO] ApiDb:261 - Set plugin images path to: C:\ST\STM32CubeIDE_1.15.1\STM32CubeIDE\plugins\com.st.stm32cube.common.mx_6.11.1.202404110753\\db\/plugins/mcufinder/images/
2024-11-09 11:14:42,498 [WARN] DbFile:41 - Overriding database path with different value: C:\Users\OVIA\.stmcufinder\plugins\mcufinder/ => C:\Users\OVIA\.stmcufinder\plugins\mcufinder
2024-11-09 11:14:42,499 [INFO] ApiDb:250 - Set database path to: C:\Users\OVIA\.stmcufinder\plugins\mcufinder//mcu/
2024-11-09 11:14:42,499 [WARN] DbFile:41 - Overriding database path with different value: C:\Users\OVIA\.stmcufinder\plugins\mcufinder/ => C:\Users\OVIA\.stmcufinder\plugins\mcufinder
2024-11-09 11:14:42,500 [INFO] DbMcusAds:125 - Set database path to: C:\Users\OVIA\.stmcufinder\plugins\mcufinder//mcu/
2024-11-09 11:14:42,501 [WARN] DbFile:41 - Overriding database path with different value: C:\Users\OVIA\.stmcufinder\plugins\mcufinder/ => C:\Users\OVIA\.stmcufinder\plugins\mcufinder
2024-11-09 11:14:42,503 [WARN] DbFile:41 - Overriding database path with different value: C:\Users\OVIA\.stmcufinder\plugins\mcufinder/ => C:\Users\OVIA\.stmcufinder\plugins\mcufinder
2024-11-09 11:14:42,503 [INFO] CrossReferenceDbSqlite:203 - Set database path to: C:\Users\OVIA\.stmcufinder\plugins\mcufinder//mcu/cs/
2024-11-09 11:14:42,691 [INFO] ApplicationProperties:184 - Using Application install path: C:\ST\STM32CubeIDE_1.15.1\STM32CubeIDE\plugins\com.st.stm32cube.common.mx_6.11.1.202404110753
2024-11-09 11:14:42,708 [INFO] PluginManage:196 - Search for loadable plugins [exclusion list=, ]
2024-11-09 11:14:42,725 [INFO] PluginManage:310 - Check plugin analytics
2024-11-09 11:14:44,111 [INFO] AnalyticsPlugin:253 - Accepted Software Licenses: 
2024-11-09 11:14:44,112 [INFO] AnalyticsPlugin:255 - Accepted CMSIS Pack Licenses: 
2024-11-09 11:14:44,113 [INFO] AnalyticsPlugin:257 - Accepted Firmware Licenses: FW.F4.1.28.0
2024-11-09 11:14:44,131 [INFO] PluginManage:359 - Loaded plugin analytics (category:tool,tabindex:-1)
2024-11-09 11:14:44,133 [INFO] PluginManage:310 - Check plugin cadmodel
2024-11-09 11:14:44,196 [ERROR] ConfigurationRetriever:142 - IOException on connection: sw-center.st.com
2024-11-09 11:14:44,202 [ERROR] ConfigurationRetriever:142 - IOException on connection: sw-center.st.com
2024-11-09 11:14:44,205 [ERROR] ConfigurationRetriever:142 - IOException on connection: sw-center.st.com
2024-11-09 11:14:44,270 [INFO] CADModel:105 - Init CAD model plugin
2024-11-09 11:14:44,271 [INFO] PluginManage:359 - Loaded plugin cadmodel (category:power,tabindex:5)
2024-11-09 11:14:44,272 [INFO] PluginManage:310 - Check plugin clock
2024-11-09 11:14:44,427 [INFO] PluginManage:359 - Loaded plugin clock (category:base,tabindex:2)
2024-11-09 11:14:44,428 [INFO] PluginManage:310 - Check plugin ddr
2024-11-09 11:14:44,444 [INFO] PluginManage:359 - Loaded plugin ddr (category:tool,tabindex:6)
2024-11-09 11:14:44,446 [INFO] PluginManage:310 - Check plugin filemanager
2024-11-09 11:14:45,348 [INFO] PluginManage:359 - Loaded plugin filemanager (category:base,tabindex:10)
2024-11-09 11:14:45,349 [INFO] PluginManage:310 - Check plugin ipmanager
2024-11-09 11:14:45,408 [INFO] PluginManage:359 - Loaded plugin ipmanager (category:base,tabindex:5)
2024-11-09 11:14:45,409 [INFO] PluginManage:310 - Check plugin lpbam
2024-11-09 11:14:45,500 [INFO] PluginManage:359 - Loaded plugin lpbam (category:base,tabindex:0)
2024-11-09 11:14:45,500 [INFO] PluginManage:310 - Check plugin memorymap
2024-11-09 11:14:45,610 [INFO] PluginManage:359 - Loaded plugin memorymap (category:base,tabindex:4)
2024-11-09 11:14:45,610 [INFO] PluginManage:310 - Check plugin pinoutandconfiguration
2024-11-09 11:14:45,681 [INFO] PluginManage:359 - Loaded plugin pinoutandconfiguration (category:base,tabindex:1)
2024-11-09 11:14:45,681 [INFO] PluginManage:310 - Check plugin pinoutconfig
2024-11-09 11:14:46,303 [WARN] SupportedApi:132 - Cannot load RTOS API schema: s4s-elt-must-match.1: The content of 'definitions' must match (annotation?, (simpleType | complexType)?, (unique | key | keyref)*)). A problem was found starting at: attribute.
2024-11-09 11:14:46,909 [INFO] PluginManage:359 - Loaded plugin pinoutconfig (category:base,tabindex:0)
2024-11-09 11:14:46,910 [INFO] PluginManage:310 - Check plugin power
2024-11-09 11:14:46,992 [INFO] PluginManage:359 - Loaded plugin power (category:power,tabindex:4)
2024-11-09 11:14:46,993 [INFO] PluginManage:310 - Check plugin projectmanager
2024-11-09 11:14:47,077 [INFO] PluginManage:359 - Loaded plugin projectmanager (category:projectmanager,tabindex:3)
2024-11-09 11:14:47,077 [INFO] PluginManage:310 - Check plugin thirdparty
2024-11-09 11:14:48,870 [INFO] PluginManage:359 - Loaded plugin thirdparty (category:base,tabindex:-1)
2024-11-09 11:14:48,869 [WARN] IntegrityCheckThread:84 - waiting for thirdparty lock release [integrity check]
2024-11-09 11:14:48,870 [INFO] PluginManage:310 - Check plugin tools
2024-11-09 11:14:48,870 [INFO] IntegrityCheckThread:86 - entering critical section [integrity check]
2024-11-09 11:14:48,872 [INFO] ThirdPartyUpdaterWithRetryManager:70 - Updater plugin not ready yet. [1/15]
2024-11-09 11:14:49,056 [INFO] PluginManage:359 - Loaded plugin tools (category:base,tabindex:7)
2024-11-09 11:14:49,056 [INFO] PluginManage:310 - Check plugin tutovideos
2024-11-09 11:14:49,945 [INFO] PluginManage:359 - Loaded plugin tutovideos (category:base,tabindex:-1)
2024-11-09 11:14:49,946 [INFO] PluginManage:310 - Check plugin updater
2024-11-09 11:14:49,997 [INFO] PluginManage:359 - Loaded plugin updater (category:base,tabindex:12)
2024-11-09 11:14:49,997 [INFO] PluginManage:310 - Check plugin userauth
2024-11-09 11:14:50,044 [INFO] UserAuth:114 - Init User Auth plugin
2024-11-09 11:14:50,044 [INFO] PluginManage:359 - Loaded plugin userauth (category:base,tabindex:14)
2024-11-09 11:14:50,046 [INFO] PluginManage:283 - PluginManage : Loaded plugins [17]
2024-11-09 11:14:51,733 [INFO] PinOutPanel:1561 - setPackage(No Configuration,No Configuration)
2024-11-09 11:14:51,875 [INFO] ThirdPartyUpdaterWithRetryManager:70 - Updater plugin not ready yet. [2/15]
2024-11-09 11:14:52,210 [INFO] CADModel:165 - CPN selected for project level
2024-11-09 11:14:52,210 [INFO] CADModel:114 - Register for checkConnection events
2024-11-09 11:14:52,336 [INFO] IPUIPlugin:80 - create IPUIPlugin
2024-11-09 11:14:52,337 [INFO] PluginManager:220 - loadIPPluginJar : add adc
2024-11-09 11:14:52,521 [INFO] IPUIPlugin:80 - create IPUIPlugin
2024-11-09 11:14:52,522 [INFO] PluginManager:220 - loadIPPluginJar : add aes
2024-11-09 11:14:52,733 [INFO] IPUIPlugin:80 - create IPUIPlugin
2024-11-09 11:14:52,734 [INFO] PluginManager:220 - loadIPPluginJar : add can
2024-11-09 11:14:52,877 [INFO] IPUIPlugin:80 - create IPUIPlugin
2024-11-09 11:14:52,878 [INFO] PluginManager:220 - loadIPPluginJar : add comp
2024-11-09 11:14:53,081 [INFO] IPUIPlugin:80 - create IPUIPlugin
2024-11-09 11:14:53,081 [INFO] PluginManager:220 - loadIPPluginJar : add cryp
2024-11-09 11:14:53,241 [INFO] IPUIPlugin:80 - create IPUIPlugin
2024-11-09 11:14:53,242 [INFO] PluginManager:220 - loadIPPluginJar : add dfsdm
2024-11-09 11:14:53,327 [INFO] IPUIPlugin:80 - create IPUIPlugin
2024-11-09 11:14:53,329 [INFO] PluginManager:220 - loadIPPluginJar : add dma
2024-11-09 11:14:53,531 [INFO] IPUIPlugin:80 - create IPUIPlugin
2024-11-09 11:14:53,532 [INFO] PluginManager:220 - loadIPPluginJar : add dma3
2024-11-09 11:14:53,743 [INFO] IPUIPlugin:80 - create IPUIPlugin
2024-11-09 11:14:53,743 [INFO] PluginManager:220 - loadIPPluginJar : add extmemmanager
2024-11-09 11:14:53,849 [INFO] IPUIPlugin:80 - create IPUIPlugin
2024-11-09 11:14:53,850 [INFO] PluginManager:220 - loadIPPluginJar : add fatfs
2024-11-09 11:14:54,057 [INFO] IPUIPlugin:80 - create IPUIPlugin
2024-11-09 11:14:54,058 [INFO] PluginManager:220 - loadIPPluginJar : add fmc
2024-11-09 11:14:54,127 [INFO] IPUIPlugin:80 - create IPUIPlugin
2024-11-09 11:14:54,127 [INFO] PluginManager:220 - loadIPPluginJar : add freertos
2024-11-09 11:14:54,213 [INFO] IPUIPlugin:80 - create IPUIPlugin
2024-11-09 11:14:54,214 [INFO] PluginManager:220 - loadIPPluginJar : add genericplugin
2024-11-09 11:14:54,647 [INFO] IPUIPlugin:80 - create IPUIPlugin
2024-11-09 11:14:54,648 [INFO] PluginManager:220 - loadIPPluginJar : add gfxmmu
2024-11-09 11:14:54,877 [INFO] ThirdPartyUpdaterWithRetryManager:70 - Updater plugin not ready yet. [3/15]
2024-11-09 11:14:55,298 [INFO] IPUIPlugin:80 - create IPUIPlugin
2024-11-09 11:14:55,298 [INFO] PluginManager:220 - loadIPPluginJar : add gic
2024-11-09 11:14:55,364 [INFO] IPUIPlugin:80 - create IPUIPlugin
2024-11-09 11:14:55,365 [INFO] PluginManager:220 - loadIPPluginJar : add gpio
2024-11-09 11:14:55,799 [INFO] IPUIPlugin:80 - create IPUIPlugin
2024-11-09 11:14:55,799 [INFO] PluginManager:220 - loadIPPluginJar : add gtzc
2024-11-09 11:14:55,935 [INFO] IPUIPlugin:80 - create IPUIPlugin
2024-11-09 11:14:55,936 [INFO] PluginManager:220 - loadIPPluginJar : add hash
2024-11-09 11:14:56,192 [INFO] IPUIPlugin:80 - create IPUIPlugin
2024-11-09 11:14:56,192 [INFO] PluginManager:220 - loadIPPluginJar : add i2c
2024-11-09 11:14:56,373 [INFO] IPUIPlugin:80 - create IPUIPlugin
2024-11-09 11:14:56,373 [INFO] PluginManager:220 - loadIPPluginJar : add i2s
2024-11-09 11:14:56,562 [INFO] IPUIPlugin:80 - create IPUIPlugin
2024-11-09 11:14:56,563 [INFO] PluginManager:220 - loadIPPluginJar : add i3c
2024-11-09 11:14:57,096 [INFO] IPUIPlugin:80 - create IPUIPlugin
2024-11-09 11:14:57,097 [INFO] PluginManager:220 - loadIPPluginJar : add ipddr
2024-11-09 11:14:57,530 [INFO] IPUIPlugin:80 - create IPUIPlugin
2024-11-09 11:14:57,532 [INFO] PluginManager:220 - loadIPPluginJar : add linkedlist
2024-11-09 11:14:57,696 [INFO] IPUIPlugin:80 - create IPUIPlugin
2024-11-09 11:14:57,696 [INFO] PluginManager:220 - loadIPPluginJar : add lorawan
2024-11-09 11:14:57,864 [INFO] IPUIPlugin:80 - create IPUIPlugin
2024-11-09 11:14:57,864 [INFO] PluginManager:220 - loadIPPluginJar : add ltdc
2024-11-09 11:14:57,880 [INFO] ThirdPartyUpdaterWithRetryManager:70 - Updater plugin not ready yet. [4/15]
2024-11-09 11:14:57,930 [INFO] IPUIPlugin:80 - create IPUIPlugin
2024-11-09 11:14:57,931 [INFO] PluginManager:220 - loadIPPluginJar : add mdma
2024-11-09 11:14:57,990 [INFO] IPUIPlugin:80 - create IPUIPlugin
2024-11-09 11:14:57,991 [INFO] PluginManager:220 - loadIPPluginJar : add nvic
2024-11-09 11:14:58,228 [INFO] IPUIPlugin:80 - create IPUIPlugin
2024-11-09 11:14:58,228 [INFO] PluginManager:220 - loadIPPluginJar : add opamp
2024-11-09 11:14:58,554 [INFO] IPUIPlugin:80 - create IPUIPlugin
2024-11-09 11:14:58,555 [INFO] PluginManager:220 - loadIPPluginJar : add openamp
2024-11-09 11:14:58,808 [INFO] IPUIPlugin:80 - create IPUIPlugin
2024-11-09 11:14:58,808 [INFO] PluginManager:220 - loadIPPluginJar : add pdm2pcm
2024-11-09 11:14:58,879 [INFO] IPUIPlugin:80 - create IPUIPlugin
2024-11-09 11:14:58,889 [INFO] PluginManager:220 - loadIPPluginJar : add plateformsettings
2024-11-09 11:14:59,000 [INFO] IPUIPlugin:80 - create IPUIPlugin
2024-11-09 11:14:59,000 [INFO] PluginManager:220 - loadIPPluginJar : add quadspi
2024-11-09 11:14:59,055 [INFO] IPUIPlugin:80 - create IPUIPlugin
2024-11-09 11:14:59,055 [INFO] PluginManager:220 - loadIPPluginJar : add resmgrutility
2024-11-09 11:14:59,304 [INFO] IPUIPlugin:80 - create IPUIPlugin
2024-11-09 11:14:59,305 [INFO] PluginManager:220 - loadIPPluginJar : add sai
2024-11-09 11:14:59,473 [INFO] IPUIPlugin:80 - create IPUIPlugin
2024-11-09 11:14:59,473 [INFO] PluginManager:220 - loadIPPluginJar : add spi
2024-11-09 11:14:59,804 [INFO] IPUIPlugin:80 - create IPUIPlugin
2024-11-09 11:14:59,805 [INFO] PluginManager:220 - loadIPPluginJar : add stm32_wpan
2024-11-09 11:14:59,925 [INFO] IPUIPlugin:80 - create IPUIPlugin
2024-11-09 11:14:59,925 [INFO] PluginManager:220 - loadIPPluginJar : add tim
2024-11-09 11:15:00,223 [INFO] IPUIPlugin:80 - create IPUIPlugin
2024-11-09 11:15:00,224 [INFO] PluginManager:220 - loadIPPluginJar : add touchsensing
2024-11-09 11:15:00,354 [INFO] IPUIPlugin:80 - create IPUIPlugin
2024-11-09 11:15:00,355 [INFO] PluginManager:220 - loadIPPluginJar : add tracer_emb
2024-11-09 11:15:00,462 [INFO] IPUIPlugin:80 - create IPUIPlugin
2024-11-09 11:15:00,463 [INFO] PluginManager:220 - loadIPPluginJar : add ts
2024-11-09 11:15:00,569 [INFO] IPUIPlugin:80 - create IPUIPlugin
2024-11-09 11:15:00,569 [INFO] PluginManager:220 - loadIPPluginJar : add tsc
2024-11-09 11:15:00,675 [INFO] IPUIPlugin:80 - create IPUIPlugin
2024-11-09 11:15:00,676 [INFO] PluginManager:220 - loadIPPluginJar : add ucpd
2024-11-09 11:15:00,882 [INFO] ThirdPartyUpdaterWithRetryManager:70 - Updater plugin not ready yet. [5/15]
2024-11-09 11:15:00,900 [INFO] IPUIPlugin:80 - create IPUIPlugin
2024-11-09 11:15:00,901 [INFO] PluginManager:220 - loadIPPluginJar : add usart
2024-11-09 11:15:01,099 [INFO] IPUIPlugin:80 - create IPUIPlugin
2024-11-09 11:15:01,100 [INFO] PluginManager:220 - loadIPPluginJar : add usbx
2024-11-09 11:15:01,541 [INFO] CADModel:165 - CPN selected for project level
2024-11-09 11:15:01,541 [INFO] CADModel:114 - Register for checkConnection events
2024-11-09 11:15:01,542 [FATAL] Updater:308 - Updater called before beeing initialized
2024-11-09 11:15:01,542 [ERROR] CADModel:125 - Updater not yet initialized, retry later 
2024-11-09 11:15:02,397 [INFO] CADModel:165 - CPN selected for project level
2024-11-09 11:15:02,398 [INFO] CADModel:114 - Register for checkConnection events
2024-11-09 11:15:02,398 [FATAL] Updater:308 - Updater called before beeing initialized
2024-11-09 11:15:02,399 [ERROR] CADModel:125 - Updater not yet initialized, retry later 
2024-11-09 11:15:02,418 [FATAL] Updater:308 - Updater called before beeing initialized
2024-11-09 11:15:03,260 [FATAL] Updater:308 - Updater called before beeing initialized
2024-11-09 11:15:03,331 [INFO] DbMcusAds:53 - JSON generation date=Fri Sep 20 18:34:38 IST 2024 (1726837478367)
2024-11-09 11:15:03,332 [FATAL] Updater:308 - Updater called before beeing initialized
2024-11-09 11:15:03,795 [WARN] DetailPanel:346 - Failed to get advertising image, set to default
2024-11-09 11:15:03,884 [INFO] ThirdPartyUpdaterWithRetryManager:70 - Updater plugin not ready yet. [6/15]
2024-11-09 11:15:04,247 [FATAL] Updater:308 - Updater called before beeing initialized
2024-11-09 11:15:04,280 [FATAL] Updater:308 - Updater called before beeing initialized
2024-11-09 11:15:04,281 [FATAL] Updater:308 - Updater called before beeing initialized
2024-11-09 11:15:04,281 [WARN] DetailPanel:346 - Failed to get advertising image, set to default
2024-11-09 11:15:04,284 [FATAL] Updater:308 - Updater called before beeing initialized
2024-11-09 11:15:04,632 [ERROR] Updater:1120 - MainUpdater not yet initialized. External WinMGr cannot be set.
2024-11-09 11:15:04,695 [INFO] Updater:1056 - Updater Version found : 6.11.1
2024-11-09 11:15:04,771 [INFO] ApplicationProperties:184 - Using Application install path: C:\ST\STM32CubeIDE_1.15.1\STM32CubeIDE\plugins\com.st.stm32cube.common.mx_6.11.1.202404110753
2024-11-09 11:15:06,442 [ERROR] LogOutputStream:75 - [STDERR_REDIRECT] Nov 09, 2024 11:15:06 AM java.util.prefs.WindowsPreferences <init>
2024-11-09 11:15:06,449 [ERROR] LogOutputStream:75 - [STDERR_REDIRECT] WARNING: Could not open/create prefs root node Software\JavaSoft\Prefs at root 0xffffffff80000002. Windows RegCreateKeyEx(...) returned error code 5.
2024-11-09 11:15:06,449 [ERROR] LogOutputStream:75 - [STDERR_REDIRECT] 
2024-11-09 11:15:06,887 [FATAL] Updater:308 - Updater called before beeing initialized
2024-11-09 11:15:06,888 [ERROR] IntegrityCheckThread:130 - Cannot retrieve database content from updater: error 21
2024-11-09 11:15:06,890 [INFO] ThirdParty:978 - Integrity check success = false
2024-11-09 11:15:06,890 [INFO] IntegrityCheckThread:100 - exiting critical section [integrity check]
2024-11-09 11:15:06,891 [INFO] IntegrityCheckThread:103 - End integrity checks thread
2024-11-09 11:15:07,900 [INFO] MainUpdater:2873 - connection check result : 22
2024-11-09 11:15:07,906 [INFO] MainUpdater:290 - Updater Check For Update Now.
2024-11-09 11:15:07,906 [INFO] MicroXplorer:498 - Change Database Version : DB.6.0.111
2024-11-09 11:15:08,038 [INFO] McuFinderGlobals:63 - Set McuFinder mode to 2 (CubeIDE integrated)
2024-11-09 11:15:08,297 [INFO] UserAuth:415 - Internet connection configuration mode: 2
2024-11-09 11:15:09,707 [INFO] CheckServerUpdateThread:120 - End of CheckServer Thread
2024-11-09 11:50:24,412 [ERROR] ConfigurationRetriever:142 - IOException on connection: sw-center.st.com
2024-11-09 11:50:24,417 [ERROR] ConfigurationRetriever:142 - IOException on connection: sw-center.st.com
2024-11-09 11:50:24,422 [ERROR] ConfigurationRetriever:142 - IOException on connection: sw-center.st.com
2024-11-09 11:50:28,712 [ERROR] LogOutputStream:75 - [STDERR_REDIRECT] 
