2024-10-13 00:39:30,659 [INFO] Activator:176 - 


2024-10-13 00:39:30,673 [INFO] Activator:177 - !SESSION log4j initialized
2024-10-13 00:39:47,285 [INFO] LogOutputStream:77 - [STDOUT_REDIRECT] 
2024-10-13 00:39:49,165 [ERROR] ConfigurationRetriever:142 - IOException on connection: sw-center.st.com
2024-10-13 00:39:49,168 [ERROR] ConfigurationRetriever:142 - IOException on connection: sw-center.st.com
2024-10-13 00:39:49,170 [ERROR] ConfigurationRetriever:142 - IOException on connection: sw-center.st.com
2024-10-13 00:39:50,403 [INFO] ApplicationProperties:184 - Using Application install path: C:\ST\STM32CubeIDE_1.15.1\STM32CubeIDE\plugins\com.st.stm32cube.common.mx_6.11.1.202404110753
2024-10-13 00:39:50,460 [INFO] DbMcusXml:78 - Set database path to: C:\ST\STM32CubeIDE_1.15.1\STM32CubeIDE\plugins\com.st.stm32cube.common.mx_6.11.1.202404110753\\db\/mcu/
2024-10-13 00:39:50,508 [INFO] ApiDb:274 - Set plugin database path to: C:\ST\STM32CubeIDE_1.15.1\STM32CubeIDE\plugins\com.st.stm32cube.common.mx_6.11.1.202404110753\\db\/plugins/boardmanager/
2024-10-13 00:39:50,508 [WARN] ApiDb:259 - Overriding images path with different value:  => C:\ST\STM32CubeIDE_1.15.1\STM32CubeIDE\plugins\com.st.stm32cube.common.mx_6.11.1.202404110753\\db\/plugins/mcufinder/images/
2024-10-13 00:39:50,519 [INFO] ApiDb:250 - Set database path to: C:\Users\OVIA\.stmcufinder\plugins\mcufinder//mcu/
2024-10-13 00:39:50,522 [INFO] DbMcusAds:125 - Set database path to: C:\Users\OVIA\.stmcufinder\plugins\mcufinder//mcu/
2024-10-13 00:39:50,528 [INFO] CrossReferenceDbSqlite:203 - Set database path to: C:\Users\OVIA\.stmcufinder\plugins\mcufinder//mcu/cs/
2024-10-13 00:39:50,820 [INFO] RulesReader:64 - Compatibility file has been processed (297 Rules)
2024-10-13 00:39:51,126 [INFO] DbMcusXml:78 - Set database path to: C:\ST\STM32CubeIDE_1.15.1\STM32CubeIDE\plugins\com.st.stm32cube.common.mx_6.11.1.202404110753\\db\/mcu/
2024-10-13 00:39:51,126 [INFO] ApiDb:274 - Set plugin database path to: C:\ST\STM32CubeIDE_1.15.1\STM32CubeIDE\plugins\com.st.stm32cube.common.mx_6.11.1.202404110753\\db\/plugins/boardmanager/
2024-10-13 00:39:51,127 [INFO] ApiDb:261 - Set plugin images path to: C:\ST\STM32CubeIDE_1.15.1\STM32CubeIDE\plugins\com.st.stm32cube.common.mx_6.11.1.202404110753\\db\/plugins/mcufinder/images/
2024-10-13 00:39:51,128 [WARN] DbFile:41 - Overriding database path with different value: C:\Users\OVIA\.stmcufinder\plugins\mcufinder/ => C:\Users\OVIA\.stmcufinder\plugins\mcufinder
2024-10-13 00:39:51,128 [INFO] ApiDb:250 - Set database path to: C:\Users\OVIA\.stmcufinder\plugins\mcufinder//mcu/
2024-10-13 00:39:51,128 [WARN] DbFile:41 - Overriding database path with different value: C:\Users\OVIA\.stmcufinder\plugins\mcufinder/ => C:\Users\OVIA\.stmcufinder\plugins\mcufinder
2024-10-13 00:39:51,129 [INFO] DbMcusAds:125 - Set database path to: C:\Users\OVIA\.stmcufinder\plugins\mcufinder//mcu/
2024-10-13 00:39:51,129 [WARN] DbFile:41 - Overriding database path with different value: C:\Users\OVIA\.stmcufinder\plugins\mcufinder/ => C:\Users\OVIA\.stmcufinder\plugins\mcufinder
2024-10-13 00:39:51,129 [WARN] DbFile:41 - Overriding database path with different value: C:\Users\OVIA\.stmcufinder\plugins\mcufinder/ => C:\Users\OVIA\.stmcufinder\plugins\mcufinder
2024-10-13 00:39:51,130 [INFO] CrossReferenceDbSqlite:203 - Set database path to: C:\Users\OVIA\.stmcufinder\plugins\mcufinder//mcu/cs/
2024-10-13 00:39:51,368 [INFO] MainPanel:264 - HeapMemory: 268435456
2024-10-13 00:39:51,642 [INFO] DbMcusXml:78 - Set database path to: C:\ST\STM32CubeIDE_1.15.1\STM32CubeIDE\plugins\com.st.stm32cube.common.mx_6.11.1.202404110753\\db\/mcu/
2024-10-13 00:39:51,642 [INFO] ApiDb:274 - Set plugin database path to: C:\ST\STM32CubeIDE_1.15.1\STM32CubeIDE\plugins\com.st.stm32cube.common.mx_6.11.1.202404110753\\db\/plugins/boardmanager/
2024-10-13 00:39:51,643 [INFO] ApiDb:261 - Set plugin images path to: C:\ST\STM32CubeIDE_1.15.1\STM32CubeIDE\plugins\com.st.stm32cube.common.mx_6.11.1.202404110753\\db\/plugins/mcufinder/images/
2024-10-13 00:39:51,643 [WARN] DbFile:41 - Overriding database path with different value: C:\Users\OVIA\.stmcufinder\plugins\mcufinder/ => C:\Users\OVIA\.stmcufinder\plugins\mcufinder
2024-10-13 00:39:51,644 [INFO] ApiDb:250 - Set database path to: C:\Users\OVIA\.stmcufinder\plugins\mcufinder//mcu/
2024-10-13 00:39:51,644 [WARN] DbFile:41 - Overriding database path with different value: C:\Users\OVIA\.stmcufinder\plugins\mcufinder/ => C:\Users\OVIA\.stmcufinder\plugins\mcufinder
2024-10-13 00:39:51,644 [INFO] DbMcusAds:125 - Set database path to: C:\Users\OVIA\.stmcufinder\plugins\mcufinder//mcu/
2024-10-13 00:39:51,645 [WARN] DbFile:41 - Overriding database path with different value: C:\Users\OVIA\.stmcufinder\plugins\mcufinder/ => C:\Users\OVIA\.stmcufinder\plugins\mcufinder
2024-10-13 00:39:51,645 [WARN] DbFile:41 - Overriding database path with different value: C:\Users\OVIA\.stmcufinder\plugins\mcufinder/ => C:\Users\OVIA\.stmcufinder\plugins\mcufinder
2024-10-13 00:39:51,645 [INFO] CrossReferenceDbSqlite:203 - Set database path to: C:\Users\OVIA\.stmcufinder\plugins\mcufinder//mcu/cs/
2024-10-13 00:39:51,692 [INFO] ApplicationProperties:184 - Using Application install path: C:\ST\STM32CubeIDE_1.15.1\STM32CubeIDE\plugins\com.st.stm32cube.common.mx_6.11.1.202404110753
2024-10-13 00:39:51,696 [INFO] PluginManage:196 - Search for loadable plugins [exclusion list=, ]
2024-10-13 00:39:51,699 [INFO] PluginManage:310 - Check plugin analytics
2024-10-13 00:39:52,185 [INFO] AnalyticsPlugin:253 - Accepted Software Licenses: 
2024-10-13 00:39:52,185 [INFO] AnalyticsPlugin:255 - Accepted CMSIS Pack Licenses: 
2024-10-13 00:39:52,186 [INFO] AnalyticsPlugin:257 - Accepted Firmware Licenses: 
2024-10-13 00:39:52,194 [ERROR] ConfigurationRetriever:142 - IOException on connection: sw-center.st.com
2024-10-13 00:39:52,195 [INFO] PluginManage:359 - Loaded plugin analytics (category:tool,tabindex:-1)
2024-10-13 00:39:52,195 [ERROR] ConfigurationRetriever:142 - IOException on connection: sw-center.st.com
2024-10-13 00:39:52,196 [INFO] PluginManage:310 - Check plugin cadmodel
2024-10-13 00:39:52,197 [ERROR] ConfigurationRetriever:142 - IOException on connection: sw-center.st.com
2024-10-13 00:39:52,205 [INFO] CADModel:105 - Init CAD model plugin
2024-10-13 00:39:52,205 [INFO] PluginManage:359 - Loaded plugin cadmodel (category:power,tabindex:5)
2024-10-13 00:39:52,206 [INFO] PluginManage:310 - Check plugin clock
2024-10-13 00:39:52,228 [INFO] PluginManage:359 - Loaded plugin clock (category:base,tabindex:2)
2024-10-13 00:39:52,229 [INFO] PluginManage:310 - Check plugin ddr
2024-10-13 00:39:52,234 [INFO] PluginManage:359 - Loaded plugin ddr (category:tool,tabindex:6)
2024-10-13 00:39:52,235 [INFO] PluginManage:310 - Check plugin filemanager
2024-10-13 00:39:52,612 [INFO] PluginManage:359 - Loaded plugin filemanager (category:base,tabindex:10)
2024-10-13 00:39:52,613 [INFO] PluginManage:310 - Check plugin ipmanager
2024-10-13 00:39:52,633 [INFO] PluginManage:359 - Loaded plugin ipmanager (category:base,tabindex:5)
2024-10-13 00:39:52,633 [INFO] PluginManage:310 - Check plugin lpbam
2024-10-13 00:39:52,653 [INFO] PluginManage:359 - Loaded plugin lpbam (category:base,tabindex:0)
2024-10-13 00:39:52,654 [INFO] PluginManage:310 - Check plugin memorymap
2024-10-13 00:39:52,687 [INFO] PluginManage:359 - Loaded plugin memorymap (category:base,tabindex:4)
2024-10-13 00:39:52,687 [INFO] PluginManage:310 - Check plugin pinoutandconfiguration
2024-10-13 00:39:52,707 [INFO] PluginManage:359 - Loaded plugin pinoutandconfiguration (category:base,tabindex:1)
2024-10-13 00:39:52,708 [INFO] PluginManage:310 - Check plugin pinoutconfig
2024-10-13 00:39:52,994 [WARN] SupportedApi:132 - Cannot load RTOS API schema: s4s-elt-must-match.1: The content of 'definitions' must match (annotation?, (simpleType | complexType)?, (unique | key | keyref)*)). A problem was found starting at: attribute.
2024-10-13 00:39:53,437 [INFO] PluginManage:359 - Loaded plugin pinoutconfig (category:base,tabindex:0)
2024-10-13 00:39:53,437 [INFO] PluginManage:310 - Check plugin power
2024-10-13 00:39:53,458 [INFO] PluginManage:359 - Loaded plugin power (category:power,tabindex:4)
2024-10-13 00:39:53,458 [INFO] PluginManage:310 - Check plugin projectmanager
2024-10-13 00:39:53,497 [INFO] PluginManage:359 - Loaded plugin projectmanager (category:projectmanager,tabindex:3)
2024-10-13 00:39:53,498 [INFO] PluginManage:310 - Check plugin thirdparty
2024-10-13 00:39:53,808 [INFO] PluginManage:359 - Loaded plugin thirdparty (category:base,tabindex:-1)
2024-10-13 00:39:53,808 [WARN] IntegrityCheckThread:84 - waiting for thirdparty lock release [integrity check]
2024-10-13 00:39:53,808 [INFO] PluginManage:310 - Check plugin tools
2024-10-13 00:39:53,808 [INFO] IntegrityCheckThread:86 - entering critical section [integrity check]
2024-10-13 00:39:53,809 [INFO] ThirdPartyUpdaterWithRetryManager:70 - Updater plugin not ready yet. [1/15]
2024-10-13 00:39:53,815 [INFO] PluginManage:359 - Loaded plugin tools (category:base,tabindex:7)
2024-10-13 00:39:53,815 [INFO] PluginManage:310 - Check plugin tutovideos
2024-10-13 00:39:54,220 [INFO] PluginManage:359 - Loaded plugin tutovideos (category:base,tabindex:-1)
2024-10-13 00:39:54,220 [INFO] PluginManage:310 - Check plugin updater
2024-10-13 00:39:54,255 [INFO] PluginManage:359 - Loaded plugin updater (category:base,tabindex:12)
2024-10-13 00:39:54,255 [INFO] PluginManage:310 - Check plugin userauth
2024-10-13 00:39:54,266 [INFO] UserAuth:114 - Init User Auth plugin
2024-10-13 00:39:54,266 [INFO] PluginManage:359 - Loaded plugin userauth (category:base,tabindex:14)
2024-10-13 00:39:54,268 [INFO] PluginManage:283 - PluginManage : Loaded plugins [17]
2024-10-13 00:39:54,808 [INFO] PinOutPanel:1561 - setPackage(No Configuration,No Configuration)
2024-10-13 00:39:55,034 [INFO] CADModel:165 - CPN selected for project level
2024-10-13 00:39:55,035 [INFO] CADModel:114 - Register for checkConnection events
2024-10-13 00:39:55,074 [INFO] IPUIPlugin:80 - create IPUIPlugin
2024-10-13 00:39:55,074 [INFO] PluginManager:220 - loadIPPluginJar : add adc
2024-10-13 00:39:55,079 [INFO] IPUIPlugin:80 - create IPUIPlugin
2024-10-13 00:39:55,079 [INFO] PluginManager:220 - loadIPPluginJar : add aes
2024-10-13 00:39:55,086 [INFO] IPUIPlugin:80 - create IPUIPlugin
2024-10-13 00:39:55,087 [INFO] PluginManager:220 - loadIPPluginJar : add can
2024-10-13 00:39:55,091 [INFO] IPUIPlugin:80 - create IPUIPlugin
2024-10-13 00:39:55,092 [INFO] PluginManager:220 - loadIPPluginJar : add comp
2024-10-13 00:39:55,097 [INFO] IPUIPlugin:80 - create IPUIPlugin
2024-10-13 00:39:55,097 [INFO] PluginManager:220 - loadIPPluginJar : add cryp
2024-10-13 00:39:55,103 [INFO] IPUIPlugin:80 - create IPUIPlugin
2024-10-13 00:39:55,104 [INFO] PluginManager:220 - loadIPPluginJar : add dfsdm
2024-10-13 00:39:55,117 [INFO] IPUIPlugin:80 - create IPUIPlugin
2024-10-13 00:39:55,118 [INFO] PluginManager:220 - loadIPPluginJar : add dma
2024-10-13 00:39:55,123 [INFO] IPUIPlugin:80 - create IPUIPlugin
2024-10-13 00:39:55,123 [INFO] PluginManager:220 - loadIPPluginJar : add dma3
2024-10-13 00:39:55,129 [INFO] IPUIPlugin:80 - create IPUIPlugin
2024-10-13 00:39:55,129 [INFO] PluginManager:220 - loadIPPluginJar : add extmemmanager
2024-10-13 00:39:55,133 [INFO] IPUIPlugin:80 - create IPUIPlugin
2024-10-13 00:39:55,133 [INFO] PluginManager:220 - loadIPPluginJar : add fatfs
2024-10-13 00:39:55,144 [INFO] IPUIPlugin:80 - create IPUIPlugin
2024-10-13 00:39:55,145 [INFO] PluginManager:220 - loadIPPluginJar : add fmc
2024-10-13 00:39:55,158 [INFO] IPUIPlugin:80 - create IPUIPlugin
2024-10-13 00:39:55,159 [INFO] PluginManager:220 - loadIPPluginJar : add freertos
2024-10-13 00:39:55,161 [INFO] IPUIPlugin:80 - create IPUIPlugin
2024-10-13 00:39:55,162 [INFO] PluginManager:220 - loadIPPluginJar : add genericplugin
2024-10-13 00:39:55,166 [INFO] IPUIPlugin:80 - create IPUIPlugin
2024-10-13 00:39:55,166 [INFO] PluginManager:220 - loadIPPluginJar : add gfxmmu
2024-10-13 00:39:55,176 [INFO] IPUIPlugin:80 - create IPUIPlugin
2024-10-13 00:39:55,176 [INFO] PluginManager:220 - loadIPPluginJar : add gic
2024-10-13 00:39:55,184 [INFO] IPUIPlugin:80 - create IPUIPlugin
2024-10-13 00:39:55,185 [INFO] PluginManager:220 - loadIPPluginJar : add gpio
2024-10-13 00:39:55,191 [INFO] IPUIPlugin:80 - create IPUIPlugin
2024-10-13 00:39:55,192 [INFO] PluginManager:220 - loadIPPluginJar : add gtzc
2024-10-13 00:39:55,197 [INFO] IPUIPlugin:80 - create IPUIPlugin
2024-10-13 00:39:55,197 [INFO] PluginManager:220 - loadIPPluginJar : add hash
2024-10-13 00:39:55,204 [INFO] IPUIPlugin:80 - create IPUIPlugin
2024-10-13 00:39:55,204 [INFO] PluginManager:220 - loadIPPluginJar : add i2c
2024-10-13 00:39:55,211 [INFO] IPUIPlugin:80 - create IPUIPlugin
2024-10-13 00:39:55,211 [INFO] PluginManager:220 - loadIPPluginJar : add i2s
2024-10-13 00:39:55,217 [INFO] IPUIPlugin:80 - create IPUIPlugin
2024-10-13 00:39:55,217 [INFO] PluginManager:220 - loadIPPluginJar : add i3c
2024-10-13 00:39:55,224 [INFO] IPUIPlugin:80 - create IPUIPlugin
2024-10-13 00:39:55,224 [INFO] PluginManager:220 - loadIPPluginJar : add ipddr
2024-10-13 00:39:55,237 [INFO] IPUIPlugin:80 - create IPUIPlugin
2024-10-13 00:39:55,238 [INFO] PluginManager:220 - loadIPPluginJar : add linkedlist
2024-10-13 00:39:55,244 [INFO] IPUIPlugin:80 - create IPUIPlugin
2024-10-13 00:39:55,244 [INFO] PluginManager:220 - loadIPPluginJar : add lorawan
2024-10-13 00:39:55,249 [INFO] IPUIPlugin:80 - create IPUIPlugin
2024-10-13 00:39:55,249 [INFO] PluginManager:220 - loadIPPluginJar : add ltdc
2024-10-13 00:39:55,263 [INFO] IPUIPlugin:80 - create IPUIPlugin
2024-10-13 00:39:55,263 [INFO] PluginManager:220 - loadIPPluginJar : add mdma
2024-10-13 00:39:55,270 [INFO] IPUIPlugin:80 - create IPUIPlugin
2024-10-13 00:39:55,271 [INFO] PluginManager:220 - loadIPPluginJar : add nvic
2024-10-13 00:39:55,278 [INFO] IPUIPlugin:80 - create IPUIPlugin
2024-10-13 00:39:55,278 [INFO] PluginManager:220 - loadIPPluginJar : add opamp
2024-10-13 00:39:55,284 [INFO] IPUIPlugin:80 - create IPUIPlugin
2024-10-13 00:39:55,285 [INFO] PluginManager:220 - loadIPPluginJar : add openamp
2024-10-13 00:39:55,291 [INFO] IPUIPlugin:80 - create IPUIPlugin
2024-10-13 00:39:55,291 [INFO] PluginManager:220 - loadIPPluginJar : add pdm2pcm
2024-10-13 00:39:55,303 [INFO] IPUIPlugin:80 - create IPUIPlugin
2024-10-13 00:39:55,308 [INFO] PluginManager:220 - loadIPPluginJar : add plateformsettings
2024-10-13 00:39:55,311 [INFO] IPUIPlugin:80 - create IPUIPlugin
2024-10-13 00:39:55,312 [INFO] PluginManager:220 - loadIPPluginJar : add quadspi
2024-10-13 00:39:55,317 [INFO] IPUIPlugin:80 - create IPUIPlugin
2024-10-13 00:39:55,317 [INFO] PluginManager:220 - loadIPPluginJar : add resmgrutility
2024-10-13 00:39:55,323 [INFO] IPUIPlugin:80 - create IPUIPlugin
2024-10-13 00:39:55,323 [INFO] PluginManager:220 - loadIPPluginJar : add sai
2024-10-13 00:39:55,328 [INFO] IPUIPlugin:80 - create IPUIPlugin
2024-10-13 00:39:55,329 [INFO] PluginManager:220 - loadIPPluginJar : add spi
2024-10-13 00:39:55,338 [INFO] IPUIPlugin:80 - create IPUIPlugin
2024-10-13 00:39:55,339 [INFO] PluginManager:220 - loadIPPluginJar : add stm32_wpan
2024-10-13 00:39:55,343 [INFO] IPUIPlugin:80 - create IPUIPlugin
2024-10-13 00:39:55,344 [INFO] PluginManager:220 - loadIPPluginJar : add tim
2024-10-13 00:39:55,352 [INFO] IPUIPlugin:80 - create IPUIPlugin
2024-10-13 00:39:55,353 [INFO] PluginManager:220 - loadIPPluginJar : add touchsensing
2024-10-13 00:39:55,358 [INFO] IPUIPlugin:80 - create IPUIPlugin
2024-10-13 00:39:55,358 [INFO] PluginManager:220 - loadIPPluginJar : add tracer_emb
2024-10-13 00:39:55,362 [INFO] IPUIPlugin:80 - create IPUIPlugin
2024-10-13 00:39:55,363 [INFO] PluginManager:220 - loadIPPluginJar : add ts
2024-10-13 00:39:55,367 [INFO] IPUIPlugin:80 - create IPUIPlugin
2024-10-13 00:39:55,367 [INFO] PluginManager:220 - loadIPPluginJar : add tsc
2024-10-13 00:39:55,372 [INFO] IPUIPlugin:80 - create IPUIPlugin
2024-10-13 00:39:55,372 [INFO] PluginManager:220 - loadIPPluginJar : add ucpd
2024-10-13 00:39:55,380 [INFO] IPUIPlugin:80 - create IPUIPlugin
2024-10-13 00:39:55,380 [INFO] PluginManager:220 - loadIPPluginJar : add usart
2024-10-13 00:39:55,387 [INFO] IPUIPlugin:80 - create IPUIPlugin
2024-10-13 00:39:55,387 [INFO] PluginManager:220 - loadIPPluginJar : add usbx
2024-10-13 00:39:55,627 [INFO] CADModel:165 - CPN selected for project level
2024-10-13 00:39:55,627 [INFO] CADModel:114 - Register for checkConnection events
2024-10-13 00:39:55,627 [FATAL] Updater:308 - Updater called before beeing initialized
2024-10-13 00:39:55,628 [ERROR] CADModel:125 - Updater not yet initialized, retry later 
2024-10-13 00:39:56,095 [INFO] CADModel:165 - CPN selected for project level
2024-10-13 00:39:56,095 [INFO] CADModel:114 - Register for checkConnection events
2024-10-13 00:39:56,096 [FATAL] Updater:308 - Updater called before beeing initialized
2024-10-13 00:39:56,096 [ERROR] CADModel:125 - Updater not yet initialized, retry later 
2024-10-13 00:39:56,110 [FATAL] Updater:308 - Updater called before beeing initialized
2024-10-13 00:39:56,660 [FATAL] Updater:308 - Updater called before beeing initialized
2024-10-13 00:39:56,690 [INFO] DbMcusAds:53 - JSON generation date=Fri Sep 20 18:34:23 IST 2024 (1726837463113)
2024-10-13 00:39:56,691 [FATAL] Updater:308 - Updater called before beeing initialized
2024-10-13 00:39:56,820 [INFO] ThirdPartyUpdaterWithRetryManager:70 - Updater plugin not ready yet. [2/15]
2024-10-13 00:39:56,865 [WARN] DetailPanel:346 - Failed to get advertising image, set to default
2024-10-13 00:39:57,345 [FATAL] Updater:308 - Updater called before beeing initialized
2024-10-13 00:39:57,350 [FATAL] Updater:308 - Updater called before beeing initialized
2024-10-13 00:39:57,350 [FATAL] Updater:308 - Updater called before beeing initialized
2024-10-13 00:39:57,351 [WARN] DetailPanel:346 - Failed to get advertising image, set to default
2024-10-13 00:39:57,354 [FATAL] Updater:308 - Updater called before beeing initialized
2024-10-13 00:39:57,580 [ERROR] Updater:1120 - MainUpdater not yet initialized. External WinMGr cannot be set.
2024-10-13 00:39:57,588 [INFO] Updater:1056 - Updater Version found : 6.11.1
2024-10-13 00:39:57,660 [INFO] ApplicationProperties:184 - Using Application install path: C:\ST\STM32CubeIDE_1.15.1\STM32CubeIDE\plugins\com.st.stm32cube.common.mx_6.11.1.202404110753
2024-10-13 00:39:59,334 [ERROR] LogOutputStream:75 - [STDERR_REDIRECT] Oct 13, 2024 12:39:59 AM java.util.prefs.WindowsPreferences <init>
2024-10-13 00:39:59,341 [ERROR] LogOutputStream:75 - [STDERR_REDIRECT] WARNING: Could not open/create prefs root node Software\JavaSoft\Prefs at root 0xffffffff80000002. Windows RegCreateKeyEx(...) returned error code 5.
2024-10-13 00:39:59,342 [ERROR] LogOutputStream:75 - [STDERR_REDIRECT] 
2024-10-13 00:39:59,834 [FATAL] Updater:308 - Updater called before beeing initialized
2024-10-13 00:39:59,840 [ERROR] IntegrityCheckThread:130 - Cannot retrieve database content from updater: error 21
2024-10-13 00:39:59,842 [INFO] ThirdParty:978 - Integrity check success = false
2024-10-13 00:39:59,842 [INFO] IntegrityCheckThread:100 - exiting critical section [integrity check]
2024-10-13 00:39:59,842 [INFO] IntegrityCheckThread:103 - End integrity checks thread
2024-10-13 00:40:00,341 [INFO] MainUpdater:2873 - connection check result : 22
2024-10-13 00:40:00,346 [INFO] MainUpdater:290 - Updater Check For Update Now.
2024-10-13 00:40:00,350 [INFO] MicroXplorer:498 - Change Database Version : DB.6.0.111
2024-10-13 00:40:00,437 [INFO] McuFinderGlobals:63 - Set McuFinder mode to 2 (CubeIDE integrated)
2024-10-13 00:40:00,438 [INFO] UserAuth:179 - activating auth plugin
2024-10-13 00:40:00,522 [INFO] UserAuth:415 - Internet connection configuration mode: 2
2024-10-13 00:40:00,766 [INFO] UserAuth:415 - Internet connection configuration mode: 2
2024-10-13 00:40:01,306 [INFO] CheckServerUpdateThread:120 - End of CheckServer Thread
2024-10-13 00:56:57,011 [ERROR] ConfigurationRetriever:142 - IOException on connection: sw-center.st.com
2024-10-13 00:56:57,014 [ERROR] ConfigurationRetriever:142 - IOException on connection: sw-center.st.com
2024-10-13 00:56:57,016 [ERROR] ConfigurationRetriever:142 - IOException on connection: sw-center.st.com
2024-10-13 00:58:02,604 [INFO] McuFinderGlobals:63 - Set McuFinder mode to 2 (CubeIDE integrated)
2024-10-13 00:58:02,747 [INFO] MainUpdater:2873 - connection check result : 22
2024-10-13 00:58:18,517 [INFO] ApiDb:581 - Connected to CubeFinder SQLite database (C:\Users\OVIA\.stmcufinder\plugins\mcufinder\mcu\cube-finder-db.db)
2024-10-13 00:58:19,704 [INFO] ApiDb:668 - CubeFinder database Data Model version=2.1
2024-10-13 00:58:19,704 [INFO] ApiDb:669 - CubeFinder database Configuration version=3.0.39
2024-10-13 00:58:19,705 [INFO] ApiDb:670 - CubeFinder database generation date=2024-09-16 (1726485674)
2024-10-13 00:58:19,705 [INFO] ApiDb:671 - CubeFinder database FW Pack versions=[FP-ATR-ASTRA1_V2.0.0, FP-SNS-FLIGHT1_V5.0.2, FP-SNS-MOTENV1_V5.0.0, FP-SNS-MOTENVWB1_V1.4.0, FP-SNS-SMARTAG2_V1.2.0, FP-SNS-STBOX1_V2.0.0, STM32Cube_FW_C0_V1.2.0, STM32Cube_FW_F4_V1.28.1, STM32Cube_FW_F7_V1.17.2, STM32Cube_FW_G0_V1.6.2, STM32Cube_FW_G4_V1.6.0, STM32Cube_FW_H5_V1.3.0, STM32Cube_FW_H7RS_V1.1.0, STM32Cube_FW_H7_V1.11.2, STM32Cube_FW_L0_V1.12.2, STM32Cube_FW_L5_V1.5.1, STM32Cube_FW_U0_V1.1.0, STM32Cube_FW_U5_V1.6.0, STM32Cube_FW_WB0_V1.0.0, STM32Cube_FW_WBA_V1.4.1, STM32Cube_FW_WB_V1.20.0, STM32Cube_FW_WL_V1.3.0, X-CUBE-ALGOBUILD_V1.4.0, X-CUBE-ALS_V1.0.2, X-CUBE-AZRTOS-F4_V1.1.0, X-CUBE-AZRTOS-F7_V1.1.0, X-CUBE-AZRTOS-G0_V1.1.0, X-CUBE-AZRTOS-G4_V2.0.0, X-CUBE-AZRTOS-H7RS_V1.0.0, X-CUBE-AZRTOS-H7_V3.2.0, X-CUBE-AZRTOS-L4_V2.0.0, X-CUBE-AZRTOS-L5_V2.0.0, X-CUBE-AZRTOS-WB_V2.0.0, X-CUBE-AZRTOS-WL_V2.0.0, X-CUBE-BLE1_V7.0.0, X-CUBE-BLE2_V3.3.0, X-CUBE-BLEMGR_V3.1.0, X-CUBE-EEPRMA1_V5.1.0, X-CUBE-FREERTOS_V1.2.0, X-CUBE-GNSS1_V6.0.0, X-CUBE-MEMS1_V11.0.0, X-CUBE-NFC4_V3.0.0, X-CUBE-NFC7_V1.0.1, X-CUBE-SFXS2LP1_V4.0.0, X-CUBE-SUBG2_V5.0.0, X-CUBE-TOF1_V3.4.2]
2024-10-13 00:58:22,770 [INFO] DbBoardsSqlite:226 - include board P-NUCLEO-WB55-NUCLEO as a kit item of type 'Nucleo-64'
2024-10-13 00:58:22,772 [INFO] DbBoardsSqlite:226 - include board P-NUCLEO-WB55-USBDONGLE as a kit item of type 'Nucleo USB Dongle'
2024-10-13 00:58:22,814 [INFO] DbBoardsSqlite:226 - include board STEVAL-IDP005V1 as a kit item of type 'Evaluation Board'
2024-10-13 00:58:22,829 [INFO] DbBoardsSqlite:226 - include board STEVAL-IDP005V2 as a kit item of type 'Evaluation Board'
2024-10-13 00:58:26,269 [INFO] ApiDb:240 - Found 483 in-development CPN: [B-G473E-ZEST1S, B-WB1M-WPAN1, B-WL5M-SUBG1, NUCLEO-C031C6, NUCLEO-H503RB, NUCLEO-H533RE, NUCLEO-H563ZI, NUCLEO-H7S3L8, NUCLEO-U031R8, NUCLEO-U083RC, NUCLEO-U545RE-Q, NUCLEO-U5A5ZJ-Q, NUCLEO-WBA52CG, NUCLEO-WBA55CG, STEVAL-PROTEUS1, STEVAL-SMARTAG2, STEVAL-STWINBX1, STM320518-EVAL, STM32C0116-DK, STM32C011D6Y3TR, STM32C011D6Y6TR, STM32C011F4P3, STM32C011F4P6, STM32C011F4U3, STM32C011F4U6TR, STM32C011F6P3, STM32C011F6P6, STM32C011F6U3, STM32C011F6U6TR, STM32C011J4M3, STM32C011J4M6, STM32C011J6M3, STM32C011J6M6, STM32C0316-DK, STM32C031C4T3, STM32C031C4T6, STM32C031C4U3, STM32C031C4U6, STM32C031C6T3, STM32C031C6T6, STM32C031C6U3, STM32C031C6U6, STM32C031F4P3, STM32C031F4P6, STM32C031F6P3, STM32C031F6P6, STM32C031G4U3, STM32C031G4U6, STM32C031G6U3, STM32C031G6U6, STM32C031K4T3, STM32C031K4T6, STM32C031K4U3, STM32C031K4U6, STM32C031K6T3, STM32C031K6T6, STM32C031K6U3, STM32C031K6U6, STM32G071K8TXN, STM32G071K8UXN, STM32G081GBU6N, STM32G081KBT6N, STM32G081KBUXN, STM32G0B1CCT6N, STM32G0B1KCT6, STM32G0B1NEY6TR, STM32G0B1RCT6N, STM32G0C1CCT6, STM32G0C1CCT6N, STM32G0C1CCU6N, STM32G0C1CET6N, STM32G0C1CEU6N, STM32G0C1KCT6, STM32G0C1NEY6TR, STM32G0C1RCI6N, STM32G0C1RCT6N, STM32G0C1REI6N, STM32G0C1RET6N, STM32G0C1VCI6, STM32G0C1VEI6, STM32G471CCT6, STM32G471CCU6, STM32G471CET3, STM32G471CET6, STM32G471CEU3, STM32G471CEU6, STM32G471MCT6, STM32G471MET3, STM32G471MET6, STM32G471MEY6TR, STM32G471QCT6, STM32G471QET3, STM32G471RCT6, STM32G471RET3, STM32G471RET6, STM32G471VCH6, STM32G471VCI6, STM32G471VCT6, STM32G471VEH3, STM32G471VEH6, STM32G471VEI3, STM32G471VEI6, STM32G471VET3, STM32G471VET6, STM32G474CCT6, STM32H503CBT6, STM32H503CBU6, STM32H503EBY6TR, STM32H503KBU6, STM32H503RBT6, STM32H523CCT6, STM32H523CCU6, STM32H523CET6, STM32H523CEU6, STM32H523HEY6TR, STM32H523RCT6, STM32H523RET6, STM32H523VCI6, STM32H523VCT6, STM32H523VEI6, STM32H523VET6, STM32H523ZCJ6, STM32H523ZCT6, STM32H523ZEJ6, STM32H523ZET6, STM32H533CET6, STM32H533CEU6, STM32H533HEY6TR, STM32H533RET6, STM32H533VEI6, STM32H533VET6, STM32H533ZEJ6, STM32H533ZET6, STM32H562AGI6, STM32H562AII6, STM32H562IGK6, STM32H562IGT6, STM32H562IIK6, STM32H562IIT6, STM32H562RGT6, STM32H562RGV6, STM32H562RIT6, STM32H562RIV6, STM32H562VGT6, STM32H562VIT6, STM32H562ZGT6, STM32H562ZIT6, STM32H563AGI6, STM32H563AII3Q, STM32H563AII6, STM32H563IGK6, STM32H563IGT6, STM32H563IIK3Q, STM32H563IIK6, STM32H563IIT3Q, STM32H563IIT6, STM32H563MIY3QTR, STM32H563RGT6, STM32H563RGV6, STM32H563RIT6, STM32H563RIV6, STM32H563VGT6, STM32H563VIT3Q, STM32H563VIT6, STM32H563ZGT6, STM32H563ZIT3Q, STM32H563ZIT6, STM32H573AII3Q, STM32H573AII6, STM32H573I-DK, STM32H573IIK3Q, STM32H573IIK6, STM32H573IIT3Q, STM32H573IIT6, STM32H573MIY3QTR, STM32H573RIT6, STM32H573RIV6, STM32H573VIT3Q, STM32H573VIT6, STM32H573ZIT3Q, STM32H573ZIT6, STM32H7R3A8I6, STM32H7R3I8K6, STM32H7R3I8T6, STM32H7R3L8H6, STM32H7R3L8H6H, STM32H7R3R8V6, STM32H7R3V8H6, STM32H7R3V8T6, STM32H7R3V8Y6, STM32H7R3Z8J6, STM32H7R3Z8T6, STM32H7R7A8I6, STM32H7R7I8K6, STM32H7R7I8T6, STM32H7R7L8H6, STM32H7R7L8H6H, STM32H7R7Z8J6, STM32H7S3A8I6, STM32H7S3I8K6, STM32H7S3I8T6, STM32H7S3L8H6, STM32H7S3L8H6H, STM32H7S3R8V6, STM32H7S3V8H6, STM32H7S3V8T6, STM32H7S3V8Y6, STM32H7S3Z8J6, STM32H7S3Z8T6, STM32H7S78-DK, STM32H7S7A8I6, STM32H7S7I8K6, STM32H7S7I8T6, STM32H7S7L8H6, STM32H7S7L8H6H, STM32H7S7Z8J6, STM32L4R5QGI6STR, STM32MP131AAE3, STM32MP131AAF3, STM32MP131AAG3, STM32MP131CAE3, STM32MP131CAF3, STM32MP131CAG3, STM32MP131DAE7, STM32MP131DAF7, STM32MP131DAG7, STM32MP131FAE7, STM32MP131FAF7, STM32MP131FAG7, STM32MP133AAE3, STM32MP133AAF3, STM32MP133AAG3, STM32MP133CAE3, STM32MP133CAF3, STM32MP133CAG3, STM32MP133DAE7, STM32MP133DAF7, STM32MP133DAG7, STM32MP133FAE7, STM32MP133FAF7, STM32MP133FAG7, STM32MP135AAE3, STM32MP135AAF3, STM32MP135AAG3, STM32MP135CAE3, STM32MP135CAF3, STM32MP135CAG3, STM32MP135DAE7, STM32MP135DAF7, STM32MP135DAG7, STM32MP135F-DK, STM32MP135FAE7, STM32MP135FAF7, STM32MP135FAF7T, STM32MP135FAF7U, STM32MP135FAG7, STM32U031C6T6, STM32U031C6U6, STM32U031C8T6, STM32U031C8U6, STM32U031F4P6, STM32U031F6P6, STM32U031F8P6, STM32U031G6Y6TR, STM32U031G8Y6TR, STM32U031K4U6, STM32U031K6U6, STM32U031K8U6, STM32U031R6I6, STM32U031R6T6, STM32U031R8I6, STM32U031R8T6, STM32U073C8T6, STM32U073C8U6, STM32U073CBT6, STM32U073CBU6, STM32U073CCT6, STM32U073CCU6, STM32U073H8Y6TR, STM32U073HBY6TR, STM32U073HCY6TR, STM32U073K8U6, STM32U073KBU6, STM32U073KCU6, STM32U073M8I6, STM32U073M8T6, STM32U073MBI6, STM32U073MBT6, STM32U073MCI6, STM32U073MCT6, STM32U073R8I6, STM32U073R8T6, STM32U073RBI6, STM32U073RBT6, STM32U073RCI6, STM32U073RCT6, STM32U083C-DK, STM32U083CCT6, STM32U083CCU6, STM32U083HCY6TR, STM32U083KCU6, STM32U083MCI6, STM32U083MCT6, STM32U083RCI6, STM32U083RCT6, STM32U535CBT6, STM32U535CBT6Q, STM32U535CBU6, STM32U535CBU6Q, STM32U535CCT6, STM32U535CCT6Q, STM32U535CCU6, STM32U535CCU6Q, STM32U535CET6, STM32U535CET6Q, STM32U535CEU6, STM32U535CEU6Q, STM32U535JEY6QTR, STM32U535NCY6QTR, STM32U535NEY6QTR, STM32U535RBI6, STM32U535RBI6Q, STM32U535RBT6, STM32U535RBT6Q, STM32U535RCI6, STM32U535RCI6Q, STM32U535RCT6, STM32U535RCT6Q, STM32U535REI6, STM32U535REI6Q, STM32U535RET6, STM32U535RET6Q, STM32U535VCI6, STM32U535VCI6Q, STM32U535VCT6, STM32U535VCT6Q, STM32U535VEI6, STM32U535VEI6Q, STM32U535VET6, STM32U535VET6Q, STM32U545CET6, STM32U545CET6Q, STM32U545CEU6, STM32U545CEU6Q, STM32U545JEY6QTR, STM32U545NEY6QTR, STM32U545REI6, STM32U545REI6Q, STM32U545RET6, STM32U545RET6Q, STM32U545VEI6, STM32U545VEI6Q, STM32U545VET6, STM32U545VET6Q, STM32U595AIH6, STM32U595AIH6Q, STM32U595AJH6, STM32U595AJH6Q, STM32U595QII6, STM32U595QII6Q, STM32U595QJI6, STM32U595QJI6Q, STM32U595RIT6, STM32U595RIT6Q, STM32U595RJT6, STM32U595RJT6Q, STM32U595VIT6, STM32U595VIT6Q, STM32U595VJT6, STM32U595VJT6Q, STM32U595ZIT6, STM32U595ZIT6Q, STM32U595ZIY6QTR, STM32U595ZJT6, STM32U595ZJT6Q, STM32U595ZJY6QTR, STM32U599BJY6QTR, STM32U599NIH6Q, STM32U599NJH6Q, STM32U599VIT6Q, STM32U599VJT6, STM32U599VJT6Q, STM32U599ZIT6Q, STM32U599ZIY6QTR, STM32U599ZJT6Q, STM32U599ZJY6QTR, STM32U5A5AJH6, STM32U5A5AJH6Q, STM32U5A5QII3Q , STM32U5A5QJI6, STM32U5A5QJI6Q, STM32U5A5RJT6, STM32U5A5RJT6Q, STM32U5A5VJT6, STM32U5A5VJT6Q, STM32U5A5ZJT6, STM32U5A5ZJT6Q, STM32U5A5ZJY6QTR, STM32U5A9BJY6QTR, STM32U5A9J-DK, STM32U5A9NJH6Q, STM32U5A9VJT6Q, STM32U5A9ZJT6Q, STM32U5A9ZJY6QTR, STM32U5F7VIT6, STM32U5F7VIT6Q, STM32U5F7VJT6, STM32U5F7VJT6Q, STM32U5F9BJY6QTR, STM32U5F9NJH6Q, STM32U5F9VIT6Q, STM32U5F9VJT6Q, STM32U5F9ZIJ6QTR, STM32U5F9ZIT6Q, STM32U5F9ZJJ6QTR, STM32U5F9ZJT6Q, STM32U5G7VJT6, STM32U5G7VJT6Q, STM32U5G9BJY6QTR, STM32U5G9J-DK1, STM32U5G9J-DK2, STM32U5G9NJH6Q, STM32U5G9VJT6Q, STM32U5G9ZJJ6QTR, STM32U5G9ZJT6Q, STM32WB1MMCH6, STM32WBA50KEU6, STM32WBA50KEU6TR, STM32WBA50KGU6, STM32WBA50KGU6TR, STM32WBA52CEU6, STM32WBA52CEU6TR, STM32WBA52CEU7, STM32WBA52CEU7TR, STM32WBA52CGU6, STM32WBA52CGU6TR, STM32WBA52CGU6U, STM32WBA52CGU7, STM32WBA52CGU7TR, STM32WBA52KEU6, STM32WBA52KEU6TR, STM32WBA52KGU6, STM32WBA52KGU6TR, STM32WBA54CEU6, STM32WBA54CEU6TR, STM32WBA54CEU7, STM32WBA54CEU7TR, STM32WBA54CGU6, STM32WBA54CGU6TR, STM32WBA54CGU7, STM32WBA54CGU7TR, STM32WBA54KEU6, STM32WBA54KEU6TR, STM32WBA54KEU7, STM32WBA54KEU7TR, STM32WBA54KGU6, STM32WBA54KGU6TR, STM32WBA54KGU7, STM32WBA54KGU7TR, STM32WBA55CEU6, STM32WBA55CEU6TR, STM32WBA55CEU7, STM32WBA55CEU7TR, STM32WBA55CGU6, STM32WBA55CGU6TR, STM32WBA55CGU6U, STM32WBA55CGU7, STM32WBA55CGU7TR, STM32WBA55G-DK1, STM32WBA55HEF6, STM32WBA55HEF7, STM32WBA55HGF6, STM32WBA55HGF7, STM32WBA55UEI6, STM32WBA55UEI6TR, STM32WBA55UEI7, STM32WBA55UEI7TR, STM32WBA55UGI6, STM32WBA55UGI6TR, STM32WBA55UGI7, STM32WBA55UGI7TR, STM32WL5MOCH6, STM32WL5MOCH6TR]
2024-10-13 00:58:26,321 [INFO] ApiDb:668 - CubeFinder database Data Model version=2.1
2024-10-13 00:58:26,322 [INFO] ApiDb:669 - CubeFinder database Configuration version=3.0.39
2024-10-13 00:58:26,323 [INFO] ApiDb:670 - CubeFinder database generation date=2024-09-16 (1726485674)
2024-10-13 00:58:26,323 [INFO] ApiDb:671 - CubeFinder database FW Pack versions=[FP-ATR-ASTRA1_V2.0.0, FP-SNS-FLIGHT1_V5.0.2, FP-SNS-MOTENV1_V5.0.0, FP-SNS-MOTENVWB1_V1.4.0, FP-SNS-SMARTAG2_V1.2.0, FP-SNS-STBOX1_V2.0.0, STM32Cube_FW_C0_V1.2.0, STM32Cube_FW_F4_V1.28.1, STM32Cube_FW_F7_V1.17.2, STM32Cube_FW_G0_V1.6.2, STM32Cube_FW_G4_V1.6.0, STM32Cube_FW_H5_V1.3.0, STM32Cube_FW_H7RS_V1.1.0, STM32Cube_FW_H7_V1.11.2, STM32Cube_FW_L0_V1.12.2, STM32Cube_FW_L5_V1.5.1, STM32Cube_FW_U0_V1.1.0, STM32Cube_FW_U5_V1.6.0, STM32Cube_FW_WB0_V1.0.0, STM32Cube_FW_WBA_V1.4.1, STM32Cube_FW_WB_V1.20.0, STM32Cube_FW_WL_V1.3.0, X-CUBE-ALGOBUILD_V1.4.0, X-CUBE-ALS_V1.0.2, X-CUBE-AZRTOS-F4_V1.1.0, X-CUBE-AZRTOS-F7_V1.1.0, X-CUBE-AZRTOS-G0_V1.1.0, X-CUBE-AZRTOS-G4_V2.0.0, X-CUBE-AZRTOS-H7RS_V1.0.0, X-CUBE-AZRTOS-H7_V3.2.0, X-CUBE-AZRTOS-L4_V2.0.0, X-CUBE-AZRTOS-L5_V2.0.0, X-CUBE-AZRTOS-WB_V2.0.0, X-CUBE-AZRTOS-WL_V2.0.0, X-CUBE-BLE1_V7.0.0, X-CUBE-BLE2_V3.3.0, X-CUBE-BLEMGR_V3.1.0, X-CUBE-EEPRMA1_V5.1.0, X-CUBE-FREERTOS_V1.2.0, X-CUBE-GNSS1_V6.0.0, X-CUBE-MEMS1_V11.0.0, X-CUBE-NFC4_V3.0.0, X-CUBE-NFC7_V1.0.1, X-CUBE-SFXS2LP1_V4.0.0, X-CUBE-SUBG2_V5.0.0, X-CUBE-TOF1_V3.4.2]
2024-10-13 00:58:43,002 [INFO] ApiDb:240 - Found 483 in-development CPN: [B-G473E-ZEST1S, B-WB1M-WPAN1, B-WL5M-SUBG1, NUCLEO-C031C6, NUCLEO-H503RB, NUCLEO-H533RE, NUCLEO-H563ZI, NUCLEO-H7S3L8, NUCLEO-U031R8, NUCLEO-U083RC, NUCLEO-U545RE-Q, NUCLEO-U5A5ZJ-Q, NUCLEO-WBA52CG, NUCLEO-WBA55CG, STEVAL-PROTEUS1, STEVAL-SMARTAG2, STEVAL-STWINBX1, STM320518-EVAL, STM32C0116-DK, STM32C011D6Y3TR, STM32C011D6Y6TR, STM32C011F4P3, STM32C011F4P6, STM32C011F4U3, STM32C011F4U6TR, STM32C011F6P3, STM32C011F6P6, STM32C011F6U3, STM32C011F6U6TR, STM32C011J4M3, STM32C011J4M6, STM32C011J6M3, STM32C011J6M6, STM32C0316-DK, STM32C031C4T3, STM32C031C4T6, STM32C031C4U3, STM32C031C4U6, STM32C031C6T3, STM32C031C6T6, STM32C031C6U3, STM32C031C6U6, STM32C031F4P3, STM32C031F4P6, STM32C031F6P3, STM32C031F6P6, STM32C031G4U3, STM32C031G4U6, STM32C031G6U3, STM32C031G6U6, STM32C031K4T3, STM32C031K4T6, STM32C031K4U3, STM32C031K4U6, STM32C031K6T3, STM32C031K6T6, STM32C031K6U3, STM32C031K6U6, STM32G071K8TXN, STM32G071K8UXN, STM32G081GBU6N, STM32G081KBT6N, STM32G081KBUXN, STM32G0B1CCT6N, STM32G0B1KCT6, STM32G0B1NEY6TR, STM32G0B1RCT6N, STM32G0C1CCT6, STM32G0C1CCT6N, STM32G0C1CCU6N, STM32G0C1CET6N, STM32G0C1CEU6N, STM32G0C1KCT6, STM32G0C1NEY6TR, STM32G0C1RCI6N, STM32G0C1RCT6N, STM32G0C1REI6N, STM32G0C1RET6N, STM32G0C1VCI6, STM32G0C1VEI6, STM32G471CCT6, STM32G471CCU6, STM32G471CET3, STM32G471CET6, STM32G471CEU3, STM32G471CEU6, STM32G471MCT6, STM32G471MET3, STM32G471MET6, STM32G471MEY6TR, STM32G471QCT6, STM32G471QET3, STM32G471RCT6, STM32G471RET3, STM32G471RET6, STM32G471VCH6, STM32G471VCI6, STM32G471VCT6, STM32G471VEH3, STM32G471VEH6, STM32G471VEI3, STM32G471VEI6, STM32G471VET3, STM32G471VET6, STM32G474CCT6, STM32H503CBT6, STM32H503CBU6, STM32H503EBY6TR, STM32H503KBU6, STM32H503RBT6, STM32H523CCT6, STM32H523CCU6, STM32H523CET6, STM32H523CEU6, STM32H523HEY6TR, STM32H523RCT6, STM32H523RET6, STM32H523VCI6, STM32H523VCT6, STM32H523VEI6, STM32H523VET6, STM32H523ZCJ6, STM32H523ZCT6, STM32H523ZEJ6, STM32H523ZET6, STM32H533CET6, STM32H533CEU6, STM32H533HEY6TR, STM32H533RET6, STM32H533VEI6, STM32H533VET6, STM32H533ZEJ6, STM32H533ZET6, STM32H562AGI6, STM32H562AII6, STM32H562IGK6, STM32H562IGT6, STM32H562IIK6, STM32H562IIT6, STM32H562RGT6, STM32H562RGV6, STM32H562RIT6, STM32H562RIV6, STM32H562VGT6, STM32H562VIT6, STM32H562ZGT6, STM32H562ZIT6, STM32H563AGI6, STM32H563AII3Q, STM32H563AII6, STM32H563IGK6, STM32H563IGT6, STM32H563IIK3Q, STM32H563IIK6, STM32H563IIT3Q, STM32H563IIT6, STM32H563MIY3QTR, STM32H563RGT6, STM32H563RGV6, STM32H563RIT6, STM32H563RIV6, STM32H563VGT6, STM32H563VIT3Q, STM32H563VIT6, STM32H563ZGT6, STM32H563ZIT3Q, STM32H563ZIT6, STM32H573AII3Q, STM32H573AII6, STM32H573I-DK, STM32H573IIK3Q, STM32H573IIK6, STM32H573IIT3Q, STM32H573IIT6, STM32H573MIY3QTR, STM32H573RIT6, STM32H573RIV6, STM32H573VIT3Q, STM32H573VIT6, STM32H573ZIT3Q, STM32H573ZIT6, STM32H7R3A8I6, STM32H7R3I8K6, STM32H7R3I8T6, STM32H7R3L8H6, STM32H7R3L8H6H, STM32H7R3R8V6, STM32H7R3V8H6, STM32H7R3V8T6, STM32H7R3V8Y6, STM32H7R3Z8J6, STM32H7R3Z8T6, STM32H7R7A8I6, STM32H7R7I8K6, STM32H7R7I8T6, STM32H7R7L8H6, STM32H7R7L8H6H, STM32H7R7Z8J6, STM32H7S3A8I6, STM32H7S3I8K6, STM32H7S3I8T6, STM32H7S3L8H6, STM32H7S3L8H6H, STM32H7S3R8V6, STM32H7S3V8H6, STM32H7S3V8T6, STM32H7S3V8Y6, STM32H7S3Z8J6, STM32H7S3Z8T6, STM32H7S78-DK, STM32H7S7A8I6, STM32H7S7I8K6, STM32H7S7I8T6, STM32H7S7L8H6, STM32H7S7L8H6H, STM32H7S7Z8J6, STM32L4R5QGI6STR, STM32MP131AAE3, STM32MP131AAF3, STM32MP131AAG3, STM32MP131CAE3, STM32MP131CAF3, STM32MP131CAG3, STM32MP131DAE7, STM32MP131DAF7, STM32MP131DAG7, STM32MP131FAE7, STM32MP131FAF7, STM32MP131FAG7, STM32MP133AAE3, STM32MP133AAF3, STM32MP133AAG3, STM32MP133CAE3, STM32MP133CAF3, STM32MP133CAG3, STM32MP133DAE7, STM32MP133DAF7, STM32MP133DAG7, STM32MP133FAE7, STM32MP133FAF7, STM32MP133FAG7, STM32MP135AAE3, STM32MP135AAF3, STM32MP135AAG3, STM32MP135CAE3, STM32MP135CAF3, STM32MP135CAG3, STM32MP135DAE7, STM32MP135DAF7, STM32MP135DAG7, STM32MP135F-DK, STM32MP135FAE7, STM32MP135FAF7, STM32MP135FAF7T, STM32MP135FAF7U, STM32MP135FAG7, STM32U031C6T6, STM32U031C6U6, STM32U031C8T6, STM32U031C8U6, STM32U031F4P6, STM32U031F6P6, STM32U031F8P6, STM32U031G6Y6TR, STM32U031G8Y6TR, STM32U031K4U6, STM32U031K6U6, STM32U031K8U6, STM32U031R6I6, STM32U031R6T6, STM32U031R8I6, STM32U031R8T6, STM32U073C8T6, STM32U073C8U6, STM32U073CBT6, STM32U073CBU6, STM32U073CCT6, STM32U073CCU6, STM32U073H8Y6TR, STM32U073HBY6TR, STM32U073HCY6TR, STM32U073K8U6, STM32U073KBU6, STM32U073KCU6, STM32U073M8I6, STM32U073M8T6, STM32U073MBI6, STM32U073MBT6, STM32U073MCI6, STM32U073MCT6, STM32U073R8I6, STM32U073R8T6, STM32U073RBI6, STM32U073RBT6, STM32U073RCI6, STM32U073RCT6, STM32U083C-DK, STM32U083CCT6, STM32U083CCU6, STM32U083HCY6TR, STM32U083KCU6, STM32U083MCI6, STM32U083MCT6, STM32U083RCI6, STM32U083RCT6, STM32U535CBT6, STM32U535CBT6Q, STM32U535CBU6, STM32U535CBU6Q, STM32U535CCT6, STM32U535CCT6Q, STM32U535CCU6, STM32U535CCU6Q, STM32U535CET6, STM32U535CET6Q, STM32U535CEU6, STM32U535CEU6Q, STM32U535JEY6QTR, STM32U535NCY6QTR, STM32U535NEY6QTR, STM32U535RBI6, STM32U535RBI6Q, STM32U535RBT6, STM32U535RBT6Q, STM32U535RCI6, STM32U535RCI6Q, STM32U535RCT6, STM32U535RCT6Q, STM32U535REI6, STM32U535REI6Q, STM32U535RET6, STM32U535RET6Q, STM32U535VCI6, STM32U535VCI6Q, STM32U535VCT6, STM32U535VCT6Q, STM32U535VEI6, STM32U535VEI6Q, STM32U535VET6, STM32U535VET6Q, STM32U545CET6, STM32U545CET6Q, STM32U545CEU6, STM32U545CEU6Q, STM32U545JEY6QTR, STM32U545NEY6QTR, STM32U545REI6, STM32U545REI6Q, STM32U545RET6, STM32U545RET6Q, STM32U545VEI6, STM32U545VEI6Q, STM32U545VET6, STM32U545VET6Q, STM32U595AIH6, STM32U595AIH6Q, STM32U595AJH6, STM32U595AJH6Q, STM32U595QII6, STM32U595QII6Q, STM32U595QJI6, STM32U595QJI6Q, STM32U595RIT6, STM32U595RIT6Q, STM32U595RJT6, STM32U595RJT6Q, STM32U595VIT6, STM32U595VIT6Q, STM32U595VJT6, STM32U595VJT6Q, STM32U595ZIT6, STM32U595ZIT6Q, STM32U595ZIY6QTR, STM32U595ZJT6, STM32U595ZJT6Q, STM32U595ZJY6QTR, STM32U599BJY6QTR, STM32U599NIH6Q, STM32U599NJH6Q, STM32U599VIT6Q, STM32U599VJT6, STM32U599VJT6Q, STM32U599ZIT6Q, STM32U599ZIY6QTR, STM32U599ZJT6Q, STM32U599ZJY6QTR, STM32U5A5AJH6, STM32U5A5AJH6Q, STM32U5A5QII3Q , STM32U5A5QJI6, STM32U5A5QJI6Q, STM32U5A5RJT6, STM32U5A5RJT6Q, STM32U5A5VJT6, STM32U5A5VJT6Q, STM32U5A5ZJT6, STM32U5A5ZJT6Q, STM32U5A5ZJY6QTR, STM32U5A9BJY6QTR, STM32U5A9J-DK, STM32U5A9NJH6Q, STM32U5A9VJT6Q, STM32U5A9ZJT6Q, STM32U5A9ZJY6QTR, STM32U5F7VIT6, STM32U5F7VIT6Q, STM32U5F7VJT6, STM32U5F7VJT6Q, STM32U5F9BJY6QTR, STM32U5F9NJH6Q, STM32U5F9VIT6Q, STM32U5F9VJT6Q, STM32U5F9ZIJ6QTR, STM32U5F9ZIT6Q, STM32U5F9ZJJ6QTR, STM32U5F9ZJT6Q, STM32U5G7VJT6, STM32U5G7VJT6Q, STM32U5G9BJY6QTR, STM32U5G9J-DK1, STM32U5G9J-DK2, STM32U5G9NJH6Q, STM32U5G9VJT6Q, STM32U5G9ZJJ6QTR, STM32U5G9ZJT6Q, STM32WB1MMCH6, STM32WBA50KEU6, STM32WBA50KEU6TR, STM32WBA50KGU6, STM32WBA50KGU6TR, STM32WBA52CEU6, STM32WBA52CEU6TR, STM32WBA52CEU7, STM32WBA52CEU7TR, STM32WBA52CGU6, STM32WBA52CGU6TR, STM32WBA52CGU6U, STM32WBA52CGU7, STM32WBA52CGU7TR, STM32WBA52KEU6, STM32WBA52KEU6TR, STM32WBA52KGU6, STM32WBA52KGU6TR, STM32WBA54CEU6, STM32WBA54CEU6TR, STM32WBA54CEU7, STM32WBA54CEU7TR, STM32WBA54CGU6, STM32WBA54CGU6TR, STM32WBA54CGU7, STM32WBA54CGU7TR, STM32WBA54KEU6, STM32WBA54KEU6TR, STM32WBA54KEU7, STM32WBA54KEU7TR, STM32WBA54KGU6, STM32WBA54KGU6TR, STM32WBA54KGU7, STM32WBA54KGU7TR, STM32WBA55CEU6, STM32WBA55CEU6TR, STM32WBA55CEU7, STM32WBA55CEU7TR, STM32WBA55CGU6, STM32WBA55CGU6TR, STM32WBA55CGU6U, STM32WBA55CGU7, STM32WBA55CGU7TR, STM32WBA55G-DK1, STM32WBA55HEF6, STM32WBA55HEF7, STM32WBA55HGF6, STM32WBA55HGF7, STM32WBA55UEI6, STM32WBA55UEI6TR, STM32WBA55UEI7, STM32WBA55UEI7TR, STM32WBA55UGI6, STM32WBA55UGI6TR, STM32WBA55UGI7, STM32WBA55UGI7TR, STM32WL5MOCH6, STM32WL5MOCH6TR]
2024-10-13 00:58:43,025 [INFO] DbMcus:218 - Found 4204 MCUs, 4204 are supported
2024-10-13 00:58:43,028 [INFO] ApiDb:423 - Load user favorites file C:\Users\OVIA/.stm32cubeide/favorites.mcus.txt: 0 item(s)
2024-10-13 00:58:43,030 [INFO] ApiDb:427 - User favorites MCUs=[]
2024-10-13 00:58:43,030 [INFO] DbMcus:224 - Set 0 / 0 favorites MCUs
2024-10-13 00:58:45,647 [INFO] BoardInfo:889 - No configuration file found for board NUCLEO-WB05KZ
2024-10-13 00:58:45,649 [INFO] DbBoards:161 - Board is not supported: NUCLEO-WB05KZ
2024-10-13 00:58:45,656 [INFO] BoardInfo:889 - No configuration file found for board NUCLEO-WB07CC
2024-10-13 00:58:45,658 [INFO] DbBoards:161 - Board is not supported: NUCLEO-WB07CC
2024-10-13 00:58:45,663 [INFO] BoardInfo:889 - No configuration file found for board NUCLEO-WB09KE
2024-10-13 00:58:45,665 [INFO] DbBoards:161 - Board is not supported: NUCLEO-WB09KE
2024-10-13 00:58:45,720 [INFO] BoardInfo:889 - No configuration file found for board P-NUCLEO-WB55
2024-10-13 00:58:45,722 [INFO] DbBoards:161 - Kit is not supported: P-NUCLEO-WB55
2024-10-13 00:58:45,746 [INFO] BoardInfo:889 - No configuration file found for board STEVAL-BFA001V1B
2024-10-13 00:58:45,747 [INFO] DbBoards:161 - Kit is not supported: STEVAL-BFA001V1B
2024-10-13 00:58:45,753 [INFO] BoardInfo:889 - No configuration file found for board STEVAL-BFA001V2B
2024-10-13 00:58:45,754 [INFO] DbBoards:161 - Kit is not supported: STEVAL-BFA001V2B
2024-10-13 00:58:46,520 [INFO] BoardInfo:889 - No configuration file found for board STM32MP257F-DK
2024-10-13 00:58:46,522 [INFO] DbBoards:161 - Board is not supported: STM32MP257F-DK
2024-10-13 00:58:46,528 [INFO] BoardInfo:889 - No configuration file found for board STM32MP257F-EV1
2024-10-13 00:58:46,529 [INFO] DbBoards:161 - Board is not supported: STM32MP257F-EV1
2024-10-13 00:58:46,580 [INFO] DbBoards:168 - Found 200 boards, 192 are supported
2024-10-13 00:58:46,581 [INFO] DbBoards:169 - Found 200 boards, 8 of them is supported for  Bsp
2024-10-13 00:58:46,596 [INFO] ApiDb:423 - Load user favorites file C:\Users\OVIA/.stm32cubeide/favorites.boards.txt: 0 item(s)
2024-10-13 00:58:46,597 [INFO] ApiDb:427 - User favorites Boards=[]
2024-10-13 00:58:46,597 [INFO] DbBoards:198 - Set 0 / 0 favorites Boards
2024-10-13 00:58:46,598 [INFO] McuFinderGlobals:76 - Set McuFinderConnectedMode to false
2024-10-13 00:58:46,643 [INFO] MultiScanPanel:200 - Auto-refresh data requested => check proxy status ongoing
2024-10-13 00:58:46,643 [INFO] MultiScanPanel:204 - Proxy status is invalid
2024-10-13 00:58:46,653 [INFO] FinderPluginLoader:95 - Searching for filters in installed packs
2024-10-13 00:58:56,531 [INFO] DetailPanel:341 - Set advertising image to C:/Users/OVIA/STM32Cube/Repository/\en.prom-stm32c071-usb-memories-mcu-finder.png
2024-10-13 00:59:59,856 [INFO] MultiScanPanel:200 - Auto-refresh data requested => check proxy status ongoing
2024-10-13 00:59:59,857 [INFO] MultiScanPanel:204 - Proxy status is invalid
2024-10-13 01:00:00,742 [INFO] DetailPanel:341 - Set advertising image to C:/Users/OVIA/STM32Cube/Repository/\en.prom-stm32c071-usb-memories-mcu-finder.png
2024-10-13 01:00:00,787 [INFO] DbBoards:642 - Loading board mini-images...
2024-10-13 01:00:06,807 [ERROR] DbBoards:659 - Image file not found for board NUCLEO-WB05KZ: C:\Users\OVIA\.stmcufinder\plugins\mcufinder//mcu//boards_images/NUCLEO-WB05KZ.jpg
2024-10-13 01:00:15,107 [INFO] DbBoards:665 - Loaded 199 board mini-images
2024-10-13 01:00:56,882 [INFO] McuFinderGlobals:76 - Set McuFinderConnectedMode to true
2024-10-13 01:00:56,897 [INFO] ApiDb:448 - Save user favorites file C:\Users\OVIA/.stm32cubeide/favorites.mcus.txt: 0 item(s)
2024-10-13 01:00:56,898 [INFO] ApiDb:452 - User favorites MCUs=[]
2024-10-13 01:00:56,917 [INFO] ApiDb:448 - Save user favorites file C:\Users\OVIA/.stm32cubeide/favorites.boards.txt: 0 item(s)
2024-10-13 01:00:56,917 [INFO] ApiDb:452 - User favorites Boards=[]
2024-10-13 01:19:41,818 [ERROR] LogOutputStream:75 - [STDERR_REDIRECT] 
