2024-10-31 20:30:28,397 [INFO] Activator:176 - 


2024-10-31 20:30:28,532 [INFO] Activator:177 - !SESSION log4j initialized
2024-10-31 20:31:15,062 [INFO] LogOutputStream:77 - [STDOUT_REDIRECT] 
2024-10-31 20:31:17,241 [ERROR] ConfigurationRetriever:142 - IOException on connection: sw-center.st.com
2024-10-31 20:31:17,245 [ERROR] ConfigurationRetriever:142 - IOException on connection: sw-center.st.com
2024-10-31 20:31:17,247 [ERROR] ConfigurationRetriever:142 - IOException on connection: sw-center.st.com
2024-10-31 20:31:17,274 [ERROR] ConfigurationRetriever:142 - IOException on connection: sw-center.st.com
2024-10-31 20:31:17,277 [ERROR] ConfigurationRetriever:142 - IOException on connection: sw-center.st.com
2024-10-31 20:31:17,279 [ERROR] ConfigurationRetriever:142 - IOException on connection: sw-center.st.com
2024-10-31 20:31:37,563 [INFO] ApplicationProperties:184 - Using Application install path: C:\ST\STM32CubeIDE_1.15.1\STM32CubeIDE\plugins\com.st.stm32cube.common.mx_6.11.1.202404110753
2024-10-31 20:31:37,805 [INFO] DbMcusXml:78 - Set database path to: C:\ST\STM32CubeIDE_1.15.1\STM32CubeIDE\plugins\com.st.stm32cube.common.mx_6.11.1.202404110753\\db\/mcu/
2024-10-31 20:31:37,806 [INFO] ApiDb:274 - Set plugin database path to: C:\ST\STM32CubeIDE_1.15.1\STM32CubeIDE\plugins\com.st.stm32cube.common.mx_6.11.1.202404110753\\db\/plugins/boardmanager/
2024-10-31 20:31:37,808 [WARN] ApiDb:259 - Overriding images path with different value:  => C:\ST\STM32CubeIDE_1.15.1\STM32CubeIDE\plugins\com.st.stm32cube.common.mx_6.11.1.202404110753\\db\/plugins/mcufinder/images/
2024-10-31 20:31:38,038 [INFO] ApiDb:250 - Set database path to: C:\Users\OVIA\.stmcufinder\plugins\mcufinder//mcu/
2024-10-31 20:31:38,047 [INFO] DbMcusAds:125 - Set database path to: C:\Users\OVIA\.stmcufinder\plugins\mcufinder//mcu/
2024-10-31 20:31:38,063 [INFO] CrossReferenceDbSqlite:203 - Set database path to: C:\Users\OVIA\.stmcufinder\plugins\mcufinder//mcu/cs/
2024-10-31 20:31:39,280 [INFO] RulesReader:64 - Compatibility file has been processed (297 Rules)
2024-10-31 20:31:40,597 [INFO] DbMcusXml:78 - Set database path to: C:\ST\STM32CubeIDE_1.15.1\STM32CubeIDE\plugins\com.st.stm32cube.common.mx_6.11.1.202404110753\\db\/mcu/
2024-10-31 20:31:40,598 [INFO] ApiDb:274 - Set plugin database path to: C:\ST\STM32CubeIDE_1.15.1\STM32CubeIDE\plugins\com.st.stm32cube.common.mx_6.11.1.202404110753\\db\/plugins/boardmanager/
2024-10-31 20:31:40,599 [INFO] ApiDb:261 - Set plugin images path to: C:\ST\STM32CubeIDE_1.15.1\STM32CubeIDE\plugins\com.st.stm32cube.common.mx_6.11.1.202404110753\\db\/plugins/mcufinder/images/
2024-10-31 20:31:40,600 [WARN] DbFile:41 - Overriding database path with different value: C:\Users\OVIA\.stmcufinder\plugins\mcufinder/ => C:\Users\OVIA\.stmcufinder\plugins\mcufinder
2024-10-31 20:31:40,600 [INFO] ApiDb:250 - Set database path to: C:\Users\OVIA\.stmcufinder\plugins\mcufinder//mcu/
2024-10-31 20:31:40,600 [WARN] DbFile:41 - Overriding database path with different value: C:\Users\OVIA\.stmcufinder\plugins\mcufinder/ => C:\Users\OVIA\.stmcufinder\plugins\mcufinder
2024-10-31 20:31:40,601 [INFO] DbMcusAds:125 - Set database path to: C:\Users\OVIA\.stmcufinder\plugins\mcufinder//mcu/
2024-10-31 20:31:40,601 [WARN] DbFile:41 - Overriding database path with different value: C:\Users\OVIA\.stmcufinder\plugins\mcufinder/ => C:\Users\OVIA\.stmcufinder\plugins\mcufinder
2024-10-31 20:31:40,602 [WARN] DbFile:41 - Overriding database path with different value: C:\Users\OVIA\.stmcufinder\plugins\mcufinder/ => C:\Users\OVIA\.stmcufinder\plugins\mcufinder
2024-10-31 20:31:40,602 [INFO] CrossReferenceDbSqlite:203 - Set database path to: C:\Users\OVIA\.stmcufinder\plugins\mcufinder//mcu/cs/
2024-10-31 20:31:42,082 [INFO] MainPanel:264 - HeapMemory: 268435456
2024-10-31 20:31:43,396 [INFO] DbMcusXml:78 - Set database path to: C:\ST\STM32CubeIDE_1.15.1\STM32CubeIDE\plugins\com.st.stm32cube.common.mx_6.11.1.202404110753\\db\/mcu/
2024-10-31 20:31:43,397 [INFO] ApiDb:274 - Set plugin database path to: C:\ST\STM32CubeIDE_1.15.1\STM32CubeIDE\plugins\com.st.stm32cube.common.mx_6.11.1.202404110753\\db\/plugins/boardmanager/
2024-10-31 20:31:43,398 [INFO] ApiDb:261 - Set plugin images path to: C:\ST\STM32CubeIDE_1.15.1\STM32CubeIDE\plugins\com.st.stm32cube.common.mx_6.11.1.202404110753\\db\/plugins/mcufinder/images/
2024-10-31 20:31:43,399 [WARN] DbFile:41 - Overriding database path with different value: C:\Users\OVIA\.stmcufinder\plugins\mcufinder/ => C:\Users\OVIA\.stmcufinder\plugins\mcufinder
2024-10-31 20:31:43,399 [INFO] ApiDb:250 - Set database path to: C:\Users\OVIA\.stmcufinder\plugins\mcufinder//mcu/
2024-10-31 20:31:43,400 [WARN] DbFile:41 - Overriding database path with different value: C:\Users\OVIA\.stmcufinder\plugins\mcufinder/ => C:\Users\OVIA\.stmcufinder\plugins\mcufinder
2024-10-31 20:31:43,400 [INFO] DbMcusAds:125 - Set database path to: C:\Users\OVIA\.stmcufinder\plugins\mcufinder//mcu/
2024-10-31 20:31:43,401 [WARN] DbFile:41 - Overriding database path with different value: C:\Users\OVIA\.stmcufinder\plugins\mcufinder/ => C:\Users\OVIA\.stmcufinder\plugins\mcufinder
2024-10-31 20:31:43,401 [WARN] DbFile:41 - Overriding database path with different value: C:\Users\OVIA\.stmcufinder\plugins\mcufinder/ => C:\Users\OVIA\.stmcufinder\plugins\mcufinder
2024-10-31 20:31:43,402 [INFO] CrossReferenceDbSqlite:203 - Set database path to: C:\Users\OVIA\.stmcufinder\plugins\mcufinder//mcu/cs/
2024-10-31 20:31:43,647 [INFO] ApplicationProperties:184 - Using Application install path: C:\ST\STM32CubeIDE_1.15.1\STM32CubeIDE\plugins\com.st.stm32cube.common.mx_6.11.1.202404110753
2024-10-31 20:31:43,677 [INFO] PluginManage:196 - Search for loadable plugins [exclusion list=, ]
2024-10-31 20:31:43,716 [INFO] PluginManage:310 - Check plugin analytics
2024-10-31 20:31:45,354 [INFO] AnalyticsPlugin:253 - Accepted Software Licenses: 
2024-10-31 20:31:45,355 [INFO] AnalyticsPlugin:255 - Accepted CMSIS Pack Licenses: 
2024-10-31 20:31:45,356 [INFO] AnalyticsPlugin:257 - Accepted Firmware Licenses: FW.F4.1.28.0
2024-10-31 20:31:45,381 [INFO] PluginManage:359 - Loaded plugin analytics (category:tool,tabindex:-1)
2024-10-31 20:31:45,383 [INFO] PluginManage:310 - Check plugin cadmodel
2024-10-31 20:31:45,393 [ERROR] ConfigurationRetriever:142 - IOException on connection: sw-center.st.com
2024-10-31 20:31:45,396 [ERROR] ConfigurationRetriever:142 - IOException on connection: sw-center.st.com
2024-10-31 20:31:45,399 [ERROR] ConfigurationRetriever:142 - IOException on connection: sw-center.st.com
2024-10-31 20:31:45,581 [INFO] CADModel:105 - Init CAD model plugin
2024-10-31 20:31:45,582 [INFO] PluginManage:359 - Loaded plugin cadmodel (category:power,tabindex:5)
2024-10-31 20:31:45,583 [INFO] PluginManage:310 - Check plugin clock
2024-10-31 20:31:45,778 [INFO] PluginManage:359 - Loaded plugin clock (category:base,tabindex:2)
2024-10-31 20:31:45,779 [INFO] PluginManage:310 - Check plugin ddr
2024-10-31 20:31:45,808 [INFO] PluginManage:359 - Loaded plugin ddr (category:tool,tabindex:6)
2024-10-31 20:31:45,809 [INFO] PluginManage:310 - Check plugin filemanager
2024-10-31 20:31:47,165 [INFO] PluginManage:359 - Loaded plugin filemanager (category:base,tabindex:10)
2024-10-31 20:31:47,166 [INFO] PluginManage:310 - Check plugin ipmanager
2024-10-31 20:31:47,239 [INFO] PluginManage:359 - Loaded plugin ipmanager (category:base,tabindex:5)
2024-10-31 20:31:47,240 [INFO] PluginManage:310 - Check plugin lpbam
2024-10-31 20:31:47,393 [INFO] PluginManage:359 - Loaded plugin lpbam (category:base,tabindex:0)
2024-10-31 20:31:47,394 [INFO] PluginManage:310 - Check plugin memorymap
2024-10-31 20:31:47,600 [INFO] PluginManage:359 - Loaded plugin memorymap (category:base,tabindex:4)
2024-10-31 20:31:47,601 [INFO] PluginManage:310 - Check plugin pinoutandconfiguration
2024-10-31 20:31:47,701 [INFO] PluginManage:359 - Loaded plugin pinoutandconfiguration (category:base,tabindex:1)
2024-10-31 20:31:47,702 [INFO] PluginManage:310 - Check plugin pinoutconfig
2024-10-31 20:31:48,572 [WARN] SupportedApi:132 - Cannot load RTOS API schema: s4s-elt-must-match.1: The content of 'definitions' must match (annotation?, (simpleType | complexType)?, (unique | key | keyref)*)). A problem was found starting at: attribute.
2024-10-31 20:31:49,937 [INFO] PluginManage:359 - Loaded plugin pinoutconfig (category:base,tabindex:0)
2024-10-31 20:31:49,937 [INFO] PluginManage:310 - Check plugin power
2024-10-31 20:31:50,083 [INFO] PluginManage:359 - Loaded plugin power (category:power,tabindex:4)
2024-10-31 20:31:50,083 [INFO] PluginManage:310 - Check plugin projectmanager
2024-10-31 20:31:50,198 [INFO] PluginManage:359 - Loaded plugin projectmanager (category:projectmanager,tabindex:3)
2024-10-31 20:31:50,199 [INFO] PluginManage:310 - Check plugin thirdparty
2024-10-31 20:31:52,473 [INFO] PluginManage:359 - Loaded plugin thirdparty (category:base,tabindex:-1)
2024-10-31 20:31:52,472 [WARN] IntegrityCheckThread:84 - waiting for thirdparty lock release [integrity check]
2024-10-31 20:31:52,473 [INFO] IntegrityCheckThread:86 - entering critical section [integrity check]
2024-10-31 20:31:52,479 [INFO] ThirdPartyUpdaterWithRetryManager:70 - Updater plugin not ready yet. [1/15]
2024-10-31 20:31:52,480 [INFO] PluginManage:310 - Check plugin tools
2024-10-31 20:31:52,677 [INFO] PluginManage:359 - Loaded plugin tools (category:base,tabindex:7)
2024-10-31 20:31:52,678 [INFO] PluginManage:310 - Check plugin tutovideos
2024-10-31 20:31:54,502 [INFO] PluginManage:359 - Loaded plugin tutovideos (category:base,tabindex:-1)
2024-10-31 20:31:54,503 [INFO] PluginManage:310 - Check plugin updater
2024-10-31 20:31:54,618 [INFO] PluginManage:359 - Loaded plugin updater (category:base,tabindex:12)
2024-10-31 20:31:54,619 [INFO] PluginManage:310 - Check plugin userauth
2024-10-31 20:31:54,667 [INFO] UserAuth:114 - Init User Auth plugin
2024-10-31 20:31:54,667 [INFO] PluginManage:359 - Loaded plugin userauth (category:base,tabindex:14)
2024-10-31 20:31:54,669 [INFO] PluginManage:283 - PluginManage : Loaded plugins [17]
2024-10-31 20:31:55,481 [INFO] ThirdPartyUpdaterWithRetryManager:70 - Updater plugin not ready yet. [2/15]
2024-10-31 20:31:57,212 [INFO] PinOutPanel:1561 - setPackage(No Configuration,No Configuration)
2024-10-31 20:31:58,062 [INFO] CADModel:165 - CPN selected for project level
2024-10-31 20:31:58,063 [INFO] CADModel:114 - Register for checkConnection events
2024-10-31 20:31:58,251 [INFO] IPUIPlugin:80 - create IPUIPlugin
2024-10-31 20:31:58,252 [INFO] PluginManager:220 - loadIPPluginJar : add adc
2024-10-31 20:31:58,426 [INFO] IPUIPlugin:80 - create IPUIPlugin
2024-10-31 20:31:58,427 [INFO] PluginManager:220 - loadIPPluginJar : add aes
2024-10-31 20:31:58,482 [INFO] ThirdPartyUpdaterWithRetryManager:70 - Updater plugin not ready yet. [3/15]
2024-10-31 20:31:58,628 [INFO] IPUIPlugin:80 - create IPUIPlugin
2024-10-31 20:31:58,629 [INFO] PluginManager:220 - loadIPPluginJar : add can
2024-10-31 20:31:58,783 [INFO] IPUIPlugin:80 - create IPUIPlugin
2024-10-31 20:31:58,784 [INFO] PluginManager:220 - loadIPPluginJar : add comp
2024-10-31 20:31:58,962 [INFO] IPUIPlugin:80 - create IPUIPlugin
2024-10-31 20:31:58,963 [INFO] PluginManager:220 - loadIPPluginJar : add cryp
2024-10-31 20:31:59,095 [INFO] IPUIPlugin:80 - create IPUIPlugin
2024-10-31 20:31:59,096 [INFO] PluginManager:220 - loadIPPluginJar : add dfsdm
2024-10-31 20:31:59,164 [INFO] IPUIPlugin:80 - create IPUIPlugin
2024-10-31 20:31:59,166 [INFO] PluginManager:220 - loadIPPluginJar : add dma
2024-10-31 20:31:59,375 [INFO] IPUIPlugin:80 - create IPUIPlugin
2024-10-31 20:31:59,376 [INFO] PluginManager:220 - loadIPPluginJar : add dma3
2024-10-31 20:31:59,609 [INFO] IPUIPlugin:80 - create IPUIPlugin
2024-10-31 20:31:59,610 [INFO] PluginManager:220 - loadIPPluginJar : add extmemmanager
2024-10-31 20:31:59,720 [INFO] IPUIPlugin:80 - create IPUIPlugin
2024-10-31 20:31:59,720 [INFO] PluginManager:220 - loadIPPluginJar : add fatfs
2024-10-31 20:31:59,995 [INFO] IPUIPlugin:80 - create IPUIPlugin
2024-10-31 20:31:59,996 [INFO] PluginManager:220 - loadIPPluginJar : add fmc
2024-10-31 20:32:00,094 [INFO] IPUIPlugin:80 - create IPUIPlugin
2024-10-31 20:32:00,095 [INFO] PluginManager:220 - loadIPPluginJar : add freertos
2024-10-31 20:32:00,119 [INFO] IPUIPlugin:80 - create IPUIPlugin
2024-10-31 20:32:00,119 [INFO] PluginManager:220 - loadIPPluginJar : add genericplugin
2024-10-31 20:32:00,694 [INFO] IPUIPlugin:80 - create IPUIPlugin
2024-10-31 20:32:00,694 [INFO] PluginManager:220 - loadIPPluginJar : add gfxmmu
2024-10-31 20:32:01,416 [INFO] IPUIPlugin:80 - create IPUIPlugin
2024-10-31 20:32:01,417 [INFO] PluginManager:220 - loadIPPluginJar : add gic
2024-10-31 20:32:01,485 [INFO] ThirdPartyUpdaterWithRetryManager:70 - Updater plugin not ready yet. [4/15]
2024-10-31 20:32:01,488 [INFO] IPUIPlugin:80 - create IPUIPlugin
2024-10-31 20:32:01,489 [INFO] PluginManager:220 - loadIPPluginJar : add gpio
2024-10-31 20:32:01,995 [INFO] IPUIPlugin:80 - create IPUIPlugin
2024-10-31 20:32:01,996 [INFO] PluginManager:220 - loadIPPluginJar : add gtzc
2024-10-31 20:32:02,153 [INFO] IPUIPlugin:80 - create IPUIPlugin
2024-10-31 20:32:02,154 [INFO] PluginManager:220 - loadIPPluginJar : add hash
2024-10-31 20:32:02,420 [INFO] IPUIPlugin:80 - create IPUIPlugin
2024-10-31 20:32:02,421 [INFO] PluginManager:220 - loadIPPluginJar : add i2c
2024-10-31 20:32:02,638 [INFO] IPUIPlugin:80 - create IPUIPlugin
2024-10-31 20:32:02,638 [INFO] PluginManager:220 - loadIPPluginJar : add i2s
2024-10-31 20:32:02,847 [INFO] IPUIPlugin:80 - create IPUIPlugin
2024-10-31 20:32:02,847 [INFO] PluginManager:220 - loadIPPluginJar : add i3c
2024-10-31 20:32:03,408 [INFO] IPUIPlugin:80 - create IPUIPlugin
2024-10-31 20:32:03,408 [INFO] PluginManager:220 - loadIPPluginJar : add ipddr
2024-10-31 20:32:03,845 [INFO] IPUIPlugin:80 - create IPUIPlugin
2024-10-31 20:32:03,845 [INFO] PluginManager:220 - loadIPPluginJar : add linkedlist
2024-10-31 20:32:03,888 [INFO] IPUIPlugin:80 - create IPUIPlugin
2024-10-31 20:32:03,889 [INFO] PluginManager:220 - loadIPPluginJar : add lorawan
2024-10-31 20:32:04,077 [INFO] IPUIPlugin:80 - create IPUIPlugin
2024-10-31 20:32:04,077 [INFO] PluginManager:220 - loadIPPluginJar : add ltdc
2024-10-31 20:32:04,181 [INFO] IPUIPlugin:80 - create IPUIPlugin
2024-10-31 20:32:04,182 [INFO] PluginManager:220 - loadIPPluginJar : add mdma
2024-10-31 20:32:04,242 [INFO] IPUIPlugin:80 - create IPUIPlugin
2024-10-31 20:32:04,243 [INFO] PluginManager:220 - loadIPPluginJar : add nvic
2024-10-31 20:32:04,415 [INFO] IPUIPlugin:80 - create IPUIPlugin
2024-10-31 20:32:04,416 [INFO] PluginManager:220 - loadIPPluginJar : add opamp
2024-10-31 20:32:04,487 [INFO] ThirdPartyUpdaterWithRetryManager:70 - Updater plugin not ready yet. [5/15]
2024-10-31 20:32:04,677 [INFO] IPUIPlugin:80 - create IPUIPlugin
2024-10-31 20:32:04,678 [INFO] PluginManager:220 - loadIPPluginJar : add openamp
2024-10-31 20:32:04,941 [INFO] IPUIPlugin:80 - create IPUIPlugin
2024-10-31 20:32:04,942 [INFO] PluginManager:220 - loadIPPluginJar : add pdm2pcm
2024-10-31 20:32:05,011 [INFO] IPUIPlugin:80 - create IPUIPlugin
2024-10-31 20:32:05,019 [INFO] PluginManager:220 - loadIPPluginJar : add plateformsettings
2024-10-31 20:32:05,112 [INFO] IPUIPlugin:80 - create IPUIPlugin
2024-10-31 20:32:05,113 [INFO] PluginManager:220 - loadIPPluginJar : add quadspi
2024-10-31 20:32:05,182 [INFO] IPUIPlugin:80 - create IPUIPlugin
2024-10-31 20:32:05,183 [INFO] PluginManager:220 - loadIPPluginJar : add resmgrutility
2024-10-31 20:32:05,421 [INFO] IPUIPlugin:80 - create IPUIPlugin
2024-10-31 20:32:05,422 [INFO] PluginManager:220 - loadIPPluginJar : add sai
2024-10-31 20:32:05,611 [INFO] IPUIPlugin:80 - create IPUIPlugin
2024-10-31 20:32:05,612 [INFO] PluginManager:220 - loadIPPluginJar : add spi
2024-10-31 20:32:05,933 [INFO] IPUIPlugin:80 - create IPUIPlugin
2024-10-31 20:32:05,934 [INFO] PluginManager:220 - loadIPPluginJar : add stm32_wpan
2024-10-31 20:32:06,051 [INFO] IPUIPlugin:80 - create IPUIPlugin
2024-10-31 20:32:06,051 [INFO] PluginManager:220 - loadIPPluginJar : add tim
2024-10-31 20:32:06,328 [INFO] IPUIPlugin:80 - create IPUIPlugin
2024-10-31 20:32:06,329 [INFO] PluginManager:220 - loadIPPluginJar : add touchsensing
2024-10-31 20:32:06,432 [INFO] IPUIPlugin:80 - create IPUIPlugin
2024-10-31 20:32:06,432 [INFO] PluginManager:220 - loadIPPluginJar : add tracer_emb
2024-10-31 20:32:06,539 [INFO] IPUIPlugin:80 - create IPUIPlugin
2024-10-31 20:32:06,539 [INFO] PluginManager:220 - loadIPPluginJar : add ts
2024-10-31 20:32:06,570 [INFO] IPUIPlugin:80 - create IPUIPlugin
2024-10-31 20:32:06,571 [INFO] PluginManager:220 - loadIPPluginJar : add tsc
2024-10-31 20:32:06,715 [INFO] IPUIPlugin:80 - create IPUIPlugin
2024-10-31 20:32:06,716 [INFO] PluginManager:220 - loadIPPluginJar : add ucpd
2024-10-31 20:32:06,921 [INFO] IPUIPlugin:80 - create IPUIPlugin
2024-10-31 20:32:06,922 [INFO] PluginManager:220 - loadIPPluginJar : add usart
2024-10-31 20:32:07,138 [INFO] IPUIPlugin:80 - create IPUIPlugin
2024-10-31 20:32:07,139 [INFO] PluginManager:220 - loadIPPluginJar : add usbx
2024-10-31 20:32:07,489 [INFO] ThirdPartyUpdaterWithRetryManager:70 - Updater plugin not ready yet. [6/15]
2024-10-31 20:32:07,693 [INFO] CADModel:165 - CPN selected for project level
2024-10-31 20:32:07,694 [INFO] CADModel:114 - Register for checkConnection events
2024-10-31 20:32:07,695 [FATAL] Updater:308 - Updater called before beeing initialized
2024-10-31 20:32:07,695 [ERROR] CADModel:125 - Updater not yet initialized, retry later 
2024-10-31 20:32:09,232 [INFO] CADModel:165 - CPN selected for project level
2024-10-31 20:32:09,233 [INFO] CADModel:114 - Register for checkConnection events
2024-10-31 20:32:09,233 [FATAL] Updater:308 - Updater called before beeing initialized
2024-10-31 20:32:09,234 [ERROR] CADModel:125 - Updater not yet initialized, retry later 
2024-10-31 20:32:09,280 [FATAL] Updater:308 - Updater called before beeing initialized
2024-10-31 20:32:10,421 [FATAL] Updater:308 - Updater called before beeing initialized
2024-10-31 20:32:10,492 [FATAL] Updater:308 - Updater called before beeing initialized
2024-10-31 20:32:10,492 [INFO] DbMcusAds:53 - JSON generation date=Fri Sep 20 18:34:38 IST 2024 (1726837478367)
2024-10-31 20:32:10,493 [FATAL] Updater:308 - Updater called before beeing initialized
2024-10-31 20:32:10,493 [ERROR] IntegrityCheckThread:130 - Cannot retrieve database content from updater: error 21
2024-10-31 20:32:10,495 [INFO] ThirdParty:978 - Integrity check success = false
2024-10-31 20:32:10,495 [INFO] IntegrityCheckThread:100 - exiting critical section [integrity check]
2024-10-31 20:32:10,496 [INFO] IntegrityCheckThread:103 - End integrity checks thread
2024-10-31 20:32:11,070 [WARN] DetailPanel:346 - Failed to get advertising image, set to default
2024-10-31 20:32:11,764 [FATAL] Updater:308 - Updater called before beeing initialized
2024-10-31 20:32:11,793 [FATAL] Updater:308 - Updater called before beeing initialized
2024-10-31 20:32:11,794 [FATAL] Updater:308 - Updater called before beeing initialized
2024-10-31 20:32:11,794 [WARN] DetailPanel:346 - Failed to get advertising image, set to default
2024-10-31 20:32:11,797 [FATAL] Updater:308 - Updater called before beeing initialized
2024-10-31 20:32:12,231 [ERROR] Updater:1120 - MainUpdater not yet initialized. External WinMGr cannot be set.
2024-10-31 20:32:12,287 [INFO] Updater:1056 - Updater Version found : 6.11.1
2024-10-31 20:32:12,449 [INFO] ApplicationProperties:184 - Using Application install path: C:\ST\STM32CubeIDE_1.15.1\STM32CubeIDE\plugins\com.st.stm32cube.common.mx_6.11.1.202404110753
2024-10-31 20:32:14,141 [ERROR] LogOutputStream:75 - [STDERR_REDIRECT] Oct 31, 2024 8:32:14 PM java.util.prefs.WindowsPreferences <init>
2024-10-31 20:32:14,150 [ERROR] LogOutputStream:75 - [STDERR_REDIRECT] WARNING: Could not open/create prefs root node Software\JavaSoft\Prefs at root 0xffffffff80000002. Windows RegCreateKeyEx(...) returned error code 5.
2024-10-31 20:32:14,151 [ERROR] LogOutputStream:75 - [STDERR_REDIRECT] 
2024-10-31 20:32:16,778 [INFO] MainUpdater:2873 - connection check result : 22
2024-10-31 20:32:16,782 [INFO] MainUpdater:290 - Updater Check For Update Now.
2024-10-31 20:32:16,783 [INFO] MicroXplorer:498 - Change Database Version : DB.6.0.111
2024-10-31 20:32:16,949 [INFO] McuFinderGlobals:63 - Set McuFinder mode to 2 (CubeIDE integrated)
2024-10-31 20:32:17,108 [INFO] UserAuth:415 - Internet connection configuration mode: 2
2024-10-31 20:32:18,501 [INFO] CheckServerUpdateThread:120 - End of CheckServer Thread
2024-10-31 23:54:05,616 [ERROR] ConfigurationRetriever:142 - IOException on connection: sw-center.st.com
2024-10-31 23:54:05,619 [ERROR] ConfigurationRetriever:142 - IOException on connection: sw-center.st.com
2024-10-31 23:54:05,620 [ERROR] ConfigurationRetriever:142 - IOException on connection: sw-center.st.com
2024-10-31 23:54:27,285 [ERROR] LogOutputStream:75 - [STDERR_REDIRECT] 
