2024-10-19 13:06:31,449 [INFO] Activator:176 - 


2024-10-19 13:06:31,481 [INFO] Activator:177 - !SESSION log4j initialized
2024-10-19 13:07:01,221 [INFO] LogOutputStream:77 - [STDOUT_REDIRECT] 
2024-10-19 13:07:03,174 [ERROR] ConfigurationRetriever:142 - IOException on connection: sw-center.st.com
2024-10-19 13:07:03,177 [ERROR] ConfigurationRetriever:142 - IOException on connection: sw-center.st.com
2024-10-19 13:07:03,179 [ERROR] ConfigurationRetriever:142 - IOException on connection: sw-center.st.com
2024-10-19 23:08:54,388 [INFO] Activator:176 - 


2024-10-19 23:08:54,395 [INFO] Activator:177 - !SESSION log4j initialized
2024-10-19 23:09:14,538 [INFO] LogOutputStream:77 - [STDOUT_REDIRECT] 
2024-10-19 23:09:15,318 [ERROR] ConfigurationRetriever:142 - IOException on connection: sw-center.st.com
2024-10-19 23:09:15,322 [ERROR] ConfigurationRetriever:142 - IOException on connection: sw-center.st.com
2024-10-19 23:09:15,326 [ERROR] ConfigurationRetriever:142 - IOException on connection: sw-center.st.com
2024-10-19 23:09:15,330 [ERROR] ConfigurationRetriever:142 - IOException on connection: sw-center.st.com
2024-10-19 23:09:15,331 [ERROR] ConfigurationRetriever:142 - IOException on connection: sw-center.st.com
2024-10-19 23:09:15,332 [ERROR] ConfigurationRetriever:142 - IOException on connection: sw-center.st.com
2024-10-19 23:09:20,823 [INFO] ApplicationProperties:184 - Using Application install path: C:\ST\STM32CubeIDE_1.15.1\STM32CubeIDE\plugins\com.st.stm32cube.common.mx_6.11.1.202404110753
2024-10-19 23:09:20,938 [INFO] DbMcusXml:78 - Set database path to: C:\ST\STM32CubeIDE_1.15.1\STM32CubeIDE\plugins\com.st.stm32cube.common.mx_6.11.1.202404110753\\db\/mcu/
2024-10-19 23:09:20,939 [INFO] ApiDb:274 - Set plugin database path to: C:\ST\STM32CubeIDE_1.15.1\STM32CubeIDE\plugins\com.st.stm32cube.common.mx_6.11.1.202404110753\\db\/plugins/boardmanager/
2024-10-19 23:09:20,941 [WARN] ApiDb:259 - Overriding images path with different value:  => C:\ST\STM32CubeIDE_1.15.1\STM32CubeIDE\plugins\com.st.stm32cube.common.mx_6.11.1.202404110753\\db\/plugins/mcufinder/images/
2024-10-19 23:09:20,974 [INFO] ApiDb:250 - Set database path to: C:\Users\OVIA\.stmcufinder\plugins\mcufinder//mcu/
2024-10-19 23:09:20,980 [INFO] DbMcusAds:125 - Set database path to: C:\Users\OVIA\.stmcufinder\plugins\mcufinder//mcu/
2024-10-19 23:09:20,993 [INFO] CrossReferenceDbSqlite:203 - Set database path to: C:\Users\OVIA\.stmcufinder\plugins\mcufinder//mcu/cs/
2024-10-19 23:09:21,687 [INFO] RulesReader:64 - Compatibility file has been processed (297 Rules)
2024-10-19 23:09:22,065 [INFO] DbMcusXml:78 - Set database path to: C:\ST\STM32CubeIDE_1.15.1\STM32CubeIDE\plugins\com.st.stm32cube.common.mx_6.11.1.202404110753\\db\/mcu/
2024-10-19 23:09:22,066 [INFO] ApiDb:274 - Set plugin database path to: C:\ST\STM32CubeIDE_1.15.1\STM32CubeIDE\plugins\com.st.stm32cube.common.mx_6.11.1.202404110753\\db\/plugins/boardmanager/
2024-10-19 23:09:22,067 [INFO] ApiDb:261 - Set plugin images path to: C:\ST\STM32CubeIDE_1.15.1\STM32CubeIDE\plugins\com.st.stm32cube.common.mx_6.11.1.202404110753\\db\/plugins/mcufinder/images/
2024-10-19 23:09:22,068 [WARN] DbFile:41 - Overriding database path with different value: C:\Users\OVIA\.stmcufinder\plugins\mcufinder/ => C:\Users\OVIA\.stmcufinder\plugins\mcufinder
2024-10-19 23:09:22,068 [INFO] ApiDb:250 - Set database path to: C:\Users\OVIA\.stmcufinder\plugins\mcufinder//mcu/
2024-10-19 23:09:22,069 [WARN] DbFile:41 - Overriding database path with different value: C:\Users\OVIA\.stmcufinder\plugins\mcufinder/ => C:\Users\OVIA\.stmcufinder\plugins\mcufinder
2024-10-19 23:09:22,069 [INFO] DbMcusAds:125 - Set database path to: C:\Users\OVIA\.stmcufinder\plugins\mcufinder//mcu/
2024-10-19 23:09:22,070 [WARN] DbFile:41 - Overriding database path with different value: C:\Users\OVIA\.stmcufinder\plugins\mcufinder/ => C:\Users\OVIA\.stmcufinder\plugins\mcufinder
2024-10-19 23:09:22,070 [WARN] DbFile:41 - Overriding database path with different value: C:\Users\OVIA\.stmcufinder\plugins\mcufinder/ => C:\Users\OVIA\.stmcufinder\plugins\mcufinder
2024-10-19 23:09:22,071 [INFO] CrossReferenceDbSqlite:203 - Set database path to: C:\Users\OVIA\.stmcufinder\plugins\mcufinder//mcu/cs/
2024-10-19 23:09:22,428 [INFO] MainPanel:264 - HeapMemory: 268435456
2024-10-19 23:09:22,677 [INFO] DbMcusXml:78 - Set database path to: C:\ST\STM32CubeIDE_1.15.1\STM32CubeIDE\plugins\com.st.stm32cube.common.mx_6.11.1.202404110753\\db\/mcu/
2024-10-19 23:09:22,678 [INFO] ApiDb:274 - Set plugin database path to: C:\ST\STM32CubeIDE_1.15.1\STM32CubeIDE\plugins\com.st.stm32cube.common.mx_6.11.1.202404110753\\db\/plugins/boardmanager/
2024-10-19 23:09:22,678 [INFO] ApiDb:261 - Set plugin images path to: C:\ST\STM32CubeIDE_1.15.1\STM32CubeIDE\plugins\com.st.stm32cube.common.mx_6.11.1.202404110753\\db\/plugins/mcufinder/images/
2024-10-19 23:09:22,679 [WARN] DbFile:41 - Overriding database path with different value: C:\Users\OVIA\.stmcufinder\plugins\mcufinder/ => C:\Users\OVIA\.stmcufinder\plugins\mcufinder
2024-10-19 23:09:22,679 [INFO] ApiDb:250 - Set database path to: C:\Users\OVIA\.stmcufinder\plugins\mcufinder//mcu/
2024-10-19 23:09:22,680 [WARN] DbFile:41 - Overriding database path with different value: C:\Users\OVIA\.stmcufinder\plugins\mcufinder/ => C:\Users\OVIA\.stmcufinder\plugins\mcufinder
2024-10-19 23:09:22,680 [INFO] DbMcusAds:125 - Set database path to: C:\Users\OVIA\.stmcufinder\plugins\mcufinder//mcu/
2024-10-19 23:09:22,680 [WARN] DbFile:41 - Overriding database path with different value: C:\Users\OVIA\.stmcufinder\plugins\mcufinder/ => C:\Users\OVIA\.stmcufinder\plugins\mcufinder
2024-10-19 23:09:22,680 [WARN] DbFile:41 - Overriding database path with different value: C:\Users\OVIA\.stmcufinder\plugins\mcufinder/ => C:\Users\OVIA\.stmcufinder\plugins\mcufinder
2024-10-19 23:09:22,681 [INFO] CrossReferenceDbSqlite:203 - Set database path to: C:\Users\OVIA\.stmcufinder\plugins\mcufinder//mcu/cs/
2024-10-19 23:09:22,748 [INFO] ApplicationProperties:184 - Using Application install path: C:\ST\STM32CubeIDE_1.15.1\STM32CubeIDE\plugins\com.st.stm32cube.common.mx_6.11.1.202404110753
2024-10-19 23:09:22,753 [INFO] PluginManage:196 - Search for loadable plugins [exclusion list=, ]
2024-10-19 23:09:22,758 [INFO] PluginManage:310 - Check plugin analytics
2024-10-19 23:09:23,477 [INFO] AnalyticsPlugin:253 - Accepted Software Licenses: 
2024-10-19 23:09:23,478 [INFO] AnalyticsPlugin:255 - Accepted CMSIS Pack Licenses: 
2024-10-19 23:09:23,479 [INFO] AnalyticsPlugin:257 - Accepted Firmware Licenses: 
2024-10-19 23:09:23,487 [ERROR] ConfigurationRetriever:142 - IOException on connection: sw-center.st.com
2024-10-19 23:09:23,489 [ERROR] ConfigurationRetriever:142 - IOException on connection: sw-center.st.com
2024-10-19 23:09:23,490 [ERROR] ConfigurationRetriever:142 - IOException on connection: sw-center.st.com
2024-10-19 23:09:23,491 [INFO] PluginManage:359 - Loaded plugin analytics (category:tool,tabindex:-1)
2024-10-19 23:09:23,492 [INFO] PluginManage:310 - Check plugin cadmodel
2024-10-19 23:09:23,540 [INFO] CADModel:105 - Init CAD model plugin
2024-10-19 23:09:23,541 [INFO] PluginManage:359 - Loaded plugin cadmodel (category:power,tabindex:5)
2024-10-19 23:09:23,542 [INFO] PluginManage:310 - Check plugin clock
2024-10-19 23:09:23,607 [INFO] PluginManage:359 - Loaded plugin clock (category:base,tabindex:2)
2024-10-19 23:09:23,608 [INFO] PluginManage:310 - Check plugin ddr
2024-10-19 23:09:23,614 [INFO] PluginManage:359 - Loaded plugin ddr (category:tool,tabindex:6)
2024-10-19 23:09:23,615 [INFO] PluginManage:310 - Check plugin filemanager
2024-10-19 23:09:24,061 [INFO] PluginManage:359 - Loaded plugin filemanager (category:base,tabindex:10)
2024-10-19 23:09:24,061 [INFO] PluginManage:310 - Check plugin ipmanager
2024-10-19 23:09:24,106 [INFO] PluginManage:359 - Loaded plugin ipmanager (category:base,tabindex:5)
2024-10-19 23:09:24,107 [INFO] PluginManage:310 - Check plugin lpbam
2024-10-19 23:09:24,165 [INFO] PluginManage:359 - Loaded plugin lpbam (category:base,tabindex:0)
2024-10-19 23:09:24,166 [INFO] PluginManage:310 - Check plugin memorymap
2024-10-19 23:09:24,238 [INFO] PluginManage:359 - Loaded plugin memorymap (category:base,tabindex:4)
2024-10-19 23:09:24,239 [INFO] PluginManage:310 - Check plugin pinoutandconfiguration
2024-10-19 23:09:24,297 [INFO] PluginManage:359 - Loaded plugin pinoutandconfiguration (category:base,tabindex:1)
2024-10-19 23:09:24,298 [INFO] PluginManage:310 - Check plugin pinoutconfig
2024-10-19 23:09:24,618 [WARN] SupportedApi:132 - Cannot load RTOS API schema: s4s-elt-must-match.1: The content of 'definitions' must match (annotation?, (simpleType | complexType)?, (unique | key | keyref)*)). A problem was found starting at: attribute.
2024-10-19 23:09:25,028 [INFO] PluginManage:359 - Loaded plugin pinoutconfig (category:base,tabindex:0)
2024-10-19 23:09:25,029 [INFO] PluginManage:310 - Check plugin power
2024-10-19 23:09:25,086 [INFO] PluginManage:359 - Loaded plugin power (category:power,tabindex:4)
2024-10-19 23:09:25,087 [INFO] PluginManage:310 - Check plugin projectmanager
2024-10-19 23:09:25,137 [INFO] PluginManage:359 - Loaded plugin projectmanager (category:projectmanager,tabindex:3)
2024-10-19 23:09:25,138 [INFO] PluginManage:310 - Check plugin thirdparty
2024-10-19 23:09:25,815 [INFO] PluginManage:359 - Loaded plugin thirdparty (category:base,tabindex:-1)
2024-10-19 23:09:25,815 [WARN] IntegrityCheckThread:84 - waiting for thirdparty lock release [integrity check]
2024-10-19 23:09:25,816 [INFO] PluginManage:310 - Check plugin tools
2024-10-19 23:09:25,816 [INFO] IntegrityCheckThread:86 - entering critical section [integrity check]
2024-10-19 23:09:25,817 [INFO] ThirdPartyUpdaterWithRetryManager:70 - Updater plugin not ready yet. [1/15]
2024-10-19 23:09:25,824 [INFO] PluginManage:359 - Loaded plugin tools (category:base,tabindex:7)
2024-10-19 23:09:25,824 [INFO] PluginManage:310 - Check plugin tutovideos
2024-10-19 23:09:26,260 [INFO] PluginManage:359 - Loaded plugin tutovideos (category:base,tabindex:-1)
2024-10-19 23:09:26,261 [INFO] PluginManage:310 - Check plugin updater
2024-10-19 23:09:26,285 [INFO] PluginManage:359 - Loaded plugin updater (category:base,tabindex:12)
2024-10-19 23:09:26,285 [INFO] PluginManage:310 - Check plugin userauth
2024-10-19 23:09:26,296 [INFO] UserAuth:114 - Init User Auth plugin
2024-10-19 23:09:26,296 [INFO] PluginManage:359 - Loaded plugin userauth (category:base,tabindex:14)
2024-10-19 23:09:26,297 [INFO] PluginManage:283 - PluginManage : Loaded plugins [17]
2024-10-19 23:09:26,850 [INFO] PinOutPanel:1561 - setPackage(No Configuration,No Configuration)
2024-10-19 23:09:27,096 [INFO] CADModel:165 - CPN selected for project level
2024-10-19 23:09:27,096 [INFO] CADModel:114 - Register for checkConnection events
2024-10-19 23:09:27,160 [INFO] IPUIPlugin:80 - create IPUIPlugin
2024-10-19 23:09:27,161 [INFO] PluginManager:220 - loadIPPluginJar : add adc
2024-10-19 23:09:27,281 [INFO] IPUIPlugin:80 - create IPUIPlugin
2024-10-19 23:09:27,282 [INFO] PluginManager:220 - loadIPPluginJar : add aes
2024-10-19 23:09:27,389 [INFO] IPUIPlugin:80 - create IPUIPlugin
2024-10-19 23:09:27,389 [INFO] PluginManager:220 - loadIPPluginJar : add can
2024-10-19 23:09:27,451 [INFO] IPUIPlugin:80 - create IPUIPlugin
2024-10-19 23:09:27,451 [INFO] PluginManager:220 - loadIPPluginJar : add comp
2024-10-19 23:09:27,533 [INFO] IPUIPlugin:80 - create IPUIPlugin
2024-10-19 23:09:27,533 [INFO] PluginManager:220 - loadIPPluginJar : add cryp
2024-10-19 23:09:27,593 [INFO] IPUIPlugin:80 - create IPUIPlugin
2024-10-19 23:09:27,594 [INFO] PluginManager:220 - loadIPPluginJar : add dfsdm
2024-10-19 23:09:27,619 [INFO] IPUIPlugin:80 - create IPUIPlugin
2024-10-19 23:09:27,620 [INFO] PluginManager:220 - loadIPPluginJar : add dma
2024-10-19 23:09:27,795 [INFO] IPUIPlugin:80 - create IPUIPlugin
2024-10-19 23:09:27,796 [INFO] PluginManager:220 - loadIPPluginJar : add dma3
2024-10-19 23:09:28,034 [INFO] IPUIPlugin:80 - create IPUIPlugin
2024-10-19 23:09:28,034 [INFO] PluginManager:220 - loadIPPluginJar : add extmemmanager
2024-10-19 23:09:28,134 [INFO] IPUIPlugin:80 - create IPUIPlugin
2024-10-19 23:09:28,135 [INFO] PluginManager:220 - loadIPPluginJar : add fatfs
2024-10-19 23:09:28,420 [INFO] IPUIPlugin:80 - create IPUIPlugin
2024-10-19 23:09:28,420 [INFO] PluginManager:220 - loadIPPluginJar : add fmc
2024-10-19 23:09:28,473 [INFO] IPUIPlugin:80 - create IPUIPlugin
2024-10-19 23:09:28,474 [INFO] PluginManager:220 - loadIPPluginJar : add freertos
2024-10-19 23:09:28,482 [INFO] IPUIPlugin:80 - create IPUIPlugin
2024-10-19 23:09:28,483 [INFO] PluginManager:220 - loadIPPluginJar : add genericplugin
2024-10-19 23:09:28,819 [INFO] ThirdPartyUpdaterWithRetryManager:70 - Updater plugin not ready yet. [2/15]
2024-10-19 23:09:28,968 [INFO] IPUIPlugin:80 - create IPUIPlugin
2024-10-19 23:09:28,968 [INFO] PluginManager:220 - loadIPPluginJar : add gfxmmu
2024-10-19 23:09:29,677 [INFO] IPUIPlugin:80 - create IPUIPlugin
2024-10-19 23:09:29,678 [INFO] PluginManager:220 - loadIPPluginJar : add gic
2024-10-19 23:09:29,725 [INFO] IPUIPlugin:80 - create IPUIPlugin
2024-10-19 23:09:29,726 [INFO] PluginManager:220 - loadIPPluginJar : add gpio
2024-10-19 23:09:30,199 [INFO] IPUIPlugin:80 - create IPUIPlugin
2024-10-19 23:09:30,200 [INFO] PluginManager:220 - loadIPPluginJar : add gtzc
2024-10-19 23:09:30,350 [INFO] IPUIPlugin:80 - create IPUIPlugin
2024-10-19 23:09:30,351 [INFO] PluginManager:220 - loadIPPluginJar : add hash
2024-10-19 23:09:30,601 [INFO] IPUIPlugin:80 - create IPUIPlugin
2024-10-19 23:09:30,602 [INFO] PluginManager:220 - loadIPPluginJar : add i2c
2024-10-19 23:09:30,783 [INFO] IPUIPlugin:80 - create IPUIPlugin
2024-10-19 23:09:30,784 [INFO] PluginManager:220 - loadIPPluginJar : add i2s
2024-10-19 23:09:30,988 [INFO] IPUIPlugin:80 - create IPUIPlugin
2024-10-19 23:09:30,989 [INFO] PluginManager:220 - loadIPPluginJar : add i3c
2024-10-19 23:09:31,584 [INFO] IPUIPlugin:80 - create IPUIPlugin
2024-10-19 23:09:31,585 [INFO] PluginManager:220 - loadIPPluginJar : add ipddr
2024-10-19 23:09:31,821 [INFO] ThirdPartyUpdaterWithRetryManager:70 - Updater plugin not ready yet. [3/15]
2024-10-19 23:09:32,075 [INFO] IPUIPlugin:80 - create IPUIPlugin
2024-10-19 23:09:32,078 [INFO] PluginManager:220 - loadIPPluginJar : add linkedlist
2024-10-19 23:09:32,246 [INFO] IPUIPlugin:80 - create IPUIPlugin
2024-10-19 23:09:32,246 [INFO] PluginManager:220 - loadIPPluginJar : add lorawan
2024-10-19 23:09:32,432 [INFO] IPUIPlugin:80 - create IPUIPlugin
2024-10-19 23:09:32,432 [INFO] PluginManager:220 - loadIPPluginJar : add ltdc
2024-10-19 23:09:32,487 [INFO] IPUIPlugin:80 - create IPUIPlugin
2024-10-19 23:09:32,487 [INFO] PluginManager:220 - loadIPPluginJar : add mdma
2024-10-19 23:09:32,543 [INFO] IPUIPlugin:80 - create IPUIPlugin
2024-10-19 23:09:32,543 [INFO] PluginManager:220 - loadIPPluginJar : add nvic
2024-10-19 23:09:32,721 [INFO] IPUIPlugin:80 - create IPUIPlugin
2024-10-19 23:09:32,722 [INFO] PluginManager:220 - loadIPPluginJar : add opamp
2024-10-19 23:09:33,035 [INFO] IPUIPlugin:80 - create IPUIPlugin
2024-10-19 23:09:33,035 [INFO] PluginManager:220 - loadIPPluginJar : add openamp
2024-10-19 23:09:33,232 [INFO] IPUIPlugin:80 - create IPUIPlugin
2024-10-19 23:09:33,232 [INFO] PluginManager:220 - loadIPPluginJar : add pdm2pcm
2024-10-19 23:09:33,294 [INFO] IPUIPlugin:80 - create IPUIPlugin
2024-10-19 23:09:33,304 [INFO] PluginManager:220 - loadIPPluginJar : add plateformsettings
2024-10-19 23:09:33,399 [INFO] IPUIPlugin:80 - create IPUIPlugin
2024-10-19 23:09:33,400 [INFO] PluginManager:220 - loadIPPluginJar : add quadspi
2024-10-19 23:09:33,450 [INFO] IPUIPlugin:80 - create IPUIPlugin
2024-10-19 23:09:33,451 [INFO] PluginManager:220 - loadIPPluginJar : add resmgrutility
2024-10-19 23:09:33,704 [INFO] IPUIPlugin:80 - create IPUIPlugin
2024-10-19 23:09:33,705 [INFO] PluginManager:220 - loadIPPluginJar : add sai
2024-10-19 23:09:33,918 [INFO] IPUIPlugin:80 - create IPUIPlugin
2024-10-19 23:09:33,918 [INFO] PluginManager:220 - loadIPPluginJar : add spi
2024-10-19 23:09:34,246 [INFO] IPUIPlugin:80 - create IPUIPlugin
2024-10-19 23:09:34,247 [INFO] PluginManager:220 - loadIPPluginJar : add stm32_wpan
2024-10-19 23:09:34,347 [INFO] IPUIPlugin:80 - create IPUIPlugin
2024-10-19 23:09:34,347 [INFO] PluginManager:220 - loadIPPluginJar : add tim
2024-10-19 23:09:34,615 [INFO] IPUIPlugin:80 - create IPUIPlugin
2024-10-19 23:09:34,616 [INFO] PluginManager:220 - loadIPPluginJar : add touchsensing
2024-10-19 23:09:34,708 [INFO] IPUIPlugin:80 - create IPUIPlugin
2024-10-19 23:09:34,709 [INFO] PluginManager:220 - loadIPPluginJar : add tracer_emb
2024-10-19 23:09:34,805 [INFO] IPUIPlugin:80 - create IPUIPlugin
2024-10-19 23:09:34,806 [INFO] PluginManager:220 - loadIPPluginJar : add ts
2024-10-19 23:09:34,823 [INFO] ThirdPartyUpdaterWithRetryManager:70 - Updater plugin not ready yet. [4/15]
2024-10-19 23:09:34,898 [INFO] IPUIPlugin:80 - create IPUIPlugin
2024-10-19 23:09:34,899 [INFO] PluginManager:220 - loadIPPluginJar : add tsc
2024-10-19 23:09:34,908 [INFO] IPUIPlugin:80 - create IPUIPlugin
2024-10-19 23:09:34,908 [INFO] PluginManager:220 - loadIPPluginJar : add ucpd
2024-10-19 23:09:35,119 [INFO] IPUIPlugin:80 - create IPUIPlugin
2024-10-19 23:09:35,120 [INFO] PluginManager:220 - loadIPPluginJar : add usart
2024-10-19 23:09:35,337 [INFO] IPUIPlugin:80 - create IPUIPlugin
2024-10-19 23:09:35,338 [INFO] PluginManager:220 - loadIPPluginJar : add usbx
2024-10-19 23:09:35,851 [INFO] CADModel:165 - CPN selected for project level
2024-10-19 23:09:35,851 [INFO] CADModel:114 - Register for checkConnection events
2024-10-19 23:09:35,852 [FATAL] Updater:308 - Updater called before beeing initialized
2024-10-19 23:09:35,853 [ERROR] CADModel:125 - Updater not yet initialized, retry later 
2024-10-19 23:09:36,437 [INFO] CADModel:165 - CPN selected for project level
2024-10-19 23:09:36,438 [INFO] CADModel:114 - Register for checkConnection events
2024-10-19 23:09:36,439 [FATAL] Updater:308 - Updater called before beeing initialized
2024-10-19 23:09:36,439 [ERROR] CADModel:125 - Updater not yet initialized, retry later 
2024-10-19 23:09:36,456 [FATAL] Updater:308 - Updater called before beeing initialized
2024-10-19 23:09:37,322 [FATAL] Updater:308 - Updater called before beeing initialized
2024-10-19 23:09:37,388 [INFO] DbMcusAds:53 - JSON generation date=Fri Sep 20 18:34:23 IST 2024 (1726837463113)
2024-10-19 23:09:37,389 [FATAL] Updater:308 - Updater called before beeing initialized
2024-10-19 23:09:37,763 [WARN] DetailPanel:346 - Failed to get advertising image, set to default
2024-10-19 23:09:37,850 [INFO] ThirdPartyUpdaterWithRetryManager:70 - Updater plugin not ready yet. [5/15]
2024-10-19 23:09:38,490 [FATAL] Updater:308 - Updater called before beeing initialized
2024-10-19 23:09:38,498 [FATAL] Updater:308 - Updater called before beeing initialized
2024-10-19 23:09:38,498 [FATAL] Updater:308 - Updater called before beeing initialized
2024-10-19 23:09:38,499 [WARN] DetailPanel:346 - Failed to get advertising image, set to default
2024-10-19 23:09:38,504 [FATAL] Updater:308 - Updater called before beeing initialized
2024-10-19 23:09:38,900 [ERROR] Updater:1120 - MainUpdater not yet initialized. External WinMGr cannot be set.
2024-10-19 23:09:38,957 [INFO] Updater:1056 - Updater Version found : 6.11.1
2024-10-19 23:09:39,024 [INFO] ApplicationProperties:184 - Using Application install path: C:\ST\STM32CubeIDE_1.15.1\STM32CubeIDE\plugins\com.st.stm32cube.common.mx_6.11.1.202404110753
2024-10-19 23:09:40,671 [ERROR] LogOutputStream:75 - [STDERR_REDIRECT] Oct 19, 2024 11:09:40 PM java.util.prefs.WindowsPreferences <init>
2024-10-19 23:09:40,695 [ERROR] LogOutputStream:75 - [STDERR_REDIRECT] WARNING: Could not open/create prefs root node Software\JavaSoft\Prefs at root 0xffffffff80000002. Windows RegCreateKeyEx(...) returned error code 5.
2024-10-19 23:09:40,696 [ERROR] LogOutputStream:75 - [STDERR_REDIRECT] 
2024-10-19 23:09:40,853 [FATAL] Updater:308 - Updater called before beeing initialized
2024-10-19 23:09:40,855 [ERROR] IntegrityCheckThread:130 - Cannot retrieve database content from updater: error 21
2024-10-19 23:09:40,856 [INFO] ThirdParty:978 - Integrity check success = false
2024-10-19 23:09:40,856 [INFO] IntegrityCheckThread:100 - exiting critical section [integrity check]
2024-10-19 23:09:40,857 [INFO] IntegrityCheckThread:103 - End integrity checks thread
2024-10-19 23:09:41,862 [INFO] MainUpdater:2873 - connection check result : 22
2024-10-19 23:09:41,866 [INFO] MainUpdater:290 - Updater Check For Update Now.
2024-10-19 23:09:41,866 [INFO] MicroXplorer:498 - Change Database Version : DB.6.0.111
2024-10-19 23:09:41,997 [INFO] McuFinderGlobals:63 - Set McuFinder mode to 2 (CubeIDE integrated)
2024-10-19 23:09:41,998 [INFO] UserAuth:179 - activating auth plugin
2024-10-19 23:09:42,064 [INFO] UserAuth:415 - Internet connection configuration mode: 2
2024-10-19 23:09:42,172 [INFO] UserAuth:415 - Internet connection configuration mode: 2
2024-10-19 23:09:43,327 [INFO] CheckServerUpdateThread:120 - End of CheckServer Thread
2024-10-19 23:59:41,657 [ERROR] ConfigurationRetriever:142 - IOException on connection: sw-center.st.com
2024-10-19 23:59:41,661 [ERROR] ConfigurationRetriever:142 - IOException on connection: sw-center.st.com
2024-10-19 23:59:41,663 [ERROR] ConfigurationRetriever:142 - IOException on connection: sw-center.st.com
