2024-10-17 23:29:13,438 [INFO] Activator:176 - 


2024-10-17 23:29:13,452 [INFO] Activator:177 - !SESSION log4j initialized
2024-10-17 23:29:31,375 [INFO] LogOutputStream:77 - [STDOUT_REDIRECT] 
2024-10-17 23:29:32,844 [ERROR] ConfigurationRetriever:142 - IOException on connection: sw-center.st.com
2024-10-17 23:29:32,846 [ERROR] ConfigurationRetriever:142 - IOException on connection: sw-center.st.com
2024-10-17 23:29:32,848 [ERROR] ConfigurationRetriever:142 - IOException on connection: sw-center.st.com
2024-10-17 23:29:32,854 [ERROR] ConfigurationRetriever:142 - IOException on connection: sw-center.st.com
2024-10-17 23:29:32,856 [ERROR] ConfigurationRetriever:142 - IOException on connection: sw-center.st.com
2024-10-17 23:29:32,858 [ERROR] ConfigurationRetriever:142 - IOException on connection: sw-center.st.com
2024-10-17 23:29:34,881 [INFO] ApplicationProperties:184 - Using Application install path: C:\ST\STM32CubeIDE_1.15.1\STM32CubeIDE\plugins\com.st.stm32cube.common.mx_6.11.1.202404110753
2024-10-17 23:29:34,919 [INFO] DbMcusXml:78 - Set database path to: C:\ST\STM32CubeIDE_1.15.1\STM32CubeIDE\plugins\com.st.stm32cube.common.mx_6.11.1.202404110753\\db\/mcu/
2024-10-17 23:29:34,920 [INFO] ApiDb:274 - Set plugin database path to: C:\ST\STM32CubeIDE_1.15.1\STM32CubeIDE\plugins\com.st.stm32cube.common.mx_6.11.1.202404110753\\db\/plugins/boardmanager/
2024-10-17 23:29:34,920 [WARN] ApiDb:259 - Overriding images path with different value:  => C:\ST\STM32CubeIDE_1.15.1\STM32CubeIDE\plugins\com.st.stm32cube.common.mx_6.11.1.202404110753\\db\/plugins/mcufinder/images/
2024-10-17 23:29:34,933 [INFO] ApiDb:250 - Set database path to: C:\Users\OVIA\.stmcufinder\plugins\mcufinder//mcu/
2024-10-17 23:29:34,936 [INFO] DbMcusAds:125 - Set database path to: C:\Users\OVIA\.stmcufinder\plugins\mcufinder//mcu/
2024-10-17 23:29:34,941 [INFO] CrossReferenceDbSqlite:203 - Set database path to: C:\Users\OVIA\.stmcufinder\plugins\mcufinder//mcu/cs/
2024-10-17 23:29:35,190 [INFO] RulesReader:64 - Compatibility file has been processed (297 Rules)
2024-10-17 23:29:35,393 [INFO] DbMcusXml:78 - Set database path to: C:\ST\STM32CubeIDE_1.15.1\STM32CubeIDE\plugins\com.st.stm32cube.common.mx_6.11.1.202404110753\\db\/mcu/
2024-10-17 23:29:35,393 [INFO] ApiDb:274 - Set plugin database path to: C:\ST\STM32CubeIDE_1.15.1\STM32CubeIDE\plugins\com.st.stm32cube.common.mx_6.11.1.202404110753\\db\/plugins/boardmanager/
2024-10-17 23:29:35,394 [INFO] ApiDb:261 - Set plugin images path to: C:\ST\STM32CubeIDE_1.15.1\STM32CubeIDE\plugins\com.st.stm32cube.common.mx_6.11.1.202404110753\\db\/plugins/mcufinder/images/
2024-10-17 23:29:35,394 [WARN] DbFile:41 - Overriding database path with different value: C:\Users\OVIA\.stmcufinder\plugins\mcufinder/ => C:\Users\OVIA\.stmcufinder\plugins\mcufinder
2024-10-17 23:29:35,394 [INFO] ApiDb:250 - Set database path to: C:\Users\OVIA\.stmcufinder\plugins\mcufinder//mcu/
2024-10-17 23:29:35,395 [WARN] DbFile:41 - Overriding database path with different value: C:\Users\OVIA\.stmcufinder\plugins\mcufinder/ => C:\Users\OVIA\.stmcufinder\plugins\mcufinder
2024-10-17 23:29:35,395 [INFO] DbMcusAds:125 - Set database path to: C:\Users\OVIA\.stmcufinder\plugins\mcufinder//mcu/
2024-10-17 23:29:35,395 [WARN] DbFile:41 - Overriding database path with different value: C:\Users\OVIA\.stmcufinder\plugins\mcufinder/ => C:\Users\OVIA\.stmcufinder\plugins\mcufinder
2024-10-17 23:29:35,395 [WARN] DbFile:41 - Overriding database path with different value: C:\Users\OVIA\.stmcufinder\plugins\mcufinder/ => C:\Users\OVIA\.stmcufinder\plugins\mcufinder
2024-10-17 23:29:35,395 [INFO] CrossReferenceDbSqlite:203 - Set database path to: C:\Users\OVIA\.stmcufinder\plugins\mcufinder//mcu/cs/
2024-10-17 23:29:35,674 [INFO] MainPanel:264 - HeapMemory: 268435456
2024-10-17 23:29:35,803 [INFO] DbMcusXml:78 - Set database path to: C:\ST\STM32CubeIDE_1.15.1\STM32CubeIDE\plugins\com.st.stm32cube.common.mx_6.11.1.202404110753\\db\/mcu/
2024-10-17 23:29:35,803 [INFO] ApiDb:274 - Set plugin database path to: C:\ST\STM32CubeIDE_1.15.1\STM32CubeIDE\plugins\com.st.stm32cube.common.mx_6.11.1.202404110753\\db\/plugins/boardmanager/
2024-10-17 23:29:35,804 [INFO] ApiDb:261 - Set plugin images path to: C:\ST\STM32CubeIDE_1.15.1\STM32CubeIDE\plugins\com.st.stm32cube.common.mx_6.11.1.202404110753\\db\/plugins/mcufinder/images/
2024-10-17 23:29:35,805 [WARN] DbFile:41 - Overriding database path with different value: C:\Users\OVIA\.stmcufinder\plugins\mcufinder/ => C:\Users\OVIA\.stmcufinder\plugins\mcufinder
2024-10-17 23:29:35,805 [INFO] ApiDb:250 - Set database path to: C:\Users\OVIA\.stmcufinder\plugins\mcufinder//mcu/
2024-10-17 23:29:35,805 [WARN] DbFile:41 - Overriding database path with different value: C:\Users\OVIA\.stmcufinder\plugins\mcufinder/ => C:\Users\OVIA\.stmcufinder\plugins\mcufinder
2024-10-17 23:29:35,805 [INFO] DbMcusAds:125 - Set database path to: C:\Users\OVIA\.stmcufinder\plugins\mcufinder//mcu/
2024-10-17 23:29:35,805 [WARN] DbFile:41 - Overriding database path with different value: C:\Users\OVIA\.stmcufinder\plugins\mcufinder/ => C:\Users\OVIA\.stmcufinder\plugins\mcufinder
2024-10-17 23:29:35,806 [WARN] DbFile:41 - Overriding database path with different value: C:\Users\OVIA\.stmcufinder\plugins\mcufinder/ => C:\Users\OVIA\.stmcufinder\plugins\mcufinder
2024-10-17 23:29:35,806 [INFO] CrossReferenceDbSqlite:203 - Set database path to: C:\Users\OVIA\.stmcufinder\plugins\mcufinder//mcu/cs/
2024-10-17 23:29:35,844 [INFO] ApplicationProperties:184 - Using Application install path: C:\ST\STM32CubeIDE_1.15.1\STM32CubeIDE\plugins\com.st.stm32cube.common.mx_6.11.1.202404110753
2024-10-17 23:29:35,847 [INFO] PluginManage:196 - Search for loadable plugins [exclusion list=, ]
2024-10-17 23:29:35,850 [INFO] PluginManage:310 - Check plugin analytics
2024-10-17 23:29:36,283 [INFO] AnalyticsPlugin:253 - Accepted Software Licenses: 
2024-10-17 23:29:36,283 [INFO] AnalyticsPlugin:255 - Accepted CMSIS Pack Licenses: 
2024-10-17 23:29:36,284 [INFO] AnalyticsPlugin:257 - Accepted Firmware Licenses: 
2024-10-17 23:29:36,290 [INFO] PluginManage:359 - Loaded plugin analytics (category:tool,tabindex:-1)
2024-10-17 23:29:36,290 [INFO] PluginManage:310 - Check plugin cadmodel
2024-10-17 23:29:36,295 [ERROR] ConfigurationRetriever:142 - IOException on connection: sw-center.st.com
2024-10-17 23:29:36,298 [ERROR] ConfigurationRetriever:142 - IOException on connection: sw-center.st.com
2024-10-17 23:29:36,300 [ERROR] ConfigurationRetriever:142 - IOException on connection: sw-center.st.com
2024-10-17 23:29:36,303 [INFO] CADModel:105 - Init CAD model plugin
2024-10-17 23:29:36,304 [INFO] PluginManage:359 - Loaded plugin cadmodel (category:power,tabindex:5)
2024-10-17 23:29:36,304 [INFO] PluginManage:310 - Check plugin clock
2024-10-17 23:29:36,325 [INFO] PluginManage:359 - Loaded plugin clock (category:base,tabindex:2)
2024-10-17 23:29:36,326 [INFO] PluginManage:310 - Check plugin ddr
2024-10-17 23:29:36,331 [INFO] PluginManage:359 - Loaded plugin ddr (category:tool,tabindex:6)
2024-10-17 23:29:36,331 [INFO] PluginManage:310 - Check plugin filemanager
2024-10-17 23:29:36,619 [INFO] PluginManage:359 - Loaded plugin filemanager (category:base,tabindex:10)
2024-10-17 23:29:36,619 [INFO] PluginManage:310 - Check plugin ipmanager
2024-10-17 23:29:36,635 [INFO] PluginManage:359 - Loaded plugin ipmanager (category:base,tabindex:5)
2024-10-17 23:29:36,636 [INFO] PluginManage:310 - Check plugin lpbam
2024-10-17 23:29:36,653 [INFO] PluginManage:359 - Loaded plugin lpbam (category:base,tabindex:0)
2024-10-17 23:29:36,654 [INFO] PluginManage:310 - Check plugin memorymap
2024-10-17 23:29:36,676 [INFO] PluginManage:359 - Loaded plugin memorymap (category:base,tabindex:4)
2024-10-17 23:29:36,677 [INFO] PluginManage:310 - Check plugin pinoutandconfiguration
2024-10-17 23:29:36,689 [INFO] PluginManage:359 - Loaded plugin pinoutandconfiguration (category:base,tabindex:1)
2024-10-17 23:29:36,690 [INFO] PluginManage:310 - Check plugin pinoutconfig
2024-10-17 23:29:36,870 [WARN] SupportedApi:132 - Cannot load RTOS API schema: s4s-elt-must-match.1: The content of 'definitions' must match (annotation?, (simpleType | complexType)?, (unique | key | keyref)*)). A problem was found starting at: attribute.
2024-10-17 23:29:37,144 [INFO] PluginManage:359 - Loaded plugin pinoutconfig (category:base,tabindex:0)
2024-10-17 23:29:37,144 [INFO] PluginManage:310 - Check plugin power
2024-10-17 23:29:37,163 [INFO] PluginManage:359 - Loaded plugin power (category:power,tabindex:4)
2024-10-17 23:29:37,164 [INFO] PluginManage:310 - Check plugin projectmanager
2024-10-17 23:29:37,202 [INFO] PluginManage:359 - Loaded plugin projectmanager (category:projectmanager,tabindex:3)
2024-10-17 23:29:37,202 [INFO] PluginManage:310 - Check plugin thirdparty
2024-10-17 23:29:37,483 [INFO] PluginManage:359 - Loaded plugin thirdparty (category:base,tabindex:-1)
2024-10-17 23:29:37,484 [INFO] PluginManage:310 - Check plugin tools
2024-10-17 23:29:37,486 [WARN] IntegrityCheckThread:84 - waiting for thirdparty lock release [integrity check]
2024-10-17 23:29:37,487 [INFO] IntegrityCheckThread:86 - entering critical section [integrity check]
2024-10-17 23:29:37,488 [INFO] ThirdPartyUpdaterWithRetryManager:70 - Updater plugin not ready yet. [1/15]
2024-10-17 23:29:37,489 [INFO] PluginManage:359 - Loaded plugin tools (category:base,tabindex:7)
2024-10-17 23:29:37,489 [INFO] PluginManage:310 - Check plugin tutovideos
2024-10-17 23:29:37,801 [INFO] PluginManage:359 - Loaded plugin tutovideos (category:base,tabindex:-1)
2024-10-17 23:29:37,801 [INFO] PluginManage:310 - Check plugin updater
2024-10-17 23:29:37,824 [INFO] PluginManage:359 - Loaded plugin updater (category:base,tabindex:12)
2024-10-17 23:29:37,825 [INFO] PluginManage:310 - Check plugin userauth
2024-10-17 23:29:37,842 [INFO] UserAuth:114 - Init User Auth plugin
2024-10-17 23:29:37,842 [INFO] PluginManage:359 - Loaded plugin userauth (category:base,tabindex:14)
2024-10-17 23:29:37,844 [INFO] PluginManage:283 - PluginManage : Loaded plugins [17]
2024-10-17 23:29:38,691 [INFO] PinOutPanel:1561 - setPackage(No Configuration,No Configuration)
2024-10-17 23:29:39,051 [INFO] CADModel:165 - CPN selected for project level
2024-10-17 23:29:39,052 [INFO] CADModel:114 - Register for checkConnection events
2024-10-17 23:29:39,112 [INFO] IPUIPlugin:80 - create IPUIPlugin
2024-10-17 23:29:39,113 [INFO] PluginManager:220 - loadIPPluginJar : add adc
2024-10-17 23:29:39,127 [INFO] IPUIPlugin:80 - create IPUIPlugin
2024-10-17 23:29:39,127 [INFO] PluginManager:220 - loadIPPluginJar : add aes
2024-10-17 23:29:39,140 [INFO] IPUIPlugin:80 - create IPUIPlugin
2024-10-17 23:29:39,141 [INFO] PluginManager:220 - loadIPPluginJar : add can
2024-10-17 23:29:39,148 [INFO] IPUIPlugin:80 - create IPUIPlugin
2024-10-17 23:29:39,149 [INFO] PluginManager:220 - loadIPPluginJar : add comp
2024-10-17 23:29:39,160 [INFO] IPUIPlugin:80 - create IPUIPlugin
2024-10-17 23:29:39,161 [INFO] PluginManager:220 - loadIPPluginJar : add cryp
2024-10-17 23:29:39,171 [INFO] IPUIPlugin:80 - create IPUIPlugin
2024-10-17 23:29:39,171 [INFO] PluginManager:220 - loadIPPluginJar : add dfsdm
2024-10-17 23:29:39,194 [INFO] IPUIPlugin:80 - create IPUIPlugin
2024-10-17 23:29:39,197 [INFO] PluginManager:220 - loadIPPluginJar : add dma
2024-10-17 23:29:39,206 [INFO] IPUIPlugin:80 - create IPUIPlugin
2024-10-17 23:29:39,207 [INFO] PluginManager:220 - loadIPPluginJar : add dma3
2024-10-17 23:29:39,217 [INFO] IPUIPlugin:80 - create IPUIPlugin
2024-10-17 23:29:39,218 [INFO] PluginManager:220 - loadIPPluginJar : add extmemmanager
2024-10-17 23:29:39,224 [INFO] IPUIPlugin:80 - create IPUIPlugin
2024-10-17 23:29:39,225 [INFO] PluginManager:220 - loadIPPluginJar : add fatfs
2024-10-17 23:29:39,243 [INFO] IPUIPlugin:80 - create IPUIPlugin
2024-10-17 23:29:39,243 [INFO] PluginManager:220 - loadIPPluginJar : add fmc
2024-10-17 23:29:39,261 [INFO] IPUIPlugin:80 - create IPUIPlugin
2024-10-17 23:29:39,262 [INFO] PluginManager:220 - loadIPPluginJar : add freertos
2024-10-17 23:29:39,266 [INFO] IPUIPlugin:80 - create IPUIPlugin
2024-10-17 23:29:39,267 [INFO] PluginManager:220 - loadIPPluginJar : add genericplugin
2024-10-17 23:29:39,275 [INFO] IPUIPlugin:80 - create IPUIPlugin
2024-10-17 23:29:39,275 [INFO] PluginManager:220 - loadIPPluginJar : add gfxmmu
2024-10-17 23:29:39,293 [INFO] IPUIPlugin:80 - create IPUIPlugin
2024-10-17 23:29:39,294 [INFO] PluginManager:220 - loadIPPluginJar : add gic
2024-10-17 23:29:39,309 [INFO] IPUIPlugin:80 - create IPUIPlugin
2024-10-17 23:29:39,310 [INFO] PluginManager:220 - loadIPPluginJar : add gpio
2024-10-17 23:29:39,323 [INFO] IPUIPlugin:80 - create IPUIPlugin
2024-10-17 23:29:39,323 [INFO] PluginManager:220 - loadIPPluginJar : add gtzc
2024-10-17 23:29:39,335 [INFO] IPUIPlugin:80 - create IPUIPlugin
2024-10-17 23:29:39,336 [INFO] PluginManager:220 - loadIPPluginJar : add hash
2024-10-17 23:29:39,349 [INFO] IPUIPlugin:80 - create IPUIPlugin
2024-10-17 23:29:39,349 [INFO] PluginManager:220 - loadIPPluginJar : add i2c
2024-10-17 23:29:39,363 [INFO] IPUIPlugin:80 - create IPUIPlugin
2024-10-17 23:29:39,364 [INFO] PluginManager:220 - loadIPPluginJar : add i2s
2024-10-17 23:29:39,378 [INFO] IPUIPlugin:80 - create IPUIPlugin
2024-10-17 23:29:39,379 [INFO] PluginManager:220 - loadIPPluginJar : add i3c
2024-10-17 23:29:39,395 [INFO] IPUIPlugin:80 - create IPUIPlugin
2024-10-17 23:29:39,396 [INFO] PluginManager:220 - loadIPPluginJar : add ipddr
2024-10-17 23:29:39,426 [INFO] IPUIPlugin:80 - create IPUIPlugin
2024-10-17 23:29:39,426 [INFO] PluginManager:220 - loadIPPluginJar : add linkedlist
2024-10-17 23:29:39,439 [INFO] IPUIPlugin:80 - create IPUIPlugin
2024-10-17 23:29:39,440 [INFO] PluginManager:220 - loadIPPluginJar : add lorawan
2024-10-17 23:29:39,447 [INFO] IPUIPlugin:80 - create IPUIPlugin
2024-10-17 23:29:39,448 [INFO] PluginManager:220 - loadIPPluginJar : add ltdc
2024-10-17 23:29:39,471 [INFO] IPUIPlugin:80 - create IPUIPlugin
2024-10-17 23:29:39,471 [INFO] PluginManager:220 - loadIPPluginJar : add mdma
2024-10-17 23:29:39,486 [INFO] IPUIPlugin:80 - create IPUIPlugin
2024-10-17 23:29:39,487 [INFO] PluginManager:220 - loadIPPluginJar : add nvic
2024-10-17 23:29:39,505 [INFO] IPUIPlugin:80 - create IPUIPlugin
2024-10-17 23:29:39,506 [INFO] PluginManager:220 - loadIPPluginJar : add opamp
2024-10-17 23:29:39,521 [INFO] IPUIPlugin:80 - create IPUIPlugin
2024-10-17 23:29:39,522 [INFO] PluginManager:220 - loadIPPluginJar : add openamp
2024-10-17 23:29:39,533 [INFO] IPUIPlugin:80 - create IPUIPlugin
2024-10-17 23:29:39,534 [INFO] PluginManager:220 - loadIPPluginJar : add pdm2pcm
2024-10-17 23:29:39,558 [INFO] IPUIPlugin:80 - create IPUIPlugin
2024-10-17 23:29:39,568 [INFO] PluginManager:220 - loadIPPluginJar : add plateformsettings
2024-10-17 23:29:39,575 [INFO] IPUIPlugin:80 - create IPUIPlugin
2024-10-17 23:29:39,575 [INFO] PluginManager:220 - loadIPPluginJar : add quadspi
2024-10-17 23:29:39,587 [INFO] IPUIPlugin:80 - create IPUIPlugin
2024-10-17 23:29:39,587 [INFO] PluginManager:220 - loadIPPluginJar : add resmgrutility
2024-10-17 23:29:39,601 [INFO] IPUIPlugin:80 - create IPUIPlugin
2024-10-17 23:29:39,602 [INFO] PluginManager:220 - loadIPPluginJar : add sai
2024-10-17 23:29:39,613 [INFO] IPUIPlugin:80 - create IPUIPlugin
2024-10-17 23:29:39,614 [INFO] PluginManager:220 - loadIPPluginJar : add spi
2024-10-17 23:29:39,635 [INFO] IPUIPlugin:80 - create IPUIPlugin
2024-10-17 23:29:39,636 [INFO] PluginManager:220 - loadIPPluginJar : add stm32_wpan
2024-10-17 23:29:39,643 [INFO] IPUIPlugin:80 - create IPUIPlugin
2024-10-17 23:29:39,643 [INFO] PluginManager:220 - loadIPPluginJar : add tim
2024-10-17 23:29:39,656 [INFO] IPUIPlugin:80 - create IPUIPlugin
2024-10-17 23:29:39,657 [INFO] PluginManager:220 - loadIPPluginJar : add touchsensing
2024-10-17 23:29:39,666 [INFO] IPUIPlugin:80 - create IPUIPlugin
2024-10-17 23:29:39,666 [INFO] PluginManager:220 - loadIPPluginJar : add tracer_emb
2024-10-17 23:29:39,675 [INFO] IPUIPlugin:80 - create IPUIPlugin
2024-10-17 23:29:39,676 [INFO] PluginManager:220 - loadIPPluginJar : add ts
2024-10-17 23:29:39,684 [INFO] IPUIPlugin:80 - create IPUIPlugin
2024-10-17 23:29:39,685 [INFO] PluginManager:220 - loadIPPluginJar : add tsc
2024-10-17 23:29:39,696 [INFO] IPUIPlugin:80 - create IPUIPlugin
2024-10-17 23:29:39,697 [INFO] PluginManager:220 - loadIPPluginJar : add ucpd
2024-10-17 23:29:39,712 [INFO] IPUIPlugin:80 - create IPUIPlugin
2024-10-17 23:29:39,712 [INFO] PluginManager:220 - loadIPPluginJar : add usart
2024-10-17 23:29:39,727 [INFO] IPUIPlugin:80 - create IPUIPlugin
2024-10-17 23:29:39,727 [INFO] PluginManager:220 - loadIPPluginJar : add usbx
2024-10-17 23:29:40,098 [INFO] CADModel:165 - CPN selected for project level
2024-10-17 23:29:40,098 [INFO] CADModel:114 - Register for checkConnection events
2024-10-17 23:29:40,099 [FATAL] Updater:308 - Updater called before beeing initialized
2024-10-17 23:29:40,100 [ERROR] CADModel:125 - Updater not yet initialized, retry later 
2024-10-17 23:29:40,488 [INFO] ThirdPartyUpdaterWithRetryManager:70 - Updater plugin not ready yet. [2/15]
2024-10-17 23:29:40,617 [INFO] CADModel:165 - CPN selected for project level
2024-10-17 23:29:40,618 [INFO] CADModel:114 - Register for checkConnection events
2024-10-17 23:29:40,618 [FATAL] Updater:308 - Updater called before beeing initialized
2024-10-17 23:29:40,619 [ERROR] CADModel:125 - Updater not yet initialized, retry later 
2024-10-17 23:29:40,631 [FATAL] Updater:308 - Updater called before beeing initialized
2024-10-17 23:29:41,204 [FATAL] Updater:308 - Updater called before beeing initialized
2024-10-17 23:29:41,239 [INFO] DbMcusAds:53 - JSON generation date=Fri Sep 20 18:34:23 IST 2024 (1726837463113)
2024-10-17 23:29:41,240 [FATAL] Updater:308 - Updater called before beeing initialized
2024-10-17 23:29:41,416 [WARN] DetailPanel:346 - Failed to get advertising image, set to default
2024-10-17 23:29:41,912 [FATAL] Updater:308 - Updater called before beeing initialized
2024-10-17 23:29:41,918 [FATAL] Updater:308 - Updater called before beeing initialized
2024-10-17 23:29:41,919 [FATAL] Updater:308 - Updater called before beeing initialized
2024-10-17 23:29:41,919 [WARN] DetailPanel:346 - Failed to get advertising image, set to default
2024-10-17 23:29:41,922 [FATAL] Updater:308 - Updater called before beeing initialized
2024-10-17 23:29:42,195 [ERROR] Updater:1120 - MainUpdater not yet initialized. External WinMGr cannot be set.
2024-10-17 23:29:42,202 [INFO] Updater:1056 - Updater Version found : 6.11.1
2024-10-17 23:29:42,282 [INFO] ApplicationProperties:184 - Using Application install path: C:\ST\STM32CubeIDE_1.15.1\STM32CubeIDE\plugins\com.st.stm32cube.common.mx_6.11.1.202404110753
2024-10-17 23:29:43,490 [FATAL] Updater:308 - Updater called before beeing initialized
2024-10-17 23:29:43,491 [ERROR] IntegrityCheckThread:130 - Cannot retrieve database content from updater: error 21
2024-10-17 23:29:43,492 [INFO] ThirdParty:978 - Integrity check success = false
2024-10-17 23:29:43,493 [INFO] IntegrityCheckThread:100 - exiting critical section [integrity check]
2024-10-17 23:29:43,493 [INFO] IntegrityCheckThread:103 - End integrity checks thread
2024-10-17 23:29:43,912 [ERROR] LogOutputStream:75 - [STDERR_REDIRECT] Oct 17, 2024 11:29:43 PM java.util.prefs.WindowsPreferences <init>
2024-10-17 23:29:43,921 [ERROR] LogOutputStream:75 - [STDERR_REDIRECT] WARNING: Could not open/create prefs root node Software\JavaSoft\Prefs at root 0xffffffff80000002. Windows RegCreateKeyEx(...) returned error code 5.
2024-10-17 23:29:43,923 [ERROR] LogOutputStream:75 - [STDERR_REDIRECT] 
2024-10-17 23:29:44,711 [INFO] MainUpdater:2873 - connection check result : 22
2024-10-17 23:29:44,714 [INFO] MainUpdater:290 - Updater Check For Update Now.
2024-10-17 23:29:44,715 [INFO] MicroXplorer:498 - Change Database Version : DB.6.0.111
2024-10-17 23:29:44,743 [INFO] McuFinderGlobals:63 - Set McuFinder mode to 2 (CubeIDE integrated)
2024-10-17 23:29:44,745 [INFO] UserAuth:179 - activating auth plugin
2024-10-17 23:29:44,769 [INFO] UserAuth:415 - Internet connection configuration mode: 2
2024-10-17 23:29:44,852 [INFO] UserAuth:415 - Internet connection configuration mode: 2
2024-10-17 23:29:45,833 [INFO] CheckServerUpdateThread:120 - End of CheckServer Thread
2024-10-17 23:36:02,226 [ERROR] ConfigurationRetriever:142 - IOException on connection: sw-center.st.com
2024-10-17 23:36:02,229 [ERROR] ConfigurationRetriever:142 - IOException on connection: sw-center.st.com
2024-10-17 23:36:02,231 [ERROR] ConfigurationRetriever:142 - IOException on connection: sw-center.st.com
2024-10-17 23:46:38,294 [ERROR] ConfigurationRetriever:142 - IOException on connection: sw-center.st.com
2024-10-17 23:46:38,298 [ERROR] ConfigurationRetriever:142 - IOException on connection: sw-center.st.com
2024-10-17 23:46:38,301 [ERROR] ConfigurationRetriever:142 - IOException on connection: sw-center.st.com
2024-10-17 23:47:24,597 [ERROR] ConfigurationRetriever:142 - IOException on connection: sw-center.st.com
2024-10-17 23:47:24,600 [ERROR] ConfigurationRetriever:142 - IOException on connection: sw-center.st.com
2024-10-17 23:47:24,601 [ERROR] ConfigurationRetriever:142 - IOException on connection: sw-center.st.com
2024-10-17 23:47:52,960 [ERROR] ConfigurationRetriever:142 - IOException on connection: sw-center.st.com
2024-10-17 23:47:52,963 [ERROR] ConfigurationRetriever:142 - IOException on connection: sw-center.st.com
2024-10-17 23:47:52,966 [ERROR] ConfigurationRetriever:142 - IOException on connection: sw-center.st.com
2024-10-17 23:59:32,862 [ERROR] ConfigurationRetriever:142 - IOException on connection: sw-center.st.com
2024-10-17 23:59:32,865 [ERROR] ConfigurationRetriever:142 - IOException on connection: sw-center.st.com
2024-10-17 23:59:32,866 [ERROR] ConfigurationRetriever:142 - IOException on connection: sw-center.st.com
