2024-10-28 20:18:37,551 [INFO] Activator:176 - 


2024-10-28 20:18:37,624 [INFO] Activator:177 - !SESSION log4j initialized
2024-10-28 20:19:52,690 [INFO] LogOutputStream:77 - [STDOUT_REDIRECT] 
2024-10-28 20:20:05,369 [INFO] ApplicationProperties:184 - Using Application install path: C:\ST\STM32CubeIDE_1.15.1\STM32CubeIDE\plugins\com.st.stm32cube.common.mx_6.11.1.202404110753
2024-10-28 20:20:05,540 [INFO] DbMcusXml:78 - Set database path to: C:\ST\STM32CubeIDE_1.15.1\STM32CubeIDE\plugins\com.st.stm32cube.common.mx_6.11.1.202404110753\\db\/mcu/
2024-10-28 20:20:05,541 [INFO] ApiDb:274 - Set plugin database path to: C:\ST\STM32CubeIDE_1.15.1\STM32CubeIDE\plugins\com.st.stm32cube.common.mx_6.11.1.202404110753\\db\/plugins/boardmanager/
2024-10-28 20:20:05,542 [WARN] ApiDb:259 - Overriding images path with different value:  => C:\ST\STM32CubeIDE_1.15.1\STM32CubeIDE\plugins\com.st.stm32cube.common.mx_6.11.1.202404110753\\db\/plugins/mcufinder/images/
2024-10-28 20:20:05,939 [INFO] ApiDb:250 - Set database path to: C:\Users\OVIA\.stmcufinder\plugins\mcufinder//mcu/
2024-10-28 20:20:05,942 [INFO] DbMcusAds:125 - Set database path to: C:\Users\OVIA\.stmcufinder\plugins\mcufinder//mcu/
2024-10-28 20:20:06,101 [INFO] CrossReferenceDbSqlite:203 - Set database path to: C:\Users\OVIA\.stmcufinder\plugins\mcufinder//mcu/cs/
2024-10-28 20:20:07,116 [INFO] RulesReader:64 - Compatibility file has been processed (297 Rules)
2024-10-28 20:20:08,374 [INFO] DbMcusXml:78 - Set database path to: C:\ST\STM32CubeIDE_1.15.1\STM32CubeIDE\plugins\com.st.stm32cube.common.mx_6.11.1.202404110753\\db\/mcu/
2024-10-28 20:20:08,375 [INFO] ApiDb:274 - Set plugin database path to: C:\ST\STM32CubeIDE_1.15.1\STM32CubeIDE\plugins\com.st.stm32cube.common.mx_6.11.1.202404110753\\db\/plugins/boardmanager/
2024-10-28 20:20:08,376 [INFO] ApiDb:261 - Set plugin images path to: C:\ST\STM32CubeIDE_1.15.1\STM32CubeIDE\plugins\com.st.stm32cube.common.mx_6.11.1.202404110753\\db\/plugins/mcufinder/images/
2024-10-28 20:20:08,378 [WARN] DbFile:41 - Overriding database path with different value: C:\Users\OVIA\.stmcufinder\plugins\mcufinder/ => C:\Users\OVIA\.stmcufinder\plugins\mcufinder
2024-10-28 20:20:08,380 [INFO] ApiDb:250 - Set database path to: C:\Users\OVIA\.stmcufinder\plugins\mcufinder//mcu/
2024-10-28 20:20:08,381 [WARN] DbFile:41 - Overriding database path with different value: C:\Users\OVIA\.stmcufinder\plugins\mcufinder/ => C:\Users\OVIA\.stmcufinder\plugins\mcufinder
2024-10-28 20:20:08,383 [INFO] DbMcusAds:125 - Set database path to: C:\Users\OVIA\.stmcufinder\plugins\mcufinder//mcu/
2024-10-28 20:20:08,386 [WARN] DbFile:41 - Overriding database path with different value: C:\Users\OVIA\.stmcufinder\plugins\mcufinder/ => C:\Users\OVIA\.stmcufinder\plugins\mcufinder
2024-10-28 20:20:08,388 [WARN] DbFile:41 - Overriding database path with different value: C:\Users\OVIA\.stmcufinder\plugins\mcufinder/ => C:\Users\OVIA\.stmcufinder\plugins\mcufinder
2024-10-28 20:20:08,391 [INFO] CrossReferenceDbSqlite:203 - Set database path to: C:\Users\OVIA\.stmcufinder\plugins\mcufinder//mcu/cs/
2024-10-28 20:20:10,718 [INFO] MainPanel:264 - HeapMemory: 268435456
2024-10-28 20:20:11,978 [INFO] DbMcusXml:78 - Set database path to: C:\ST\STM32CubeIDE_1.15.1\STM32CubeIDE\plugins\com.st.stm32cube.common.mx_6.11.1.202404110753\\db\/mcu/
2024-10-28 20:20:11,978 [INFO] ApiDb:274 - Set plugin database path to: C:\ST\STM32CubeIDE_1.15.1\STM32CubeIDE\plugins\com.st.stm32cube.common.mx_6.11.1.202404110753\\db\/plugins/boardmanager/
2024-10-28 20:20:11,979 [INFO] ApiDb:261 - Set plugin images path to: C:\ST\STM32CubeIDE_1.15.1\STM32CubeIDE\plugins\com.st.stm32cube.common.mx_6.11.1.202404110753\\db\/plugins/mcufinder/images/
2024-10-28 20:20:11,980 [WARN] DbFile:41 - Overriding database path with different value: C:\Users\OVIA\.stmcufinder\plugins\mcufinder/ => C:\Users\OVIA\.stmcufinder\plugins\mcufinder
2024-10-28 20:20:11,980 [INFO] ApiDb:250 - Set database path to: C:\Users\OVIA\.stmcufinder\plugins\mcufinder//mcu/
2024-10-28 20:20:11,981 [WARN] DbFile:41 - Overriding database path with different value: C:\Users\OVIA\.stmcufinder\plugins\mcufinder/ => C:\Users\OVIA\.stmcufinder\plugins\mcufinder
2024-10-28 20:20:11,981 [INFO] DbMcusAds:125 - Set database path to: C:\Users\OVIA\.stmcufinder\plugins\mcufinder//mcu/
2024-10-28 20:20:11,982 [WARN] DbFile:41 - Overriding database path with different value: C:\Users\OVIA\.stmcufinder\plugins\mcufinder/ => C:\Users\OVIA\.stmcufinder\plugins\mcufinder
2024-10-28 20:20:11,982 [WARN] DbFile:41 - Overriding database path with different value: C:\Users\OVIA\.stmcufinder\plugins\mcufinder/ => C:\Users\OVIA\.stmcufinder\plugins\mcufinder
2024-10-28 20:20:11,982 [INFO] CrossReferenceDbSqlite:203 - Set database path to: C:\Users\OVIA\.stmcufinder\plugins\mcufinder//mcu/cs/
2024-10-28 20:20:12,236 [INFO] ApplicationProperties:184 - Using Application install path: C:\ST\STM32CubeIDE_1.15.1\STM32CubeIDE\plugins\com.st.stm32cube.common.mx_6.11.1.202404110753
2024-10-28 20:20:12,270 [INFO] PluginManage:196 - Search for loadable plugins [exclusion list=, ]
2024-10-28 20:20:12,295 [INFO] PluginManage:310 - Check plugin analytics
2024-10-28 20:20:13,734 [INFO] AnalyticsPlugin:253 - Accepted Software Licenses: 
2024-10-28 20:20:13,736 [INFO] AnalyticsPlugin:255 - Accepted CMSIS Pack Licenses: 
2024-10-28 20:20:13,737 [INFO] AnalyticsPlugin:257 - Accepted Firmware Licenses: FW.F4.1.28.0
2024-10-28 20:20:13,747 [INFO] PluginManage:359 - Loaded plugin analytics (category:tool,tabindex:-1)
2024-10-28 20:20:13,749 [INFO] PluginManage:310 - Check plugin cadmodel
2024-10-28 20:20:13,830 [INFO] CADModel:105 - Init CAD model plugin
2024-10-28 20:20:13,831 [INFO] PluginManage:359 - Loaded plugin cadmodel (category:power,tabindex:5)
2024-10-28 20:20:13,831 [INFO] PluginManage:310 - Check plugin clock
2024-10-28 20:20:13,917 [INFO] PluginManage:359 - Loaded plugin clock (category:base,tabindex:2)
2024-10-28 20:20:13,918 [INFO] PluginManage:310 - Check plugin ddr
2024-10-28 20:20:13,987 [INFO] PluginManage:359 - Loaded plugin ddr (category:tool,tabindex:6)
2024-10-28 20:20:13,987 [INFO] PluginManage:310 - Check plugin filemanager
2024-10-28 20:20:14,998 [INFO] PluginManage:359 - Loaded plugin filemanager (category:base,tabindex:10)
2024-10-28 20:20:14,999 [INFO] PluginManage:310 - Check plugin ipmanager
2024-10-28 20:20:15,105 [INFO] PluginManage:359 - Loaded plugin ipmanager (category:base,tabindex:5)
2024-10-28 20:20:15,106 [INFO] PluginManage:310 - Check plugin lpbam
2024-10-28 20:20:15,190 [INFO] PluginManage:359 - Loaded plugin lpbam (category:base,tabindex:0)
2024-10-28 20:20:15,190 [INFO] PluginManage:310 - Check plugin memorymap
2024-10-28 20:20:15,343 [INFO] PluginManage:359 - Loaded plugin memorymap (category:base,tabindex:4)
2024-10-28 20:20:15,343 [INFO] PluginManage:310 - Check plugin pinoutandconfiguration
2024-10-28 20:20:15,386 [INFO] PluginManage:359 - Loaded plugin pinoutandconfiguration (category:base,tabindex:1)
2024-10-28 20:20:15,386 [INFO] PluginManage:310 - Check plugin pinoutconfig
2024-10-28 20:20:15,865 [WARN] SupportedApi:132 - Cannot load RTOS API schema: s4s-elt-must-match.1: The content of 'definitions' must match (annotation?, (simpleType | complexType)?, (unique | key | keyref)*)). A problem was found starting at: attribute.
2024-10-28 20:20:16,925 [INFO] PluginManage:359 - Loaded plugin pinoutconfig (category:base,tabindex:0)
2024-10-28 20:20:16,925 [INFO] PluginManage:310 - Check plugin power
2024-10-28 20:20:17,093 [INFO] PluginManage:359 - Loaded plugin power (category:power,tabindex:4)
2024-10-28 20:20:17,093 [INFO] PluginManage:310 - Check plugin projectmanager
2024-10-28 20:20:17,250 [INFO] PluginManage:359 - Loaded plugin projectmanager (category:projectmanager,tabindex:3)
2024-10-28 20:20:17,251 [INFO] PluginManage:310 - Check plugin thirdparty
2024-10-28 20:20:19,097 [INFO] PluginManage:359 - Loaded plugin thirdparty (category:base,tabindex:-1)
2024-10-28 20:20:19,098 [INFO] PluginManage:310 - Check plugin tools
2024-10-28 20:20:19,097 [WARN] IntegrityCheckThread:84 - waiting for thirdparty lock release [integrity check]
2024-10-28 20:20:19,101 [INFO] IntegrityCheckThread:86 - entering critical section [integrity check]
2024-10-28 20:20:19,102 [INFO] ThirdPartyUpdaterWithRetryManager:70 - Updater plugin not ready yet. [1/15]
2024-10-28 20:20:19,133 [INFO] PluginManage:359 - Loaded plugin tools (category:base,tabindex:7)
2024-10-28 20:20:19,133 [INFO] PluginManage:310 - Check plugin tutovideos
2024-10-28 20:20:21,329 [INFO] PluginManage:359 - Loaded plugin tutovideos (category:base,tabindex:-1)
2024-10-28 20:20:21,330 [INFO] PluginManage:310 - Check plugin updater
2024-10-28 20:20:21,499 [INFO] PluginManage:359 - Loaded plugin updater (category:base,tabindex:12)
2024-10-28 20:20:21,503 [INFO] PluginManage:310 - Check plugin userauth
2024-10-28 20:20:21,599 [INFO] UserAuth:114 - Init User Auth plugin
2024-10-28 20:20:21,600 [INFO] PluginManage:359 - Loaded plugin userauth (category:base,tabindex:14)
2024-10-28 20:20:21,602 [INFO] PluginManage:283 - PluginManage : Loaded plugins [17]
2024-10-28 20:20:22,103 [INFO] ThirdPartyUpdaterWithRetryManager:70 - Updater plugin not ready yet. [2/15]
2024-10-28 20:20:25,206 [INFO] ThirdPartyUpdaterWithRetryManager:70 - Updater plugin not ready yet. [3/15]
2024-10-28 20:20:25,336 [INFO] PinOutPanel:1561 - setPackage(No Configuration,No Configuration)
2024-10-28 20:20:26,388 [INFO] CADModel:165 - CPN selected for project level
2024-10-28 20:20:26,389 [INFO] CADModel:114 - Register for checkConnection events
2024-10-28 20:20:26,621 [INFO] IPUIPlugin:80 - create IPUIPlugin
2024-10-28 20:20:26,622 [INFO] PluginManager:220 - loadIPPluginJar : add adc
2024-10-28 20:20:26,652 [INFO] IPUIPlugin:80 - create IPUIPlugin
2024-10-28 20:20:26,652 [INFO] PluginManager:220 - loadIPPluginJar : add aes
2024-10-28 20:20:26,685 [INFO] IPUIPlugin:80 - create IPUIPlugin
2024-10-28 20:20:26,685 [INFO] PluginManager:220 - loadIPPluginJar : add can
2024-10-28 20:20:26,749 [INFO] IPUIPlugin:80 - create IPUIPlugin
2024-10-28 20:20:26,749 [INFO] PluginManager:220 - loadIPPluginJar : add comp
2024-10-28 20:20:26,760 [INFO] IPUIPlugin:80 - create IPUIPlugin
2024-10-28 20:20:26,761 [INFO] PluginManager:220 - loadIPPluginJar : add cryp
2024-10-28 20:20:26,801 [INFO] IPUIPlugin:80 - create IPUIPlugin
2024-10-28 20:20:26,801 [INFO] PluginManager:220 - loadIPPluginJar : add dfsdm
2024-10-28 20:20:26,835 [INFO] IPUIPlugin:80 - create IPUIPlugin
2024-10-28 20:20:26,837 [INFO] PluginManager:220 - loadIPPluginJar : add dma
2024-10-28 20:20:26,897 [INFO] IPUIPlugin:80 - create IPUIPlugin
2024-10-28 20:20:26,898 [INFO] PluginManager:220 - loadIPPluginJar : add dma3
2024-10-28 20:20:26,945 [INFO] IPUIPlugin:80 - create IPUIPlugin
2024-10-28 20:20:26,946 [INFO] PluginManager:220 - loadIPPluginJar : add extmemmanager
2024-10-28 20:20:27,003 [INFO] IPUIPlugin:80 - create IPUIPlugin
2024-10-28 20:20:27,003 [INFO] PluginManager:220 - loadIPPluginJar : add fatfs
2024-10-28 20:20:27,018 [INFO] IPUIPlugin:80 - create IPUIPlugin
2024-10-28 20:20:27,018 [INFO] PluginManager:220 - loadIPPluginJar : add fmc
2024-10-28 20:20:27,079 [INFO] IPUIPlugin:80 - create IPUIPlugin
2024-10-28 20:20:27,080 [INFO] PluginManager:220 - loadIPPluginJar : add freertos
2024-10-28 20:20:27,090 [INFO] IPUIPlugin:80 - create IPUIPlugin
2024-10-28 20:20:27,091 [INFO] PluginManager:220 - loadIPPluginJar : add genericplugin
2024-10-28 20:20:27,123 [INFO] IPUIPlugin:80 - create IPUIPlugin
2024-10-28 20:20:27,124 [INFO] PluginManager:220 - loadIPPluginJar : add gfxmmu
2024-10-28 20:20:27,188 [INFO] IPUIPlugin:80 - create IPUIPlugin
2024-10-28 20:20:27,188 [INFO] PluginManager:220 - loadIPPluginJar : add gic
2024-10-28 20:20:27,252 [INFO] IPUIPlugin:80 - create IPUIPlugin
2024-10-28 20:20:27,253 [INFO] PluginManager:220 - loadIPPluginJar : add gpio
2024-10-28 20:20:27,280 [INFO] IPUIPlugin:80 - create IPUIPlugin
2024-10-28 20:20:27,281 [INFO] PluginManager:220 - loadIPPluginJar : add gtzc
2024-10-28 20:20:27,352 [INFO] IPUIPlugin:80 - create IPUIPlugin
2024-10-28 20:20:27,353 [INFO] PluginManager:220 - loadIPPluginJar : add hash
2024-10-28 20:20:27,410 [INFO] IPUIPlugin:80 - create IPUIPlugin
2024-10-28 20:20:27,410 [INFO] PluginManager:220 - loadIPPluginJar : add i2c
2024-10-28 20:20:27,430 [INFO] IPUIPlugin:80 - create IPUIPlugin
2024-10-28 20:20:27,431 [INFO] PluginManager:220 - loadIPPluginJar : add i2s
2024-10-28 20:20:27,452 [INFO] IPUIPlugin:80 - create IPUIPlugin
2024-10-28 20:20:27,453 [INFO] PluginManager:220 - loadIPPluginJar : add i3c
2024-10-28 20:20:27,479 [INFO] IPUIPlugin:80 - create IPUIPlugin
2024-10-28 20:20:27,480 [INFO] PluginManager:220 - loadIPPluginJar : add ipddr
2024-10-28 20:20:27,542 [INFO] IPUIPlugin:80 - create IPUIPlugin
2024-10-28 20:20:27,543 [INFO] PluginManager:220 - loadIPPluginJar : add linkedlist
2024-10-28 20:20:27,589 [INFO] IPUIPlugin:80 - create IPUIPlugin
2024-10-28 20:20:27,590 [INFO] PluginManager:220 - loadIPPluginJar : add lorawan
2024-10-28 20:20:27,635 [INFO] IPUIPlugin:80 - create IPUIPlugin
2024-10-28 20:20:27,636 [INFO] PluginManager:220 - loadIPPluginJar : add ltdc
2024-10-28 20:20:27,739 [INFO] IPUIPlugin:80 - create IPUIPlugin
2024-10-28 20:20:27,740 [INFO] PluginManager:220 - loadIPPluginJar : add mdma
2024-10-28 20:20:27,797 [INFO] IPUIPlugin:80 - create IPUIPlugin
2024-10-28 20:20:27,798 [INFO] PluginManager:220 - loadIPPluginJar : add nvic
2024-10-28 20:20:27,846 [INFO] IPUIPlugin:80 - create IPUIPlugin
2024-10-28 20:20:27,846 [INFO] PluginManager:220 - loadIPPluginJar : add opamp
2024-10-28 20:20:27,873 [INFO] IPUIPlugin:80 - create IPUIPlugin
2024-10-28 20:20:27,874 [INFO] PluginManager:220 - loadIPPluginJar : add openamp
2024-10-28 20:20:27,976 [INFO] IPUIPlugin:80 - create IPUIPlugin
2024-10-28 20:20:27,977 [INFO] PluginManager:220 - loadIPPluginJar : add pdm2pcm
2024-10-28 20:20:28,034 [INFO] IPUIPlugin:80 - create IPUIPlugin
2024-10-28 20:20:28,043 [INFO] PluginManager:220 - loadIPPluginJar : add plateformsettings
2024-10-28 20:20:28,079 [INFO] IPUIPlugin:80 - create IPUIPlugin
2024-10-28 20:20:28,080 [INFO] PluginManager:220 - loadIPPluginJar : add quadspi
2024-10-28 20:20:28,098 [INFO] IPUIPlugin:80 - create IPUIPlugin
2024-10-28 20:20:28,099 [INFO] PluginManager:220 - loadIPPluginJar : add resmgrutility
2024-10-28 20:20:28,139 [INFO] IPUIPlugin:80 - create IPUIPlugin
2024-10-28 20:20:28,140 [INFO] PluginManager:220 - loadIPPluginJar : add sai
2024-10-28 20:20:28,160 [INFO] IPUIPlugin:80 - create IPUIPlugin
2024-10-28 20:20:28,160 [INFO] PluginManager:220 - loadIPPluginJar : add spi
2024-10-28 20:20:28,182 [INFO] IPUIPlugin:80 - create IPUIPlugin
2024-10-28 20:20:28,183 [INFO] PluginManager:220 - loadIPPluginJar : add stm32_wpan
2024-10-28 20:20:28,209 [INFO] ThirdPartyUpdaterWithRetryManager:70 - Updater plugin not ready yet. [4/15]
2024-10-28 20:20:28,224 [INFO] IPUIPlugin:80 - create IPUIPlugin
2024-10-28 20:20:28,224 [INFO] PluginManager:220 - loadIPPluginJar : add tim
2024-10-28 20:20:28,249 [INFO] IPUIPlugin:80 - create IPUIPlugin
2024-10-28 20:20:28,249 [INFO] PluginManager:220 - loadIPPluginJar : add touchsensing
2024-10-28 20:20:28,275 [INFO] IPUIPlugin:80 - create IPUIPlugin
2024-10-28 20:20:28,275 [INFO] PluginManager:220 - loadIPPluginJar : add tracer_emb
2024-10-28 20:20:28,313 [INFO] IPUIPlugin:80 - create IPUIPlugin
2024-10-28 20:20:28,313 [INFO] PluginManager:220 - loadIPPluginJar : add ts
2024-10-28 20:20:28,336 [INFO] IPUIPlugin:80 - create IPUIPlugin
2024-10-28 20:20:28,337 [INFO] PluginManager:220 - loadIPPluginJar : add tsc
2024-10-28 20:20:28,356 [INFO] IPUIPlugin:80 - create IPUIPlugin
2024-10-28 20:20:28,356 [INFO] PluginManager:220 - loadIPPluginJar : add ucpd
2024-10-28 20:20:28,464 [INFO] IPUIPlugin:80 - create IPUIPlugin
2024-10-28 20:20:28,464 [INFO] PluginManager:220 - loadIPPluginJar : add usart
2024-10-28 20:20:28,553 [INFO] IPUIPlugin:80 - create IPUIPlugin
2024-10-28 20:20:28,554 [INFO] PluginManager:220 - loadIPPluginJar : add usbx
2024-10-28 20:20:29,315 [INFO] CADModel:165 - CPN selected for project level
2024-10-28 20:20:29,316 [INFO] CADModel:114 - Register for checkConnection events
2024-10-28 20:20:29,320 [FATAL] Updater:308 - Updater called before beeing initialized
2024-10-28 20:20:29,321 [ERROR] CADModel:125 - Updater not yet initialized, retry later 
2024-10-28 20:20:30,868 [INFO] CADModel:165 - CPN selected for project level
2024-10-28 20:20:30,869 [INFO] CADModel:114 - Register for checkConnection events
2024-10-28 20:20:30,869 [FATAL] Updater:308 - Updater called before beeing initialized
2024-10-28 20:20:30,870 [ERROR] CADModel:125 - Updater not yet initialized, retry later 
2024-10-28 20:20:30,934 [FATAL] Updater:308 - Updater called before beeing initialized
2024-10-28 20:20:31,217 [INFO] ThirdPartyUpdaterWithRetryManager:70 - Updater plugin not ready yet. [5/15]
2024-10-28 20:20:32,036 [FATAL] Updater:308 - Updater called before beeing initialized
2024-10-28 20:20:32,051 [INFO] DbMcusAds:53 - JSON generation date=Fri Sep 20 18:34:38 IST 2024 (1726837478367)
2024-10-28 20:20:32,052 [FATAL] Updater:308 - Updater called before beeing initialized
2024-10-28 20:20:32,458 [WARN] DetailPanel:346 - Failed to get advertising image, set to default
2024-10-28 20:20:33,270 [FATAL] Updater:308 - Updater called before beeing initialized
2024-10-28 20:20:33,340 [FATAL] Updater:308 - Updater called before beeing initialized
2024-10-28 20:20:33,341 [FATAL] Updater:308 - Updater called before beeing initialized
2024-10-28 20:20:33,342 [WARN] DetailPanel:346 - Failed to get advertising image, set to default
2024-10-28 20:20:33,348 [FATAL] Updater:308 - Updater called before beeing initialized
2024-10-28 20:20:33,865 [ERROR] Updater:1120 - MainUpdater not yet initialized. External WinMGr cannot be set.
2024-10-28 20:20:33,889 [INFO] Updater:1056 - Updater Version found : 6.11.1
2024-10-28 20:20:34,141 [INFO] ApplicationProperties:184 - Using Application install path: C:\ST\STM32CubeIDE_1.15.1\STM32CubeIDE\plugins\com.st.stm32cube.common.mx_6.11.1.202404110753
2024-10-28 20:20:34,220 [FATAL] Updater:308 - Updater called before beeing initialized
2024-10-28 20:20:34,229 [ERROR] IntegrityCheckThread:130 - Cannot retrieve database content from updater: error 21
2024-10-28 20:20:34,235 [INFO] ThirdParty:978 - Integrity check success = false
2024-10-28 20:20:34,235 [INFO] IntegrityCheckThread:100 - exiting critical section [integrity check]
2024-10-28 20:20:34,236 [INFO] IntegrityCheckThread:103 - End integrity checks thread
2024-10-28 20:20:35,923 [ERROR] LogOutputStream:75 - [STDERR_REDIRECT] Oct 28, 2024 8:20:35 PM java.util.prefs.WindowsPreferences <init>
2024-10-28 20:20:35,938 [ERROR] LogOutputStream:75 - [STDERR_REDIRECT] WARNING: Could not open/create prefs root node Software\JavaSoft\Prefs at root 0xffffffff80000002. Windows RegCreateKeyEx(...) returned error code 5.
2024-10-28 20:20:35,939 [ERROR] LogOutputStream:75 - [STDERR_REDIRECT] 
2024-10-28 20:20:38,531 [INFO] MainUpdater:2873 - connection check result : 10
2024-10-28 20:20:38,534 [INFO] MainUpdater:290 - Updater Check For Update Now.
2024-10-28 20:20:38,535 [INFO] MicroXplorer:498 - Change Database Version : DB.6.0.111
2024-10-28 20:20:38,644 [INFO] McuFinderGlobals:63 - Set McuFinder mode to 2 (CubeIDE integrated)
2024-10-28 20:20:38,821 [INFO] UserAuth:415 - Internet connection configuration mode: 1
2024-10-28 20:20:39,319 [INFO] JxBrowserEngine:152 - Initiate JxBrowser Engine with user profile folder
2024-10-28 20:20:39,521 [INFO] CheckServerUpdateThread:120 - End of CheckServer Thread
2024-10-28 20:21:01,627 [INFO] WebApp:161 - Instantiating new browser for Auth
2024-10-28 20:21:12,775 [INFO] WebApp:779 - Register for checkConnection events
2024-10-28 20:21:12,775 [INFO] WebApp:414 - Apply proxy settings
2024-10-28 20:21:12,776 [INFO] WebApp:499 - Chromium requires no authentication
2024-10-28 20:21:13,143 [INFO] WebApp:442 - Direct internet connection detected
2024-10-28 20:21:15,992 [INFO] WebApp:192 - Starting web application
2024-10-28 20:21:15,993 [INFO] WebApp:544 - Web application path used C:\ST\STM32CubeIDE_1.15.1\STM32CubeIDE\plugins\com.st.stm32cube.common.mx_6.11.1.202404110753\db\plugins\mcufinder\reactClient1\index.html
2024-10-28 21:06:21,136 [ERROR] LogOutputStream:75 - [STDERR_REDIRECT] 
2024-10-28 21:06:21,145 [ERROR] LogOutputStream:75 - [STDERR_REDIRECT] 
2024-10-28 22:01:27,879 [INFO] Activator:176 - 


2024-10-28 22:01:27,908 [INFO] Activator:177 - !SESSION log4j initialized
2024-10-28 22:01:55,352 [INFO] LogOutputStream:77 - [STDOUT_REDIRECT] 
2024-10-28 22:01:56,980 [ERROR] ConfigurationRetriever:142 - IOException on connection: sw-center.st.com
2024-10-28 22:01:56,983 [ERROR] ConfigurationRetriever:142 - IOException on connection: sw-center.st.com
2024-10-28 22:01:56,986 [ERROR] ConfigurationRetriever:142 - IOException on connection: sw-center.st.com
2024-10-28 22:01:56,997 [ERROR] ConfigurationRetriever:142 - IOException on connection: sw-center.st.com
2024-10-28 22:01:57,000 [ERROR] ConfigurationRetriever:142 - IOException on connection: sw-center.st.com
2024-10-28 22:01:57,003 [ERROR] ConfigurationRetriever:142 - IOException on connection: sw-center.st.com
2024-10-28 22:02:03,932 [INFO] ApplicationProperties:184 - Using Application install path: C:\ST\STM32CubeIDE_1.15.1\STM32CubeIDE\plugins\com.st.stm32cube.common.mx_6.11.1.202404110753
2024-10-28 22:02:04,033 [INFO] DbMcusXml:78 - Set database path to: C:\ST\STM32CubeIDE_1.15.1\STM32CubeIDE\plugins\com.st.stm32cube.common.mx_6.11.1.202404110753\\db\/mcu/
2024-10-28 22:02:04,034 [INFO] ApiDb:274 - Set plugin database path to: C:\ST\STM32CubeIDE_1.15.1\STM32CubeIDE\plugins\com.st.stm32cube.common.mx_6.11.1.202404110753\\db\/plugins/boardmanager/
2024-10-28 22:02:04,035 [WARN] ApiDb:259 - Overriding images path with different value:  => C:\ST\STM32CubeIDE_1.15.1\STM32CubeIDE\plugins\com.st.stm32cube.common.mx_6.11.1.202404110753\\db\/plugins/mcufinder/images/
2024-10-28 22:02:04,113 [INFO] ApiDb:250 - Set database path to: C:\Users\OVIA\.stmcufinder\plugins\mcufinder//mcu/
2024-10-28 22:02:04,117 [INFO] DbMcusAds:125 - Set database path to: C:\Users\OVIA\.stmcufinder\plugins\mcufinder//mcu/
2024-10-28 22:02:04,127 [INFO] CrossReferenceDbSqlite:203 - Set database path to: C:\Users\OVIA\.stmcufinder\plugins\mcufinder//mcu/cs/
2024-10-28 22:02:04,870 [INFO] RulesReader:64 - Compatibility file has been processed (297 Rules)
2024-10-28 22:02:05,638 [INFO] DbMcusXml:78 - Set database path to: C:\ST\STM32CubeIDE_1.15.1\STM32CubeIDE\plugins\com.st.stm32cube.common.mx_6.11.1.202404110753\\db\/mcu/
2024-10-28 22:02:05,638 [INFO] ApiDb:274 - Set plugin database path to: C:\ST\STM32CubeIDE_1.15.1\STM32CubeIDE\plugins\com.st.stm32cube.common.mx_6.11.1.202404110753\\db\/plugins/boardmanager/
2024-10-28 22:02:05,639 [INFO] ApiDb:261 - Set plugin images path to: C:\ST\STM32CubeIDE_1.15.1\STM32CubeIDE\plugins\com.st.stm32cube.common.mx_6.11.1.202404110753\\db\/plugins/mcufinder/images/
2024-10-28 22:02:05,640 [WARN] DbFile:41 - Overriding database path with different value: C:\Users\OVIA\.stmcufinder\plugins\mcufinder/ => C:\Users\OVIA\.stmcufinder\plugins\mcufinder
2024-10-28 22:02:05,640 [INFO] ApiDb:250 - Set database path to: C:\Users\OVIA\.stmcufinder\plugins\mcufinder//mcu/
2024-10-28 22:02:05,640 [WARN] DbFile:41 - Overriding database path with different value: C:\Users\OVIA\.stmcufinder\plugins\mcufinder/ => C:\Users\OVIA\.stmcufinder\plugins\mcufinder
2024-10-28 22:02:05,641 [INFO] DbMcusAds:125 - Set database path to: C:\Users\OVIA\.stmcufinder\plugins\mcufinder//mcu/
2024-10-28 22:02:05,641 [WARN] DbFile:41 - Overriding database path with different value: C:\Users\OVIA\.stmcufinder\plugins\mcufinder/ => C:\Users\OVIA\.stmcufinder\plugins\mcufinder
2024-10-28 22:02:05,642 [WARN] DbFile:41 - Overriding database path with different value: C:\Users\OVIA\.stmcufinder\plugins\mcufinder/ => C:\Users\OVIA\.stmcufinder\plugins\mcufinder
2024-10-28 22:02:05,642 [INFO] CrossReferenceDbSqlite:203 - Set database path to: C:\Users\OVIA\.stmcufinder\plugins\mcufinder//mcu/cs/
2024-10-28 22:02:06,570 [INFO] MainPanel:264 - HeapMemory: 268435456
2024-10-28 22:02:07,384 [INFO] DbMcusXml:78 - Set database path to: C:\ST\STM32CubeIDE_1.15.1\STM32CubeIDE\plugins\com.st.stm32cube.common.mx_6.11.1.202404110753\\db\/mcu/
2024-10-28 22:02:07,385 [INFO] ApiDb:274 - Set plugin database path to: C:\ST\STM32CubeIDE_1.15.1\STM32CubeIDE\plugins\com.st.stm32cube.common.mx_6.11.1.202404110753\\db\/plugins/boardmanager/
2024-10-28 22:02:07,385 [INFO] ApiDb:261 - Set plugin images path to: C:\ST\STM32CubeIDE_1.15.1\STM32CubeIDE\plugins\com.st.stm32cube.common.mx_6.11.1.202404110753\\db\/plugins/mcufinder/images/
2024-10-28 22:02:07,387 [WARN] DbFile:41 - Overriding database path with different value: C:\Users\OVIA\.stmcufinder\plugins\mcufinder/ => C:\Users\OVIA\.stmcufinder\plugins\mcufinder
2024-10-28 22:02:07,387 [INFO] ApiDb:250 - Set database path to: C:\Users\OVIA\.stmcufinder\plugins\mcufinder//mcu/
2024-10-28 22:02:07,387 [WARN] DbFile:41 - Overriding database path with different value: C:\Users\OVIA\.stmcufinder\plugins\mcufinder/ => C:\Users\OVIA\.stmcufinder\plugins\mcufinder
2024-10-28 22:02:07,388 [INFO] DbMcusAds:125 - Set database path to: C:\Users\OVIA\.stmcufinder\plugins\mcufinder//mcu/
2024-10-28 22:02:07,388 [WARN] DbFile:41 - Overriding database path with different value: C:\Users\OVIA\.stmcufinder\plugins\mcufinder/ => C:\Users\OVIA\.stmcufinder\plugins\mcufinder
2024-10-28 22:02:07,388 [WARN] DbFile:41 - Overriding database path with different value: C:\Users\OVIA\.stmcufinder\plugins\mcufinder/ => C:\Users\OVIA\.stmcufinder\plugins\mcufinder
2024-10-28 22:02:07,390 [INFO] CrossReferenceDbSqlite:203 - Set database path to: C:\Users\OVIA\.stmcufinder\plugins\mcufinder//mcu/cs/
2024-10-28 22:02:07,643 [INFO] ApplicationProperties:184 - Using Application install path: C:\ST\STM32CubeIDE_1.15.1\STM32CubeIDE\plugins\com.st.stm32cube.common.mx_6.11.1.202404110753
2024-10-28 22:02:07,676 [INFO] PluginManage:196 - Search for loadable plugins [exclusion list=, ]
2024-10-28 22:02:07,692 [INFO] PluginManage:310 - Check plugin analytics
2024-10-28 22:02:08,731 [INFO] AnalyticsPlugin:253 - Accepted Software Licenses: 
2024-10-28 22:02:08,733 [INFO] AnalyticsPlugin:255 - Accepted CMSIS Pack Licenses: 
2024-10-28 22:02:08,734 [INFO] AnalyticsPlugin:257 - Accepted Firmware Licenses: FW.F4.1.28.0
2024-10-28 22:02:08,745 [INFO] PluginManage:359 - Loaded plugin analytics (category:tool,tabindex:-1)
2024-10-28 22:02:08,746 [INFO] PluginManage:310 - Check plugin cadmodel
2024-10-28 22:02:08,752 [ERROR] ConfigurationRetriever:142 - IOException on connection: sw-center.st.com
2024-10-28 22:02:08,755 [ERROR] ConfigurationRetriever:142 - IOException on connection: sw-center.st.com
2024-10-28 22:02:08,756 [ERROR] ConfigurationRetriever:142 - IOException on connection: sw-center.st.com
2024-10-28 22:02:08,804 [INFO] CADModel:105 - Init CAD model plugin
2024-10-28 22:02:08,805 [INFO] PluginManage:359 - Loaded plugin cadmodel (category:power,tabindex:5)
2024-10-28 22:02:08,806 [INFO] PluginManage:310 - Check plugin clock
2024-10-28 22:02:08,895 [INFO] PluginManage:359 - Loaded plugin clock (category:base,tabindex:2)
2024-10-28 22:02:08,896 [INFO] PluginManage:310 - Check plugin ddr
2024-10-28 22:02:08,930 [INFO] PluginManage:359 - Loaded plugin ddr (category:tool,tabindex:6)
2024-10-28 22:02:08,931 [INFO] PluginManage:310 - Check plugin filemanager
2024-10-28 22:02:09,786 [INFO] PluginManage:359 - Loaded plugin filemanager (category:base,tabindex:10)
2024-10-28 22:02:09,786 [INFO] PluginManage:310 - Check plugin ipmanager
2024-10-28 22:02:09,850 [INFO] PluginManage:359 - Loaded plugin ipmanager (category:base,tabindex:5)
2024-10-28 22:02:09,851 [INFO] PluginManage:310 - Check plugin lpbam
2024-10-28 22:02:09,910 [INFO] PluginManage:359 - Loaded plugin lpbam (category:base,tabindex:0)
2024-10-28 22:02:09,911 [INFO] PluginManage:310 - Check plugin memorymap
2024-10-28 22:02:09,989 [INFO] PluginManage:359 - Loaded plugin memorymap (category:base,tabindex:4)
2024-10-28 22:02:09,990 [INFO] PluginManage:310 - Check plugin pinoutandconfiguration
2024-10-28 22:02:10,027 [INFO] PluginManage:359 - Loaded plugin pinoutandconfiguration (category:base,tabindex:1)
2024-10-28 22:02:10,028 [INFO] PluginManage:310 - Check plugin pinoutconfig
2024-10-28 22:02:10,586 [WARN] SupportedApi:132 - Cannot load RTOS API schema: s4s-elt-must-match.1: The content of 'definitions' must match (annotation?, (simpleType | complexType)?, (unique | key | keyref)*)). A problem was found starting at: attribute.
2024-10-28 22:02:11,188 [INFO] PluginManage:359 - Loaded plugin pinoutconfig (category:base,tabindex:0)
2024-10-28 22:02:11,189 [INFO] PluginManage:310 - Check plugin power
2024-10-28 22:02:11,239 [INFO] PluginManage:359 - Loaded plugin power (category:power,tabindex:4)
2024-10-28 22:02:11,240 [INFO] PluginManage:310 - Check plugin projectmanager
2024-10-28 22:02:11,334 [INFO] PluginManage:359 - Loaded plugin projectmanager (category:projectmanager,tabindex:3)
2024-10-28 22:02:11,335 [INFO] PluginManage:310 - Check plugin thirdparty
2024-10-28 22:02:12,274 [INFO] PluginManage:359 - Loaded plugin thirdparty (category:base,tabindex:-1)
2024-10-28 22:02:12,275 [INFO] PluginManage:310 - Check plugin tools
2024-10-28 22:02:12,273 [WARN] IntegrityCheckThread:84 - waiting for thirdparty lock release [integrity check]
2024-10-28 22:02:12,276 [INFO] IntegrityCheckThread:86 - entering critical section [integrity check]
2024-10-28 22:02:12,278 [INFO] ThirdPartyUpdaterWithRetryManager:70 - Updater plugin not ready yet. [1/15]
2024-10-28 22:02:12,287 [INFO] PluginManage:359 - Loaded plugin tools (category:base,tabindex:7)
2024-10-28 22:02:12,288 [INFO] PluginManage:310 - Check plugin tutovideos
2024-10-28 22:02:13,108 [INFO] PluginManage:359 - Loaded plugin tutovideos (category:base,tabindex:-1)
2024-10-28 22:02:13,108 [INFO] PluginManage:310 - Check plugin updater
2024-10-28 22:02:13,160 [INFO] PluginManage:359 - Loaded plugin updater (category:base,tabindex:12)
2024-10-28 22:02:13,161 [INFO] PluginManage:310 - Check plugin userauth
2024-10-28 22:02:13,201 [INFO] UserAuth:114 - Init User Auth plugin
2024-10-28 22:02:13,202 [INFO] PluginManage:359 - Loaded plugin userauth (category:base,tabindex:14)
2024-10-28 22:02:13,205 [INFO] PluginManage:283 - PluginManage : Loaded plugins [17]
2024-10-28 22:02:14,807 [INFO] PinOutPanel:1561 - setPackage(No Configuration,No Configuration)
2024-10-28 22:02:15,281 [INFO] ThirdPartyUpdaterWithRetryManager:70 - Updater plugin not ready yet. [2/15]
2024-10-28 22:02:15,291 [INFO] CADModel:165 - CPN selected for project level
2024-10-28 22:02:15,292 [INFO] CADModel:114 - Register for checkConnection events
2024-10-28 22:02:15,395 [INFO] IPUIPlugin:80 - create IPUIPlugin
2024-10-28 22:02:15,396 [INFO] PluginManager:220 - loadIPPluginJar : add adc
2024-10-28 22:02:15,422 [INFO] IPUIPlugin:80 - create IPUIPlugin
2024-10-28 22:02:15,423 [INFO] PluginManager:220 - loadIPPluginJar : add aes
2024-10-28 22:02:15,436 [INFO] IPUIPlugin:80 - create IPUIPlugin
2024-10-28 22:02:15,437 [INFO] PluginManager:220 - loadIPPluginJar : add can
2024-10-28 22:02:15,444 [INFO] IPUIPlugin:80 - create IPUIPlugin
2024-10-28 22:02:15,445 [INFO] PluginManager:220 - loadIPPluginJar : add comp
2024-10-28 22:02:15,454 [INFO] IPUIPlugin:80 - create IPUIPlugin
2024-10-28 22:02:15,455 [INFO] PluginManager:220 - loadIPPluginJar : add cryp
2024-10-28 22:02:15,464 [INFO] IPUIPlugin:80 - create IPUIPlugin
2024-10-28 22:02:15,465 [INFO] PluginManager:220 - loadIPPluginJar : add dfsdm
2024-10-28 22:02:15,500 [INFO] IPUIPlugin:80 - create IPUIPlugin
2024-10-28 22:02:15,502 [INFO] PluginManager:220 - loadIPPluginJar : add dma
2024-10-28 22:02:15,514 [INFO] IPUIPlugin:80 - create IPUIPlugin
2024-10-28 22:02:15,515 [INFO] PluginManager:220 - loadIPPluginJar : add dma3
2024-10-28 22:02:15,536 [INFO] IPUIPlugin:80 - create IPUIPlugin
2024-10-28 22:02:15,537 [INFO] PluginManager:220 - loadIPPluginJar : add extmemmanager
2024-10-28 22:02:15,546 [INFO] IPUIPlugin:80 - create IPUIPlugin
2024-10-28 22:02:15,547 [INFO] PluginManager:220 - loadIPPluginJar : add fatfs
2024-10-28 22:02:15,563 [INFO] IPUIPlugin:80 - create IPUIPlugin
2024-10-28 22:02:15,564 [INFO] PluginManager:220 - loadIPPluginJar : add fmc
2024-10-28 22:02:15,592 [INFO] IPUIPlugin:80 - create IPUIPlugin
2024-10-28 22:02:15,593 [INFO] PluginManager:220 - loadIPPluginJar : add freertos
2024-10-28 22:02:15,598 [INFO] IPUIPlugin:80 - create IPUIPlugin
2024-10-28 22:02:15,599 [INFO] PluginManager:220 - loadIPPluginJar : add genericplugin
2024-10-28 22:02:15,606 [INFO] IPUIPlugin:80 - create IPUIPlugin
2024-10-28 22:02:15,607 [INFO] PluginManager:220 - loadIPPluginJar : add gfxmmu
2024-10-28 22:02:15,633 [INFO] IPUIPlugin:80 - create IPUIPlugin
2024-10-28 22:02:15,634 [INFO] PluginManager:220 - loadIPPluginJar : add gic
2024-10-28 22:02:15,686 [INFO] IPUIPlugin:80 - create IPUIPlugin
2024-10-28 22:02:15,686 [INFO] PluginManager:220 - loadIPPluginJar : add gpio
2024-10-28 22:02:15,713 [INFO] IPUIPlugin:80 - create IPUIPlugin
2024-10-28 22:02:15,714 [INFO] PluginManager:220 - loadIPPluginJar : add gtzc
2024-10-28 22:02:15,725 [INFO] IPUIPlugin:80 - create IPUIPlugin
2024-10-28 22:02:15,725 [INFO] PluginManager:220 - loadIPPluginJar : add hash
2024-10-28 22:02:15,736 [INFO] IPUIPlugin:80 - create IPUIPlugin
2024-10-28 22:02:15,737 [INFO] PluginManager:220 - loadIPPluginJar : add i2c
2024-10-28 22:02:15,747 [INFO] IPUIPlugin:80 - create IPUIPlugin
2024-10-28 22:02:15,748 [INFO] PluginManager:220 - loadIPPluginJar : add i2s
2024-10-28 22:02:15,757 [INFO] IPUIPlugin:80 - create IPUIPlugin
2024-10-28 22:02:15,758 [INFO] PluginManager:220 - loadIPPluginJar : add i3c
2024-10-28 22:02:15,795 [INFO] IPUIPlugin:80 - create IPUIPlugin
2024-10-28 22:02:15,796 [INFO] PluginManager:220 - loadIPPluginJar : add ipddr
2024-10-28 22:02:15,835 [INFO] IPUIPlugin:80 - create IPUIPlugin
2024-10-28 22:02:15,836 [INFO] PluginManager:220 - loadIPPluginJar : add linkedlist
2024-10-28 22:02:15,846 [INFO] IPUIPlugin:80 - create IPUIPlugin
2024-10-28 22:02:15,846 [INFO] PluginManager:220 - loadIPPluginJar : add lorawan
2024-10-28 22:02:15,851 [INFO] IPUIPlugin:80 - create IPUIPlugin
2024-10-28 22:02:15,852 [INFO] PluginManager:220 - loadIPPluginJar : add ltdc
2024-10-28 22:02:15,885 [INFO] IPUIPlugin:80 - create IPUIPlugin
2024-10-28 22:02:15,885 [INFO] PluginManager:220 - loadIPPluginJar : add mdma
2024-10-28 22:02:15,907 [INFO] IPUIPlugin:80 - create IPUIPlugin
2024-10-28 22:02:15,907 [INFO] PluginManager:220 - loadIPPluginJar : add nvic
2024-10-28 22:02:15,917 [INFO] IPUIPlugin:80 - create IPUIPlugin
2024-10-28 22:02:15,918 [INFO] PluginManager:220 - loadIPPluginJar : add opamp
2024-10-28 22:02:15,928 [INFO] IPUIPlugin:80 - create IPUIPlugin
2024-10-28 22:02:15,929 [INFO] PluginManager:220 - loadIPPluginJar : add openamp
2024-10-28 22:02:15,938 [INFO] IPUIPlugin:80 - create IPUIPlugin
2024-10-28 22:02:15,939 [INFO] PluginManager:220 - loadIPPluginJar : add pdm2pcm
2024-10-28 22:02:15,971 [INFO] IPUIPlugin:80 - create IPUIPlugin
2024-10-28 22:02:15,980 [INFO] PluginManager:220 - loadIPPluginJar : add plateformsettings
2024-10-28 22:02:15,999 [INFO] IPUIPlugin:80 - create IPUIPlugin
2024-10-28 22:02:16,000 [INFO] PluginManager:220 - loadIPPluginJar : add quadspi
2024-10-28 22:02:16,010 [INFO] IPUIPlugin:80 - create IPUIPlugin
2024-10-28 22:02:16,011 [INFO] PluginManager:220 - loadIPPluginJar : add resmgrutility
2024-10-28 22:02:16,030 [INFO] IPUIPlugin:80 - create IPUIPlugin
2024-10-28 22:02:16,031 [INFO] PluginManager:220 - loadIPPluginJar : add sai
2024-10-28 22:02:16,051 [INFO] IPUIPlugin:80 - create IPUIPlugin
2024-10-28 22:02:16,051 [INFO] PluginManager:220 - loadIPPluginJar : add spi
2024-10-28 22:02:16,076 [INFO] IPUIPlugin:80 - create IPUIPlugin
2024-10-28 22:02:16,076 [INFO] PluginManager:220 - loadIPPluginJar : add stm32_wpan
2024-10-28 22:02:16,082 [INFO] IPUIPlugin:80 - create IPUIPlugin
2024-10-28 22:02:16,082 [INFO] PluginManager:220 - loadIPPluginJar : add tim
2024-10-28 22:02:16,110 [INFO] IPUIPlugin:80 - create IPUIPlugin
2024-10-28 22:02:16,111 [INFO] PluginManager:220 - loadIPPluginJar : add touchsensing
2024-10-28 22:02:16,118 [INFO] IPUIPlugin:80 - create IPUIPlugin
2024-10-28 22:02:16,118 [INFO] PluginManager:220 - loadIPPluginJar : add tracer_emb
2024-10-28 22:02:16,125 [INFO] IPUIPlugin:80 - create IPUIPlugin
2024-10-28 22:02:16,125 [INFO] PluginManager:220 - loadIPPluginJar : add ts
2024-10-28 22:02:16,133 [INFO] IPUIPlugin:80 - create IPUIPlugin
2024-10-28 22:02:16,133 [INFO] PluginManager:220 - loadIPPluginJar : add tsc
2024-10-28 22:02:16,140 [INFO] IPUIPlugin:80 - create IPUIPlugin
2024-10-28 22:02:16,141 [INFO] PluginManager:220 - loadIPPluginJar : add ucpd
2024-10-28 22:02:16,167 [INFO] IPUIPlugin:80 - create IPUIPlugin
2024-10-28 22:02:16,168 [INFO] PluginManager:220 - loadIPPluginJar : add usart
2024-10-28 22:02:16,177 [INFO] IPUIPlugin:80 - create IPUIPlugin
2024-10-28 22:02:16,178 [INFO] PluginManager:220 - loadIPPluginJar : add usbx
2024-10-28 22:02:16,579 [INFO] CADModel:165 - CPN selected for project level
2024-10-28 22:02:16,579 [INFO] CADModel:114 - Register for checkConnection events
2024-10-28 22:02:16,580 [FATAL] Updater:308 - Updater called before beeing initialized
2024-10-28 22:02:16,580 [ERROR] CADModel:125 - Updater not yet initialized, retry later 
2024-10-28 22:02:17,430 [INFO] CADModel:165 - CPN selected for project level
2024-10-28 22:02:17,430 [INFO] CADModel:114 - Register for checkConnection events
2024-10-28 22:02:17,431 [FATAL] Updater:308 - Updater called before beeing initialized
2024-10-28 22:02:17,431 [ERROR] CADModel:125 - Updater not yet initialized, retry later 
2024-10-28 22:02:17,451 [FATAL] Updater:308 - Updater called before beeing initialized
2024-10-28 22:02:17,994 [FATAL] Updater:308 - Updater called before beeing initialized
2024-10-28 22:02:18,022 [INFO] DbMcusAds:53 - JSON generation date=Fri Sep 20 18:34:38 IST 2024 (1726837478367)
2024-10-28 22:02:18,023 [FATAL] Updater:308 - Updater called before beeing initialized
2024-10-28 22:02:18,261 [WARN] DetailPanel:346 - Failed to get advertising image, set to default
2024-10-28 22:02:18,282 [INFO] ThirdPartyUpdaterWithRetryManager:70 - Updater plugin not ready yet. [3/15]
2024-10-28 22:02:18,688 [FATAL] Updater:308 - Updater called before beeing initialized
2024-10-28 22:02:18,714 [FATAL] Updater:308 - Updater called before beeing initialized
2024-10-28 22:02:18,714 [FATAL] Updater:308 - Updater called before beeing initialized
2024-10-28 22:02:18,715 [WARN] DetailPanel:346 - Failed to get advertising image, set to default
2024-10-28 22:02:18,717 [FATAL] Updater:308 - Updater called before beeing initialized
2024-10-28 22:02:19,051 [ERROR] Updater:1120 - MainUpdater not yet initialized. External WinMGr cannot be set.
2024-10-28 22:02:19,074 [INFO] Updater:1056 - Updater Version found : 6.11.1
2024-10-28 22:02:19,153 [INFO] ApplicationProperties:184 - Using Application install path: C:\ST\STM32CubeIDE_1.15.1\STM32CubeIDE\plugins\com.st.stm32cube.common.mx_6.11.1.202404110753
2024-10-28 22:02:20,814 [ERROR] LogOutputStream:75 - [STDERR_REDIRECT] Oct 28, 2024 10:02:20 PM java.util.prefs.WindowsPreferences <init>
2024-10-28 22:02:20,821 [ERROR] LogOutputStream:75 - [STDERR_REDIRECT] WARNING: Could not open/create prefs root node Software\JavaSoft\Prefs at root 0xffffffff80000002. Windows RegCreateKeyEx(...) returned error code 5.
2024-10-28 22:02:20,821 [ERROR] LogOutputStream:75 - [STDERR_REDIRECT] 
2024-10-28 22:02:21,283 [FATAL] Updater:308 - Updater called before beeing initialized
2024-10-28 22:02:21,285 [ERROR] IntegrityCheckThread:130 - Cannot retrieve database content from updater: error 21
2024-10-28 22:02:21,293 [INFO] ThirdParty:978 - Integrity check success = false
2024-10-28 22:02:21,294 [INFO] IntegrityCheckThread:100 - exiting critical section [integrity check]
2024-10-28 22:02:21,294 [INFO] IntegrityCheckThread:103 - End integrity checks thread
2024-10-28 22:02:21,884 [INFO] MainUpdater:2873 - connection check result : 22
2024-10-28 22:02:21,887 [INFO] MainUpdater:290 - Updater Check For Update Now.
2024-10-28 22:02:21,888 [INFO] MicroXplorer:498 - Change Database Version : DB.6.0.111
2024-10-28 22:02:21,941 [INFO] McuFinderGlobals:63 - Set McuFinder mode to 2 (CubeIDE integrated)
2024-10-28 22:02:22,045 [INFO] UserAuth:415 - Internet connection configuration mode: 2
2024-10-28 22:02:22,783 [INFO] CheckServerUpdateThread:120 - End of CheckServer Thread
2024-10-28 23:10:30,671 [ERROR] ConfigurationRetriever:142 - IOException on connection: sw-center.st.com
2024-10-28 23:10:30,674 [ERROR] ConfigurationRetriever:142 - IOException on connection: sw-center.st.com
2024-10-28 23:10:30,675 [ERROR] ConfigurationRetriever:142 - IOException on connection: sw-center.st.com
2024-10-28 23:15:46,942 [ERROR] ConfigurationRetriever:142 - IOException on connection: sw-center.st.com
2024-10-28 23:15:46,944 [ERROR] ConfigurationRetriever:142 - IOException on connection: sw-center.st.com
2024-10-28 23:15:46,946 [ERROR] ConfigurationRetriever:142 - IOException on connection: sw-center.st.com
2024-10-28 23:18:57,139 [ERROR] ConfigurationRetriever:142 - IOException on connection: sw-center.st.com
2024-10-28 23:18:57,141 [ERROR] ConfigurationRetriever:142 - IOException on connection: sw-center.st.com
2024-10-28 23:18:57,143 [ERROR] ConfigurationRetriever:142 - IOException on connection: sw-center.st.com
2024-10-28 23:21:19,728 [ERROR] ConfigurationRetriever:142 - IOException on connection: sw-center.st.com
2024-10-28 23:21:19,730 [ERROR] ConfigurationRetriever:142 - IOException on connection: sw-center.st.com
2024-10-28 23:21:19,732 [ERROR] ConfigurationRetriever:142 - IOException on connection: sw-center.st.com
2024-10-28 23:22:01,520 [ERROR] ConfigurationRetriever:142 - IOException on connection: sw-center.st.com
2024-10-28 23:22:01,523 [ERROR] ConfigurationRetriever:142 - IOException on connection: sw-center.st.com
2024-10-28 23:22:01,525 [ERROR] ConfigurationRetriever:142 - IOException on connection: sw-center.st.com
2024-10-28 23:28:36,851 [ERROR] ConfigurationRetriever:142 - IOException on connection: sw-center.st.com
2024-10-28 23:28:36,854 [ERROR] ConfigurationRetriever:142 - IOException on connection: sw-center.st.com
2024-10-28 23:28:36,855 [ERROR] ConfigurationRetriever:142 - IOException on connection: sw-center.st.com
2024-10-28 23:33:08,240 [ERROR] ConfigurationRetriever:142 - IOException on connection: sw-center.st.com
2024-10-28 23:33:08,242 [ERROR] ConfigurationRetriever:142 - IOException on connection: sw-center.st.com
2024-10-28 23:33:08,244 [ERROR] ConfigurationRetriever:142 - IOException on connection: sw-center.st.com
2024-10-28 23:33:33,514 [ERROR] ConfigurationRetriever:142 - IOException on connection: sw-center.st.com
2024-10-28 23:33:33,521 [ERROR] ConfigurationRetriever:142 - IOException on connection: sw-center.st.com
2024-10-28 23:33:33,523 [ERROR] ConfigurationRetriever:142 - IOException on connection: sw-center.st.com
2024-10-28 23:37:39,086 [ERROR] ConfigurationRetriever:142 - IOException on connection: sw-center.st.com
2024-10-28 23:37:39,090 [ERROR] ConfigurationRetriever:142 - IOException on connection: sw-center.st.com
2024-10-28 23:37:39,092 [ERROR] ConfigurationRetriever:142 - IOException on connection: sw-center.st.com
2024-10-28 23:41:31,976 [ERROR] ConfigurationRetriever:142 - IOException on connection: sw-center.st.com
2024-10-28 23:41:31,978 [ERROR] ConfigurationRetriever:142 - IOException on connection: sw-center.st.com
2024-10-28 23:41:31,980 [ERROR] ConfigurationRetriever:142 - IOException on connection: sw-center.st.com
2024-10-28 23:41:34,660 [ERROR] ConfigurationRetriever:142 - IOException on connection: sw-center.st.com
2024-10-28 23:41:34,662 [ERROR] ConfigurationRetriever:142 - IOException on connection: sw-center.st.com
2024-10-28 23:41:34,663 [ERROR] ConfigurationRetriever:142 - IOException on connection: sw-center.st.com
2024-10-28 23:41:37,756 [ERROR] ConfigurationRetriever:142 - IOException on connection: sw-center.st.com
2024-10-28 23:41:37,758 [ERROR] ConfigurationRetriever:142 - IOException on connection: sw-center.st.com
2024-10-28 23:41:37,760 [ERROR] ConfigurationRetriever:142 - IOException on connection: sw-center.st.com
2024-10-28 23:41:43,115 [ERROR] ConfigurationRetriever:142 - IOException on connection: sw-center.st.com
2024-10-28 23:41:43,119 [ERROR] ConfigurationRetriever:142 - IOException on connection: sw-center.st.com
2024-10-28 23:41:43,121 [ERROR] ConfigurationRetriever:142 - IOException on connection: sw-center.st.com
2024-10-28 23:41:45,767 [ERROR] ConfigurationRetriever:142 - IOException on connection: sw-center.st.com
2024-10-28 23:41:45,772 [ERROR] ConfigurationRetriever:142 - IOException on connection: sw-center.st.com
2024-10-28 23:41:45,775 [ERROR] ConfigurationRetriever:142 - IOException on connection: sw-center.st.com
2024-10-28 23:41:48,433 [ERROR] ConfigurationRetriever:142 - IOException on connection: sw-center.st.com
2024-10-28 23:41:48,435 [ERROR] ConfigurationRetriever:142 - IOException on connection: sw-center.st.com
2024-10-28 23:41:48,436 [ERROR] ConfigurationRetriever:142 - IOException on connection: sw-center.st.com
2024-10-28 23:41:50,308 [ERROR] ConfigurationRetriever:142 - IOException on connection: sw-center.st.com
2024-10-28 23:41:50,311 [ERROR] ConfigurationRetriever:142 - IOException on connection: sw-center.st.com
2024-10-28 23:41:50,324 [ERROR] ConfigurationRetriever:142 - IOException on connection: sw-center.st.com
2024-10-28 23:41:52,302 [ERROR] ConfigurationRetriever:142 - IOException on connection: sw-center.st.com
2024-10-28 23:41:52,319 [ERROR] ConfigurationRetriever:142 - IOException on connection: sw-center.st.com
2024-10-28 23:41:52,325 [ERROR] ConfigurationRetriever:142 - IOException on connection: sw-center.st.com
2024-10-28 23:41:56,288 [ERROR] ConfigurationRetriever:142 - IOException on connection: sw-center.st.com
2024-10-28 23:41:56,291 [ERROR] ConfigurationRetriever:142 - IOException on connection: sw-center.st.com
2024-10-28 23:41:56,292 [ERROR] ConfigurationRetriever:142 - IOException on connection: sw-center.st.com
2024-10-28 23:42:12,113 [ERROR] ConfigurationRetriever:142 - IOException on connection: sw-center.st.com
2024-10-28 23:42:12,116 [ERROR] ConfigurationRetriever:142 - IOException on connection: sw-center.st.com
2024-10-28 23:42:12,118 [ERROR] ConfigurationRetriever:142 - IOException on connection: sw-center.st.com
