2024-11-08 17:39:46,452 [INFO] Activator:176 - 


2024-11-08 17:39:46,528 [INFO] Activator:177 - !SESSION log4j initialized
2024-11-08 17:40:25,530 [INFO] LogOutputStream:77 - [STDOUT_REDIRECT] 
2024-11-08 17:40:27,388 [ERROR] ConfigurationRetriever:142 - IOException on connection: sw-center.st.com
2024-11-08 17:40:27,391 [ERROR] ConfigurationRetriever:142 - IOException on connection: sw-center.st.com
2024-11-08 17:40:27,393 [ERROR] ConfigurationRetriever:142 - IOException on connection: sw-center.st.com
2024-11-08 17:40:27,427 [ERROR] ConfigurationRetriever:142 - IOException on connection: sw-center.st.com
2024-11-08 17:40:27,433 [ERROR] ConfigurationRetriever:142 - IOException on connection: sw-center.st.com
2024-11-08 17:40:27,439 [ERROR] ConfigurationRetriever:142 - IOException on connection: sw-center.st.com
2024-11-08 17:40:55,505 [INFO] ApplicationProperties:184 - Using Application install path: C:\ST\STM32CubeIDE_1.15.1\STM32CubeIDE\plugins\com.st.stm32cube.common.mx_6.11.1.202404110753
2024-11-08 17:40:55,618 [INFO] DbMcusXml:78 - Set database path to: C:\ST\STM32CubeIDE_1.15.1\STM32CubeIDE\plugins\com.st.stm32cube.common.mx_6.11.1.202404110753\\db\/mcu/
2024-11-08 17:40:55,620 [INFO] ApiDb:274 - Set plugin database path to: C:\ST\STM32CubeIDE_1.15.1\STM32CubeIDE\plugins\com.st.stm32cube.common.mx_6.11.1.202404110753\\db\/plugins/boardmanager/
2024-11-08 17:40:55,621 [WARN] ApiDb:259 - Overriding images path with different value:  => C:\ST\STM32CubeIDE_1.15.1\STM32CubeIDE\plugins\com.st.stm32cube.common.mx_6.11.1.202404110753\\db\/plugins/mcufinder/images/
2024-11-08 17:40:55,699 [INFO] ApiDb:250 - Set database path to: C:\Users\OVIA\.stmcufinder\plugins\mcufinder//mcu/
2024-11-08 17:40:55,704 [INFO] DbMcusAds:125 - Set database path to: C:\Users\OVIA\.stmcufinder\plugins\mcufinder//mcu/
2024-11-08 17:40:55,714 [INFO] CrossReferenceDbSqlite:203 - Set database path to: C:\Users\OVIA\.stmcufinder\plugins\mcufinder//mcu/cs/
2024-11-08 17:40:56,675 [INFO] RulesReader:64 - Compatibility file has been processed (297 Rules)
2024-11-08 17:40:57,410 [INFO] DbMcusXml:78 - Set database path to: C:\ST\STM32CubeIDE_1.15.1\STM32CubeIDE\plugins\com.st.stm32cube.common.mx_6.11.1.202404110753\\db\/mcu/
2024-11-08 17:40:57,410 [INFO] ApiDb:274 - Set plugin database path to: C:\ST\STM32CubeIDE_1.15.1\STM32CubeIDE\plugins\com.st.stm32cube.common.mx_6.11.1.202404110753\\db\/plugins/boardmanager/
2024-11-08 17:40:57,411 [INFO] ApiDb:261 - Set plugin images path to: C:\ST\STM32CubeIDE_1.15.1\STM32CubeIDE\plugins\com.st.stm32cube.common.mx_6.11.1.202404110753\\db\/plugins/mcufinder/images/
2024-11-08 17:40:57,412 [WARN] DbFile:41 - Overriding database path with different value: C:\Users\OVIA\.stmcufinder\plugins\mcufinder/ => C:\Users\OVIA\.stmcufinder\plugins\mcufinder
2024-11-08 17:40:57,412 [INFO] ApiDb:250 - Set database path to: C:\Users\OVIA\.stmcufinder\plugins\mcufinder//mcu/
2024-11-08 17:40:57,413 [WARN] DbFile:41 - Overriding database path with different value: C:\Users\OVIA\.stmcufinder\plugins\mcufinder/ => C:\Users\OVIA\.stmcufinder\plugins\mcufinder
2024-11-08 17:40:57,413 [INFO] DbMcusAds:125 - Set database path to: C:\Users\OVIA\.stmcufinder\plugins\mcufinder//mcu/
2024-11-08 17:40:57,413 [WARN] DbFile:41 - Overriding database path with different value: C:\Users\OVIA\.stmcufinder\plugins\mcufinder/ => C:\Users\OVIA\.stmcufinder\plugins\mcufinder
2024-11-08 17:40:57,414 [WARN] DbFile:41 - Overriding database path with different value: C:\Users\OVIA\.stmcufinder\plugins\mcufinder/ => C:\Users\OVIA\.stmcufinder\plugins\mcufinder
2024-11-08 17:40:57,414 [INFO] CrossReferenceDbSqlite:203 - Set database path to: C:\Users\OVIA\.stmcufinder\plugins\mcufinder//mcu/cs/
2024-11-08 17:40:58,098 [INFO] MainPanel:264 - HeapMemory: 268435456
2024-11-08 17:40:58,934 [INFO] DbMcusXml:78 - Set database path to: C:\ST\STM32CubeIDE_1.15.1\STM32CubeIDE\plugins\com.st.stm32cube.common.mx_6.11.1.202404110753\\db\/mcu/
2024-11-08 17:40:58,935 [INFO] ApiDb:274 - Set plugin database path to: C:\ST\STM32CubeIDE_1.15.1\STM32CubeIDE\plugins\com.st.stm32cube.common.mx_6.11.1.202404110753\\db\/plugins/boardmanager/
2024-11-08 17:40:58,935 [INFO] ApiDb:261 - Set plugin images path to: C:\ST\STM32CubeIDE_1.15.1\STM32CubeIDE\plugins\com.st.stm32cube.common.mx_6.11.1.202404110753\\db\/plugins/mcufinder/images/
2024-11-08 17:40:58,937 [WARN] DbFile:41 - Overriding database path with different value: C:\Users\OVIA\.stmcufinder\plugins\mcufinder/ => C:\Users\OVIA\.stmcufinder\plugins\mcufinder
2024-11-08 17:40:58,937 [INFO] ApiDb:250 - Set database path to: C:\Users\OVIA\.stmcufinder\plugins\mcufinder//mcu/
2024-11-08 17:40:58,937 [WARN] DbFile:41 - Overriding database path with different value: C:\Users\OVIA\.stmcufinder\plugins\mcufinder/ => C:\Users\OVIA\.stmcufinder\plugins\mcufinder
2024-11-08 17:40:58,938 [INFO] DbMcusAds:125 - Set database path to: C:\Users\OVIA\.stmcufinder\plugins\mcufinder//mcu/
2024-11-08 17:40:58,938 [WARN] DbFile:41 - Overriding database path with different value: C:\Users\OVIA\.stmcufinder\plugins\mcufinder/ => C:\Users\OVIA\.stmcufinder\plugins\mcufinder
2024-11-08 17:40:58,938 [WARN] DbFile:41 - Overriding database path with different value: C:\Users\OVIA\.stmcufinder\plugins\mcufinder/ => C:\Users\OVIA\.stmcufinder\plugins\mcufinder
2024-11-08 17:40:58,939 [INFO] CrossReferenceDbSqlite:203 - Set database path to: C:\Users\OVIA\.stmcufinder\plugins\mcufinder//mcu/cs/
2024-11-08 17:40:59,108 [INFO] ApplicationProperties:184 - Using Application install path: C:\ST\STM32CubeIDE_1.15.1\STM32CubeIDE\plugins\com.st.stm32cube.common.mx_6.11.1.202404110753
2024-11-08 17:40:59,137 [INFO] PluginManage:196 - Search for loadable plugins [exclusion list=, ]
2024-11-08 17:40:59,153 [INFO] PluginManage:310 - Check plugin analytics
2024-11-08 17:41:00,249 [INFO] AnalyticsPlugin:253 - Accepted Software Licenses: 
2024-11-08 17:41:00,250 [INFO] AnalyticsPlugin:255 - Accepted CMSIS Pack Licenses: 
2024-11-08 17:41:00,251 [INFO] AnalyticsPlugin:257 - Accepted Firmware Licenses: FW.F4.1.28.0
2024-11-08 17:41:00,262 [INFO] PluginManage:359 - Loaded plugin analytics (category:tool,tabindex:-1)
2024-11-08 17:41:00,264 [INFO] PluginManage:310 - Check plugin cadmodel
2024-11-08 17:41:00,271 [ERROR] ConfigurationRetriever:142 - IOException on connection: sw-center.st.com
2024-11-08 17:41:00,274 [ERROR] ConfigurationRetriever:142 - IOException on connection: sw-center.st.com
2024-11-08 17:41:00,276 [ERROR] ConfigurationRetriever:142 - IOException on connection: sw-center.st.com
2024-11-08 17:41:00,396 [INFO] CADModel:105 - Init CAD model plugin
2024-11-08 17:41:00,397 [INFO] PluginManage:359 - Loaded plugin cadmodel (category:power,tabindex:5)
2024-11-08 17:41:00,399 [INFO] PluginManage:310 - Check plugin clock
2024-11-08 17:41:00,606 [INFO] PluginManage:359 - Loaded plugin clock (category:base,tabindex:2)
2024-11-08 17:41:00,607 [INFO] PluginManage:310 - Check plugin ddr
2024-11-08 17:41:00,625 [INFO] PluginManage:359 - Loaded plugin ddr (category:tool,tabindex:6)
2024-11-08 17:41:00,626 [INFO] PluginManage:310 - Check plugin filemanager
2024-11-08 17:41:01,637 [INFO] PluginManage:359 - Loaded plugin filemanager (category:base,tabindex:10)
2024-11-08 17:41:01,638 [INFO] PluginManage:310 - Check plugin ipmanager
2024-11-08 17:41:01,700 [INFO] PluginManage:359 - Loaded plugin ipmanager (category:base,tabindex:5)
2024-11-08 17:41:01,701 [INFO] PluginManage:310 - Check plugin lpbam
2024-11-08 17:41:01,805 [INFO] PluginManage:359 - Loaded plugin lpbam (category:base,tabindex:0)
2024-11-08 17:41:01,805 [INFO] PluginManage:310 - Check plugin memorymap
2024-11-08 17:41:01,916 [INFO] PluginManage:359 - Loaded plugin memorymap (category:base,tabindex:4)
2024-11-08 17:41:01,917 [INFO] PluginManage:310 - Check plugin pinoutandconfiguration
2024-11-08 17:41:01,989 [INFO] PluginManage:359 - Loaded plugin pinoutandconfiguration (category:base,tabindex:1)
2024-11-08 17:41:01,990 [INFO] PluginManage:310 - Check plugin pinoutconfig
2024-11-08 17:41:02,479 [WARN] SupportedApi:132 - Cannot load RTOS API schema: s4s-elt-must-match.1: The content of 'definitions' must match (annotation?, (simpleType | complexType)?, (unique | key | keyref)*)). A problem was found starting at: attribute.
2024-11-08 17:41:03,133 [INFO] PluginManage:359 - Loaded plugin pinoutconfig (category:base,tabindex:0)
2024-11-08 17:41:03,134 [INFO] PluginManage:310 - Check plugin power
2024-11-08 17:41:03,240 [INFO] PluginManage:359 - Loaded plugin power (category:power,tabindex:4)
2024-11-08 17:41:03,240 [INFO] PluginManage:310 - Check plugin projectmanager
2024-11-08 17:41:03,329 [INFO] PluginManage:359 - Loaded plugin projectmanager (category:projectmanager,tabindex:3)
2024-11-08 17:41:03,329 [INFO] PluginManage:310 - Check plugin thirdparty
2024-11-08 17:41:04,843 [WARN] IntegrityCheckThread:84 - waiting for thirdparty lock release [integrity check]
2024-11-08 17:41:04,844 [INFO] PluginManage:359 - Loaded plugin thirdparty (category:base,tabindex:-1)
2024-11-08 17:41:04,845 [INFO] IntegrityCheckThread:86 - entering critical section [integrity check]
2024-11-08 17:41:04,845 [INFO] PluginManage:310 - Check plugin tools
2024-11-08 17:41:04,846 [INFO] ThirdPartyUpdaterWithRetryManager:70 - Updater plugin not ready yet. [1/15]
2024-11-08 17:41:05,028 [INFO] PluginManage:359 - Loaded plugin tools (category:base,tabindex:7)
2024-11-08 17:41:05,029 [INFO] PluginManage:310 - Check plugin tutovideos
2024-11-08 17:41:06,070 [INFO] PluginManage:359 - Loaded plugin tutovideos (category:base,tabindex:-1)
2024-11-08 17:41:06,071 [INFO] PluginManage:310 - Check plugin updater
2024-11-08 17:41:06,182 [INFO] PluginManage:359 - Loaded plugin updater (category:base,tabindex:12)
2024-11-08 17:41:06,183 [INFO] PluginManage:310 - Check plugin userauth
2024-11-08 17:41:06,227 [INFO] UserAuth:114 - Init User Auth plugin
2024-11-08 17:41:06,227 [INFO] PluginManage:359 - Loaded plugin userauth (category:base,tabindex:14)
2024-11-08 17:41:06,230 [INFO] PluginManage:283 - PluginManage : Loaded plugins [17]
2024-11-08 17:41:07,848 [INFO] ThirdPartyUpdaterWithRetryManager:70 - Updater plugin not ready yet. [2/15]
2024-11-08 17:41:07,905 [INFO] PinOutPanel:1561 - setPackage(No Configuration,No Configuration)
2024-11-08 17:41:08,419 [INFO] CADModel:165 - CPN selected for project level
2024-11-08 17:41:08,419 [INFO] CADModel:114 - Register for checkConnection events
2024-11-08 17:41:08,600 [INFO] IPUIPlugin:80 - create IPUIPlugin
2024-11-08 17:41:08,601 [INFO] PluginManager:220 - loadIPPluginJar : add adc
2024-11-08 17:41:08,812 [INFO] IPUIPlugin:80 - create IPUIPlugin
2024-11-08 17:41:08,813 [INFO] PluginManager:220 - loadIPPluginJar : add aes
2024-11-08 17:41:09,010 [INFO] IPUIPlugin:80 - create IPUIPlugin
2024-11-08 17:41:09,011 [INFO] PluginManager:220 - loadIPPluginJar : add can
2024-11-08 17:41:09,119 [INFO] IPUIPlugin:80 - create IPUIPlugin
2024-11-08 17:41:09,119 [INFO] PluginManager:220 - loadIPPluginJar : add comp
2024-11-08 17:41:09,278 [INFO] IPUIPlugin:80 - create IPUIPlugin
2024-11-08 17:41:09,279 [INFO] PluginManager:220 - loadIPPluginJar : add cryp
2024-11-08 17:41:09,429 [INFO] IPUIPlugin:80 - create IPUIPlugin
2024-11-08 17:41:09,430 [INFO] PluginManager:220 - loadIPPluginJar : add dfsdm
2024-11-08 17:41:09,499 [INFO] IPUIPlugin:80 - create IPUIPlugin
2024-11-08 17:41:09,501 [INFO] PluginManager:220 - loadIPPluginJar : add dma
2024-11-08 17:41:09,793 [INFO] IPUIPlugin:80 - create IPUIPlugin
2024-11-08 17:41:09,794 [INFO] PluginManager:220 - loadIPPluginJar : add dma3
2024-11-08 17:41:10,049 [INFO] IPUIPlugin:80 - create IPUIPlugin
2024-11-08 17:41:10,050 [INFO] PluginManager:220 - loadIPPluginJar : add extmemmanager
2024-11-08 17:41:10,132 [INFO] IPUIPlugin:80 - create IPUIPlugin
2024-11-08 17:41:10,133 [INFO] PluginManager:220 - loadIPPluginJar : add fatfs
2024-11-08 17:41:10,351 [INFO] IPUIPlugin:80 - create IPUIPlugin
2024-11-08 17:41:10,351 [INFO] PluginManager:220 - loadIPPluginJar : add fmc
2024-11-08 17:41:10,440 [INFO] IPUIPlugin:80 - create IPUIPlugin
2024-11-08 17:41:10,441 [INFO] PluginManager:220 - loadIPPluginJar : add freertos
2024-11-08 17:41:10,524 [INFO] IPUIPlugin:80 - create IPUIPlugin
2024-11-08 17:41:10,525 [INFO] PluginManager:220 - loadIPPluginJar : add genericplugin
2024-11-08 17:41:10,864 [INFO] ThirdPartyUpdaterWithRetryManager:70 - Updater plugin not ready yet. [3/15]
2024-11-08 17:41:10,974 [INFO] IPUIPlugin:80 - create IPUIPlugin
2024-11-08 17:41:10,974 [INFO] PluginManager:220 - loadIPPluginJar : add gfxmmu
2024-11-08 17:41:11,587 [INFO] IPUIPlugin:80 - create IPUIPlugin
2024-11-08 17:41:11,588 [INFO] PluginManager:220 - loadIPPluginJar : add gic
2024-11-08 17:41:11,716 [INFO] IPUIPlugin:80 - create IPUIPlugin
2024-11-08 17:41:11,717 [INFO] PluginManager:220 - loadIPPluginJar : add gpio
2024-11-08 17:41:12,175 [INFO] IPUIPlugin:80 - create IPUIPlugin
2024-11-08 17:41:12,175 [INFO] PluginManager:220 - loadIPPluginJar : add gtzc
2024-11-08 17:41:12,339 [INFO] IPUIPlugin:80 - create IPUIPlugin
2024-11-08 17:41:12,339 [INFO] PluginManager:220 - loadIPPluginJar : add hash
2024-11-08 17:41:12,639 [INFO] IPUIPlugin:80 - create IPUIPlugin
2024-11-08 17:41:12,639 [INFO] PluginManager:220 - loadIPPluginJar : add i2c
2024-11-08 17:41:12,837 [INFO] IPUIPlugin:80 - create IPUIPlugin
2024-11-08 17:41:12,838 [INFO] PluginManager:220 - loadIPPluginJar : add i2s
2024-11-08 17:41:13,022 [INFO] IPUIPlugin:80 - create IPUIPlugin
2024-11-08 17:41:13,022 [INFO] PluginManager:220 - loadIPPluginJar : add i3c
2024-11-08 17:41:13,556 [INFO] IPUIPlugin:80 - create IPUIPlugin
2024-11-08 17:41:13,557 [INFO] PluginManager:220 - loadIPPluginJar : add ipddr
2024-11-08 17:41:13,881 [INFO] ThirdPartyUpdaterWithRetryManager:70 - Updater plugin not ready yet. [4/15]
2024-11-08 17:41:14,021 [INFO] IPUIPlugin:80 - create IPUIPlugin
2024-11-08 17:41:14,021 [INFO] PluginManager:220 - loadIPPluginJar : add linkedlist
2024-11-08 17:41:14,190 [INFO] IPUIPlugin:80 - create IPUIPlugin
2024-11-08 17:41:14,191 [INFO] PluginManager:220 - loadIPPluginJar : add lorawan
2024-11-08 17:41:14,363 [INFO] IPUIPlugin:80 - create IPUIPlugin
2024-11-08 17:41:14,364 [INFO] PluginManager:220 - loadIPPluginJar : add ltdc
2024-11-08 17:41:14,436 [INFO] IPUIPlugin:80 - create IPUIPlugin
2024-11-08 17:41:14,436 [INFO] PluginManager:220 - loadIPPluginJar : add mdma
2024-11-08 17:41:14,493 [INFO] IPUIPlugin:80 - create IPUIPlugin
2024-11-08 17:41:14,494 [INFO] PluginManager:220 - loadIPPluginJar : add nvic
2024-11-08 17:41:14,667 [INFO] IPUIPlugin:80 - create IPUIPlugin
2024-11-08 17:41:14,668 [INFO] PluginManager:220 - loadIPPluginJar : add opamp
2024-11-08 17:41:14,962 [INFO] IPUIPlugin:80 - create IPUIPlugin
2024-11-08 17:41:14,962 [INFO] PluginManager:220 - loadIPPluginJar : add openamp
2024-11-08 17:41:15,169 [INFO] IPUIPlugin:80 - create IPUIPlugin
2024-11-08 17:41:15,170 [INFO] PluginManager:220 - loadIPPluginJar : add pdm2pcm
2024-11-08 17:41:15,237 [INFO] IPUIPlugin:80 - create IPUIPlugin
2024-11-08 17:41:15,246 [INFO] PluginManager:220 - loadIPPluginJar : add plateformsettings
2024-11-08 17:41:15,354 [INFO] IPUIPlugin:80 - create IPUIPlugin
2024-11-08 17:41:15,354 [INFO] PluginManager:220 - loadIPPluginJar : add quadspi
2024-11-08 17:41:15,403 [INFO] IPUIPlugin:80 - create IPUIPlugin
2024-11-08 17:41:15,404 [INFO] PluginManager:220 - loadIPPluginJar : add resmgrutility
2024-11-08 17:41:15,640 [INFO] IPUIPlugin:80 - create IPUIPlugin
2024-11-08 17:41:15,640 [INFO] PluginManager:220 - loadIPPluginJar : add sai
2024-11-08 17:41:15,823 [INFO] IPUIPlugin:80 - create IPUIPlugin
2024-11-08 17:41:15,824 [INFO] PluginManager:220 - loadIPPluginJar : add spi
2024-11-08 17:41:16,162 [INFO] IPUIPlugin:80 - create IPUIPlugin
2024-11-08 17:41:16,162 [INFO] PluginManager:220 - loadIPPluginJar : add stm32_wpan
2024-11-08 17:41:16,294 [INFO] IPUIPlugin:80 - create IPUIPlugin
2024-11-08 17:41:16,294 [INFO] PluginManager:220 - loadIPPluginJar : add tim
2024-11-08 17:41:16,600 [INFO] IPUIPlugin:80 - create IPUIPlugin
2024-11-08 17:41:16,601 [INFO] PluginManager:220 - loadIPPluginJar : add touchsensing
2024-11-08 17:41:16,715 [INFO] IPUIPlugin:80 - create IPUIPlugin
2024-11-08 17:41:16,716 [INFO] PluginManager:220 - loadIPPluginJar : add tracer_emb
2024-11-08 17:41:16,854 [INFO] IPUIPlugin:80 - create IPUIPlugin
2024-11-08 17:41:16,854 [INFO] PluginManager:220 - loadIPPluginJar : add ts
2024-11-08 17:41:16,885 [INFO] ThirdPartyUpdaterWithRetryManager:70 - Updater plugin not ready yet. [5/15]
2024-11-08 17:41:16,997 [INFO] IPUIPlugin:80 - create IPUIPlugin
2024-11-08 17:41:16,998 [INFO] PluginManager:220 - loadIPPluginJar : add tsc
2024-11-08 17:41:17,098 [INFO] IPUIPlugin:80 - create IPUIPlugin
2024-11-08 17:41:17,099 [INFO] PluginManager:220 - loadIPPluginJar : add ucpd
2024-11-08 17:41:17,307 [INFO] IPUIPlugin:80 - create IPUIPlugin
2024-11-08 17:41:17,307 [INFO] PluginManager:220 - loadIPPluginJar : add usart
2024-11-08 17:41:17,540 [INFO] IPUIPlugin:80 - create IPUIPlugin
2024-11-08 17:41:17,541 [INFO] PluginManager:220 - loadIPPluginJar : add usbx
2024-11-08 17:41:18,074 [INFO] CADModel:165 - CPN selected for project level
2024-11-08 17:41:18,074 [INFO] CADModel:114 - Register for checkConnection events
2024-11-08 17:41:18,075 [FATAL] Updater:308 - Updater called before beeing initialized
2024-11-08 17:41:18,075 [ERROR] CADModel:125 - Updater not yet initialized, retry later 
2024-11-08 17:41:18,915 [INFO] CADModel:165 - CPN selected for project level
2024-11-08 17:41:18,916 [INFO] CADModel:114 - Register for checkConnection events
2024-11-08 17:41:18,916 [FATAL] Updater:308 - Updater called before beeing initialized
2024-11-08 17:41:18,917 [ERROR] CADModel:125 - Updater not yet initialized, retry later 
2024-11-08 17:41:18,937 [FATAL] Updater:308 - Updater called before beeing initialized
2024-11-08 17:41:19,887 [INFO] ThirdPartyUpdaterWithRetryManager:70 - Updater plugin not ready yet. [6/15]
2024-11-08 17:41:19,912 [FATAL] Updater:308 - Updater called before beeing initialized
2024-11-08 17:41:19,974 [INFO] DbMcusAds:53 - JSON generation date=Fri Sep 20 18:34:38 IST 2024 (1726837478367)
2024-11-08 17:41:19,975 [FATAL] Updater:308 - Updater called before beeing initialized
2024-11-08 17:41:20,493 [WARN] DetailPanel:346 - Failed to get advertising image, set to default
2024-11-08 17:41:20,956 [FATAL] Updater:308 - Updater called before beeing initialized
2024-11-08 17:41:20,998 [FATAL] Updater:308 - Updater called before beeing initialized
2024-11-08 17:41:20,998 [FATAL] Updater:308 - Updater called before beeing initialized
2024-11-08 17:41:20,999 [WARN] DetailPanel:346 - Failed to get advertising image, set to default
2024-11-08 17:41:21,003 [FATAL] Updater:308 - Updater called before beeing initialized
2024-11-08 17:41:21,326 [ERROR] Updater:1120 - MainUpdater not yet initialized. External WinMGr cannot be set.
2024-11-08 17:41:21,375 [INFO] Updater:1056 - Updater Version found : 6.11.1
2024-11-08 17:41:21,454 [INFO] ApplicationProperties:184 - Using Application install path: C:\ST\STM32CubeIDE_1.15.1\STM32CubeIDE\plugins\com.st.stm32cube.common.mx_6.11.1.202404110753
2024-11-08 17:41:22,890 [FATAL] Updater:308 - Updater called before beeing initialized
2024-11-08 17:41:22,891 [ERROR] IntegrityCheckThread:130 - Cannot retrieve database content from updater: error 21
2024-11-08 17:41:22,892 [INFO] ThirdParty:978 - Integrity check success = false
2024-11-08 17:41:22,893 [INFO] IntegrityCheckThread:100 - exiting critical section [integrity check]
2024-11-08 17:41:22,893 [INFO] IntegrityCheckThread:103 - End integrity checks thread
2024-11-08 17:41:23,266 [ERROR] LogOutputStream:75 - [STDERR_REDIRECT] Nov 08, 2024 5:41:23 PM java.util.prefs.WindowsPreferences <init>
2024-11-08 17:41:23,273 [ERROR] LogOutputStream:75 - [STDERR_REDIRECT] WARNING: Could not open/create prefs root node Software\JavaSoft\Prefs at root 0xffffffff80000002. Windows RegCreateKeyEx(...) returned error code 5.
2024-11-08 17:41:23,274 [ERROR] LogOutputStream:75 - [STDERR_REDIRECT] 
2024-11-08 17:41:24,553 [INFO] MainUpdater:2873 - connection check result : 22
2024-11-08 17:41:24,557 [INFO] MainUpdater:290 - Updater Check For Update Now.
2024-11-08 17:41:24,557 [INFO] MicroXplorer:498 - Change Database Version : DB.6.0.111
2024-11-08 17:41:24,667 [INFO] McuFinderGlobals:63 - Set McuFinder mode to 2 (CubeIDE integrated)
2024-11-08 17:41:24,811 [INFO] UserAuth:415 - Internet connection configuration mode: 2
2024-11-08 17:41:26,122 [INFO] CheckServerUpdateThread:120 - End of CheckServer Thread
2024-11-08 18:15:04,278 [ERROR] ConfigurationRetriever:142 - IOException on connection: sw-center.st.com
2024-11-08 18:15:04,282 [ERROR] ConfigurationRetriever:142 - IOException on connection: sw-center.st.com
2024-11-08 18:15:04,285 [ERROR] ConfigurationRetriever:142 - IOException on connection: sw-center.st.com
2024-11-08 18:17:25,099 [ERROR] ConfigurationRetriever:142 - IOException on connection: sw-center.st.com
2024-11-08 18:17:25,103 [ERROR] ConfigurationRetriever:142 - IOException on connection: sw-center.st.com
2024-11-08 18:17:25,105 [ERROR] ConfigurationRetriever:142 - IOException on connection: sw-center.st.com
2024-11-08 20:36:24,427 [ERROR] LogOutputStream:75 - [STDERR_REDIRECT] 
