2024-11-07 09:12:02,198 [INFO] Activator:176 - 


2024-11-07 09:12:02,252 [INFO] Activator:177 - !SESSION log4j initialized
2024-11-07 09:12:50,489 [INFO] LogOutputStream:77 - [STDOUT_REDIRECT] 
2024-11-07 09:12:52,598 [ERROR] ConfigurationRetriever:142 - IOException on connection: sw-center.st.com
2024-11-07 09:12:52,600 [ERROR] ConfigurationRetriever:142 - IOException on connection: sw-center.st.com
2024-11-07 09:12:52,601 [ERROR] ConfigurationRetriever:142 - IOException on connection: sw-center.st.com
2024-11-07 09:12:52,608 [ERROR] ConfigurationRetriever:142 - IOException on connection: sw-center.st.com
2024-11-07 09:12:52,611 [ERROR] ConfigurationRetriever:142 - IOException on connection: sw-center.st.com
2024-11-07 09:12:52,614 [ERROR] ConfigurationRetriever:142 - IOException on connection: sw-center.st.com
2024-11-07 09:13:08,432 [INFO] ApplicationProperties:184 - Using Application install path: C:\ST\STM32CubeIDE_1.15.1\STM32CubeIDE\plugins\com.st.stm32cube.common.mx_6.11.1.202404110753
2024-11-07 09:13:08,746 [INFO] DbMcusXml:78 - Set database path to: C:\ST\STM32CubeIDE_1.15.1\STM32CubeIDE\plugins\com.st.stm32cube.common.mx_6.11.1.202404110753\\db\/mcu/
2024-11-07 09:13:08,750 [INFO] ApiDb:274 - Set plugin database path to: C:\ST\STM32CubeIDE_1.15.1\STM32CubeIDE\plugins\com.st.stm32cube.common.mx_6.11.1.202404110753\\db\/plugins/boardmanager/
2024-11-07 09:13:08,751 [WARN] ApiDb:259 - Overriding images path with different value:  => C:\ST\STM32CubeIDE_1.15.1\STM32CubeIDE\plugins\com.st.stm32cube.common.mx_6.11.1.202404110753\\db\/plugins/mcufinder/images/
2024-11-07 09:13:08,911 [INFO] ApiDb:250 - Set database path to: C:\Users\OVIA\.stmcufinder\plugins\mcufinder//mcu/
2024-11-07 09:13:08,917 [INFO] DbMcusAds:125 - Set database path to: C:\Users\OVIA\.stmcufinder\plugins\mcufinder//mcu/
2024-11-07 09:13:08,930 [INFO] CrossReferenceDbSqlite:203 - Set database path to: C:\Users\OVIA\.stmcufinder\plugins\mcufinder//mcu/cs/
2024-11-07 09:13:09,833 [INFO] RulesReader:64 - Compatibility file has been processed (297 Rules)
2024-11-07 09:13:10,875 [INFO] DbMcusXml:78 - Set database path to: C:\ST\STM32CubeIDE_1.15.1\STM32CubeIDE\plugins\com.st.stm32cube.common.mx_6.11.1.202404110753\\db\/mcu/
2024-11-07 09:13:10,876 [INFO] ApiDb:274 - Set plugin database path to: C:\ST\STM32CubeIDE_1.15.1\STM32CubeIDE\plugins\com.st.stm32cube.common.mx_6.11.1.202404110753\\db\/plugins/boardmanager/
2024-11-07 09:13:10,877 [INFO] ApiDb:261 - Set plugin images path to: C:\ST\STM32CubeIDE_1.15.1\STM32CubeIDE\plugins\com.st.stm32cube.common.mx_6.11.1.202404110753\\db\/plugins/mcufinder/images/
2024-11-07 09:13:10,878 [WARN] DbFile:41 - Overriding database path with different value: C:\Users\OVIA\.stmcufinder\plugins\mcufinder/ => C:\Users\OVIA\.stmcufinder\plugins\mcufinder
2024-11-07 09:13:10,878 [INFO] ApiDb:250 - Set database path to: C:\Users\OVIA\.stmcufinder\plugins\mcufinder//mcu/
2024-11-07 09:13:10,879 [WARN] DbFile:41 - Overriding database path with different value: C:\Users\OVIA\.stmcufinder\plugins\mcufinder/ => C:\Users\OVIA\.stmcufinder\plugins\mcufinder
2024-11-07 09:13:10,879 [INFO] DbMcusAds:125 - Set database path to: C:\Users\OVIA\.stmcufinder\plugins\mcufinder//mcu/
2024-11-07 09:13:10,880 [WARN] DbFile:41 - Overriding database path with different value: C:\Users\OVIA\.stmcufinder\plugins\mcufinder/ => C:\Users\OVIA\.stmcufinder\plugins\mcufinder
2024-11-07 09:13:10,880 [WARN] DbFile:41 - Overriding database path with different value: C:\Users\OVIA\.stmcufinder\plugins\mcufinder/ => C:\Users\OVIA\.stmcufinder\plugins\mcufinder
2024-11-07 09:13:10,881 [INFO] CrossReferenceDbSqlite:203 - Set database path to: C:\Users\OVIA\.stmcufinder\plugins\mcufinder//mcu/cs/
2024-11-07 09:13:12,134 [INFO] MainPanel:264 - HeapMemory: 268435456
2024-11-07 09:13:13,438 [INFO] DbMcusXml:78 - Set database path to: C:\ST\STM32CubeIDE_1.15.1\STM32CubeIDE\plugins\com.st.stm32cube.common.mx_6.11.1.202404110753\\db\/mcu/
2024-11-07 09:13:13,438 [INFO] ApiDb:274 - Set plugin database path to: C:\ST\STM32CubeIDE_1.15.1\STM32CubeIDE\plugins\com.st.stm32cube.common.mx_6.11.1.202404110753\\db\/plugins/boardmanager/
2024-11-07 09:13:13,439 [INFO] ApiDb:261 - Set plugin images path to: C:\ST\STM32CubeIDE_1.15.1\STM32CubeIDE\plugins\com.st.stm32cube.common.mx_6.11.1.202404110753\\db\/plugins/mcufinder/images/
2024-11-07 09:13:13,440 [WARN] DbFile:41 - Overriding database path with different value: C:\Users\OVIA\.stmcufinder\plugins\mcufinder/ => C:\Users\OVIA\.stmcufinder\plugins\mcufinder
2024-11-07 09:13:13,440 [INFO] ApiDb:250 - Set database path to: C:\Users\OVIA\.stmcufinder\plugins\mcufinder//mcu/
2024-11-07 09:13:13,441 [WARN] DbFile:41 - Overriding database path with different value: C:\Users\OVIA\.stmcufinder\plugins\mcufinder/ => C:\Users\OVIA\.stmcufinder\plugins\mcufinder
2024-11-07 09:13:13,441 [INFO] DbMcusAds:125 - Set database path to: C:\Users\OVIA\.stmcufinder\plugins\mcufinder//mcu/
2024-11-07 09:13:13,441 [WARN] DbFile:41 - Overriding database path with different value: C:\Users\OVIA\.stmcufinder\plugins\mcufinder/ => C:\Users\OVIA\.stmcufinder\plugins\mcufinder
2024-11-07 09:13:13,442 [WARN] DbFile:41 - Overriding database path with different value: C:\Users\OVIA\.stmcufinder\plugins\mcufinder/ => C:\Users\OVIA\.stmcufinder\plugins\mcufinder
2024-11-07 09:13:13,443 [INFO] CrossReferenceDbSqlite:203 - Set database path to: C:\Users\OVIA\.stmcufinder\plugins\mcufinder//mcu/cs/
2024-11-07 09:13:13,620 [INFO] ApplicationProperties:184 - Using Application install path: C:\ST\STM32CubeIDE_1.15.1\STM32CubeIDE\plugins\com.st.stm32cube.common.mx_6.11.1.202404110753
2024-11-07 09:13:13,652 [INFO] PluginManage:196 - Search for loadable plugins [exclusion list=, ]
2024-11-07 09:13:13,679 [INFO] PluginManage:310 - Check plugin analytics
2024-11-07 09:13:15,290 [INFO] AnalyticsPlugin:253 - Accepted Software Licenses: 
2024-11-07 09:13:15,291 [INFO] AnalyticsPlugin:255 - Accepted CMSIS Pack Licenses: 
2024-11-07 09:13:15,292 [INFO] AnalyticsPlugin:257 - Accepted Firmware Licenses: FW.F4.1.28.0
2024-11-07 09:13:15,303 [INFO] PluginManage:359 - Loaded plugin analytics (category:tool,tabindex:-1)
2024-11-07 09:13:15,307 [INFO] PluginManage:310 - Check plugin cadmodel
2024-11-07 09:13:15,309 [ERROR] ConfigurationRetriever:142 - IOException on connection: sw-center.st.com
2024-11-07 09:13:15,312 [ERROR] ConfigurationRetriever:142 - IOException on connection: sw-center.st.com
2024-11-07 09:13:15,315 [ERROR] ConfigurationRetriever:142 - IOException on connection: sw-center.st.com
2024-11-07 09:13:15,401 [INFO] CADModel:105 - Init CAD model plugin
2024-11-07 09:13:15,402 [INFO] PluginManage:359 - Loaded plugin cadmodel (category:power,tabindex:5)
2024-11-07 09:13:15,403 [INFO] PluginManage:310 - Check plugin clock
2024-11-07 09:13:15,556 [INFO] PluginManage:359 - Loaded plugin clock (category:base,tabindex:2)
2024-11-07 09:13:15,557 [INFO] PluginManage:310 - Check plugin ddr
2024-11-07 09:13:15,606 [INFO] PluginManage:359 - Loaded plugin ddr (category:tool,tabindex:6)
2024-11-07 09:13:15,607 [INFO] PluginManage:310 - Check plugin filemanager
2024-11-07 09:13:16,887 [INFO] PluginManage:359 - Loaded plugin filemanager (category:base,tabindex:10)
2024-11-07 09:13:16,887 [INFO] PluginManage:310 - Check plugin ipmanager
2024-11-07 09:13:17,068 [INFO] PluginManage:359 - Loaded plugin ipmanager (category:base,tabindex:5)
2024-11-07 09:13:17,068 [INFO] PluginManage:310 - Check plugin lpbam
2024-11-07 09:13:17,199 [INFO] PluginManage:359 - Loaded plugin lpbam (category:base,tabindex:0)
2024-11-07 09:13:17,200 [INFO] PluginManage:310 - Check plugin memorymap
2024-11-07 09:13:17,378 [INFO] PluginManage:359 - Loaded plugin memorymap (category:base,tabindex:4)
2024-11-07 09:13:17,379 [INFO] PluginManage:310 - Check plugin pinoutandconfiguration
2024-11-07 09:13:17,542 [INFO] PluginManage:359 - Loaded plugin pinoutandconfiguration (category:base,tabindex:1)
2024-11-07 09:13:17,543 [INFO] PluginManage:310 - Check plugin pinoutconfig
2024-11-07 09:13:18,377 [WARN] SupportedApi:132 - Cannot load RTOS API schema: s4s-elt-must-match.1: The content of 'definitions' must match (annotation?, (simpleType | complexType)?, (unique | key | keyref)*)). A problem was found starting at: attribute.
2024-11-07 09:13:19,759 [INFO] PluginManage:359 - Loaded plugin pinoutconfig (category:base,tabindex:0)
2024-11-07 09:13:19,760 [INFO] PluginManage:310 - Check plugin power
2024-11-07 09:13:19,929 [INFO] PluginManage:359 - Loaded plugin power (category:power,tabindex:4)
2024-11-07 09:13:19,930 [INFO] PluginManage:310 - Check plugin projectmanager
2024-11-07 09:13:20,090 [INFO] PluginManage:359 - Loaded plugin projectmanager (category:projectmanager,tabindex:3)
2024-11-07 09:13:20,090 [INFO] PluginManage:310 - Check plugin thirdparty
2024-11-07 09:13:21,558 [INFO] PluginManage:359 - Loaded plugin thirdparty (category:base,tabindex:-1)
2024-11-07 09:13:21,558 [WARN] IntegrityCheckThread:84 - waiting for thirdparty lock release [integrity check]
2024-11-07 09:13:21,559 [INFO] PluginManage:310 - Check plugin tools
2024-11-07 09:13:21,559 [INFO] IntegrityCheckThread:86 - entering critical section [integrity check]
2024-11-07 09:13:21,561 [INFO] ThirdPartyUpdaterWithRetryManager:70 - Updater plugin not ready yet. [1/15]
2024-11-07 09:13:21,577 [INFO] PluginManage:359 - Loaded plugin tools (category:base,tabindex:7)
2024-11-07 09:13:21,578 [INFO] PluginManage:310 - Check plugin tutovideos
2024-11-07 09:13:23,259 [INFO] PluginManage:359 - Loaded plugin tutovideos (category:base,tabindex:-1)
2024-11-07 09:13:23,260 [INFO] PluginManage:310 - Check plugin updater
2024-11-07 09:13:23,390 [INFO] PluginManage:359 - Loaded plugin updater (category:base,tabindex:12)
2024-11-07 09:13:23,391 [INFO] PluginManage:310 - Check plugin userauth
2024-11-07 09:13:23,453 [INFO] UserAuth:114 - Init User Auth plugin
2024-11-07 09:13:23,454 [INFO] PluginManage:359 - Loaded plugin userauth (category:base,tabindex:14)
2024-11-07 09:13:23,457 [INFO] PluginManage:283 - PluginManage : Loaded plugins [17]
2024-11-07 09:13:24,563 [INFO] ThirdPartyUpdaterWithRetryManager:70 - Updater plugin not ready yet. [2/15]
2024-11-07 09:13:25,822 [INFO] PinOutPanel:1561 - setPackage(No Configuration,No Configuration)
2024-11-07 09:13:26,517 [INFO] CADModel:165 - CPN selected for project level
2024-11-07 09:13:26,518 [INFO] CADModel:114 - Register for checkConnection events
2024-11-07 09:13:26,682 [INFO] IPUIPlugin:80 - create IPUIPlugin
2024-11-07 09:13:26,683 [INFO] PluginManager:220 - loadIPPluginJar : add adc
2024-11-07 09:13:26,736 [INFO] IPUIPlugin:80 - create IPUIPlugin
2024-11-07 09:13:26,737 [INFO] PluginManager:220 - loadIPPluginJar : add aes
2024-11-07 09:13:26,783 [INFO] IPUIPlugin:80 - create IPUIPlugin
2024-11-07 09:13:26,783 [INFO] PluginManager:220 - loadIPPluginJar : add can
2024-11-07 09:13:26,823 [INFO] IPUIPlugin:80 - create IPUIPlugin
2024-11-07 09:13:26,823 [INFO] PluginManager:220 - loadIPPluginJar : add comp
2024-11-07 09:13:26,848 [INFO] IPUIPlugin:80 - create IPUIPlugin
2024-11-07 09:13:26,849 [INFO] PluginManager:220 - loadIPPluginJar : add cryp
2024-11-07 09:13:26,885 [INFO] IPUIPlugin:80 - create IPUIPlugin
2024-11-07 09:13:26,885 [INFO] PluginManager:220 - loadIPPluginJar : add dfsdm
2024-11-07 09:13:26,922 [INFO] IPUIPlugin:80 - create IPUIPlugin
2024-11-07 09:13:26,924 [INFO] PluginManager:220 - loadIPPluginJar : add dma
2024-11-07 09:13:26,946 [INFO] IPUIPlugin:80 - create IPUIPlugin
2024-11-07 09:13:26,947 [INFO] PluginManager:220 - loadIPPluginJar : add dma3
2024-11-07 09:13:26,973 [INFO] IPUIPlugin:80 - create IPUIPlugin
2024-11-07 09:13:26,973 [INFO] PluginManager:220 - loadIPPluginJar : add extmemmanager
2024-11-07 09:13:26,981 [INFO] IPUIPlugin:80 - create IPUIPlugin
2024-11-07 09:13:26,981 [INFO] PluginManager:220 - loadIPPluginJar : add fatfs
2024-11-07 09:13:27,009 [INFO] IPUIPlugin:80 - create IPUIPlugin
2024-11-07 09:13:27,010 [INFO] PluginManager:220 - loadIPPluginJar : add fmc
2024-11-07 09:13:27,061 [INFO] IPUIPlugin:80 - create IPUIPlugin
2024-11-07 09:13:27,062 [INFO] PluginManager:220 - loadIPPluginJar : add freertos
2024-11-07 09:13:27,080 [INFO] IPUIPlugin:80 - create IPUIPlugin
2024-11-07 09:13:27,080 [INFO] PluginManager:220 - loadIPPluginJar : add genericplugin
2024-11-07 09:13:27,107 [INFO] IPUIPlugin:80 - create IPUIPlugin
2024-11-07 09:13:27,107 [INFO] PluginManager:220 - loadIPPluginJar : add gfxmmu
2024-11-07 09:13:27,254 [INFO] IPUIPlugin:80 - create IPUIPlugin
2024-11-07 09:13:27,254 [INFO] PluginManager:220 - loadIPPluginJar : add gic
2024-11-07 09:13:27,298 [INFO] IPUIPlugin:80 - create IPUIPlugin
2024-11-07 09:13:27,299 [INFO] PluginManager:220 - loadIPPluginJar : add gpio
2024-11-07 09:13:27,325 [INFO] IPUIPlugin:80 - create IPUIPlugin
2024-11-07 09:13:27,325 [INFO] PluginManager:220 - loadIPPluginJar : add gtzc
2024-11-07 09:13:27,359 [INFO] IPUIPlugin:80 - create IPUIPlugin
2024-11-07 09:13:27,359 [INFO] PluginManager:220 - loadIPPluginJar : add hash
2024-11-07 09:13:27,385 [INFO] IPUIPlugin:80 - create IPUIPlugin
2024-11-07 09:13:27,386 [INFO] PluginManager:220 - loadIPPluginJar : add i2c
2024-11-07 09:13:27,424 [INFO] IPUIPlugin:80 - create IPUIPlugin
2024-11-07 09:13:27,424 [INFO] PluginManager:220 - loadIPPluginJar : add i2s
2024-11-07 09:13:27,477 [INFO] IPUIPlugin:80 - create IPUIPlugin
2024-11-07 09:13:27,478 [INFO] PluginManager:220 - loadIPPluginJar : add i3c
2024-11-07 09:13:27,496 [INFO] IPUIPlugin:80 - create IPUIPlugin
2024-11-07 09:13:27,496 [INFO] PluginManager:220 - loadIPPluginJar : add ipddr
2024-11-07 09:13:27,564 [INFO] IPUIPlugin:80 - create IPUIPlugin
2024-11-07 09:13:27,565 [INFO] ThirdPartyUpdaterWithRetryManager:70 - Updater plugin not ready yet. [3/15]
2024-11-07 09:13:27,565 [INFO] PluginManager:220 - loadIPPluginJar : add linkedlist
2024-11-07 09:13:27,593 [INFO] IPUIPlugin:80 - create IPUIPlugin
2024-11-07 09:13:27,593 [INFO] PluginManager:220 - loadIPPluginJar : add lorawan
2024-11-07 09:13:27,666 [INFO] IPUIPlugin:80 - create IPUIPlugin
2024-11-07 09:13:27,667 [INFO] PluginManager:220 - loadIPPluginJar : add ltdc
2024-11-07 09:13:27,739 [INFO] IPUIPlugin:80 - create IPUIPlugin
2024-11-07 09:13:27,739 [INFO] PluginManager:220 - loadIPPluginJar : add mdma
2024-11-07 09:13:27,777 [INFO] IPUIPlugin:80 - create IPUIPlugin
2024-11-07 09:13:27,778 [INFO] PluginManager:220 - loadIPPluginJar : add nvic
2024-11-07 09:13:27,831 [INFO] IPUIPlugin:80 - create IPUIPlugin
2024-11-07 09:13:27,832 [INFO] PluginManager:220 - loadIPPluginJar : add opamp
2024-11-07 09:13:27,868 [INFO] IPUIPlugin:80 - create IPUIPlugin
2024-11-07 09:13:27,868 [INFO] PluginManager:220 - loadIPPluginJar : add openamp
2024-11-07 09:13:27,916 [INFO] IPUIPlugin:80 - create IPUIPlugin
2024-11-07 09:13:27,916 [INFO] PluginManager:220 - loadIPPluginJar : add pdm2pcm
2024-11-07 09:13:27,954 [INFO] IPUIPlugin:80 - create IPUIPlugin
2024-11-07 09:13:27,966 [INFO] PluginManager:220 - loadIPPluginJar : add plateformsettings
2024-11-07 09:13:27,988 [INFO] IPUIPlugin:80 - create IPUIPlugin
2024-11-07 09:13:27,989 [INFO] PluginManager:220 - loadIPPluginJar : add quadspi
2024-11-07 09:13:28,052 [INFO] IPUIPlugin:80 - create IPUIPlugin
2024-11-07 09:13:28,052 [INFO] PluginManager:220 - loadIPPluginJar : add resmgrutility
2024-11-07 09:13:28,093 [INFO] IPUIPlugin:80 - create IPUIPlugin
2024-11-07 09:13:28,093 [INFO] PluginManager:220 - loadIPPluginJar : add sai
2024-11-07 09:13:28,120 [INFO] IPUIPlugin:80 - create IPUIPlugin
2024-11-07 09:13:28,121 [INFO] PluginManager:220 - loadIPPluginJar : add spi
2024-11-07 09:13:28,143 [INFO] IPUIPlugin:80 - create IPUIPlugin
2024-11-07 09:13:28,143 [INFO] PluginManager:220 - loadIPPluginJar : add stm32_wpan
2024-11-07 09:13:28,184 [INFO] IPUIPlugin:80 - create IPUIPlugin
2024-11-07 09:13:28,185 [INFO] PluginManager:220 - loadIPPluginJar : add tim
2024-11-07 09:13:28,229 [INFO] IPUIPlugin:80 - create IPUIPlugin
2024-11-07 09:13:28,230 [INFO] PluginManager:220 - loadIPPluginJar : add touchsensing
2024-11-07 09:13:28,258 [INFO] IPUIPlugin:80 - create IPUIPlugin
2024-11-07 09:13:28,259 [INFO] PluginManager:220 - loadIPPluginJar : add tracer_emb
2024-11-07 09:13:28,266 [INFO] IPUIPlugin:80 - create IPUIPlugin
2024-11-07 09:13:28,267 [INFO] PluginManager:220 - loadIPPluginJar : add ts
2024-11-07 09:13:28,308 [INFO] IPUIPlugin:80 - create IPUIPlugin
2024-11-07 09:13:28,308 [INFO] PluginManager:220 - loadIPPluginJar : add tsc
2024-11-07 09:13:28,326 [INFO] IPUIPlugin:80 - create IPUIPlugin
2024-11-07 09:13:28,326 [INFO] PluginManager:220 - loadIPPluginJar : add ucpd
2024-11-07 09:13:28,383 [INFO] IPUIPlugin:80 - create IPUIPlugin
2024-11-07 09:13:28,384 [INFO] PluginManager:220 - loadIPPluginJar : add usart
2024-11-07 09:13:28,411 [INFO] IPUIPlugin:80 - create IPUIPlugin
2024-11-07 09:13:28,411 [INFO] PluginManager:220 - loadIPPluginJar : add usbx
2024-11-07 09:13:28,915 [INFO] CADModel:165 - CPN selected for project level
2024-11-07 09:13:28,916 [INFO] CADModel:114 - Register for checkConnection events
2024-11-07 09:13:28,917 [FATAL] Updater:308 - Updater called before beeing initialized
2024-11-07 09:13:28,917 [ERROR] CADModel:125 - Updater not yet initialized, retry later 
2024-11-07 09:13:30,429 [INFO] CADModel:165 - CPN selected for project level
2024-11-07 09:13:30,429 [INFO] CADModel:114 - Register for checkConnection events
2024-11-07 09:13:30,429 [FATAL] Updater:308 - Updater called before beeing initialized
2024-11-07 09:13:30,430 [ERROR] CADModel:125 - Updater not yet initialized, retry later 
2024-11-07 09:13:30,471 [FATAL] Updater:308 - Updater called before beeing initialized
2024-11-07 09:13:30,566 [INFO] ThirdPartyUpdaterWithRetryManager:70 - Updater plugin not ready yet. [4/15]
2024-11-07 09:13:31,204 [FATAL] Updater:308 - Updater called before beeing initialized
2024-11-07 09:13:31,219 [INFO] DbMcusAds:53 - JSON generation date=Fri Sep 20 18:34:38 IST 2024 (1726837478367)
2024-11-07 09:13:31,220 [FATAL] Updater:308 - Updater called before beeing initialized
2024-11-07 09:13:31,578 [WARN] DetailPanel:346 - Failed to get advertising image, set to default
2024-11-07 09:13:32,179 [FATAL] Updater:308 - Updater called before beeing initialized
2024-11-07 09:13:32,212 [FATAL] Updater:308 - Updater called before beeing initialized
2024-11-07 09:13:32,213 [FATAL] Updater:308 - Updater called before beeing initialized
2024-11-07 09:13:32,213 [WARN] DetailPanel:346 - Failed to get advertising image, set to default
2024-11-07 09:13:32,218 [FATAL] Updater:308 - Updater called before beeing initialized
2024-11-07 09:13:32,559 [ERROR] Updater:1120 - MainUpdater not yet initialized. External WinMGr cannot be set.
2024-11-07 09:13:32,580 [INFO] Updater:1056 - Updater Version found : 6.11.1
2024-11-07 09:13:32,734 [INFO] ApplicationProperties:184 - Using Application install path: C:\ST\STM32CubeIDE_1.15.1\STM32CubeIDE\plugins\com.st.stm32cube.common.mx_6.11.1.202404110753
2024-11-07 09:13:33,567 [FATAL] Updater:308 - Updater called before beeing initialized
2024-11-07 09:13:33,569 [ERROR] IntegrityCheckThread:130 - Cannot retrieve database content from updater: error 21
2024-11-07 09:13:33,570 [INFO] ThirdParty:978 - Integrity check success = false
2024-11-07 09:13:33,571 [INFO] IntegrityCheckThread:100 - exiting critical section [integrity check]
2024-11-07 09:13:33,571 [INFO] IntegrityCheckThread:103 - End integrity checks thread
2024-11-07 09:13:34,406 [ERROR] LogOutputStream:75 - [STDERR_REDIRECT] Nov 07, 2024 9:13:34 AM java.util.prefs.WindowsPreferences <init>
2024-11-07 09:13:34,419 [ERROR] LogOutputStream:75 - [STDERR_REDIRECT] WARNING: Could not open/create prefs root node Software\JavaSoft\Prefs at root 0xffffffff80000002. Windows RegCreateKeyEx(...) returned error code 5.
2024-11-07 09:13:34,420 [ERROR] LogOutputStream:75 - [STDERR_REDIRECT] 
2024-11-07 09:13:36,127 [INFO] MainUpdater:2873 - connection check result : 22
2024-11-07 09:13:36,132 [INFO] MainUpdater:290 - Updater Check For Update Now.
2024-11-07 09:13:36,133 [INFO] MicroXplorer:498 - Change Database Version : DB.6.0.111
2024-11-07 09:13:36,178 [INFO] McuFinderGlobals:63 - Set McuFinder mode to 2 (CubeIDE integrated)
2024-11-07 09:13:36,277 [INFO] UserAuth:415 - Internet connection configuration mode: 2
2024-11-07 09:13:37,196 [INFO] CheckServerUpdateThread:120 - End of CheckServer Thread
2024-11-07 10:45:05,254 [ERROR] ConfigurationRetriever:142 - IOException on connection: sw-center.st.com
2024-11-07 10:45:05,261 [ERROR] ConfigurationRetriever:142 - IOException on connection: sw-center.st.com
2024-11-07 10:45:05,263 [ERROR] ConfigurationRetriever:142 - IOException on connection: sw-center.st.com
2024-11-07 10:45:09,886 [ERROR] LogOutputStream:75 - [STDERR_REDIRECT] 
2024-11-07 21:34:09,397 [INFO] Activator:176 - 


2024-11-07 21:34:09,471 [INFO] Activator:177 - !SESSION log4j initialized
2024-11-07 21:35:38,144 [INFO] LogOutputStream:77 - [STDOUT_REDIRECT] 
2024-11-07 21:37:00,229 [INFO] ApplicationProperties:184 - Using Application install path: C:\ST\STM32CubeIDE_1.15.1\STM32CubeIDE\plugins\com.st.stm32cube.common.mx_6.11.1.202404110753
2024-11-07 21:37:01,656 [INFO] DbMcusXml:78 - Set database path to: C:\ST\STM32CubeIDE_1.15.1\STM32CubeIDE\plugins\com.st.stm32cube.common.mx_6.11.1.202404110753\\db\/mcu/
2024-11-07 21:37:01,657 [INFO] ApiDb:274 - Set plugin database path to: C:\ST\STM32CubeIDE_1.15.1\STM32CubeIDE\plugins\com.st.stm32cube.common.mx_6.11.1.202404110753\\db\/plugins/boardmanager/
2024-11-07 21:37:01,658 [WARN] ApiDb:259 - Overriding images path with different value:  => C:\ST\STM32CubeIDE_1.15.1\STM32CubeIDE\plugins\com.st.stm32cube.common.mx_6.11.1.202404110753\\db\/plugins/mcufinder/images/
2024-11-07 21:37:02,751 [INFO] ApiDb:250 - Set database path to: C:\Users\OVIA\.stmcufinder\plugins\mcufinder//mcu/
2024-11-07 21:37:02,757 [INFO] DbMcusAds:125 - Set database path to: C:\Users\OVIA\.stmcufinder\plugins\mcufinder//mcu/
2024-11-07 21:37:02,907 [INFO] CrossReferenceDbSqlite:203 - Set database path to: C:\Users\OVIA\.stmcufinder\plugins\mcufinder//mcu/cs/
2024-11-07 21:37:06,842 [INFO] RulesReader:64 - Compatibility file has been processed (297 Rules)
2024-11-07 21:37:14,006 [INFO] DbMcusXml:78 - Set database path to: C:\ST\STM32CubeIDE_1.15.1\STM32CubeIDE\plugins\com.st.stm32cube.common.mx_6.11.1.202404110753\\db\/mcu/
2024-11-07 21:37:14,007 [INFO] ApiDb:274 - Set plugin database path to: C:\ST\STM32CubeIDE_1.15.1\STM32CubeIDE\plugins\com.st.stm32cube.common.mx_6.11.1.202404110753\\db\/plugins/boardmanager/
2024-11-07 21:37:14,008 [INFO] ApiDb:261 - Set plugin images path to: C:\ST\STM32CubeIDE_1.15.1\STM32CubeIDE\plugins\com.st.stm32cube.common.mx_6.11.1.202404110753\\db\/plugins/mcufinder/images/
2024-11-07 21:37:14,009 [WARN] DbFile:41 - Overriding database path with different value: C:\Users\OVIA\.stmcufinder\plugins\mcufinder/ => C:\Users\OVIA\.stmcufinder\plugins\mcufinder
2024-11-07 21:37:14,009 [INFO] ApiDb:250 - Set database path to: C:\Users\OVIA\.stmcufinder\plugins\mcufinder//mcu/
2024-11-07 21:37:14,009 [WARN] DbFile:41 - Overriding database path with different value: C:\Users\OVIA\.stmcufinder\plugins\mcufinder/ => C:\Users\OVIA\.stmcufinder\plugins\mcufinder
2024-11-07 21:37:14,010 [INFO] DbMcusAds:125 - Set database path to: C:\Users\OVIA\.stmcufinder\plugins\mcufinder//mcu/
2024-11-07 21:37:14,010 [WARN] DbFile:41 - Overriding database path with different value: C:\Users\OVIA\.stmcufinder\plugins\mcufinder/ => C:\Users\OVIA\.stmcufinder\plugins\mcufinder
2024-11-07 21:37:14,010 [WARN] DbFile:41 - Overriding database path with different value: C:\Users\OVIA\.stmcufinder\plugins\mcufinder/ => C:\Users\OVIA\.stmcufinder\plugins\mcufinder
2024-11-07 21:37:14,130 [INFO] CrossReferenceDbSqlite:203 - Set database path to: C:\Users\OVIA\.stmcufinder\plugins\mcufinder//mcu/cs/
2024-11-07 21:37:18,259 [INFO] MainPanel:264 - HeapMemory: 268435456
2024-11-07 21:37:23,478 [INFO] DbMcusXml:78 - Set database path to: C:\ST\STM32CubeIDE_1.15.1\STM32CubeIDE\plugins\com.st.stm32cube.common.mx_6.11.1.202404110753\\db\/mcu/
2024-11-07 21:37:23,479 [INFO] ApiDb:274 - Set plugin database path to: C:\ST\STM32CubeIDE_1.15.1\STM32CubeIDE\plugins\com.st.stm32cube.common.mx_6.11.1.202404110753\\db\/plugins/boardmanager/
2024-11-07 21:37:23,480 [INFO] ApiDb:261 - Set plugin images path to: C:\ST\STM32CubeIDE_1.15.1\STM32CubeIDE\plugins\com.st.stm32cube.common.mx_6.11.1.202404110753\\db\/plugins/mcufinder/images/
2024-11-07 21:37:23,482 [WARN] DbFile:41 - Overriding database path with different value: C:\Users\OVIA\.stmcufinder\plugins\mcufinder/ => C:\Users\OVIA\.stmcufinder\plugins\mcufinder
2024-11-07 21:37:23,482 [INFO] ApiDb:250 - Set database path to: C:\Users\OVIA\.stmcufinder\plugins\mcufinder//mcu/
2024-11-07 21:37:23,483 [WARN] DbFile:41 - Overriding database path with different value: C:\Users\OVIA\.stmcufinder\plugins\mcufinder/ => C:\Users\OVIA\.stmcufinder\plugins\mcufinder
2024-11-07 21:37:23,484 [INFO] DbMcusAds:125 - Set database path to: C:\Users\OVIA\.stmcufinder\plugins\mcufinder//mcu/
2024-11-07 21:37:23,484 [WARN] DbFile:41 - Overriding database path with different value: C:\Users\OVIA\.stmcufinder\plugins\mcufinder/ => C:\Users\OVIA\.stmcufinder\plugins\mcufinder
2024-11-07 21:37:23,485 [WARN] DbFile:41 - Overriding database path with different value: C:\Users\OVIA\.stmcufinder\plugins\mcufinder/ => C:\Users\OVIA\.stmcufinder\plugins\mcufinder
2024-11-07 21:37:23,486 [INFO] CrossReferenceDbSqlite:203 - Set database path to: C:\Users\OVIA\.stmcufinder\plugins\mcufinder//mcu/cs/
2024-11-07 21:37:23,753 [INFO] ApplicationProperties:184 - Using Application install path: C:\ST\STM32CubeIDE_1.15.1\STM32CubeIDE\plugins\com.st.stm32cube.common.mx_6.11.1.202404110753
2024-11-07 21:37:23,801 [INFO] PluginManage:196 - Search for loadable plugins [exclusion list=, ]
2024-11-07 21:37:23,839 [INFO] PluginManage:310 - Check plugin analytics
2024-11-07 21:37:25,669 [INFO] AnalyticsPlugin:253 - Accepted Software Licenses: 
2024-11-07 21:37:25,670 [INFO] AnalyticsPlugin:255 - Accepted CMSIS Pack Licenses: 
2024-11-07 21:37:25,670 [INFO] AnalyticsPlugin:257 - Accepted Firmware Licenses: FW.F4.1.28.0
2024-11-07 21:37:25,682 [INFO] PluginManage:359 - Loaded plugin analytics (category:tool,tabindex:-1)
2024-11-07 21:37:25,683 [INFO] PluginManage:310 - Check plugin cadmodel
2024-11-07 21:37:25,790 [INFO] CADModel:105 - Init CAD model plugin
2024-11-07 21:37:25,791 [INFO] PluginManage:359 - Loaded plugin cadmodel (category:power,tabindex:5)
2024-11-07 21:37:25,792 [INFO] PluginManage:310 - Check plugin clock
2024-11-07 21:37:26,163 [INFO] PluginManage:359 - Loaded plugin clock (category:base,tabindex:2)
2024-11-07 21:37:26,164 [INFO] PluginManage:310 - Check plugin ddr
2024-11-07 21:37:26,208 [INFO] PluginManage:359 - Loaded plugin ddr (category:tool,tabindex:6)
2024-11-07 21:37:26,209 [INFO] PluginManage:310 - Check plugin filemanager
2024-11-07 21:37:28,014 [INFO] PluginManage:359 - Loaded plugin filemanager (category:base,tabindex:10)
2024-11-07 21:37:28,015 [INFO] PluginManage:310 - Check plugin ipmanager
2024-11-07 21:37:28,125 [INFO] PluginManage:359 - Loaded plugin ipmanager (category:base,tabindex:5)
2024-11-07 21:37:28,126 [INFO] PluginManage:310 - Check plugin lpbam
2024-11-07 21:37:28,236 [INFO] PluginManage:359 - Loaded plugin lpbam (category:base,tabindex:0)
2024-11-07 21:37:28,238 [INFO] PluginManage:310 - Check plugin memorymap
2024-11-07 21:37:28,561 [INFO] PluginManage:359 - Loaded plugin memorymap (category:base,tabindex:4)
2024-11-07 21:37:28,562 [INFO] PluginManage:310 - Check plugin pinoutandconfiguration
2024-11-07 21:37:28,979 [INFO] PluginManage:359 - Loaded plugin pinoutandconfiguration (category:base,tabindex:1)
2024-11-07 21:37:28,979 [INFO] PluginManage:310 - Check plugin pinoutconfig
2024-11-07 21:37:30,256 [WARN] SupportedApi:132 - Cannot load RTOS API schema: s4s-elt-must-match.1: The content of 'definitions' must match (annotation?, (simpleType | complexType)?, (unique | key | keyref)*)). A problem was found starting at: attribute.
2024-11-07 21:37:31,786 [INFO] PluginManage:359 - Loaded plugin pinoutconfig (category:base,tabindex:0)
2024-11-07 21:37:31,787 [INFO] PluginManage:310 - Check plugin power
2024-11-07 21:37:31,994 [INFO] PluginManage:359 - Loaded plugin power (category:power,tabindex:4)
2024-11-07 21:37:31,995 [INFO] PluginManage:310 - Check plugin projectmanager
2024-11-07 21:37:32,326 [INFO] PluginManage:359 - Loaded plugin projectmanager (category:projectmanager,tabindex:3)
2024-11-07 21:37:32,328 [INFO] PluginManage:310 - Check plugin thirdparty
2024-11-07 21:37:33,987 [INFO] PluginManage:359 - Loaded plugin thirdparty (category:base,tabindex:-1)
2024-11-07 21:37:33,987 [WARN] IntegrityCheckThread:84 - waiting for thirdparty lock release [integrity check]
2024-11-07 21:37:33,988 [INFO] PluginManage:310 - Check plugin tools
2024-11-07 21:37:33,988 [INFO] IntegrityCheckThread:86 - entering critical section [integrity check]
2024-11-07 21:37:33,990 [INFO] ThirdPartyUpdaterWithRetryManager:70 - Updater plugin not ready yet. [1/15]
2024-11-07 21:37:34,013 [INFO] PluginManage:359 - Loaded plugin tools (category:base,tabindex:7)
2024-11-07 21:37:34,014 [INFO] PluginManage:310 - Check plugin tutovideos
2024-11-07 21:37:36,456 [INFO] PluginManage:359 - Loaded plugin tutovideos (category:base,tabindex:-1)
2024-11-07 21:37:36,457 [INFO] PluginManage:310 - Check plugin updater
2024-11-07 21:37:36,595 [INFO] PluginManage:359 - Loaded plugin updater (category:base,tabindex:12)
2024-11-07 21:37:36,595 [INFO] PluginManage:310 - Check plugin userauth
2024-11-07 21:37:36,665 [INFO] UserAuth:114 - Init User Auth plugin
2024-11-07 21:37:36,665 [INFO] PluginManage:359 - Loaded plugin userauth (category:base,tabindex:14)
2024-11-07 21:37:36,668 [INFO] PluginManage:283 - PluginManage : Loaded plugins [17]
2024-11-07 21:37:37,036 [INFO] ThirdPartyUpdaterWithRetryManager:70 - Updater plugin not ready yet. [2/15]
2024-11-07 21:37:40,069 [INFO] ThirdPartyUpdaterWithRetryManager:70 - Updater plugin not ready yet. [3/15]
2024-11-07 21:37:40,174 [INFO] PinOutPanel:1561 - setPackage(No Configuration,No Configuration)
2024-11-07 21:37:40,838 [INFO] CADModel:165 - CPN selected for project level
2024-11-07 21:37:40,839 [INFO] CADModel:114 - Register for checkConnection events
2024-11-07 21:37:41,047 [INFO] IPUIPlugin:80 - create IPUIPlugin
2024-11-07 21:37:41,049 [INFO] PluginManager:220 - loadIPPluginJar : add adc
2024-11-07 21:37:41,365 [INFO] IPUIPlugin:80 - create IPUIPlugin
2024-11-07 21:37:41,366 [INFO] PluginManager:220 - loadIPPluginJar : add aes
2024-11-07 21:37:41,564 [INFO] IPUIPlugin:80 - create IPUIPlugin
2024-11-07 21:37:41,568 [INFO] PluginManager:220 - loadIPPluginJar : add can
2024-11-07 21:37:42,192 [INFO] IPUIPlugin:80 - create IPUIPlugin
2024-11-07 21:37:42,194 [INFO] PluginManager:220 - loadIPPluginJar : add comp
2024-11-07 21:37:42,511 [INFO] IPUIPlugin:80 - create IPUIPlugin
2024-11-07 21:37:42,512 [INFO] PluginManager:220 - loadIPPluginJar : add cryp
2024-11-07 21:37:42,750 [INFO] IPUIPlugin:80 - create IPUIPlugin
2024-11-07 21:37:42,750 [INFO] PluginManager:220 - loadIPPluginJar : add dfsdm
2024-11-07 21:37:42,856 [INFO] IPUIPlugin:80 - create IPUIPlugin
2024-11-07 21:37:42,857 [INFO] PluginManager:220 - loadIPPluginJar : add dma
2024-11-07 21:37:43,070 [INFO] ThirdPartyUpdaterWithRetryManager:70 - Updater plugin not ready yet. [4/15]
2024-11-07 21:37:43,143 [INFO] IPUIPlugin:80 - create IPUIPlugin
2024-11-07 21:37:43,144 [INFO] PluginManager:220 - loadIPPluginJar : add dma3
2024-11-07 21:37:43,620 [INFO] IPUIPlugin:80 - create IPUIPlugin
2024-11-07 21:37:43,620 [INFO] PluginManager:220 - loadIPPluginJar : add extmemmanager
2024-11-07 21:37:43,820 [INFO] IPUIPlugin:80 - create IPUIPlugin
2024-11-07 21:37:43,820 [INFO] PluginManager:220 - loadIPPluginJar : add fatfs
2024-11-07 21:37:44,237 [INFO] IPUIPlugin:80 - create IPUIPlugin
2024-11-07 21:37:44,238 [INFO] PluginManager:220 - loadIPPluginJar : add fmc
2024-11-07 21:37:44,462 [INFO] IPUIPlugin:80 - create IPUIPlugin
2024-11-07 21:37:44,464 [INFO] PluginManager:220 - loadIPPluginJar : add freertos
2024-11-07 21:37:44,631 [INFO] IPUIPlugin:80 - create IPUIPlugin
2024-11-07 21:37:44,632 [INFO] PluginManager:220 - loadIPPluginJar : add genericplugin
2024-11-07 21:37:45,170 [INFO] IPUIPlugin:80 - create IPUIPlugin
2024-11-07 21:37:45,170 [INFO] PluginManager:220 - loadIPPluginJar : add gfxmmu
2024-11-07 21:37:45,933 [INFO] IPUIPlugin:80 - create IPUIPlugin
2024-11-07 21:37:45,934 [INFO] PluginManager:220 - loadIPPluginJar : add gic
2024-11-07 21:37:46,040 [INFO] IPUIPlugin:80 - create IPUIPlugin
2024-11-07 21:37:46,041 [INFO] PluginManager:220 - loadIPPluginJar : add gpio
2024-11-07 21:37:46,072 [INFO] ThirdPartyUpdaterWithRetryManager:70 - Updater plugin not ready yet. [5/15]
2024-11-07 21:37:46,761 [INFO] IPUIPlugin:80 - create IPUIPlugin
2024-11-07 21:37:46,761 [INFO] PluginManager:220 - loadIPPluginJar : add gtzc
2024-11-07 21:37:46,993 [INFO] IPUIPlugin:80 - create IPUIPlugin
2024-11-07 21:37:46,993 [INFO] PluginManager:220 - loadIPPluginJar : add hash
2024-11-07 21:37:47,385 [INFO] IPUIPlugin:80 - create IPUIPlugin
2024-11-07 21:37:47,386 [INFO] PluginManager:220 - loadIPPluginJar : add i2c
2024-11-07 21:37:47,649 [INFO] IPUIPlugin:80 - create IPUIPlugin
2024-11-07 21:37:47,650 [INFO] PluginManager:220 - loadIPPluginJar : add i2s
2024-11-07 21:37:47,873 [INFO] IPUIPlugin:80 - create IPUIPlugin
2024-11-07 21:37:47,874 [INFO] PluginManager:220 - loadIPPluginJar : add i3c
2024-11-07 21:37:48,480 [INFO] IPUIPlugin:80 - create IPUIPlugin
2024-11-07 21:37:48,481 [INFO] PluginManager:220 - loadIPPluginJar : add ipddr
2024-11-07 21:37:48,981 [INFO] IPUIPlugin:80 - create IPUIPlugin
2024-11-07 21:37:48,982 [INFO] PluginManager:220 - loadIPPluginJar : add linkedlist
2024-11-07 21:37:49,074 [INFO] ThirdPartyUpdaterWithRetryManager:70 - Updater plugin not ready yet. [6/15]
2024-11-07 21:37:49,147 [INFO] IPUIPlugin:80 - create IPUIPlugin
2024-11-07 21:37:49,147 [INFO] PluginManager:220 - loadIPPluginJar : add lorawan
2024-11-07 21:37:49,334 [INFO] IPUIPlugin:80 - create IPUIPlugin
2024-11-07 21:37:49,334 [INFO] PluginManager:220 - loadIPPluginJar : add ltdc
2024-11-07 21:37:49,447 [INFO] IPUIPlugin:80 - create IPUIPlugin
2024-11-07 21:37:49,448 [INFO] PluginManager:220 - loadIPPluginJar : add mdma
2024-11-07 21:37:49,538 [INFO] IPUIPlugin:80 - create IPUIPlugin
2024-11-07 21:37:49,539 [INFO] PluginManager:220 - loadIPPluginJar : add nvic
2024-11-07 21:37:49,800 [INFO] IPUIPlugin:80 - create IPUIPlugin
2024-11-07 21:37:49,801 [INFO] PluginManager:220 - loadIPPluginJar : add opamp
2024-11-07 21:37:50,063 [INFO] IPUIPlugin:80 - create IPUIPlugin
2024-11-07 21:37:50,063 [INFO] PluginManager:220 - loadIPPluginJar : add openamp
2024-11-07 21:37:50,352 [INFO] IPUIPlugin:80 - create IPUIPlugin
2024-11-07 21:37:50,352 [INFO] PluginManager:220 - loadIPPluginJar : add pdm2pcm
2024-11-07 21:37:50,460 [INFO] IPUIPlugin:80 - create IPUIPlugin
2024-11-07 21:37:50,471 [INFO] PluginManager:220 - loadIPPluginJar : add plateformsettings
2024-11-07 21:37:50,608 [INFO] IPUIPlugin:80 - create IPUIPlugin
2024-11-07 21:37:50,609 [INFO] PluginManager:220 - loadIPPluginJar : add quadspi
2024-11-07 21:37:50,702 [INFO] IPUIPlugin:80 - create IPUIPlugin
2024-11-07 21:37:50,702 [INFO] PluginManager:220 - loadIPPluginJar : add resmgrutility
2024-11-07 21:37:51,052 [INFO] IPUIPlugin:80 - create IPUIPlugin
2024-11-07 21:37:51,052 [INFO] PluginManager:220 - loadIPPluginJar : add sai
2024-11-07 21:37:51,235 [INFO] IPUIPlugin:80 - create IPUIPlugin
2024-11-07 21:37:51,235 [INFO] PluginManager:220 - loadIPPluginJar : add spi
2024-11-07 21:37:51,585 [INFO] IPUIPlugin:80 - create IPUIPlugin
2024-11-07 21:37:51,586 [INFO] PluginManager:220 - loadIPPluginJar : add stm32_wpan
2024-11-07 21:37:51,713 [INFO] IPUIPlugin:80 - create IPUIPlugin
2024-11-07 21:37:51,714 [INFO] PluginManager:220 - loadIPPluginJar : add tim
2024-11-07 21:37:52,038 [INFO] IPUIPlugin:80 - create IPUIPlugin
2024-11-07 21:37:52,039 [INFO] PluginManager:220 - loadIPPluginJar : add touchsensing
2024-11-07 21:37:52,076 [INFO] ThirdPartyUpdaterWithRetryManager:70 - Updater plugin not ready yet. [7/15]
2024-11-07 21:37:52,159 [INFO] IPUIPlugin:80 - create IPUIPlugin
2024-11-07 21:37:52,159 [INFO] PluginManager:220 - loadIPPluginJar : add tracer_emb
2024-11-07 21:37:52,286 [INFO] IPUIPlugin:80 - create IPUIPlugin
2024-11-07 21:37:52,286 [INFO] PluginManager:220 - loadIPPluginJar : add ts
2024-11-07 21:37:52,436 [INFO] IPUIPlugin:80 - create IPUIPlugin
2024-11-07 21:37:52,436 [INFO] PluginManager:220 - loadIPPluginJar : add tsc
2024-11-07 21:37:52,543 [INFO] IPUIPlugin:80 - create IPUIPlugin
2024-11-07 21:37:52,544 [INFO] PluginManager:220 - loadIPPluginJar : add ucpd
2024-11-07 21:37:52,852 [INFO] IPUIPlugin:80 - create IPUIPlugin
2024-11-07 21:37:52,852 [INFO] PluginManager:220 - loadIPPluginJar : add usart
2024-11-07 21:37:53,118 [INFO] IPUIPlugin:80 - create IPUIPlugin
2024-11-07 21:37:53,118 [INFO] PluginManager:220 - loadIPPluginJar : add usbx
2024-11-07 21:37:53,740 [INFO] CADModel:165 - CPN selected for project level
2024-11-07 21:37:53,740 [INFO] CADModel:114 - Register for checkConnection events
2024-11-07 21:37:53,741 [FATAL] Updater:308 - Updater called before beeing initialized
2024-11-07 21:37:53,741 [ERROR] CADModel:125 - Updater not yet initialized, retry later 
2024-11-07 21:37:55,077 [INFO] ThirdPartyUpdaterWithRetryManager:70 - Updater plugin not ready yet. [8/15]
2024-11-07 21:37:55,253 [INFO] CADModel:165 - CPN selected for project level
2024-11-07 21:37:55,253 [INFO] CADModel:114 - Register for checkConnection events
2024-11-07 21:37:55,254 [FATAL] Updater:308 - Updater called before beeing initialized
2024-11-07 21:37:55,254 [ERROR] CADModel:125 - Updater not yet initialized, retry later 
2024-11-07 21:37:55,288 [FATAL] Updater:308 - Updater called before beeing initialized
2024-11-07 21:37:56,449 [FATAL] Updater:308 - Updater called before beeing initialized
2024-11-07 21:37:56,527 [INFO] DbMcusAds:53 - JSON generation date=Fri Sep 20 18:34:38 IST 2024 (1726837478367)
2024-11-07 21:37:56,528 [FATAL] Updater:308 - Updater called before beeing initialized
2024-11-07 21:37:57,236 [WARN] DetailPanel:346 - Failed to get advertising image, set to default
2024-11-07 21:37:57,925 [FATAL] Updater:308 - Updater called before beeing initialized
2024-11-07 21:37:58,078 [FATAL] Updater:308 - Updater called before beeing initialized
2024-11-07 21:37:58,079 [ERROR] IntegrityCheckThread:130 - Cannot retrieve database content from updater: error 21
2024-11-07 21:37:58,081 [INFO] ThirdParty:978 - Integrity check success = false
2024-11-07 21:37:58,081 [INFO] IntegrityCheckThread:100 - exiting critical section [integrity check]
2024-11-07 21:37:58,083 [INFO] IntegrityCheckThread:103 - End integrity checks thread
2024-11-07 21:37:58,094 [FATAL] Updater:308 - Updater called before beeing initialized
2024-11-07 21:37:58,095 [FATAL] Updater:308 - Updater called before beeing initialized
2024-11-07 21:37:58,096 [WARN] DetailPanel:346 - Failed to get advertising image, set to default
2024-11-07 21:37:58,104 [FATAL] Updater:308 - Updater called before beeing initialized
2024-11-07 21:37:58,690 [ERROR] Updater:1120 - MainUpdater not yet initialized. External WinMGr cannot be set.
2024-11-07 21:37:58,730 [INFO] Updater:1056 - Updater Version found : 6.11.1
2024-11-07 21:37:58,946 [INFO] ApplicationProperties:184 - Using Application install path: C:\ST\STM32CubeIDE_1.15.1\STM32CubeIDE\plugins\com.st.stm32cube.common.mx_6.11.1.202404110753
2024-11-07 21:38:00,703 [ERROR] LogOutputStream:75 - [STDERR_REDIRECT] Nov 07, 2024 9:38:00 PM java.util.prefs.WindowsPreferences <init>
2024-11-07 21:38:00,719 [ERROR] LogOutputStream:75 - [STDERR_REDIRECT] WARNING: Could not open/create prefs root node Software\JavaSoft\Prefs at root 0xffffffff80000002. Windows RegCreateKeyEx(...) returned error code 5.
2024-11-07 21:38:00,721 [ERROR] LogOutputStream:75 - [STDERR_REDIRECT] 
2024-11-07 21:38:03,377 [INFO] MainUpdater:2873 - connection check result : 10
2024-11-07 21:38:03,380 [INFO] MainUpdater:290 - Updater Check For Update Now.
2024-11-07 21:38:03,381 [INFO] MicroXplorer:498 - Change Database Version : DB.6.0.111
2024-11-07 21:38:03,471 [INFO] McuFinderGlobals:63 - Set McuFinder mode to 2 (CubeIDE integrated)
2024-11-07 21:38:03,672 [INFO] UserAuth:415 - Internet connection configuration mode: 1
2024-11-07 21:38:04,012 [INFO] JxBrowserEngine:152 - Initiate JxBrowser Engine with user profile folder
2024-11-07 21:38:04,802 [INFO] CheckServerUpdateThread:120 - End of CheckServer Thread
2024-11-07 21:39:12,063 [INFO] WebApp:161 - Instantiating new browser for Auth
2024-11-07 21:39:28,127 [INFO] WebApp:779 - Register for checkConnection events
2024-11-07 21:39:28,128 [INFO] WebApp:414 - Apply proxy settings
2024-11-07 21:39:28,129 [INFO] WebApp:499 - Chromium requires no authentication
2024-11-07 21:39:28,200 [INFO] WebApp:442 - Direct internet connection detected
2024-11-07 21:39:30,441 [INFO] WebApp:192 - Starting web application
2024-11-07 21:39:30,442 [INFO] WebApp:544 - Web application path used C:\ST\STM32CubeIDE_1.15.1\STM32CubeIDE\plugins\com.st.stm32cube.common.mx_6.11.1.202404110753\db\plugins\mcufinder\reactClient1\index.html
