2024-11-01 11:21:20,845 [INFO] Activator:176 - 


2024-11-01 11:21:20,887 [INFO] Activator:177 - !SESSION log4j initialized
2024-11-01 11:21:56,339 [INFO] LogOutputStream:77 - [STDOUT_REDIRECT] 
2024-11-01 11:22:13,014 [INFO] ApplicationProperties:184 - Using Application install path: C:\ST\STM32CubeIDE_1.15.1\STM32CubeIDE\plugins\com.st.stm32cube.common.mx_6.11.1.202404110753
2024-11-01 11:22:13,119 [INFO] DbMcusXml:78 - Set database path to: C:\ST\STM32CubeIDE_1.15.1\STM32CubeIDE\plugins\com.st.stm32cube.common.mx_6.11.1.202404110753\\db\/mcu/
2024-11-01 11:22:13,121 [INFO] ApiDb:274 - Set plugin database path to: C:\ST\STM32CubeIDE_1.15.1\STM32CubeIDE\plugins\com.st.stm32cube.common.mx_6.11.1.202404110753\\db\/plugins/boardmanager/
2024-11-01 11:22:13,123 [WARN] ApiDb:259 - Overriding images path with different value:  => C:\ST\STM32CubeIDE_1.15.1\STM32CubeIDE\plugins\com.st.stm32cube.common.mx_6.11.1.202404110753\\db\/plugins/mcufinder/images/
2024-11-01 11:22:13,208 [INFO] ApiDb:250 - Set database path to: C:\Users\OVIA\.stmcufinder\plugins\mcufinder//mcu/
2024-11-01 11:22:13,213 [INFO] DbMcusAds:125 - Set database path to: C:\Users\OVIA\.stmcufinder\plugins\mcufinder//mcu/
2024-11-01 11:22:13,227 [INFO] CrossReferenceDbSqlite:203 - Set database path to: C:\Users\OVIA\.stmcufinder\plugins\mcufinder//mcu/cs/
2024-11-01 11:22:13,971 [INFO] RulesReader:64 - Compatibility file has been processed (297 Rules)
2024-11-01 11:22:14,805 [INFO] DbMcusXml:78 - Set database path to: C:\ST\STM32CubeIDE_1.15.1\STM32CubeIDE\plugins\com.st.stm32cube.common.mx_6.11.1.202404110753\\db\/mcu/
2024-11-01 11:22:14,806 [INFO] ApiDb:274 - Set plugin database path to: C:\ST\STM32CubeIDE_1.15.1\STM32CubeIDE\plugins\com.st.stm32cube.common.mx_6.11.1.202404110753\\db\/plugins/boardmanager/
2024-11-01 11:22:14,807 [INFO] ApiDb:261 - Set plugin images path to: C:\ST\STM32CubeIDE_1.15.1\STM32CubeIDE\plugins\com.st.stm32cube.common.mx_6.11.1.202404110753\\db\/plugins/mcufinder/images/
2024-11-01 11:22:14,808 [WARN] DbFile:41 - Overriding database path with different value: C:\Users\OVIA\.stmcufinder\plugins\mcufinder/ => C:\Users\OVIA\.stmcufinder\plugins\mcufinder
2024-11-01 11:22:14,809 [INFO] ApiDb:250 - Set database path to: C:\Users\OVIA\.stmcufinder\plugins\mcufinder//mcu/
2024-11-01 11:22:14,809 [WARN] DbFile:41 - Overriding database path with different value: C:\Users\OVIA\.stmcufinder\plugins\mcufinder/ => C:\Users\OVIA\.stmcufinder\plugins\mcufinder
2024-11-01 11:22:14,810 [INFO] DbMcusAds:125 - Set database path to: C:\Users\OVIA\.stmcufinder\plugins\mcufinder//mcu/
2024-11-01 11:22:14,810 [WARN] DbFile:41 - Overriding database path with different value: C:\Users\OVIA\.stmcufinder\plugins\mcufinder/ => C:\Users\OVIA\.stmcufinder\plugins\mcufinder
2024-11-01 11:22:14,811 [WARN] DbFile:41 - Overriding database path with different value: C:\Users\OVIA\.stmcufinder\plugins\mcufinder/ => C:\Users\OVIA\.stmcufinder\plugins\mcufinder
2024-11-01 11:22:14,811 [INFO] CrossReferenceDbSqlite:203 - Set database path to: C:\Users\OVIA\.stmcufinder\plugins\mcufinder//mcu/cs/
2024-11-01 11:22:15,649 [INFO] MainPanel:264 - HeapMemory: 268435456
2024-11-01 11:22:16,508 [INFO] DbMcusXml:78 - Set database path to: C:\ST\STM32CubeIDE_1.15.1\STM32CubeIDE\plugins\com.st.stm32cube.common.mx_6.11.1.202404110753\\db\/mcu/
2024-11-01 11:22:16,509 [INFO] ApiDb:274 - Set plugin database path to: C:\ST\STM32CubeIDE_1.15.1\STM32CubeIDE\plugins\com.st.stm32cube.common.mx_6.11.1.202404110753\\db\/plugins/boardmanager/
2024-11-01 11:22:16,509 [INFO] ApiDb:261 - Set plugin images path to: C:\ST\STM32CubeIDE_1.15.1\STM32CubeIDE\plugins\com.st.stm32cube.common.mx_6.11.1.202404110753\\db\/plugins/mcufinder/images/
2024-11-01 11:22:16,511 [WARN] DbFile:41 - Overriding database path with different value: C:\Users\OVIA\.stmcufinder\plugins\mcufinder/ => C:\Users\OVIA\.stmcufinder\plugins\mcufinder
2024-11-01 11:22:16,511 [INFO] ApiDb:250 - Set database path to: C:\Users\OVIA\.stmcufinder\plugins\mcufinder//mcu/
2024-11-01 11:22:16,511 [WARN] DbFile:41 - Overriding database path with different value: C:\Users\OVIA\.stmcufinder\plugins\mcufinder/ => C:\Users\OVIA\.stmcufinder\plugins\mcufinder
2024-11-01 11:22:16,512 [INFO] DbMcusAds:125 - Set database path to: C:\Users\OVIA\.stmcufinder\plugins\mcufinder//mcu/
2024-11-01 11:22:16,512 [WARN] DbFile:41 - Overriding database path with different value: C:\Users\OVIA\.stmcufinder\plugins\mcufinder/ => C:\Users\OVIA\.stmcufinder\plugins\mcufinder
2024-11-01 11:22:16,513 [WARN] DbFile:41 - Overriding database path with different value: C:\Users\OVIA\.stmcufinder\plugins\mcufinder/ => C:\Users\OVIA\.stmcufinder\plugins\mcufinder
2024-11-01 11:22:16,513 [INFO] CrossReferenceDbSqlite:203 - Set database path to: C:\Users\OVIA\.stmcufinder\plugins\mcufinder//mcu/cs/
2024-11-01 11:22:16,656 [INFO] ApplicationProperties:184 - Using Application install path: C:\ST\STM32CubeIDE_1.15.1\STM32CubeIDE\plugins\com.st.stm32cube.common.mx_6.11.1.202404110753
2024-11-01 11:22:16,688 [INFO] PluginManage:196 - Search for loadable plugins [exclusion list=, ]
2024-11-01 11:22:16,705 [INFO] PluginManage:310 - Check plugin analytics
2024-11-01 11:22:17,762 [INFO] AnalyticsPlugin:253 - Accepted Software Licenses: 
2024-11-01 11:22:17,763 [INFO] AnalyticsPlugin:255 - Accepted CMSIS Pack Licenses: 
2024-11-01 11:22:17,765 [INFO] AnalyticsPlugin:257 - Accepted Firmware Licenses: FW.F4.1.28.0
2024-11-01 11:22:17,781 [INFO] PluginManage:359 - Loaded plugin analytics (category:tool,tabindex:-1)
2024-11-01 11:22:17,783 [INFO] PluginManage:310 - Check plugin cadmodel
2024-11-01 11:22:17,894 [INFO] CADModel:105 - Init CAD model plugin
2024-11-01 11:22:17,895 [INFO] PluginManage:359 - Loaded plugin cadmodel (category:power,tabindex:5)
2024-11-01 11:22:17,896 [INFO] PluginManage:310 - Check plugin clock
2024-11-01 11:22:17,995 [INFO] PluginManage:359 - Loaded plugin clock (category:base,tabindex:2)
2024-11-01 11:22:17,996 [INFO] PluginManage:310 - Check plugin ddr
2024-11-01 11:22:18,031 [INFO] PluginManage:359 - Loaded plugin ddr (category:tool,tabindex:6)
2024-11-01 11:22:18,032 [INFO] PluginManage:310 - Check plugin filemanager
2024-11-01 11:22:18,809 [INFO] PluginManage:359 - Loaded plugin filemanager (category:base,tabindex:10)
2024-11-01 11:22:18,810 [INFO] PluginManage:310 - Check plugin ipmanager
2024-11-01 11:22:18,892 [INFO] PluginManage:359 - Loaded plugin ipmanager (category:base,tabindex:5)
2024-11-01 11:22:18,893 [INFO] PluginManage:310 - Check plugin lpbam
2024-11-01 11:22:18,979 [INFO] PluginManage:359 - Loaded plugin lpbam (category:base,tabindex:0)
2024-11-01 11:22:18,980 [INFO] PluginManage:310 - Check plugin memorymap
2024-11-01 11:22:19,094 [INFO] PluginManage:359 - Loaded plugin memorymap (category:base,tabindex:4)
2024-11-01 11:22:19,095 [INFO] PluginManage:310 - Check plugin pinoutandconfiguration
2024-11-01 11:22:19,185 [INFO] PluginManage:359 - Loaded plugin pinoutandconfiguration (category:base,tabindex:1)
2024-11-01 11:22:19,186 [INFO] PluginManage:310 - Check plugin pinoutconfig
2024-11-01 11:22:19,670 [WARN] SupportedApi:132 - Cannot load RTOS API schema: s4s-elt-must-match.1: The content of 'definitions' must match (annotation?, (simpleType | complexType)?, (unique | key | keyref)*)). A problem was found starting at: attribute.
2024-11-01 11:22:20,383 [INFO] PluginManage:359 - Loaded plugin pinoutconfig (category:base,tabindex:0)
2024-11-01 11:22:20,384 [INFO] PluginManage:310 - Check plugin power
2024-11-01 11:22:20,515 [INFO] PluginManage:359 - Loaded plugin power (category:power,tabindex:4)
2024-11-01 11:22:20,516 [INFO] PluginManage:310 - Check plugin projectmanager
2024-11-01 11:22:20,630 [INFO] PluginManage:359 - Loaded plugin projectmanager (category:projectmanager,tabindex:3)
2024-11-01 11:22:20,631 [INFO] PluginManage:310 - Check plugin thirdparty
2024-11-01 11:22:22,061 [INFO] PluginManage:359 - Loaded plugin thirdparty (category:base,tabindex:-1)
2024-11-01 11:22:22,061 [INFO] PluginManage:310 - Check plugin tools
2024-11-01 11:22:22,060 [WARN] IntegrityCheckThread:84 - waiting for thirdparty lock release [integrity check]
2024-11-01 11:22:22,064 [INFO] IntegrityCheckThread:86 - entering critical section [integrity check]
2024-11-01 11:22:22,066 [INFO] ThirdPartyUpdaterWithRetryManager:70 - Updater plugin not ready yet. [1/15]
2024-11-01 11:22:22,241 [INFO] PluginManage:359 - Loaded plugin tools (category:base,tabindex:7)
2024-11-01 11:22:22,242 [INFO] PluginManage:310 - Check plugin tutovideos
2024-11-01 11:22:23,155 [INFO] PluginManage:359 - Loaded plugin tutovideos (category:base,tabindex:-1)
2024-11-01 11:22:23,156 [INFO] PluginManage:310 - Check plugin updater
2024-11-01 11:22:23,224 [INFO] PluginManage:359 - Loaded plugin updater (category:base,tabindex:12)
2024-11-01 11:22:23,224 [INFO] PluginManage:310 - Check plugin userauth
2024-11-01 11:22:23,267 [INFO] UserAuth:114 - Init User Auth plugin
2024-11-01 11:22:23,268 [INFO] PluginManage:359 - Loaded plugin userauth (category:base,tabindex:14)
2024-11-01 11:22:23,270 [INFO] PluginManage:283 - PluginManage : Loaded plugins [17]
2024-11-01 11:22:24,879 [INFO] PinOutPanel:1561 - setPackage(No Configuration,No Configuration)
2024-11-01 11:22:25,069 [INFO] ThirdPartyUpdaterWithRetryManager:70 - Updater plugin not ready yet. [2/15]
2024-11-01 11:22:25,495 [INFO] CADModel:165 - CPN selected for project level
2024-11-01 11:22:25,495 [INFO] CADModel:114 - Register for checkConnection events
2024-11-01 11:22:25,638 [INFO] IPUIPlugin:80 - create IPUIPlugin
2024-11-01 11:22:25,638 [INFO] PluginManager:220 - loadIPPluginJar : add adc
2024-11-01 11:22:25,797 [INFO] IPUIPlugin:80 - create IPUIPlugin
2024-11-01 11:22:25,797 [INFO] PluginManager:220 - loadIPPluginJar : add aes
2024-11-01 11:22:25,988 [INFO] IPUIPlugin:80 - create IPUIPlugin
2024-11-01 11:22:25,988 [INFO] PluginManager:220 - loadIPPluginJar : add can
2024-11-01 11:22:26,097 [INFO] IPUIPlugin:80 - create IPUIPlugin
2024-11-01 11:22:26,098 [INFO] PluginManager:220 - loadIPPluginJar : add comp
2024-11-01 11:22:26,256 [INFO] IPUIPlugin:80 - create IPUIPlugin
2024-11-01 11:22:26,257 [INFO] PluginManager:220 - loadIPPluginJar : add cryp
2024-11-01 11:22:26,378 [INFO] IPUIPlugin:80 - create IPUIPlugin
2024-11-01 11:22:26,379 [INFO] PluginManager:220 - loadIPPluginJar : add dfsdm
2024-11-01 11:22:26,556 [INFO] IPUIPlugin:80 - create IPUIPlugin
2024-11-01 11:22:26,558 [INFO] PluginManager:220 - loadIPPluginJar : add dma
2024-11-01 11:22:26,753 [INFO] IPUIPlugin:80 - create IPUIPlugin
2024-11-01 11:22:26,754 [INFO] PluginManager:220 - loadIPPluginJar : add dma3
2024-11-01 11:22:27,002 [INFO] IPUIPlugin:80 - create IPUIPlugin
2024-11-01 11:22:27,002 [INFO] PluginManager:220 - loadIPPluginJar : add extmemmanager
2024-11-01 11:22:27,093 [INFO] IPUIPlugin:80 - create IPUIPlugin
2024-11-01 11:22:27,093 [INFO] PluginManager:220 - loadIPPluginJar : add fatfs
2024-11-01 11:22:27,346 [INFO] IPUIPlugin:80 - create IPUIPlugin
2024-11-01 11:22:27,347 [INFO] PluginManager:220 - loadIPPluginJar : add fmc
2024-11-01 11:22:27,433 [INFO] IPUIPlugin:80 - create IPUIPlugin
2024-11-01 11:22:27,434 [INFO] PluginManager:220 - loadIPPluginJar : add freertos
2024-11-01 11:22:27,444 [INFO] IPUIPlugin:80 - create IPUIPlugin
2024-11-01 11:22:27,445 [INFO] PluginManager:220 - loadIPPluginJar : add genericplugin
2024-11-01 11:22:27,880 [INFO] IPUIPlugin:80 - create IPUIPlugin
2024-11-01 11:22:27,880 [INFO] PluginManager:220 - loadIPPluginJar : add gfxmmu
2024-11-01 11:22:28,070 [INFO] ThirdPartyUpdaterWithRetryManager:70 - Updater plugin not ready yet. [3/15]
2024-11-01 11:22:28,536 [INFO] IPUIPlugin:80 - create IPUIPlugin
2024-11-01 11:22:28,537 [INFO] PluginManager:220 - loadIPPluginJar : add gic
2024-11-01 11:22:28,615 [INFO] IPUIPlugin:80 - create IPUIPlugin
2024-11-01 11:22:28,616 [INFO] PluginManager:220 - loadIPPluginJar : add gpio
2024-11-01 11:22:29,129 [INFO] IPUIPlugin:80 - create IPUIPlugin
2024-11-01 11:22:29,130 [INFO] PluginManager:220 - loadIPPluginJar : add gtzc
2024-11-01 11:22:29,161 [INFO] IPUIPlugin:80 - create IPUIPlugin
2024-11-01 11:22:29,162 [INFO] PluginManager:220 - loadIPPluginJar : add hash
2024-11-01 11:22:29,397 [INFO] IPUIPlugin:80 - create IPUIPlugin
2024-11-01 11:22:29,398 [INFO] PluginManager:220 - loadIPPluginJar : add i2c
2024-11-01 11:22:29,585 [INFO] IPUIPlugin:80 - create IPUIPlugin
2024-11-01 11:22:29,585 [INFO] PluginManager:220 - loadIPPluginJar : add i2s
2024-11-01 11:22:29,817 [INFO] IPUIPlugin:80 - create IPUIPlugin
2024-11-01 11:22:29,817 [INFO] PluginManager:220 - loadIPPluginJar : add i3c
2024-11-01 11:22:30,366 [INFO] IPUIPlugin:80 - create IPUIPlugin
2024-11-01 11:22:30,367 [INFO] PluginManager:220 - loadIPPluginJar : add ipddr
2024-11-01 11:22:30,792 [INFO] IPUIPlugin:80 - create IPUIPlugin
2024-11-01 11:22:30,793 [INFO] PluginManager:220 - loadIPPluginJar : add linkedlist
2024-11-01 11:22:30,948 [INFO] IPUIPlugin:80 - create IPUIPlugin
2024-11-01 11:22:30,949 [INFO] PluginManager:220 - loadIPPluginJar : add lorawan
2024-11-01 11:22:31,071 [INFO] ThirdPartyUpdaterWithRetryManager:70 - Updater plugin not ready yet. [4/15]
2024-11-01 11:22:31,104 [INFO] IPUIPlugin:80 - create IPUIPlugin
2024-11-01 11:22:31,105 [INFO] PluginManager:220 - loadIPPluginJar : add ltdc
2024-11-01 11:22:31,181 [INFO] IPUIPlugin:80 - create IPUIPlugin
2024-11-01 11:22:31,182 [INFO] PluginManager:220 - loadIPPluginJar : add mdma
2024-11-01 11:22:31,230 [INFO] IPUIPlugin:80 - create IPUIPlugin
2024-11-01 11:22:31,230 [INFO] PluginManager:220 - loadIPPluginJar : add nvic
2024-11-01 11:22:31,406 [INFO] IPUIPlugin:80 - create IPUIPlugin
2024-11-01 11:22:31,406 [INFO] PluginManager:220 - loadIPPluginJar : add opamp
2024-11-01 11:22:31,680 [INFO] IPUIPlugin:80 - create IPUIPlugin
2024-11-01 11:22:31,681 [INFO] PluginManager:220 - loadIPPluginJar : add openamp
2024-11-01 11:22:31,886 [INFO] IPUIPlugin:80 - create IPUIPlugin
2024-11-01 11:22:31,886 [INFO] PluginManager:220 - loadIPPluginJar : add pdm2pcm
2024-11-01 11:22:31,952 [INFO] IPUIPlugin:80 - create IPUIPlugin
2024-11-01 11:22:31,961 [INFO] PluginManager:220 - loadIPPluginJar : add plateformsettings
2024-11-01 11:22:32,057 [INFO] IPUIPlugin:80 - create IPUIPlugin
2024-11-01 11:22:32,058 [INFO] PluginManager:220 - loadIPPluginJar : add quadspi
2024-11-01 11:22:32,103 [INFO] IPUIPlugin:80 - create IPUIPlugin
2024-11-01 11:22:32,104 [INFO] PluginManager:220 - loadIPPluginJar : add resmgrutility
2024-11-01 11:22:32,330 [INFO] IPUIPlugin:80 - create IPUIPlugin
2024-11-01 11:22:32,330 [INFO] PluginManager:220 - loadIPPluginJar : add sai
2024-11-01 11:22:32,488 [INFO] IPUIPlugin:80 - create IPUIPlugin
2024-11-01 11:22:32,488 [INFO] PluginManager:220 - loadIPPluginJar : add spi
2024-11-01 11:22:32,804 [INFO] IPUIPlugin:80 - create IPUIPlugin
2024-11-01 11:22:32,804 [INFO] PluginManager:220 - loadIPPluginJar : add stm32_wpan
2024-11-01 11:22:32,822 [INFO] IPUIPlugin:80 - create IPUIPlugin
2024-11-01 11:22:32,823 [INFO] PluginManager:220 - loadIPPluginJar : add tim
2024-11-01 11:22:33,101 [INFO] IPUIPlugin:80 - create IPUIPlugin
2024-11-01 11:22:33,101 [INFO] PluginManager:220 - loadIPPluginJar : add touchsensing
2024-11-01 11:22:33,221 [INFO] IPUIPlugin:80 - create IPUIPlugin
2024-11-01 11:22:33,222 [INFO] PluginManager:220 - loadIPPluginJar : add tracer_emb
2024-11-01 11:22:33,316 [INFO] IPUIPlugin:80 - create IPUIPlugin
2024-11-01 11:22:33,316 [INFO] PluginManager:220 - loadIPPluginJar : add ts
2024-11-01 11:22:33,335 [INFO] IPUIPlugin:80 - create IPUIPlugin
2024-11-01 11:22:33,335 [INFO] PluginManager:220 - loadIPPluginJar : add tsc
2024-11-01 11:22:33,429 [INFO] IPUIPlugin:80 - create IPUIPlugin
2024-11-01 11:22:33,430 [INFO] PluginManager:220 - loadIPPluginJar : add ucpd
2024-11-01 11:22:33,628 [INFO] IPUIPlugin:80 - create IPUIPlugin
2024-11-01 11:22:33,628 [INFO] PluginManager:220 - loadIPPluginJar : add usart
2024-11-01 11:22:33,835 [INFO] IPUIPlugin:80 - create IPUIPlugin
2024-11-01 11:22:33,835 [INFO] PluginManager:220 - loadIPPluginJar : add usbx
2024-11-01 11:22:34,073 [INFO] ThirdPartyUpdaterWithRetryManager:70 - Updater plugin not ready yet. [5/15]
2024-11-01 11:22:34,268 [INFO] CADModel:165 - CPN selected for project level
2024-11-01 11:22:34,269 [INFO] CADModel:114 - Register for checkConnection events
2024-11-01 11:22:34,270 [FATAL] Updater:308 - Updater called before beeing initialized
2024-11-01 11:22:34,270 [ERROR] CADModel:125 - Updater not yet initialized, retry later 
2024-11-01 11:22:35,032 [INFO] CADModel:165 - CPN selected for project level
2024-11-01 11:22:35,033 [INFO] CADModel:114 - Register for checkConnection events
2024-11-01 11:22:35,033 [FATAL] Updater:308 - Updater called before beeing initialized
2024-11-01 11:22:35,033 [ERROR] CADModel:125 - Updater not yet initialized, retry later 
2024-11-01 11:22:35,053 [FATAL] Updater:308 - Updater called before beeing initialized
2024-11-01 11:22:35,718 [FATAL] Updater:308 - Updater called before beeing initialized
2024-11-01 11:22:35,773 [INFO] DbMcusAds:53 - JSON generation date=Fri Sep 20 18:34:38 IST 2024 (1726837478367)
2024-11-01 11:22:35,773 [FATAL] Updater:308 - Updater called before beeing initialized
2024-11-01 11:22:36,220 [WARN] DetailPanel:346 - Failed to get advertising image, set to default
2024-11-01 11:22:36,650 [FATAL] Updater:308 - Updater called before beeing initialized
2024-11-01 11:22:36,693 [FATAL] Updater:308 - Updater called before beeing initialized
2024-11-01 11:22:36,694 [FATAL] Updater:308 - Updater called before beeing initialized
2024-11-01 11:22:36,694 [WARN] DetailPanel:346 - Failed to get advertising image, set to default
2024-11-01 11:22:36,699 [FATAL] Updater:308 - Updater called before beeing initialized
2024-11-01 11:22:37,070 [ERROR] Updater:1120 - MainUpdater not yet initialized. External WinMGr cannot be set.
2024-11-01 11:22:37,075 [FATAL] Updater:308 - Updater called before beeing initialized
2024-11-01 11:22:37,076 [ERROR] IntegrityCheckThread:130 - Cannot retrieve database content from updater: error 21
2024-11-01 11:22:37,078 [INFO] ThirdParty:978 - Integrity check success = false
2024-11-01 11:22:37,078 [INFO] IntegrityCheckThread:100 - exiting critical section [integrity check]
2024-11-01 11:22:37,079 [INFO] IntegrityCheckThread:103 - End integrity checks thread
2024-11-01 11:22:37,128 [INFO] Updater:1056 - Updater Version found : 6.11.1
2024-11-01 11:22:37,218 [INFO] ApplicationProperties:184 - Using Application install path: C:\ST\STM32CubeIDE_1.15.1\STM32CubeIDE\plugins\com.st.stm32cube.common.mx_6.11.1.202404110753
2024-11-01 11:22:38,914 [ERROR] LogOutputStream:75 - [STDERR_REDIRECT] Nov 01, 2024 11:22:38 AM java.util.prefs.WindowsPreferences <init>
2024-11-01 11:22:38,924 [ERROR] LogOutputStream:75 - [STDERR_REDIRECT] WARNING: Could not open/create prefs root node Software\JavaSoft\Prefs at root 0xffffffff80000002. Windows RegCreateKeyEx(...) returned error code 5.
2024-11-01 11:22:38,924 [ERROR] LogOutputStream:75 - [STDERR_REDIRECT] 
2024-11-01 11:22:40,887 [INFO] MainUpdater:2873 - connection check result : 10
2024-11-01 11:22:40,890 [INFO] MainUpdater:290 - Updater Check For Update Now.
2024-11-01 11:22:40,891 [INFO] MicroXplorer:498 - Change Database Version : DB.6.0.111
2024-11-01 11:22:41,059 [INFO] McuFinderGlobals:63 - Set McuFinder mode to 2 (CubeIDE integrated)
2024-11-01 11:22:41,166 [INFO] UserAuth:415 - Internet connection configuration mode: 1
2024-11-01 11:22:41,414 [INFO] JxBrowserEngine:152 - Initiate JxBrowser Engine with user profile folder
2024-11-01 11:22:42,031 [INFO] CheckServerUpdateThread:120 - End of CheckServer Thread
2024-11-01 11:23:27,234 [INFO] WebApp:161 - Instantiating new browser for Auth
2024-11-01 11:23:35,312 [INFO] WebApp:779 - Register for checkConnection events
2024-11-01 11:23:35,313 [INFO] WebApp:414 - Apply proxy settings
2024-11-01 11:23:35,314 [INFO] WebApp:499 - Chromium requires no authentication
2024-11-01 11:23:35,355 [INFO] WebApp:442 - Direct internet connection detected
2024-11-01 11:23:36,406 [INFO] WebApp:192 - Starting web application
2024-11-01 11:23:36,407 [INFO] WebApp:544 - Web application path used C:\ST\STM32CubeIDE_1.15.1\STM32CubeIDE\plugins\com.st.stm32cube.common.mx_6.11.1.202404110753\db\plugins\mcufinder\reactClient1\index.html
2024-11-01 14:27:30,844 [ERROR] ConfigurationRetriever:142 - IOException on connection: sw-center.st.com
2024-11-01 14:27:30,848 [ERROR] ConfigurationRetriever:142 - IOException on connection: sw-center.st.com
2024-11-01 14:27:30,850 [ERROR] ConfigurationRetriever:142 - IOException on connection: sw-center.st.com
2024-11-01 14:27:59,455 [ERROR] ConfigurationRetriever:142 - IOException on connection: sw-center.st.com
2024-11-01 14:27:59,457 [ERROR] ConfigurationRetriever:142 - IOException on connection: sw-center.st.com
2024-11-01 14:27:59,460 [ERROR] ConfigurationRetriever:142 - IOException on connection: sw-center.st.com
2024-11-01 14:33:38,969 [ERROR] ConfigurationRetriever:142 - IOException on connection: sw-center.st.com
2024-11-01 14:33:38,973 [ERROR] ConfigurationRetriever:142 - IOException on connection: sw-center.st.com
2024-11-01 14:33:38,975 [ERROR] ConfigurationRetriever:142 - IOException on connection: sw-center.st.com
2024-11-01 15:31:45,080 [ERROR] ConfigurationRetriever:142 - IOException on connection: Connect timed out
2024-11-01 15:31:47,084 [ERROR] ConfigurationRetriever:142 - IOException on connection: Connect timed out
2024-11-01 15:31:49,088 [ERROR] ConfigurationRetriever:142 - IOException on connection: Connect timed out
2024-11-01 15:31:52,696 [ERROR] ConfigurationRetriever:142 - IOException on connection: Connect timed out
2024-11-01 15:31:54,698 [ERROR] ConfigurationRetriever:142 - IOException on connection: Connect timed out
2024-11-01 15:31:56,702 [ERROR] ConfigurationRetriever:142 - IOException on connection: Connect timed out
2024-11-01 18:07:07,503 [ERROR] ConfigurationRetriever:142 - IOException on connection: Connect timed out
2024-11-01 18:07:09,509 [ERROR] ConfigurationRetriever:142 - IOException on connection: Connect timed out
2024-11-01 18:07:11,512 [ERROR] ConfigurationRetriever:142 - IOException on connection: Connect timed out
2024-11-01 18:07:17,772 [ERROR] LogOutputStream:75 - [STDERR_REDIRECT] 
2024-11-01 18:07:17,779 [ERROR] LogOutputStream:75 - [STDERR_REDIRECT] 
2024-11-01 22:32:44,844 [INFO] Activator:176 - 


2024-11-01 22:32:44,887 [INFO] Activator:177 - !SESSION log4j initialized
2024-11-01 22:33:20,551 [INFO] LogOutputStream:77 - [STDOUT_REDIRECT] 
2024-11-01 22:33:22,443 [ERROR] ConfigurationRetriever:142 - IOException on connection: sw-center.st.com
2024-11-01 22:33:22,446 [ERROR] ConfigurationRetriever:142 - IOException on connection: sw-center.st.com
2024-11-01 22:33:22,448 [ERROR] ConfigurationRetriever:142 - IOException on connection: sw-center.st.com
2024-11-01 22:33:34,292 [INFO] ApplicationProperties:184 - Using Application install path: C:\ST\STM32CubeIDE_1.15.1\STM32CubeIDE\plugins\com.st.stm32cube.common.mx_6.11.1.202404110753
2024-11-01 22:33:34,479 [INFO] DbMcusXml:78 - Set database path to: C:\ST\STM32CubeIDE_1.15.1\STM32CubeIDE\plugins\com.st.stm32cube.common.mx_6.11.1.202404110753\\db\/mcu/
2024-11-01 22:33:34,480 [INFO] ApiDb:274 - Set plugin database path to: C:\ST\STM32CubeIDE_1.15.1\STM32CubeIDE\plugins\com.st.stm32cube.common.mx_6.11.1.202404110753\\db\/plugins/boardmanager/
2024-11-01 22:33:34,482 [WARN] ApiDb:259 - Overriding images path with different value:  => C:\ST\STM32CubeIDE_1.15.1\STM32CubeIDE\plugins\com.st.stm32cube.common.mx_6.11.1.202404110753\\db\/plugins/mcufinder/images/
2024-11-01 22:33:34,853 [INFO] ApiDb:250 - Set database path to: C:\Users\OVIA\.stmcufinder\plugins\mcufinder//mcu/
2024-11-01 22:33:34,857 [INFO] DbMcusAds:125 - Set database path to: C:\Users\OVIA\.stmcufinder\plugins\mcufinder//mcu/
2024-11-01 22:33:34,865 [INFO] CrossReferenceDbSqlite:203 - Set database path to: C:\Users\OVIA\.stmcufinder\plugins\mcufinder//mcu/cs/
2024-11-01 22:33:35,897 [INFO] RulesReader:64 - Compatibility file has been processed (297 Rules)
2024-11-01 22:33:37,574 [INFO] DbMcusXml:78 - Set database path to: C:\ST\STM32CubeIDE_1.15.1\STM32CubeIDE\plugins\com.st.stm32cube.common.mx_6.11.1.202404110753\\db\/mcu/
2024-11-01 22:33:37,575 [INFO] ApiDb:274 - Set plugin database path to: C:\ST\STM32CubeIDE_1.15.1\STM32CubeIDE\plugins\com.st.stm32cube.common.mx_6.11.1.202404110753\\db\/plugins/boardmanager/
2024-11-01 22:33:37,576 [INFO] ApiDb:261 - Set plugin images path to: C:\ST\STM32CubeIDE_1.15.1\STM32CubeIDE\plugins\com.st.stm32cube.common.mx_6.11.1.202404110753\\db\/plugins/mcufinder/images/
2024-11-01 22:33:37,577 [WARN] DbFile:41 - Overriding database path with different value: C:\Users\OVIA\.stmcufinder\plugins\mcufinder/ => C:\Users\OVIA\.stmcufinder\plugins\mcufinder
2024-11-01 22:33:37,578 [INFO] ApiDb:250 - Set database path to: C:\Users\OVIA\.stmcufinder\plugins\mcufinder//mcu/
2024-11-01 22:33:37,579 [WARN] DbFile:41 - Overriding database path with different value: C:\Users\OVIA\.stmcufinder\plugins\mcufinder/ => C:\Users\OVIA\.stmcufinder\plugins\mcufinder
2024-11-01 22:33:37,579 [INFO] DbMcusAds:125 - Set database path to: C:\Users\OVIA\.stmcufinder\plugins\mcufinder//mcu/
2024-11-01 22:33:37,579 [WARN] DbFile:41 - Overriding database path with different value: C:\Users\OVIA\.stmcufinder\plugins\mcufinder/ => C:\Users\OVIA\.stmcufinder\plugins\mcufinder
2024-11-01 22:33:37,580 [WARN] DbFile:41 - Overriding database path with different value: C:\Users\OVIA\.stmcufinder\plugins\mcufinder/ => C:\Users\OVIA\.stmcufinder\plugins\mcufinder
2024-11-01 22:33:37,580 [INFO] CrossReferenceDbSqlite:203 - Set database path to: C:\Users\OVIA\.stmcufinder\plugins\mcufinder//mcu/cs/
2024-11-01 22:33:38,862 [INFO] MainPanel:264 - HeapMemory: 268435456
2024-11-01 22:33:40,455 [INFO] DbMcusXml:78 - Set database path to: C:\ST\STM32CubeIDE_1.15.1\STM32CubeIDE\plugins\com.st.stm32cube.common.mx_6.11.1.202404110753\\db\/mcu/
2024-11-01 22:33:40,455 [INFO] ApiDb:274 - Set plugin database path to: C:\ST\STM32CubeIDE_1.15.1\STM32CubeIDE\plugins\com.st.stm32cube.common.mx_6.11.1.202404110753\\db\/plugins/boardmanager/
2024-11-01 22:33:40,456 [INFO] ApiDb:261 - Set plugin images path to: C:\ST\STM32CubeIDE_1.15.1\STM32CubeIDE\plugins\com.st.stm32cube.common.mx_6.11.1.202404110753\\db\/plugins/mcufinder/images/
2024-11-01 22:33:40,457 [WARN] DbFile:41 - Overriding database path with different value: C:\Users\OVIA\.stmcufinder\plugins\mcufinder/ => C:\Users\OVIA\.stmcufinder\plugins\mcufinder
2024-11-01 22:33:40,457 [INFO] ApiDb:250 - Set database path to: C:\Users\OVIA\.stmcufinder\plugins\mcufinder//mcu/
2024-11-01 22:33:40,458 [WARN] DbFile:41 - Overriding database path with different value: C:\Users\OVIA\.stmcufinder\plugins\mcufinder/ => C:\Users\OVIA\.stmcufinder\plugins\mcufinder
2024-11-01 22:33:40,458 [INFO] DbMcusAds:125 - Set database path to: C:\Users\OVIA\.stmcufinder\plugins\mcufinder//mcu/
2024-11-01 22:33:40,459 [WARN] DbFile:41 - Overriding database path with different value: C:\Users\OVIA\.stmcufinder\plugins\mcufinder/ => C:\Users\OVIA\.stmcufinder\plugins\mcufinder
2024-11-01 22:33:40,459 [WARN] DbFile:41 - Overriding database path with different value: C:\Users\OVIA\.stmcufinder\plugins\mcufinder/ => C:\Users\OVIA\.stmcufinder\plugins\mcufinder
2024-11-01 22:33:40,460 [INFO] CrossReferenceDbSqlite:203 - Set database path to: C:\Users\OVIA\.stmcufinder\plugins\mcufinder//mcu/cs/
2024-11-01 22:33:40,636 [INFO] ApplicationProperties:184 - Using Application install path: C:\ST\STM32CubeIDE_1.15.1\STM32CubeIDE\plugins\com.st.stm32cube.common.mx_6.11.1.202404110753
2024-11-01 22:33:40,657 [INFO] PluginManage:196 - Search for loadable plugins [exclusion list=, ]
2024-11-01 22:33:40,684 [INFO] PluginManage:310 - Check plugin analytics
2024-11-01 22:33:42,284 [INFO] AnalyticsPlugin:253 - Accepted Software Licenses: 
2024-11-01 22:33:42,286 [INFO] AnalyticsPlugin:255 - Accepted CMSIS Pack Licenses: 
2024-11-01 22:33:42,287 [INFO] AnalyticsPlugin:257 - Accepted Firmware Licenses: FW.F4.1.28.0
2024-11-01 22:33:42,299 [INFO] PluginManage:359 - Loaded plugin analytics (category:tool,tabindex:-1)
2024-11-01 22:33:42,300 [INFO] PluginManage:310 - Check plugin cadmodel
2024-11-01 22:33:42,307 [ERROR] ConfigurationRetriever:142 - IOException on connection: sw-center.st.com
2024-11-01 22:33:42,310 [ERROR] ConfigurationRetriever:142 - IOException on connection: sw-center.st.com
2024-11-01 22:33:42,313 [ERROR] ConfigurationRetriever:142 - IOException on connection: sw-center.st.com
2024-11-01 22:33:42,408 [INFO] CADModel:105 - Init CAD model plugin
2024-11-01 22:33:42,409 [INFO] PluginManage:359 - Loaded plugin cadmodel (category:power,tabindex:5)
2024-11-01 22:33:42,411 [INFO] PluginManage:310 - Check plugin clock
2024-11-01 22:33:42,569 [INFO] PluginManage:359 - Loaded plugin clock (category:base,tabindex:2)
2024-11-01 22:33:42,571 [INFO] PluginManage:310 - Check plugin ddr
2024-11-01 22:33:42,610 [INFO] PluginManage:359 - Loaded plugin ddr (category:tool,tabindex:6)
2024-11-01 22:33:42,611 [INFO] PluginManage:310 - Check plugin filemanager
2024-11-01 22:33:43,948 [INFO] PluginManage:359 - Loaded plugin filemanager (category:base,tabindex:10)
2024-11-01 22:33:43,949 [INFO] PluginManage:310 - Check plugin ipmanager
2024-11-01 22:33:44,041 [INFO] PluginManage:359 - Loaded plugin ipmanager (category:base,tabindex:5)
2024-11-01 22:33:44,042 [INFO] PluginManage:310 - Check plugin lpbam
2024-11-01 22:33:44,135 [INFO] PluginManage:359 - Loaded plugin lpbam (category:base,tabindex:0)
2024-11-01 22:33:44,136 [INFO] PluginManage:310 - Check plugin memorymap
2024-11-01 22:33:44,278 [INFO] PluginManage:359 - Loaded plugin memorymap (category:base,tabindex:4)
2024-11-01 22:33:44,279 [INFO] PluginManage:310 - Check plugin pinoutandconfiguration
2024-11-01 22:33:44,364 [INFO] PluginManage:359 - Loaded plugin pinoutandconfiguration (category:base,tabindex:1)
2024-11-01 22:33:44,365 [INFO] PluginManage:310 - Check plugin pinoutconfig
2024-11-01 22:33:45,138 [WARN] SupportedApi:132 - Cannot load RTOS API schema: s4s-elt-must-match.1: The content of 'definitions' must match (annotation?, (simpleType | complexType)?, (unique | key | keyref)*)). A problem was found starting at: attribute.
2024-11-01 22:33:46,304 [INFO] PluginManage:359 - Loaded plugin pinoutconfig (category:base,tabindex:0)
2024-11-01 22:33:46,305 [INFO] PluginManage:310 - Check plugin power
2024-11-01 22:33:46,517 [INFO] PluginManage:359 - Loaded plugin power (category:power,tabindex:4)
2024-11-01 22:33:46,517 [INFO] PluginManage:310 - Check plugin projectmanager
2024-11-01 22:33:46,614 [INFO] PluginManage:359 - Loaded plugin projectmanager (category:projectmanager,tabindex:3)
2024-11-01 22:33:46,615 [INFO] PluginManage:310 - Check plugin thirdparty
2024-11-01 22:33:48,029 [WARN] IntegrityCheckThread:84 - waiting for thirdparty lock release [integrity check]
2024-11-01 22:33:48,030 [INFO] IntegrityCheckThread:86 - entering critical section [integrity check]
2024-11-01 22:33:48,037 [INFO] ThirdPartyUpdaterWithRetryManager:70 - Updater plugin not ready yet. [1/15]
2024-11-01 22:33:48,060 [INFO] PluginManage:359 - Loaded plugin thirdparty (category:base,tabindex:-1)
2024-11-01 22:33:48,061 [INFO] PluginManage:310 - Check plugin tools
2024-11-01 22:33:48,087 [INFO] PluginManage:359 - Loaded plugin tools (category:base,tabindex:7)
2024-11-01 22:33:48,088 [INFO] PluginManage:310 - Check plugin tutovideos
2024-11-01 22:33:49,726 [INFO] PluginManage:359 - Loaded plugin tutovideos (category:base,tabindex:-1)
2024-11-01 22:33:49,727 [INFO] PluginManage:310 - Check plugin updater
2024-11-01 22:33:49,878 [INFO] PluginManage:359 - Loaded plugin updater (category:base,tabindex:12)
2024-11-01 22:33:49,879 [INFO] PluginManage:310 - Check plugin userauth
2024-11-01 22:33:49,927 [INFO] UserAuth:114 - Init User Auth plugin
2024-11-01 22:33:49,928 [INFO] PluginManage:359 - Loaded plugin userauth (category:base,tabindex:14)
2024-11-01 22:33:49,931 [INFO] PluginManage:283 - PluginManage : Loaded plugins [17]
2024-11-01 22:33:51,040 [INFO] ThirdPartyUpdaterWithRetryManager:70 - Updater plugin not ready yet. [2/15]
2024-11-01 22:33:53,041 [INFO] PinOutPanel:1561 - setPackage(No Configuration,No Configuration)
2024-11-01 22:33:53,989 [INFO] CADModel:165 - CPN selected for project level
2024-11-01 22:33:53,990 [INFO] CADModel:114 - Register for checkConnection events
2024-11-01 22:33:54,042 [INFO] ThirdPartyUpdaterWithRetryManager:70 - Updater plugin not ready yet. [3/15]
2024-11-01 22:33:54,143 [INFO] IPUIPlugin:80 - create IPUIPlugin
2024-11-01 22:33:54,144 [INFO] PluginManager:220 - loadIPPluginJar : add adc
2024-11-01 22:33:54,176 [INFO] IPUIPlugin:80 - create IPUIPlugin
2024-11-01 22:33:54,176 [INFO] PluginManager:220 - loadIPPluginJar : add aes
2024-11-01 22:33:54,223 [INFO] IPUIPlugin:80 - create IPUIPlugin
2024-11-01 22:33:54,224 [INFO] PluginManager:220 - loadIPPluginJar : add can
2024-11-01 22:33:54,393 [INFO] IPUIPlugin:80 - create IPUIPlugin
2024-11-01 22:33:54,393 [INFO] PluginManager:220 - loadIPPluginJar : add comp
2024-11-01 22:33:54,418 [INFO] IPUIPlugin:80 - create IPUIPlugin
2024-11-01 22:33:54,419 [INFO] PluginManager:220 - loadIPPluginJar : add cryp
2024-11-01 22:33:54,432 [INFO] IPUIPlugin:80 - create IPUIPlugin
2024-11-01 22:33:54,433 [INFO] PluginManager:220 - loadIPPluginJar : add dfsdm
2024-11-01 22:33:54,467 [INFO] IPUIPlugin:80 - create IPUIPlugin
2024-11-01 22:33:54,468 [INFO] PluginManager:220 - loadIPPluginJar : add dma
2024-11-01 22:33:54,510 [INFO] IPUIPlugin:80 - create IPUIPlugin
2024-11-01 22:33:54,510 [INFO] PluginManager:220 - loadIPPluginJar : add dma3
2024-11-01 22:33:54,535 [INFO] IPUIPlugin:80 - create IPUIPlugin
2024-11-01 22:33:54,535 [INFO] PluginManager:220 - loadIPPluginJar : add extmemmanager
2024-11-01 22:33:54,557 [INFO] IPUIPlugin:80 - create IPUIPlugin
2024-11-01 22:33:54,557 [INFO] PluginManager:220 - loadIPPluginJar : add fatfs
2024-11-01 22:33:54,579 [INFO] IPUIPlugin:80 - create IPUIPlugin
2024-11-01 22:33:54,580 [INFO] PluginManager:220 - loadIPPluginJar : add fmc
2024-11-01 22:33:54,725 [INFO] IPUIPlugin:80 - create IPUIPlugin
2024-11-01 22:33:54,726 [INFO] PluginManager:220 - loadIPPluginJar : add freertos
2024-11-01 22:33:54,754 [INFO] IPUIPlugin:80 - create IPUIPlugin
2024-11-01 22:33:54,755 [INFO] PluginManager:220 - loadIPPluginJar : add genericplugin
2024-11-01 22:33:54,781 [INFO] IPUIPlugin:80 - create IPUIPlugin
2024-11-01 22:33:54,782 [INFO] PluginManager:220 - loadIPPluginJar : add gfxmmu
2024-11-01 22:33:54,850 [INFO] IPUIPlugin:80 - create IPUIPlugin
2024-11-01 22:33:54,852 [INFO] PluginManager:220 - loadIPPluginJar : add gic
2024-11-01 22:33:54,911 [INFO] IPUIPlugin:80 - create IPUIPlugin
2024-11-01 22:33:54,912 [INFO] PluginManager:220 - loadIPPluginJar : add gpio
2024-11-01 22:33:54,961 [INFO] IPUIPlugin:80 - create IPUIPlugin
2024-11-01 22:33:54,961 [INFO] PluginManager:220 - loadIPPluginJar : add gtzc
2024-11-01 22:33:55,000 [INFO] IPUIPlugin:80 - create IPUIPlugin
2024-11-01 22:33:55,002 [INFO] PluginManager:220 - loadIPPluginJar : add hash
2024-11-01 22:33:55,037 [INFO] IPUIPlugin:80 - create IPUIPlugin
2024-11-01 22:33:55,038 [INFO] PluginManager:220 - loadIPPluginJar : add i2c
2024-11-01 22:33:55,090 [INFO] IPUIPlugin:80 - create IPUIPlugin
2024-11-01 22:33:55,090 [INFO] PluginManager:220 - loadIPPluginJar : add i2s
2024-11-01 22:33:55,126 [INFO] IPUIPlugin:80 - create IPUIPlugin
2024-11-01 22:33:55,128 [INFO] PluginManager:220 - loadIPPluginJar : add i3c
2024-11-01 22:33:55,171 [INFO] IPUIPlugin:80 - create IPUIPlugin
2024-11-01 22:33:55,172 [INFO] PluginManager:220 - loadIPPluginJar : add ipddr
2024-11-01 22:33:55,242 [INFO] IPUIPlugin:80 - create IPUIPlugin
2024-11-01 22:33:55,244 [INFO] PluginManager:220 - loadIPPluginJar : add linkedlist
2024-11-01 22:33:55,280 [INFO] IPUIPlugin:80 - create IPUIPlugin
2024-11-01 22:33:55,280 [INFO] PluginManager:220 - loadIPPluginJar : add lorawan
2024-11-01 22:33:55,332 [INFO] IPUIPlugin:80 - create IPUIPlugin
2024-11-01 22:33:55,333 [INFO] PluginManager:220 - loadIPPluginJar : add ltdc
2024-11-01 22:33:55,391 [INFO] IPUIPlugin:80 - create IPUIPlugin
2024-11-01 22:33:55,392 [INFO] PluginManager:220 - loadIPPluginJar : add mdma
2024-11-01 22:33:55,426 [INFO] IPUIPlugin:80 - create IPUIPlugin
2024-11-01 22:33:55,427 [INFO] PluginManager:220 - loadIPPluginJar : add nvic
2024-11-01 22:33:55,499 [INFO] IPUIPlugin:80 - create IPUIPlugin
2024-11-01 22:33:55,499 [INFO] PluginManager:220 - loadIPPluginJar : add opamp
2024-11-01 22:33:55,543 [INFO] IPUIPlugin:80 - create IPUIPlugin
2024-11-01 22:33:55,544 [INFO] PluginManager:220 - loadIPPluginJar : add openamp
2024-11-01 22:33:55,591 [INFO] IPUIPlugin:80 - create IPUIPlugin
2024-11-01 22:33:55,591 [INFO] PluginManager:220 - loadIPPluginJar : add pdm2pcm
2024-11-01 22:33:55,641 [INFO] IPUIPlugin:80 - create IPUIPlugin
2024-11-01 22:33:55,662 [INFO] PluginManager:220 - loadIPPluginJar : add plateformsettings
2024-11-01 22:33:55,699 [INFO] IPUIPlugin:80 - create IPUIPlugin
2024-11-01 22:33:55,700 [INFO] PluginManager:220 - loadIPPluginJar : add quadspi
2024-11-01 22:33:55,749 [INFO] IPUIPlugin:80 - create IPUIPlugin
2024-11-01 22:33:55,749 [INFO] PluginManager:220 - loadIPPluginJar : add resmgrutility
2024-11-01 22:33:55,782 [INFO] IPUIPlugin:80 - create IPUIPlugin
2024-11-01 22:33:55,783 [INFO] PluginManager:220 - loadIPPluginJar : add sai
2024-11-01 22:33:55,811 [INFO] IPUIPlugin:80 - create IPUIPlugin
2024-11-01 22:33:55,812 [INFO] PluginManager:220 - loadIPPluginJar : add spi
2024-11-01 22:33:55,885 [INFO] IPUIPlugin:80 - create IPUIPlugin
2024-11-01 22:33:55,886 [INFO] PluginManager:220 - loadIPPluginJar : add stm32_wpan
2024-11-01 22:33:55,963 [INFO] IPUIPlugin:80 - create IPUIPlugin
2024-11-01 22:33:55,963 [INFO] PluginManager:220 - loadIPPluginJar : add tim
2024-11-01 22:33:56,055 [INFO] IPUIPlugin:80 - create IPUIPlugin
2024-11-01 22:33:56,056 [INFO] PluginManager:220 - loadIPPluginJar : add touchsensing
2024-11-01 22:33:56,092 [INFO] IPUIPlugin:80 - create IPUIPlugin
2024-11-01 22:33:56,092 [INFO] PluginManager:220 - loadIPPluginJar : add tracer_emb
2024-11-01 22:33:56,138 [INFO] IPUIPlugin:80 - create IPUIPlugin
2024-11-01 22:33:56,139 [INFO] PluginManager:220 - loadIPPluginJar : add ts
2024-11-01 22:33:56,160 [INFO] IPUIPlugin:80 - create IPUIPlugin
2024-11-01 22:33:56,160 [INFO] PluginManager:220 - loadIPPluginJar : add tsc
2024-11-01 22:33:56,182 [INFO] IPUIPlugin:80 - create IPUIPlugin
2024-11-01 22:33:56,183 [INFO] PluginManager:220 - loadIPPluginJar : add ucpd
2024-11-01 22:33:56,282 [INFO] IPUIPlugin:80 - create IPUIPlugin
2024-11-01 22:33:56,282 [INFO] PluginManager:220 - loadIPPluginJar : add usart
2024-11-01 22:33:56,341 [INFO] IPUIPlugin:80 - create IPUIPlugin
2024-11-01 22:33:56,342 [INFO] PluginManager:220 - loadIPPluginJar : add usbx
2024-11-01 22:33:57,055 [INFO] CADModel:165 - CPN selected for project level
2024-11-01 22:33:57,055 [INFO] CADModel:114 - Register for checkConnection events
2024-11-01 22:33:57,056 [FATAL] Updater:308 - Updater called before beeing initialized
2024-11-01 22:33:57,057 [INFO] ThirdPartyUpdaterWithRetryManager:70 - Updater plugin not ready yet. [4/15]
2024-11-01 22:33:57,057 [ERROR] CADModel:125 - Updater not yet initialized, retry later 
2024-11-01 22:33:58,579 [INFO] CADModel:165 - CPN selected for project level
2024-11-01 22:33:58,579 [INFO] CADModel:114 - Register for checkConnection events
2024-11-01 22:33:58,580 [FATAL] Updater:308 - Updater called before beeing initialized
2024-11-01 22:33:58,580 [ERROR] CADModel:125 - Updater not yet initialized, retry later 
2024-11-01 22:33:58,610 [FATAL] Updater:308 - Updater called before beeing initialized
2024-11-01 22:33:59,476 [FATAL] Updater:308 - Updater called before beeing initialized
2024-11-01 22:33:59,492 [INFO] DbMcusAds:53 - JSON generation date=Fri Sep 20 18:34:38 IST 2024 (1726837478367)
2024-11-01 22:33:59,493 [FATAL] Updater:308 - Updater called before beeing initialized
2024-11-01 22:33:59,893 [WARN] DetailPanel:346 - Failed to get advertising image, set to default
2024-11-01 22:34:00,059 [FATAL] Updater:308 - Updater called before beeing initialized
2024-11-01 22:34:00,061 [ERROR] IntegrityCheckThread:130 - Cannot retrieve database content from updater: error 21
2024-11-01 22:34:00,064 [INFO] ThirdParty:978 - Integrity check success = false
2024-11-01 22:34:00,065 [INFO] IntegrityCheckThread:100 - exiting critical section [integrity check]
2024-11-01 22:34:00,068 [INFO] IntegrityCheckThread:103 - End integrity checks thread
2024-11-01 22:34:01,269 [FATAL] Updater:308 - Updater called before beeing initialized
2024-11-01 22:34:01,321 [FATAL] Updater:308 - Updater called before beeing initialized
2024-11-01 22:34:01,353 [FATAL] Updater:308 - Updater called before beeing initialized
2024-11-01 22:34:01,354 [WARN] DetailPanel:346 - Failed to get advertising image, set to default
2024-11-01 22:34:01,358 [FATAL] Updater:308 - Updater called before beeing initialized
2024-11-01 22:34:02,054 [ERROR] Updater:1120 - MainUpdater not yet initialized. External WinMGr cannot be set.
2024-11-01 22:34:02,144 [INFO] Updater:1056 - Updater Version found : 6.11.1
2024-11-01 22:34:02,349 [INFO] ApplicationProperties:184 - Using Application install path: C:\ST\STM32CubeIDE_1.15.1\STM32CubeIDE\plugins\com.st.stm32cube.common.mx_6.11.1.202404110753
2024-11-01 22:34:04,019 [ERROR] LogOutputStream:75 - [STDERR_REDIRECT] Nov 01, 2024 10:34:04 PM java.util.prefs.WindowsPreferences <init>
2024-11-01 22:34:04,026 [ERROR] LogOutputStream:75 - [STDERR_REDIRECT] WARNING: Could not open/create prefs root node Software\JavaSoft\Prefs at root 0xffffffff80000002. Windows RegCreateKeyEx(...) returned error code 5.
2024-11-01 22:34:04,027 [ERROR] LogOutputStream:75 - [STDERR_REDIRECT] 
2024-11-01 22:34:05,771 [INFO] MainUpdater:2873 - connection check result : 22
2024-11-01 22:34:05,774 [INFO] MainUpdater:290 - Updater Check For Update Now.
2024-11-01 22:34:05,775 [INFO] MicroXplorer:498 - Change Database Version : DB.6.0.111
2024-11-01 22:34:05,817 [INFO] McuFinderGlobals:63 - Set McuFinder mode to 2 (CubeIDE integrated)
2024-11-01 22:34:05,904 [INFO] UserAuth:415 - Internet connection configuration mode: 2
2024-11-01 22:34:06,752 [INFO] CheckServerUpdateThread:120 - End of CheckServer Thread
2024-11-01 22:57:11,815 [ERROR] ConfigurationRetriever:142 - IOException on connection: sw-center.st.com
2024-11-01 22:57:11,818 [ERROR] ConfigurationRetriever:142 - IOException on connection: sw-center.st.com
2024-11-01 22:57:11,819 [ERROR] ConfigurationRetriever:142 - IOException on connection: sw-center.st.com
2024-11-01 22:57:25,524 [ERROR] ConfigurationRetriever:142 - IOException on connection: sw-center.st.com
2024-11-01 22:57:25,527 [ERROR] ConfigurationRetriever:142 - IOException on connection: sw-center.st.com
2024-11-01 22:57:25,529 [ERROR] ConfigurationRetriever:142 - IOException on connection: sw-center.st.com
2024-11-01 22:57:58,933 [ERROR] ConfigurationRetriever:142 - IOException on connection: sw-center.st.com
2024-11-01 22:57:58,935 [ERROR] ConfigurationRetriever:142 - IOException on connection: sw-center.st.com
2024-11-01 22:57:58,936 [ERROR] ConfigurationRetriever:142 - IOException on connection: sw-center.st.com
2024-11-01 22:58:28,327 [ERROR] ConfigurationRetriever:142 - IOException on connection: sw-center.st.com
2024-11-01 22:58:28,330 [ERROR] ConfigurationRetriever:142 - IOException on connection: sw-center.st.com
2024-11-01 22:58:28,331 [ERROR] ConfigurationRetriever:142 - IOException on connection: sw-center.st.com
2024-11-01 23:02:57,837 [ERROR] ConfigurationRetriever:142 - IOException on connection: sw-center.st.com
2024-11-01 23:02:57,840 [ERROR] ConfigurationRetriever:142 - IOException on connection: sw-center.st.com
2024-11-01 23:02:57,842 [ERROR] ConfigurationRetriever:142 - IOException on connection: sw-center.st.com
2024-11-01 23:04:14,547 [ERROR] ConfigurationRetriever:142 - IOException on connection: sw-center.st.com
2024-11-01 23:04:14,550 [ERROR] ConfigurationRetriever:142 - IOException on connection: sw-center.st.com
2024-11-01 23:04:14,551 [ERROR] ConfigurationRetriever:142 - IOException on connection: sw-center.st.com
2024-11-01 23:04:43,288 [ERROR] ConfigurationRetriever:142 - IOException on connection: sw-center.st.com
2024-11-01 23:04:43,290 [ERROR] ConfigurationRetriever:142 - IOException on connection: sw-center.st.com
2024-11-01 23:04:43,292 [ERROR] ConfigurationRetriever:142 - IOException on connection: sw-center.st.com
2024-11-01 23:59:15,342 [ERROR] ConfigurationRetriever:142 - IOException on connection: sw-center.st.com
2024-11-01 23:59:15,345 [ERROR] ConfigurationRetriever:142 - IOException on connection: sw-center.st.com
2024-11-01 23:59:15,347 [ERROR] ConfigurationRetriever:142 - IOException on connection: sw-center.st.com
2024-11-01 23:59:34,930 [ERROR] ConfigurationRetriever:142 - IOException on connection: sw-center.st.com
2024-11-01 23:59:34,933 [ERROR] ConfigurationRetriever:142 - IOException on connection: sw-center.st.com
2024-11-01 23:59:34,935 [ERROR] ConfigurationRetriever:142 - IOException on connection: sw-center.st.com
