2024-10-30 13:12:07,278 [INFO] Activator:176 - 


2024-10-30 13:12:07,336 [INFO] Activator:177 - !SESSION log4j initialized
2024-10-30 13:12:36,003 [INFO] LogOutputStream:77 - [STDOUT_REDIRECT] 
2024-10-30 13:12:37,670 [ERROR] ConfigurationRetriever:142 - IOException on connection: sw-center.st.com
2024-10-30 13:12:37,675 [ERROR] ConfigurationRetriever:142 - IOException on connection: sw-center.st.com
2024-10-30 13:12:37,678 [ERROR] ConfigurationRetriever:142 - IOException on connection: sw-center.st.com
2024-10-30 13:12:37,715 [ERROR] ConfigurationRetriever:142 - IOException on connection: sw-center.st.com
2024-10-30 13:12:37,719 [ERROR] ConfigurationRetriever:142 - IOException on connection: sw-center.st.com
2024-10-30 13:12:37,725 [ERROR] ConfigurationRetriever:142 - IOException on connection: sw-center.st.com
2024-10-30 13:12:46,524 [INFO] ApplicationProperties:184 - Using Application install path: C:\ST\STM32CubeIDE_1.15.1\STM32CubeIDE\plugins\com.st.stm32cube.common.mx_6.11.1.202404110753
2024-10-30 13:12:46,623 [INFO] DbMcusXml:78 - Set database path to: C:\ST\STM32CubeIDE_1.15.1\STM32CubeIDE\plugins\com.st.stm32cube.common.mx_6.11.1.202404110753\\db\/mcu/
2024-10-30 13:12:46,626 [INFO] ApiDb:274 - Set plugin database path to: C:\ST\STM32CubeIDE_1.15.1\STM32CubeIDE\plugins\com.st.stm32cube.common.mx_6.11.1.202404110753\\db\/plugins/boardmanager/
2024-10-30 13:12:46,627 [WARN] ApiDb:259 - Overriding images path with different value:  => C:\ST\STM32CubeIDE_1.15.1\STM32CubeIDE\plugins\com.st.stm32cube.common.mx_6.11.1.202404110753\\db\/plugins/mcufinder/images/
2024-10-30 13:12:46,705 [INFO] ApiDb:250 - Set database path to: C:\Users\OVIA\.stmcufinder\plugins\mcufinder//mcu/
2024-10-30 13:12:46,709 [INFO] DbMcusAds:125 - Set database path to: C:\Users\OVIA\.stmcufinder\plugins\mcufinder//mcu/
2024-10-30 13:12:46,716 [INFO] CrossReferenceDbSqlite:203 - Set database path to: C:\Users\OVIA\.stmcufinder\plugins\mcufinder//mcu/cs/
2024-10-30 13:12:47,454 [INFO] RulesReader:64 - Compatibility file has been processed (297 Rules)
2024-10-30 13:12:48,472 [INFO] DbMcusXml:78 - Set database path to: C:\ST\STM32CubeIDE_1.15.1\STM32CubeIDE\plugins\com.st.stm32cube.common.mx_6.11.1.202404110753\\db\/mcu/
2024-10-30 13:12:48,474 [INFO] ApiDb:274 - Set plugin database path to: C:\ST\STM32CubeIDE_1.15.1\STM32CubeIDE\plugins\com.st.stm32cube.common.mx_6.11.1.202404110753\\db\/plugins/boardmanager/
2024-10-30 13:12:48,474 [INFO] ApiDb:261 - Set plugin images path to: C:\ST\STM32CubeIDE_1.15.1\STM32CubeIDE\plugins\com.st.stm32cube.common.mx_6.11.1.202404110753\\db\/plugins/mcufinder/images/
2024-10-30 13:12:48,475 [WARN] DbFile:41 - Overriding database path with different value: C:\Users\OVIA\.stmcufinder\plugins\mcufinder/ => C:\Users\OVIA\.stmcufinder\plugins\mcufinder
2024-10-30 13:12:48,475 [INFO] ApiDb:250 - Set database path to: C:\Users\OVIA\.stmcufinder\plugins\mcufinder//mcu/
2024-10-30 13:12:48,476 [WARN] DbFile:41 - Overriding database path with different value: C:\Users\OVIA\.stmcufinder\plugins\mcufinder/ => C:\Users\OVIA\.stmcufinder\plugins\mcufinder
2024-10-30 13:12:48,476 [INFO] DbMcusAds:125 - Set database path to: C:\Users\OVIA\.stmcufinder\plugins\mcufinder//mcu/
2024-10-30 13:12:48,476 [WARN] DbFile:41 - Overriding database path with different value: C:\Users\OVIA\.stmcufinder\plugins\mcufinder/ => C:\Users\OVIA\.stmcufinder\plugins\mcufinder
2024-10-30 13:12:48,477 [WARN] DbFile:41 - Overriding database path with different value: C:\Users\OVIA\.stmcufinder\plugins\mcufinder/ => C:\Users\OVIA\.stmcufinder\plugins\mcufinder
2024-10-30 13:12:48,478 [INFO] CrossReferenceDbSqlite:203 - Set database path to: C:\Users\OVIA\.stmcufinder\plugins\mcufinder//mcu/cs/
2024-10-30 13:12:49,284 [INFO] MainPanel:264 - HeapMemory: 268435456
2024-10-30 13:12:50,099 [INFO] DbMcusXml:78 - Set database path to: C:\ST\STM32CubeIDE_1.15.1\STM32CubeIDE\plugins\com.st.stm32cube.common.mx_6.11.1.202404110753\\db\/mcu/
2024-10-30 13:12:50,099 [INFO] ApiDb:274 - Set plugin database path to: C:\ST\STM32CubeIDE_1.15.1\STM32CubeIDE\plugins\com.st.stm32cube.common.mx_6.11.1.202404110753\\db\/plugins/boardmanager/
2024-10-30 13:12:50,100 [INFO] ApiDb:261 - Set plugin images path to: C:\ST\STM32CubeIDE_1.15.1\STM32CubeIDE\plugins\com.st.stm32cube.common.mx_6.11.1.202404110753\\db\/plugins/mcufinder/images/
2024-10-30 13:12:50,101 [WARN] DbFile:41 - Overriding database path with different value: C:\Users\OVIA\.stmcufinder\plugins\mcufinder/ => C:\Users\OVIA\.stmcufinder\plugins\mcufinder
2024-10-30 13:12:50,102 [INFO] ApiDb:250 - Set database path to: C:\Users\OVIA\.stmcufinder\plugins\mcufinder//mcu/
2024-10-30 13:12:50,102 [WARN] DbFile:41 - Overriding database path with different value: C:\Users\OVIA\.stmcufinder\plugins\mcufinder/ => C:\Users\OVIA\.stmcufinder\plugins\mcufinder
2024-10-30 13:12:50,102 [INFO] DbMcusAds:125 - Set database path to: C:\Users\OVIA\.stmcufinder\plugins\mcufinder//mcu/
2024-10-30 13:12:50,103 [WARN] DbFile:41 - Overriding database path with different value: C:\Users\OVIA\.stmcufinder\plugins\mcufinder/ => C:\Users\OVIA\.stmcufinder\plugins\mcufinder
2024-10-30 13:12:50,103 [WARN] DbFile:41 - Overriding database path with different value: C:\Users\OVIA\.stmcufinder\plugins\mcufinder/ => C:\Users\OVIA\.stmcufinder\plugins\mcufinder
2024-10-30 13:12:50,104 [INFO] CrossReferenceDbSqlite:203 - Set database path to: C:\Users\OVIA\.stmcufinder\plugins\mcufinder//mcu/cs/
2024-10-30 13:12:50,332 [INFO] ApplicationProperties:184 - Using Application install path: C:\ST\STM32CubeIDE_1.15.1\STM32CubeIDE\plugins\com.st.stm32cube.common.mx_6.11.1.202404110753
2024-10-30 13:12:50,368 [INFO] PluginManage:196 - Search for loadable plugins [exclusion list=, ]
2024-10-30 13:12:50,386 [INFO] PluginManage:310 - Check plugin analytics
2024-10-30 13:12:51,772 [INFO] AnalyticsPlugin:253 - Accepted Software Licenses: 
2024-10-30 13:12:51,774 [INFO] AnalyticsPlugin:255 - Accepted CMSIS Pack Licenses: 
2024-10-30 13:12:51,775 [INFO] AnalyticsPlugin:257 - Accepted Firmware Licenses: FW.F4.1.28.0
2024-10-30 13:12:51,790 [ERROR] ConfigurationRetriever:142 - IOException on connection: sw-center.st.com
2024-10-30 13:12:51,793 [ERROR] ConfigurationRetriever:142 - IOException on connection: sw-center.st.com
2024-10-30 13:12:51,795 [ERROR] ConfigurationRetriever:142 - IOException on connection: sw-center.st.com
2024-10-30 13:12:51,801 [INFO] PluginManage:359 - Loaded plugin analytics (category:tool,tabindex:-1)
2024-10-30 13:12:51,803 [INFO] PluginManage:310 - Check plugin cadmodel
2024-10-30 13:12:51,930 [INFO] CADModel:105 - Init CAD model plugin
2024-10-30 13:12:51,931 [INFO] PluginManage:359 - Loaded plugin cadmodel (category:power,tabindex:5)
2024-10-30 13:12:51,932 [INFO] PluginManage:310 - Check plugin clock
2024-10-30 13:12:52,058 [INFO] PluginManage:359 - Loaded plugin clock (category:base,tabindex:2)
2024-10-30 13:12:52,059 [INFO] PluginManage:310 - Check plugin ddr
2024-10-30 13:12:52,078 [INFO] PluginManage:359 - Loaded plugin ddr (category:tool,tabindex:6)
2024-10-30 13:12:52,079 [INFO] PluginManage:310 - Check plugin filemanager
2024-10-30 13:12:52,858 [INFO] PluginManage:359 - Loaded plugin filemanager (category:base,tabindex:10)
2024-10-30 13:12:52,859 [INFO] PluginManage:310 - Check plugin ipmanager
2024-10-30 13:12:52,906 [INFO] PluginManage:359 - Loaded plugin ipmanager (category:base,tabindex:5)
2024-10-30 13:12:52,906 [INFO] PluginManage:310 - Check plugin lpbam
2024-10-30 13:12:52,993 [INFO] PluginManage:359 - Loaded plugin lpbam (category:base,tabindex:0)
2024-10-30 13:12:52,993 [INFO] PluginManage:310 - Check plugin memorymap
2024-10-30 13:12:53,102 [INFO] PluginManage:359 - Loaded plugin memorymap (category:base,tabindex:4)
2024-10-30 13:12:53,103 [INFO] PluginManage:310 - Check plugin pinoutandconfiguration
2024-10-30 13:12:53,214 [INFO] PluginManage:359 - Loaded plugin pinoutandconfiguration (category:base,tabindex:1)
2024-10-30 13:12:53,215 [INFO] PluginManage:310 - Check plugin pinoutconfig
2024-10-30 13:12:53,722 [WARN] SupportedApi:132 - Cannot load RTOS API schema: s4s-elt-must-match.1: The content of 'definitions' must match (annotation?, (simpleType | complexType)?, (unique | key | keyref)*)). A problem was found starting at: attribute.
2024-10-30 13:12:54,447 [INFO] PluginManage:359 - Loaded plugin pinoutconfig (category:base,tabindex:0)
2024-10-30 13:12:54,448 [INFO] PluginManage:310 - Check plugin power
2024-10-30 13:12:54,600 [INFO] PluginManage:359 - Loaded plugin power (category:power,tabindex:4)
2024-10-30 13:12:54,600 [INFO] PluginManage:310 - Check plugin projectmanager
2024-10-30 13:12:54,702 [INFO] PluginManage:359 - Loaded plugin projectmanager (category:projectmanager,tabindex:3)
2024-10-30 13:12:54,702 [INFO] PluginManage:310 - Check plugin thirdparty
2024-10-30 13:12:56,266 [INFO] PluginManage:359 - Loaded plugin thirdparty (category:base,tabindex:-1)
2024-10-30 13:12:56,267 [INFO] PluginManage:310 - Check plugin tools
2024-10-30 13:12:56,266 [WARN] IntegrityCheckThread:84 - waiting for thirdparty lock release [integrity check]
2024-10-30 13:12:56,270 [INFO] IntegrityCheckThread:86 - entering critical section [integrity check]
2024-10-30 13:12:56,272 [INFO] ThirdPartyUpdaterWithRetryManager:70 - Updater plugin not ready yet. [1/15]
2024-10-30 13:12:56,434 [INFO] PluginManage:359 - Loaded plugin tools (category:base,tabindex:7)
2024-10-30 13:12:56,435 [INFO] PluginManage:310 - Check plugin tutovideos
2024-10-30 13:12:57,315 [INFO] PluginManage:359 - Loaded plugin tutovideos (category:base,tabindex:-1)
2024-10-30 13:12:57,316 [INFO] PluginManage:310 - Check plugin updater
2024-10-30 13:12:57,400 [INFO] PluginManage:359 - Loaded plugin updater (category:base,tabindex:12)
2024-10-30 13:12:57,401 [INFO] PluginManage:310 - Check plugin userauth
2024-10-30 13:12:57,459 [INFO] UserAuth:114 - Init User Auth plugin
2024-10-30 13:12:57,459 [INFO] PluginManage:359 - Loaded plugin userauth (category:base,tabindex:14)
2024-10-30 13:12:57,461 [INFO] PluginManage:283 - PluginManage : Loaded plugins [17]
2024-10-30 13:12:59,139 [INFO] PinOutPanel:1561 - setPackage(No Configuration,No Configuration)
2024-10-30 13:12:59,273 [INFO] ThirdPartyUpdaterWithRetryManager:70 - Updater plugin not ready yet. [2/15]
2024-10-30 13:12:59,660 [INFO] CADModel:165 - CPN selected for project level
2024-10-30 13:12:59,661 [INFO] CADModel:114 - Register for checkConnection events
2024-10-30 13:12:59,822 [INFO] IPUIPlugin:80 - create IPUIPlugin
2024-10-30 13:12:59,823 [INFO] PluginManager:220 - loadIPPluginJar : add adc
2024-10-30 13:12:59,980 [INFO] IPUIPlugin:80 - create IPUIPlugin
2024-10-30 13:12:59,981 [INFO] PluginManager:220 - loadIPPluginJar : add aes
2024-10-30 13:13:00,184 [INFO] IPUIPlugin:80 - create IPUIPlugin
2024-10-30 13:13:00,184 [INFO] PluginManager:220 - loadIPPluginJar : add can
2024-10-30 13:13:00,310 [INFO] IPUIPlugin:80 - create IPUIPlugin
2024-10-30 13:13:00,311 [INFO] PluginManager:220 - loadIPPluginJar : add comp
2024-10-30 13:13:00,469 [INFO] IPUIPlugin:80 - create IPUIPlugin
2024-10-30 13:13:00,470 [INFO] PluginManager:220 - loadIPPluginJar : add cryp
2024-10-30 13:13:00,597 [INFO] IPUIPlugin:80 - create IPUIPlugin
2024-10-30 13:13:00,597 [INFO] PluginManager:220 - loadIPPluginJar : add dfsdm
2024-10-30 13:13:00,662 [INFO] IPUIPlugin:80 - create IPUIPlugin
2024-10-30 13:13:00,664 [INFO] PluginManager:220 - loadIPPluginJar : add dma
2024-10-30 13:13:00,850 [INFO] IPUIPlugin:80 - create IPUIPlugin
2024-10-30 13:13:00,850 [INFO] PluginManager:220 - loadIPPluginJar : add dma3
2024-10-30 13:13:01,065 [INFO] IPUIPlugin:80 - create IPUIPlugin
2024-10-30 13:13:01,066 [INFO] PluginManager:220 - loadIPPluginJar : add extmemmanager
2024-10-30 13:13:01,182 [INFO] IPUIPlugin:80 - create IPUIPlugin
2024-10-30 13:13:01,182 [INFO] PluginManager:220 - loadIPPluginJar : add fatfs
2024-10-30 13:13:01,398 [INFO] IPUIPlugin:80 - create IPUIPlugin
2024-10-30 13:13:01,399 [INFO] PluginManager:220 - loadIPPluginJar : add fmc
2024-10-30 13:13:01,480 [INFO] IPUIPlugin:80 - create IPUIPlugin
2024-10-30 13:13:01,481 [INFO] PluginManager:220 - loadIPPluginJar : add freertos
2024-10-30 13:13:01,566 [INFO] IPUIPlugin:80 - create IPUIPlugin
2024-10-30 13:13:01,566 [INFO] PluginManager:220 - loadIPPluginJar : add genericplugin
2024-10-30 13:13:01,986 [INFO] IPUIPlugin:80 - create IPUIPlugin
2024-10-30 13:13:01,986 [INFO] PluginManager:220 - loadIPPluginJar : add gfxmmu
2024-10-30 13:13:02,274 [INFO] ThirdPartyUpdaterWithRetryManager:70 - Updater plugin not ready yet. [3/15]
2024-10-30 13:13:02,638 [INFO] IPUIPlugin:80 - create IPUIPlugin
2024-10-30 13:13:02,639 [INFO] PluginManager:220 - loadIPPluginJar : add gic
2024-10-30 13:13:02,748 [INFO] IPUIPlugin:80 - create IPUIPlugin
2024-10-30 13:13:02,749 [INFO] PluginManager:220 - loadIPPluginJar : add gpio
2024-10-30 13:13:03,202 [INFO] IPUIPlugin:80 - create IPUIPlugin
2024-10-30 13:13:03,202 [INFO] PluginManager:220 - loadIPPluginJar : add gtzc
2024-10-30 13:13:03,348 [INFO] IPUIPlugin:80 - create IPUIPlugin
2024-10-30 13:13:03,349 [INFO] PluginManager:220 - loadIPPluginJar : add hash
2024-10-30 13:13:03,589 [INFO] IPUIPlugin:80 - create IPUIPlugin
2024-10-30 13:13:03,590 [INFO] PluginManager:220 - loadIPPluginJar : add i2c
2024-10-30 13:13:03,778 [INFO] IPUIPlugin:80 - create IPUIPlugin
2024-10-30 13:13:03,778 [INFO] PluginManager:220 - loadIPPluginJar : add i2s
2024-10-30 13:13:04,032 [INFO] IPUIPlugin:80 - create IPUIPlugin
2024-10-30 13:13:04,033 [INFO] PluginManager:220 - loadIPPluginJar : add i3c
2024-10-30 13:13:04,696 [INFO] IPUIPlugin:80 - create IPUIPlugin
2024-10-30 13:13:04,697 [INFO] PluginManager:220 - loadIPPluginJar : add ipddr
2024-10-30 13:13:05,125 [INFO] IPUIPlugin:80 - create IPUIPlugin
2024-10-30 13:13:05,125 [INFO] PluginManager:220 - loadIPPluginJar : add linkedlist
2024-10-30 13:13:05,277 [INFO] ThirdPartyUpdaterWithRetryManager:70 - Updater plugin not ready yet. [4/15]
2024-10-30 13:13:05,285 [INFO] IPUIPlugin:80 - create IPUIPlugin
2024-10-30 13:13:05,286 [INFO] PluginManager:220 - loadIPPluginJar : add lorawan
2024-10-30 13:13:05,441 [INFO] IPUIPlugin:80 - create IPUIPlugin
2024-10-30 13:13:05,442 [INFO] PluginManager:220 - loadIPPluginJar : add ltdc
2024-10-30 13:13:05,543 [INFO] IPUIPlugin:80 - create IPUIPlugin
2024-10-30 13:13:05,544 [INFO] PluginManager:220 - loadIPPluginJar : add mdma
2024-10-30 13:13:05,611 [INFO] IPUIPlugin:80 - create IPUIPlugin
2024-10-30 13:13:05,611 [INFO] PluginManager:220 - loadIPPluginJar : add nvic
2024-10-30 13:13:05,790 [INFO] IPUIPlugin:80 - create IPUIPlugin
2024-10-30 13:13:05,790 [INFO] PluginManager:220 - loadIPPluginJar : add opamp
2024-10-30 13:13:06,091 [INFO] IPUIPlugin:80 - create IPUIPlugin
2024-10-30 13:13:06,092 [INFO] PluginManager:220 - loadIPPluginJar : add openamp
2024-10-30 13:13:06,301 [INFO] IPUIPlugin:80 - create IPUIPlugin
2024-10-30 13:13:06,301 [INFO] PluginManager:220 - loadIPPluginJar : add pdm2pcm
2024-10-30 13:13:06,374 [INFO] IPUIPlugin:80 - create IPUIPlugin
2024-10-30 13:13:06,386 [INFO] PluginManager:220 - loadIPPluginJar : add plateformsettings
2024-10-30 13:13:06,514 [INFO] IPUIPlugin:80 - create IPUIPlugin
2024-10-30 13:13:06,515 [INFO] PluginManager:220 - loadIPPluginJar : add quadspi
2024-10-30 13:13:06,575 [INFO] IPUIPlugin:80 - create IPUIPlugin
2024-10-30 13:13:06,576 [INFO] PluginManager:220 - loadIPPluginJar : add resmgrutility
2024-10-30 13:13:06,805 [INFO] IPUIPlugin:80 - create IPUIPlugin
2024-10-30 13:13:06,806 [INFO] PluginManager:220 - loadIPPluginJar : add sai
2024-10-30 13:13:06,984 [INFO] IPUIPlugin:80 - create IPUIPlugin
2024-10-30 13:13:06,985 [INFO] PluginManager:220 - loadIPPluginJar : add spi
2024-10-30 13:13:07,343 [INFO] IPUIPlugin:80 - create IPUIPlugin
2024-10-30 13:13:07,344 [INFO] PluginManager:220 - loadIPPluginJar : add stm32_wpan
2024-10-30 13:13:07,445 [INFO] IPUIPlugin:80 - create IPUIPlugin
2024-10-30 13:13:07,446 [INFO] PluginManager:220 - loadIPPluginJar : add tim
2024-10-30 13:13:07,726 [INFO] IPUIPlugin:80 - create IPUIPlugin
2024-10-30 13:13:07,727 [INFO] PluginManager:220 - loadIPPluginJar : add touchsensing
2024-10-30 13:13:08,020 [INFO] IPUIPlugin:80 - create IPUIPlugin
2024-10-30 13:13:08,021 [INFO] PluginManager:220 - loadIPPluginJar : add tracer_emb
2024-10-30 13:13:08,179 [INFO] IPUIPlugin:80 - create IPUIPlugin
2024-10-30 13:13:08,180 [INFO] PluginManager:220 - loadIPPluginJar : add ts
2024-10-30 13:13:08,278 [INFO] ThirdPartyUpdaterWithRetryManager:70 - Updater plugin not ready yet. [5/15]
2024-10-30 13:13:08,291 [INFO] IPUIPlugin:80 - create IPUIPlugin
2024-10-30 13:13:08,292 [INFO] PluginManager:220 - loadIPPluginJar : add tsc
2024-10-30 13:13:08,392 [INFO] IPUIPlugin:80 - create IPUIPlugin
2024-10-30 13:13:08,393 [INFO] PluginManager:220 - loadIPPluginJar : add ucpd
2024-10-30 13:13:08,606 [INFO] IPUIPlugin:80 - create IPUIPlugin
2024-10-30 13:13:08,607 [INFO] PluginManager:220 - loadIPPluginJar : add usart
2024-10-30 13:13:08,828 [INFO] IPUIPlugin:80 - create IPUIPlugin
2024-10-30 13:13:08,829 [INFO] PluginManager:220 - loadIPPluginJar : add usbx
2024-10-30 13:13:09,285 [INFO] CADModel:165 - CPN selected for project level
2024-10-30 13:13:09,286 [INFO] CADModel:114 - Register for checkConnection events
2024-10-30 13:13:09,286 [FATAL] Updater:308 - Updater called before beeing initialized
2024-10-30 13:13:09,287 [ERROR] CADModel:125 - Updater not yet initialized, retry later 
2024-10-30 13:13:10,325 [INFO] CADModel:165 - CPN selected for project level
2024-10-30 13:13:10,325 [INFO] CADModel:114 - Register for checkConnection events
2024-10-30 13:13:10,326 [FATAL] Updater:308 - Updater called before beeing initialized
2024-10-30 13:13:10,326 [ERROR] CADModel:125 - Updater not yet initialized, retry later 
2024-10-30 13:13:10,347 [FATAL] Updater:308 - Updater called before beeing initialized
2024-10-30 13:13:11,186 [FATAL] Updater:308 - Updater called before beeing initialized
2024-10-30 13:13:11,259 [INFO] DbMcusAds:53 - JSON generation date=Fri Sep 20 18:34:38 IST 2024 (1726837478367)
2024-10-30 13:13:11,262 [FATAL] Updater:308 - Updater called before beeing initialized
2024-10-30 13:13:11,280 [INFO] ThirdPartyUpdaterWithRetryManager:70 - Updater plugin not ready yet. [6/15]
2024-10-30 13:13:11,789 [WARN] DetailPanel:346 - Failed to get advertising image, set to default
2024-10-30 13:13:12,389 [FATAL] Updater:308 - Updater called before beeing initialized
2024-10-30 13:13:12,429 [FATAL] Updater:308 - Updater called before beeing initialized
2024-10-30 13:13:12,430 [FATAL] Updater:308 - Updater called before beeing initialized
2024-10-30 13:13:12,431 [WARN] DetailPanel:346 - Failed to get advertising image, set to default
2024-10-30 13:13:12,434 [FATAL] Updater:308 - Updater called before beeing initialized
2024-10-30 13:13:14,284 [FATAL] Updater:308 - Updater called before beeing initialized
2024-10-30 13:13:14,284 [ERROR] IntegrityCheckThread:130 - Cannot retrieve database content from updater: error 21
2024-10-30 13:13:14,285 [INFO] ThirdParty:978 - Integrity check success = false
2024-10-30 13:13:14,286 [INFO] IntegrityCheckThread:100 - exiting critical section [integrity check]
2024-10-30 13:13:14,286 [INFO] IntegrityCheckThread:103 - End integrity checks thread
2024-10-30 13:13:14,352 [ERROR] Updater:1120 - MainUpdater not yet initialized. External WinMGr cannot be set.
2024-10-30 13:13:14,440 [INFO] Updater:1056 - Updater Version found : 6.11.1
2024-10-30 13:13:15,197 [INFO] ApplicationProperties:184 - Using Application install path: C:\ST\STM32CubeIDE_1.15.1\STM32CubeIDE\plugins\com.st.stm32cube.common.mx_6.11.1.202404110753
2024-10-30 13:13:16,891 [ERROR] LogOutputStream:75 - [STDERR_REDIRECT] Oct 30, 2024 1:13:16 PM java.util.prefs.WindowsPreferences <init>
2024-10-30 13:13:16,903 [ERROR] LogOutputStream:75 - [STDERR_REDIRECT] WARNING: Could not open/create prefs root node Software\JavaSoft\Prefs at root 0xffffffff80000002. Windows RegCreateKeyEx(...) returned error code 5.
2024-10-30 13:13:16,904 [ERROR] LogOutputStream:75 - [STDERR_REDIRECT] 
2024-10-30 13:13:19,066 [INFO] MainUpdater:2873 - connection check result : 22
2024-10-30 13:13:19,070 [INFO] MainUpdater:290 - Updater Check For Update Now.
2024-10-30 13:13:19,071 [INFO] MicroXplorer:498 - Change Database Version : DB.6.0.111
2024-10-30 13:13:19,198 [INFO] McuFinderGlobals:63 - Set McuFinder mode to 2 (CubeIDE integrated)
2024-10-30 13:13:19,457 [INFO] UserAuth:415 - Internet connection configuration mode: 2
2024-10-30 13:13:20,964 [INFO] CheckServerUpdateThread:120 - End of CheckServer Thread
2024-10-30 14:21:38,671 [ERROR] ConfigurationRetriever:142 - IOException on connection: sw-center.st.com
2024-10-30 14:21:38,673 [ERROR] ConfigurationRetriever:142 - IOException on connection: sw-center.st.com
2024-10-30 14:21:38,674 [ERROR] ConfigurationRetriever:142 - IOException on connection: sw-center.st.com
2024-10-30 14:22:05,793 [ERROR] ConfigurationRetriever:142 - IOException on connection: sw-center.st.com
2024-10-30 14:22:05,795 [ERROR] ConfigurationRetriever:142 - IOException on connection: sw-center.st.com
2024-10-30 14:22:05,797 [ERROR] ConfigurationRetriever:142 - IOException on connection: sw-center.st.com
2024-10-30 15:55:46,723 [ERROR] ConfigurationRetriever:142 - IOException on connection: sw-center.st.com
2024-10-30 15:55:46,725 [ERROR] ConfigurationRetriever:142 - IOException on connection: sw-center.st.com
2024-10-30 15:55:46,726 [ERROR] ConfigurationRetriever:142 - IOException on connection: sw-center.st.com
2024-10-30 15:56:31,311 [ERROR] ConfigurationRetriever:142 - IOException on connection: sw-center.st.com
2024-10-30 15:56:31,314 [ERROR] ConfigurationRetriever:142 - IOException on connection: sw-center.st.com
2024-10-30 15:56:31,317 [ERROR] ConfigurationRetriever:142 - IOException on connection: sw-center.st.com
2024-10-30 16:00:05,663 [ERROR] ConfigurationRetriever:142 - IOException on connection: sw-center.st.com
2024-10-30 16:00:05,665 [ERROR] ConfigurationRetriever:142 - IOException on connection: sw-center.st.com
2024-10-30 16:00:05,667 [ERROR] ConfigurationRetriever:142 - IOException on connection: sw-center.st.com
2024-10-30 16:22:55,791 [ERROR] ConfigurationRetriever:142 - IOException on connection: sw-center.st.com
2024-10-30 16:22:55,794 [ERROR] ConfigurationRetriever:142 - IOException on connection: sw-center.st.com
2024-10-30 16:22:55,796 [ERROR] ConfigurationRetriever:142 - IOException on connection: sw-center.st.com
2024-10-30 16:54:55,277 [INFO] McuFinderGlobals:63 - Set McuFinder mode to 2 (CubeIDE integrated)
2024-10-30 16:54:55,943 [INFO] MainUpdater:2873 - connection check result : 10
2024-10-30 16:54:56,114 [INFO] McuFinderGlobals:76 - Set McuFinderConnectedMode to true
2024-10-30 16:54:57,274 [INFO] ServerAccessManage:473 - Download File mcusAds.json._tmp_
2024-10-30 16:54:57,403 [INFO] LoadUrlFilesThread:156 - End of LoadUrlFiles Thread
2024-10-30 16:54:57,756 [INFO] ServerAccessManage:473 - Download File cube-finder-db.zip
2024-10-30 16:55:43,175 [INFO] DbMcusAds:53 - JSON generation date=Fri Sep 20 18:34:38 IST 2024 (1726837478367)
2024-10-30 16:55:43,418 [ERROR] TargetSelectorAdapter:267 - Unable to refresh data
2024-10-30 16:55:45,861 [INFO] ApiDb:581 - Connected to CubeFinder SQLite database (C:\Users\OVIA\.stmcufinder\plugins\mcufinder\mcu\cube-finder-db.db)
2024-10-30 16:55:46,364 [INFO] ApiDb:668 - CubeFinder database Data Model version=2.1
2024-10-30 16:55:46,365 [INFO] ApiDb:669 - CubeFinder database Configuration version=3.0.39
2024-10-30 16:55:46,370 [INFO] ApiDb:670 - CubeFinder database generation date=2024-10-15 (1729006872)
2024-10-30 16:55:46,370 [INFO] ApiDb:671 - CubeFinder database FW Pack versions=[FP-ATR-ASTRA1_V2.0.0, FP-SNS-FLIGHT1_V5.0.2, FP-SNS-MOTENV1_V5.0.0, FP-SNS-MOTENVWB1_V1.4.0, FP-SNS-SMARTAG2_V1.2.0, FP-SNS-STBOX1_V2.0.0, STM32Cube_FW_C0_V1.2.0, STM32Cube_FW_F4_V1.28.1, STM32Cube_FW_F7_V1.17.2, STM32Cube_FW_G0_V1.6.2, STM32Cube_FW_G4_V1.6.0, STM32Cube_FW_H5_V1.3.0, STM32Cube_FW_H7RS_V1.1.0, STM32Cube_FW_H7_V1.11.2, STM32Cube_FW_L0_V1.12.2, STM32Cube_FW_L5_V1.5.1, STM32Cube_FW_U0_V1.1.0, STM32Cube_FW_U5_V1.6.0, STM32Cube_FW_WB0_V1.0.0, STM32Cube_FW_WBA_V1.4.1, STM32Cube_FW_WB_V1.20.0, STM32Cube_FW_WL_V1.3.0, X-CUBE-ALGOBUILD_V1.4.0, X-CUBE-ALS_V1.0.2, X-CUBE-AZRTOS-F4_V1.1.0, X-CUBE-AZRTOS-F7_V1.1.0, X-CUBE-AZRTOS-G0_V1.1.0, X-CUBE-AZRTOS-G4_V2.0.0, X-CUBE-AZRTOS-H7RS_V1.0.0, X-CUBE-AZRTOS-H7_V3.3.0, X-CUBE-AZRTOS-L4_V2.0.0, X-CUBE-AZRTOS-L5_V2.0.0, X-CUBE-AZRTOS-WB_V2.0.0, X-CUBE-AZRTOS-WL_V2.0.0, X-CUBE-BLE1_V7.0.0, X-CUBE-BLE2_V3.3.0, X-CUBE-BLEMGR_V3.1.0, X-CUBE-EEPRMA1_V5.1.0, X-CUBE-FREERTOS_V1.2.0, X-CUBE-GNSS1_V6.0.0, X-CUBE-MEMS1_V11.0.0, X-CUBE-NFC4_V3.0.0, X-CUBE-NFC7_V1.0.1, X-CUBE-SFXS2LP1_V4.0.0, X-CUBE-SUBG2_V5.0.0, X-CUBE-TOF1_V3.4.2]
2024-10-30 16:55:47,786 [INFO] DbBoardsSqlite:226 - include board P-NUCLEO-WB55-NUCLEO as a kit item of type 'Nucleo-64'
2024-10-30 16:55:47,787 [INFO] DbBoardsSqlite:226 - include board P-NUCLEO-WB55-USBDONGLE as a kit item of type 'Nucleo USB Dongle'
2024-10-30 16:55:47,805 [INFO] DbBoardsSqlite:226 - include board STEVAL-IDP005V1 as a kit item of type 'Evaluation Board'
2024-10-30 16:55:47,806 [INFO] DbBoardsSqlite:226 - include board STEVAL-IDP005V2 as a kit item of type 'Evaluation Board'
2024-10-30 16:55:49,537 [INFO] ApiDb:240 - Found 483 in-development CPN: [B-G473E-ZEST1S, B-WB1M-WPAN1, B-WL5M-SUBG1, NUCLEO-C031C6, NUCLEO-H503RB, NUCLEO-H533RE, NUCLEO-H563ZI, NUCLEO-H7S3L8, NUCLEO-U031R8, NUCLEO-U083RC, NUCLEO-U545RE-Q, NUCLEO-U5A5ZJ-Q, NUCLEO-WBA52CG, NUCLEO-WBA55CG, STEVAL-PROTEUS1, STEVAL-SMARTAG2, STEVAL-STWINBX1, STM320518-EVAL, STM32C0116-DK, STM32C011D6Y3TR, STM32C011D6Y6TR, STM32C011F4P3, STM32C011F4P6, STM32C011F4U3, STM32C011F4U6TR, STM32C011F6P3, STM32C011F6P6, STM32C011F6U3, STM32C011F6U6TR, STM32C011J4M3, STM32C011J4M6, STM32C011J6M3, STM32C011J6M6, STM32C0316-DK, STM32C031C4T3, STM32C031C4T6, STM32C031C4U3, STM32C031C4U6, STM32C031C6T3, STM32C031C6T6, STM32C031C6U3, STM32C031C6U6, STM32C031F4P3, STM32C031F4P6, STM32C031F6P3, STM32C031F6P6, STM32C031G4U3, STM32C031G4U6, STM32C031G6U3, STM32C031G6U6, STM32C031K4T3, STM32C031K4T6, STM32C031K4U3, STM32C031K4U6, STM32C031K6T3, STM32C031K6T6, STM32C031K6U3, STM32C031K6U6, STM32G071K8TXN, STM32G071K8UXN, STM32G081GBU6N, STM32G081KBT6N, STM32G081KBUXN, STM32G0B1CCT6N, STM32G0B1KCT6, STM32G0B1NEY6TR, STM32G0B1RCT6N, STM32G0C1CCT6, STM32G0C1CCT6N, STM32G0C1CCU6N, STM32G0C1CET6N, STM32G0C1CEU6N, STM32G0C1KCT6, STM32G0C1NEY6TR, STM32G0C1RCI6N, STM32G0C1RCT6N, STM32G0C1REI6N, STM32G0C1RET6N, STM32G0C1VCI6, STM32G0C1VEI6, STM32G471CCT6, STM32G471CCU6, STM32G471CET3, STM32G471CET6, STM32G471CEU3, STM32G471CEU6, STM32G471MCT6, STM32G471MET3, STM32G471MET6, STM32G471MEY6TR, STM32G471QCT6, STM32G471QET3, STM32G471RCT6, STM32G471RET3, STM32G471RET6, STM32G471VCH6, STM32G471VCI6, STM32G471VCT6, STM32G471VEH3, STM32G471VEH6, STM32G471VEI3, STM32G471VEI6, STM32G471VET3, STM32G471VET6, STM32G474CCT6, STM32H503CBT6, STM32H503CBU6, STM32H503EBY6TR, STM32H503KBU6, STM32H503RBT6, STM32H523CCT6, STM32H523CCU6, STM32H523CET6, STM32H523CEU6, STM32H523HEY6TR, STM32H523RCT6, STM32H523RET6, STM32H523VCI6, STM32H523VCT6, STM32H523VEI6, STM32H523VET6, STM32H523ZCJ6, STM32H523ZCT6, STM32H523ZEJ6, STM32H523ZET6, STM32H533CET6, STM32H533CEU6, STM32H533HEY6TR, STM32H533RET6, STM32H533VEI6, STM32H533VET6, STM32H533ZEJ6, STM32H533ZET6, STM32H562AGI6, STM32H562AII6, STM32H562IGK6, STM32H562IGT6, STM32H562IIK6, STM32H562IIT6, STM32H562RGT6, STM32H562RGV6, STM32H562RIT6, STM32H562RIV6, STM32H562VGT6, STM32H562VIT6, STM32H562ZGT6, STM32H562ZIT6, STM32H563AGI6, STM32H563AII3Q, STM32H563AII6, STM32H563IGK6, STM32H563IGT6, STM32H563IIK3Q, STM32H563IIK6, STM32H563IIT3Q, STM32H563IIT6, STM32H563MIY3QTR, STM32H563RGT6, STM32H563RGV6, STM32H563RIT6, STM32H563RIV6, STM32H563VGT6, STM32H563VIT3Q, STM32H563VIT6, STM32H563ZGT6, STM32H563ZIT3Q, STM32H563ZIT6, STM32H573AII3Q, STM32H573AII6, STM32H573I-DK, STM32H573IIK3Q, STM32H573IIK6, STM32H573IIT3Q, STM32H573IIT6, STM32H573MIY3QTR, STM32H573RIT6, STM32H573RIV6, STM32H573VIT3Q, STM32H573VIT6, STM32H573ZIT3Q, STM32H573ZIT6, STM32H7R3A8I6, STM32H7R3I8K6, STM32H7R3I8T6, STM32H7R3L8H6, STM32H7R3L8H6H, STM32H7R3R8V6, STM32H7R3V8H6, STM32H7R3V8T6, STM32H7R3V8Y6, STM32H7R3Z8J6, STM32H7R3Z8T6, STM32H7R7A8I6, STM32H7R7I8K6, STM32H7R7I8T6, STM32H7R7L8H6, STM32H7R7L8H6H, STM32H7R7Z8J6, STM32H7S3A8I6, STM32H7S3I8K6, STM32H7S3I8T6, STM32H7S3L8H6, STM32H7S3L8H6H, STM32H7S3R8V6, STM32H7S3V8H6, STM32H7S3V8T6, STM32H7S3V8Y6, STM32H7S3Z8J6, STM32H7S3Z8T6, STM32H7S78-DK, STM32H7S7A8I6, STM32H7S7I8K6, STM32H7S7I8T6, STM32H7S7L8H6, STM32H7S7L8H6H, STM32H7S7Z8J6, STM32L4R5QGI6STR, STM32MP131AAE3, STM32MP131AAF3, STM32MP131AAG3, STM32MP131CAE3, STM32MP131CAF3, STM32MP131CAG3, STM32MP131DAE7, STM32MP131DAF7, STM32MP131DAG7, STM32MP131FAE7, STM32MP131FAF7, STM32MP131FAG7, STM32MP133AAE3, STM32MP133AAF3, STM32MP133AAG3, STM32MP133CAE3, STM32MP133CAF3, STM32MP133CAG3, STM32MP133DAE7, STM32MP133DAF7, STM32MP133DAG7, STM32MP133FAE7, STM32MP133FAF7, STM32MP133FAG7, STM32MP135AAE3, STM32MP135AAF3, STM32MP135AAG3, STM32MP135CAE3, STM32MP135CAF3, STM32MP135CAG3, STM32MP135DAE7, STM32MP135DAF7, STM32MP135DAG7, STM32MP135F-DK, STM32MP135FAE7, STM32MP135FAF7, STM32MP135FAF7T, STM32MP135FAF7U, STM32MP135FAG7, STM32U031C6T6, STM32U031C6U6, STM32U031C8T6, STM32U031C8U6, STM32U031F4P6, STM32U031F6P6, STM32U031F8P6, STM32U031G6Y6TR, STM32U031G8Y6TR, STM32U031K4U6, STM32U031K6U6, STM32U031K8U6, STM32U031R6I6, STM32U031R6T6, STM32U031R8I6, STM32U031R8T6, STM32U073C8T6, STM32U073C8U6, STM32U073CBT6, STM32U073CBU6, STM32U073CCT6, STM32U073CCU6, STM32U073H8Y6TR, STM32U073HBY6TR, STM32U073HCY6TR, STM32U073K8U6, STM32U073KBU6, STM32U073KCU6, STM32U073M8I6, STM32U073M8T6, STM32U073MBI6, STM32U073MBT6, STM32U073MCI6, STM32U073MCT6, STM32U073R8I6, STM32U073R8T6, STM32U073RBI6, STM32U073RBT6, STM32U073RCI6, STM32U073RCT6, STM32U083C-DK, STM32U083CCT6, STM32U083CCU6, STM32U083HCY6TR, STM32U083KCU6, STM32U083MCI6, STM32U083MCT6, STM32U083RCI6, STM32U083RCT6, STM32U535CBT6, STM32U535CBT6Q, STM32U535CBU6, STM32U535CBU6Q, STM32U535CCT6, STM32U535CCT6Q, STM32U535CCU6, STM32U535CCU6Q, STM32U535CET6, STM32U535CET6Q, STM32U535CEU6, STM32U535CEU6Q, STM32U535JEY6QTR, STM32U535NCY6QTR, STM32U535NEY6QTR, STM32U535RBI6, STM32U535RBI6Q, STM32U535RBT6, STM32U535RBT6Q, STM32U535RCI6, STM32U535RCI6Q, STM32U535RCT6, STM32U535RCT6Q, STM32U535REI6, STM32U535REI6Q, STM32U535RET6, STM32U535RET6Q, STM32U535VCI6, STM32U535VCI6Q, STM32U535VCT6, STM32U535VCT6Q, STM32U535VEI6, STM32U535VEI6Q, STM32U535VET6, STM32U535VET6Q, STM32U545CET6, STM32U545CET6Q, STM32U545CEU6, STM32U545CEU6Q, STM32U545JEY6QTR, STM32U545NEY6QTR, STM32U545REI6, STM32U545REI6Q, STM32U545RET6, STM32U545RET6Q, STM32U545VEI6, STM32U545VEI6Q, STM32U545VET6, STM32U545VET6Q, STM32U595AIH6, STM32U595AIH6Q, STM32U595AJH6, STM32U595AJH6Q, STM32U595QII6, STM32U595QII6Q, STM32U595QJI6, STM32U595QJI6Q, STM32U595RIT6, STM32U595RIT6Q, STM32U595RJT6, STM32U595RJT6Q, STM32U595VIT6, STM32U595VIT6Q, STM32U595VJT6, STM32U595VJT6Q, STM32U595ZIT6, STM32U595ZIT6Q, STM32U595ZIY6QTR, STM32U595ZJT6, STM32U595ZJT6Q, STM32U595ZJY6QTR, STM32U599BJY6QTR, STM32U599NIH6Q, STM32U599NJH6Q, STM32U599VIT6Q, STM32U599VJT6, STM32U599VJT6Q, STM32U599ZIT6Q, STM32U599ZIY6QTR, STM32U599ZJT6Q, STM32U599ZJY6QTR, STM32U5A5AJH6, STM32U5A5AJH6Q, STM32U5A5QII3Q , STM32U5A5QJI6, STM32U5A5QJI6Q, STM32U5A5RJT6, STM32U5A5RJT6Q, STM32U5A5VJT6, STM32U5A5VJT6Q, STM32U5A5ZJT6, STM32U5A5ZJT6Q, STM32U5A5ZJY6QTR, STM32U5A9BJY6QTR, STM32U5A9J-DK, STM32U5A9NJH6Q, STM32U5A9VJT6Q, STM32U5A9ZJT6Q, STM32U5A9ZJY6QTR, STM32U5F7VIT6, STM32U5F7VIT6Q, STM32U5F7VJT6, STM32U5F7VJT6Q, STM32U5F9BJY6QTR, STM32U5F9NJH6Q, STM32U5F9VIT6Q, STM32U5F9VJT6Q, STM32U5F9ZIJ6QTR, STM32U5F9ZIT6Q, STM32U5F9ZJJ6QTR, STM32U5F9ZJT6Q, STM32U5G7VJT6, STM32U5G7VJT6Q, STM32U5G9BJY6QTR, STM32U5G9J-DK1, STM32U5G9J-DK2, STM32U5G9NJH6Q, STM32U5G9VJT6Q, STM32U5G9ZJJ6QTR, STM32U5G9ZJT6Q, STM32WB1MMCH6, STM32WBA50KEU6, STM32WBA50KEU6TR, STM32WBA50KGU6, STM32WBA50KGU6TR, STM32WBA52CEU6, STM32WBA52CEU6TR, STM32WBA52CEU7, STM32WBA52CEU7TR, STM32WBA52CGU6, STM32WBA52CGU6TR, STM32WBA52CGU6U, STM32WBA52CGU7, STM32WBA52CGU7TR, STM32WBA52KEU6, STM32WBA52KEU6TR, STM32WBA52KGU6, STM32WBA52KGU6TR, STM32WBA54CEU6, STM32WBA54CEU6TR, STM32WBA54CEU7, STM32WBA54CEU7TR, STM32WBA54CGU6, STM32WBA54CGU6TR, STM32WBA54CGU7, STM32WBA54CGU7TR, STM32WBA54KEU6, STM32WBA54KEU6TR, STM32WBA54KEU7, STM32WBA54KEU7TR, STM32WBA54KGU6, STM32WBA54KGU6TR, STM32WBA54KGU7, STM32WBA54KGU7TR, STM32WBA55CEU6, STM32WBA55CEU6TR, STM32WBA55CEU7, STM32WBA55CEU7TR, STM32WBA55CGU6, STM32WBA55CGU6TR, STM32WBA55CGU6U, STM32WBA55CGU7, STM32WBA55CGU7TR, STM32WBA55G-DK1, STM32WBA55HEF6, STM32WBA55HEF7, STM32WBA55HGF6, STM32WBA55HGF7, STM32WBA55UEI6, STM32WBA55UEI6TR, STM32WBA55UEI7, STM32WBA55UEI7TR, STM32WBA55UGI6, STM32WBA55UGI6TR, STM32WBA55UGI7, STM32WBA55UGI7TR, STM32WL5MOCH6, STM32WL5MOCH6TR]
2024-10-30 16:55:49,704 [INFO] BoardInfo:889 - No configuration file found for board NUCLEO-C071RB
2024-10-30 16:55:49,707 [INFO] DbBoards:161 - Board is not supported: NUCLEO-C071RB
2024-10-30 16:55:50,226 [INFO] BoardInfo:889 - No configuration file found for board NUCLEO-WB05KZ
2024-10-30 16:55:50,228 [INFO] DbBoards:161 - Board is not supported: NUCLEO-WB05KZ
2024-10-30 16:55:50,234 [INFO] BoardInfo:889 - No configuration file found for board NUCLEO-WB07CC
2024-10-30 16:55:50,235 [INFO] DbBoards:161 - Board is not supported: NUCLEO-WB07CC
2024-10-30 16:55:50,240 [INFO] BoardInfo:889 - No configuration file found for board NUCLEO-WB09KE
2024-10-30 16:55:50,242 [INFO] DbBoards:161 - Board is not supported: NUCLEO-WB09KE
2024-10-30 16:55:50,305 [INFO] BoardInfo:889 - No configuration file found for board P-NUCLEO-WB55
2024-10-30 16:55:50,307 [INFO] DbBoards:161 - Kit is not supported: P-NUCLEO-WB55
2024-10-30 16:55:50,330 [INFO] BoardInfo:889 - No configuration file found for board STEVAL-BFA001V1B
2024-10-30 16:55:50,331 [INFO] DbBoards:161 - Kit is not supported: STEVAL-BFA001V1B
2024-10-30 16:55:50,337 [INFO] BoardInfo:889 - No configuration file found for board STEVAL-BFA001V2B
2024-10-30 16:55:50,339 [INFO] DbBoards:161 - Kit is not supported: STEVAL-BFA001V2B
2024-10-30 16:55:51,125 [INFO] BoardInfo:889 - No configuration file found for board STM32MP257F-DK
2024-10-30 16:55:51,127 [INFO] DbBoards:161 - Board is not supported: STM32MP257F-DK
2024-10-30 16:55:51,138 [INFO] BoardInfo:889 - No configuration file found for board STM32MP257F-EV1
2024-10-30 16:55:51,140 [INFO] DbBoards:161 - Board is not supported: STM32MP257F-EV1
2024-10-30 16:55:51,313 [INFO] DbBoards:168 - Found 201 boards, 192 are supported
2024-10-30 16:55:51,315 [INFO] DbBoards:169 - Found 201 boards, 8 of them is supported for  Bsp
2024-10-30 16:55:51,333 [INFO] ApiDb:668 - CubeFinder database Data Model version=2.1
2024-10-30 16:55:51,334 [INFO] ApiDb:669 - CubeFinder database Configuration version=3.0.39
2024-10-30 16:55:51,335 [INFO] ApiDb:670 - CubeFinder database generation date=2024-10-15 (1729006872)
2024-10-30 16:55:51,335 [INFO] ApiDb:671 - CubeFinder database FW Pack versions=[FP-ATR-ASTRA1_V2.0.0, FP-SNS-FLIGHT1_V5.0.2, FP-SNS-MOTENV1_V5.0.0, FP-SNS-MOTENVWB1_V1.4.0, FP-SNS-SMARTAG2_V1.2.0, FP-SNS-STBOX1_V2.0.0, STM32Cube_FW_C0_V1.2.0, STM32Cube_FW_F4_V1.28.1, STM32Cube_FW_F7_V1.17.2, STM32Cube_FW_G0_V1.6.2, STM32Cube_FW_G4_V1.6.0, STM32Cube_FW_H5_V1.3.0, STM32Cube_FW_H7RS_V1.1.0, STM32Cube_FW_H7_V1.11.2, STM32Cube_FW_L0_V1.12.2, STM32Cube_FW_L5_V1.5.1, STM32Cube_FW_U0_V1.1.0, STM32Cube_FW_U5_V1.6.0, STM32Cube_FW_WB0_V1.0.0, STM32Cube_FW_WBA_V1.4.1, STM32Cube_FW_WB_V1.20.0, STM32Cube_FW_WL_V1.3.0, X-CUBE-ALGOBUILD_V1.4.0, X-CUBE-ALS_V1.0.2, X-CUBE-AZRTOS-F4_V1.1.0, X-CUBE-AZRTOS-F7_V1.1.0, X-CUBE-AZRTOS-G0_V1.1.0, X-CUBE-AZRTOS-G4_V2.0.0, X-CUBE-AZRTOS-H7RS_V1.0.0, X-CUBE-AZRTOS-H7_V3.3.0, X-CUBE-AZRTOS-L4_V2.0.0, X-CUBE-AZRTOS-L5_V2.0.0, X-CUBE-AZRTOS-WB_V2.0.0, X-CUBE-AZRTOS-WL_V2.0.0, X-CUBE-BLE1_V7.0.0, X-CUBE-BLE2_V3.3.0, X-CUBE-BLEMGR_V3.1.0, X-CUBE-EEPRMA1_V5.1.0, X-CUBE-FREERTOS_V1.2.0, X-CUBE-GNSS1_V6.0.0, X-CUBE-MEMS1_V11.0.0, X-CUBE-NFC4_V3.0.0, X-CUBE-NFC7_V1.0.1, X-CUBE-SFXS2LP1_V4.0.0, X-CUBE-SUBG2_V5.0.0, X-CUBE-TOF1_V3.4.2]
2024-10-30 16:56:03,888 [INFO] ApiDb:240 - Found 483 in-development CPN: [B-G473E-ZEST1S, B-WB1M-WPAN1, B-WL5M-SUBG1, NUCLEO-C031C6, NUCLEO-H503RB, NUCLEO-H533RE, NUCLEO-H563ZI, NUCLEO-H7S3L8, NUCLEO-U031R8, NUCLEO-U083RC, NUCLEO-U545RE-Q, NUCLEO-U5A5ZJ-Q, NUCLEO-WBA52CG, NUCLEO-WBA55CG, STEVAL-PROTEUS1, STEVAL-SMARTAG2, STEVAL-STWINBX1, STM320518-EVAL, STM32C0116-DK, STM32C011D6Y3TR, STM32C011D6Y6TR, STM32C011F4P3, STM32C011F4P6, STM32C011F4U3, STM32C011F4U6TR, STM32C011F6P3, STM32C011F6P6, STM32C011F6U3, STM32C011F6U6TR, STM32C011J4M3, STM32C011J4M6, STM32C011J6M3, STM32C011J6M6, STM32C0316-DK, STM32C031C4T3, STM32C031C4T6, STM32C031C4U3, STM32C031C4U6, STM32C031C6T3, STM32C031C6T6, STM32C031C6U3, STM32C031C6U6, STM32C031F4P3, STM32C031F4P6, STM32C031F6P3, STM32C031F6P6, STM32C031G4U3, STM32C031G4U6, STM32C031G6U3, STM32C031G6U6, STM32C031K4T3, STM32C031K4T6, STM32C031K4U3, STM32C031K4U6, STM32C031K6T3, STM32C031K6T6, STM32C031K6U3, STM32C031K6U6, STM32G071K8TXN, STM32G071K8UXN, STM32G081GBU6N, STM32G081KBT6N, STM32G081KBUXN, STM32G0B1CCT6N, STM32G0B1KCT6, STM32G0B1NEY6TR, STM32G0B1RCT6N, STM32G0C1CCT6, STM32G0C1CCT6N, STM32G0C1CCU6N, STM32G0C1CET6N, STM32G0C1CEU6N, STM32G0C1KCT6, STM32G0C1NEY6TR, STM32G0C1RCI6N, STM32G0C1RCT6N, STM32G0C1REI6N, STM32G0C1RET6N, STM32G0C1VCI6, STM32G0C1VEI6, STM32G471CCT6, STM32G471CCU6, STM32G471CET3, STM32G471CET6, STM32G471CEU3, STM32G471CEU6, STM32G471MCT6, STM32G471MET3, STM32G471MET6, STM32G471MEY6TR, STM32G471QCT6, STM32G471QET3, STM32G471RCT6, STM32G471RET3, STM32G471RET6, STM32G471VCH6, STM32G471VCI6, STM32G471VCT6, STM32G471VEH3, STM32G471VEH6, STM32G471VEI3, STM32G471VEI6, STM32G471VET3, STM32G471VET6, STM32G474CCT6, STM32H503CBT6, STM32H503CBU6, STM32H503EBY6TR, STM32H503KBU6, STM32H503RBT6, STM32H523CCT6, STM32H523CCU6, STM32H523CET6, STM32H523CEU6, STM32H523HEY6TR, STM32H523RCT6, STM32H523RET6, STM32H523VCI6, STM32H523VCT6, STM32H523VEI6, STM32H523VET6, STM32H523ZCJ6, STM32H523ZCT6, STM32H523ZEJ6, STM32H523ZET6, STM32H533CET6, STM32H533CEU6, STM32H533HEY6TR, STM32H533RET6, STM32H533VEI6, STM32H533VET6, STM32H533ZEJ6, STM32H533ZET6, STM32H562AGI6, STM32H562AII6, STM32H562IGK6, STM32H562IGT6, STM32H562IIK6, STM32H562IIT6, STM32H562RGT6, STM32H562RGV6, STM32H562RIT6, STM32H562RIV6, STM32H562VGT6, STM32H562VIT6, STM32H562ZGT6, STM32H562ZIT6, STM32H563AGI6, STM32H563AII3Q, STM32H563AII6, STM32H563IGK6, STM32H563IGT6, STM32H563IIK3Q, STM32H563IIK6, STM32H563IIT3Q, STM32H563IIT6, STM32H563MIY3QTR, STM32H563RGT6, STM32H563RGV6, STM32H563RIT6, STM32H563RIV6, STM32H563VGT6, STM32H563VIT3Q, STM32H563VIT6, STM32H563ZGT6, STM32H563ZIT3Q, STM32H563ZIT6, STM32H573AII3Q, STM32H573AII6, STM32H573I-DK, STM32H573IIK3Q, STM32H573IIK6, STM32H573IIT3Q, STM32H573IIT6, STM32H573MIY3QTR, STM32H573RIT6, STM32H573RIV6, STM32H573VIT3Q, STM32H573VIT6, STM32H573ZIT3Q, STM32H573ZIT6, STM32H7R3A8I6, STM32H7R3I8K6, STM32H7R3I8T6, STM32H7R3L8H6, STM32H7R3L8H6H, STM32H7R3R8V6, STM32H7R3V8H6, STM32H7R3V8T6, STM32H7R3V8Y6, STM32H7R3Z8J6, STM32H7R3Z8T6, STM32H7R7A8I6, STM32H7R7I8K6, STM32H7R7I8T6, STM32H7R7L8H6, STM32H7R7L8H6H, STM32H7R7Z8J6, STM32H7S3A8I6, STM32H7S3I8K6, STM32H7S3I8T6, STM32H7S3L8H6, STM32H7S3L8H6H, STM32H7S3R8V6, STM32H7S3V8H6, STM32H7S3V8T6, STM32H7S3V8Y6, STM32H7S3Z8J6, STM32H7S3Z8T6, STM32H7S78-DK, STM32H7S7A8I6, STM32H7S7I8K6, STM32H7S7I8T6, STM32H7S7L8H6, STM32H7S7L8H6H, STM32H7S7Z8J6, STM32L4R5QGI6STR, STM32MP131AAE3, STM32MP131AAF3, STM32MP131AAG3, STM32MP131CAE3, STM32MP131CAF3, STM32MP131CAG3, STM32MP131DAE7, STM32MP131DAF7, STM32MP131DAG7, STM32MP131FAE7, STM32MP131FAF7, STM32MP131FAG7, STM32MP133AAE3, STM32MP133AAF3, STM32MP133AAG3, STM32MP133CAE3, STM32MP133CAF3, STM32MP133CAG3, STM32MP133DAE7, STM32MP133DAF7, STM32MP133DAG7, STM32MP133FAE7, STM32MP133FAF7, STM32MP133FAG7, STM32MP135AAE3, STM32MP135AAF3, STM32MP135AAG3, STM32MP135CAE3, STM32MP135CAF3, STM32MP135CAG3, STM32MP135DAE7, STM32MP135DAF7, STM32MP135DAG7, STM32MP135F-DK, STM32MP135FAE7, STM32MP135FAF7, STM32MP135FAF7T, STM32MP135FAF7U, STM32MP135FAG7, STM32U031C6T6, STM32U031C6U6, STM32U031C8T6, STM32U031C8U6, STM32U031F4P6, STM32U031F6P6, STM32U031F8P6, STM32U031G6Y6TR, STM32U031G8Y6TR, STM32U031K4U6, STM32U031K6U6, STM32U031K8U6, STM32U031R6I6, STM32U031R6T6, STM32U031R8I6, STM32U031R8T6, STM32U073C8T6, STM32U073C8U6, STM32U073CBT6, STM32U073CBU6, STM32U073CCT6, STM32U073CCU6, STM32U073H8Y6TR, STM32U073HBY6TR, STM32U073HCY6TR, STM32U073K8U6, STM32U073KBU6, STM32U073KCU6, STM32U073M8I6, STM32U073M8T6, STM32U073MBI6, STM32U073MBT6, STM32U073MCI6, STM32U073MCT6, STM32U073R8I6, STM32U073R8T6, STM32U073RBI6, STM32U073RBT6, STM32U073RCI6, STM32U073RCT6, STM32U083C-DK, STM32U083CCT6, STM32U083CCU6, STM32U083HCY6TR, STM32U083KCU6, STM32U083MCI6, STM32U083MCT6, STM32U083RCI6, STM32U083RCT6, STM32U535CBT6, STM32U535CBT6Q, STM32U535CBU6, STM32U535CBU6Q, STM32U535CCT6, STM32U535CCT6Q, STM32U535CCU6, STM32U535CCU6Q, STM32U535CET6, STM32U535CET6Q, STM32U535CEU6, STM32U535CEU6Q, STM32U535JEY6QTR, STM32U535NCY6QTR, STM32U535NEY6QTR, STM32U535RBI6, STM32U535RBI6Q, STM32U535RBT6, STM32U535RBT6Q, STM32U535RCI6, STM32U535RCI6Q, STM32U535RCT6, STM32U535RCT6Q, STM32U535REI6, STM32U535REI6Q, STM32U535RET6, STM32U535RET6Q, STM32U535VCI6, STM32U535VCI6Q, STM32U535VCT6, STM32U535VCT6Q, STM32U535VEI6, STM32U535VEI6Q, STM32U535VET6, STM32U535VET6Q, STM32U545CET6, STM32U545CET6Q, STM32U545CEU6, STM32U545CEU6Q, STM32U545JEY6QTR, STM32U545NEY6QTR, STM32U545REI6, STM32U545REI6Q, STM32U545RET6, STM32U545RET6Q, STM32U545VEI6, STM32U545VEI6Q, STM32U545VET6, STM32U545VET6Q, STM32U595AIH6, STM32U595AIH6Q, STM32U595AJH6, STM32U595AJH6Q, STM32U595QII6, STM32U595QII6Q, STM32U595QJI6, STM32U595QJI6Q, STM32U595RIT6, STM32U595RIT6Q, STM32U595RJT6, STM32U595RJT6Q, STM32U595VIT6, STM32U595VIT6Q, STM32U595VJT6, STM32U595VJT6Q, STM32U595ZIT6, STM32U595ZIT6Q, STM32U595ZIY6QTR, STM32U595ZJT6, STM32U595ZJT6Q, STM32U595ZJY6QTR, STM32U599BJY6QTR, STM32U599NIH6Q, STM32U599NJH6Q, STM32U599VIT6Q, STM32U599VJT6, STM32U599VJT6Q, STM32U599ZIT6Q, STM32U599ZIY6QTR, STM32U599ZJT6Q, STM32U599ZJY6QTR, STM32U5A5AJH6, STM32U5A5AJH6Q, STM32U5A5QII3Q , STM32U5A5QJI6, STM32U5A5QJI6Q, STM32U5A5RJT6, STM32U5A5RJT6Q, STM32U5A5VJT6, STM32U5A5VJT6Q, STM32U5A5ZJT6, STM32U5A5ZJT6Q, STM32U5A5ZJY6QTR, STM32U5A9BJY6QTR, STM32U5A9J-DK, STM32U5A9NJH6Q, STM32U5A9VJT6Q, STM32U5A9ZJT6Q, STM32U5A9ZJY6QTR, STM32U5F7VIT6, STM32U5F7VIT6Q, STM32U5F7VJT6, STM32U5F7VJT6Q, STM32U5F9BJY6QTR, STM32U5F9NJH6Q, STM32U5F9VIT6Q, STM32U5F9VJT6Q, STM32U5F9ZIJ6QTR, STM32U5F9ZIT6Q, STM32U5F9ZJJ6QTR, STM32U5F9ZJT6Q, STM32U5G7VJT6, STM32U5G7VJT6Q, STM32U5G9BJY6QTR, STM32U5G9J-DK1, STM32U5G9J-DK2, STM32U5G9NJH6Q, STM32U5G9VJT6Q, STM32U5G9ZJJ6QTR, STM32U5G9ZJT6Q, STM32WB1MMCH6, STM32WBA50KEU6, STM32WBA50KEU6TR, STM32WBA50KGU6, STM32WBA50KGU6TR, STM32WBA52CEU6, STM32WBA52CEU6TR, STM32WBA52CEU7, STM32WBA52CEU7TR, STM32WBA52CGU6, STM32WBA52CGU6TR, STM32WBA52CGU6U, STM32WBA52CGU7, STM32WBA52CGU7TR, STM32WBA52KEU6, STM32WBA52KEU6TR, STM32WBA52KGU6, STM32WBA52KGU6TR, STM32WBA54CEU6, STM32WBA54CEU6TR, STM32WBA54CEU7, STM32WBA54CEU7TR, STM32WBA54CGU6, STM32WBA54CGU6TR, STM32WBA54CGU7, STM32WBA54CGU7TR, STM32WBA54KEU6, STM32WBA54KEU6TR, STM32WBA54KEU7, STM32WBA54KEU7TR, STM32WBA54KGU6, STM32WBA54KGU6TR, STM32WBA54KGU7, STM32WBA54KGU7TR, STM32WBA55CEU6, STM32WBA55CEU6TR, STM32WBA55CEU7, STM32WBA55CEU7TR, STM32WBA55CGU6, STM32WBA55CGU6TR, STM32WBA55CGU6U, STM32WBA55CGU7, STM32WBA55CGU7TR, STM32WBA55G-DK1, STM32WBA55HEF6, STM32WBA55HEF7, STM32WBA55HGF6, STM32WBA55HGF7, STM32WBA55UEI6, STM32WBA55UEI6TR, STM32WBA55UEI7, STM32WBA55UEI7TR, STM32WBA55UGI6, STM32WBA55UGI6TR, STM32WBA55UGI7, STM32WBA55UGI7TR, STM32WL5MOCH6, STM32WL5MOCH6TR]
2024-10-30 16:56:03,904 [INFO] DbMcus:218 - Found 4204 MCUs, 4204 are supported
2024-10-30 16:56:03,906 [INFO] ApiDb:423 - Load user favorites file C:\Users\OVIA/.stm32cubeide/favorites.mcus.txt: 0 item(s)
2024-10-30 16:56:03,907 [INFO] ApiDb:427 - User favorites MCUs=[]
2024-10-30 16:56:03,908 [INFO] DbMcus:224 - Set 0 / 0 favorites MCUs
2024-10-30 16:56:05,813 [INFO] ApiDb:423 - Load user favorites file C:\Users\OVIA/.stm32cubeide/favorites.boards.txt: 0 item(s)
2024-10-30 16:56:05,813 [INFO] ApiDb:427 - User favorites Boards=[]
2024-10-30 16:56:05,815 [INFO] DbBoards:198 - Set 0 / 0 favorites Boards
2024-10-30 16:56:05,816 [INFO] McuFinderGlobals:76 - Set McuFinderConnectedMode to true
2024-10-30 16:56:05,887 [INFO] MultiScanPanel:200 - Auto-refresh data requested => check proxy status ongoing
2024-10-30 16:56:05,896 [INFO] FinderPluginLoader:95 - Searching for filters in installed packs
2024-10-30 16:56:08,726 [ERROR] ServerAccessManage:651 - User Cancel Download : cube-finder-db.zip.
2024-10-30 16:56:08,828 [INFO] LoadUrlFilesThread:156 - End of LoadUrlFiles Thread
2024-10-30 16:56:13,086 [INFO] LoadUrlFilesThread:185 - End of LoadServerUrlFiles without Thread
2024-10-30 16:56:13,535 [INFO] DetailPanel:341 - Set advertising image to C:/Users/OVIA/STM32Cube/Repository/\en.prom-stm32c071-usb-memories-mcu-finder.png
2024-10-30 16:58:51,268 [INFO] McuFinderGlobals:76 - Set McuFinderConnectedMode to true
2024-10-30 16:58:51,990 [INFO] ApiDb:448 - Save user favorites file C:\Users\OVIA/.stm32cubeide/favorites.mcus.txt: 0 item(s)
2024-10-30 16:58:51,991 [INFO] ApiDb:452 - User favorites MCUs=[]
2024-10-30 16:58:52,682 [ERROR] LogOutputStream:75 - [STDERR_REDIRECT] Exception in thread "AWT-EventQueue-0" java.lang.NullPointerException: Cannot invoke "com.st.stm32cube.common.mx.targetselector.IdeMcuFinder.cleanUp(boolean)" because "this.this$0.mcuFinder" is null
2024-10-30 16:58:52,725 [ERROR] LogOutputStream:75 - [STDERR_REDIRECT] 	at com.st.stm32cube.common.mx.targetselector.TargetSelectorAdapter$7.run(TargetSelectorAdapter.java:353)
2024-10-30 16:58:52,740 [ERROR] LogOutputStream:75 - [STDERR_REDIRECT] 	at com.st.stm32cube.common.mx.oss.core.awtswtbridge.AwtEnvironment$2.run(AwtEnvironment.java:166)
2024-10-30 16:58:52,751 [ERROR] LogOutputStream:75 - [STDERR_REDIRECT] 	at java.desktop/java.awt.event.InvocationEvent.dispatch(InvocationEvent.java:318)
2024-10-30 16:58:52,760 [ERROR] LogOutputStream:75 - [STDERR_REDIRECT] 	at java.desktop/java.awt.EventQueue.dispatchEventImpl(EventQueue.java:773)
2024-10-30 16:58:52,777 [ERROR] LogOutputStream:75 - [STDERR_REDIRECT] 	at java.desktop/java.awt.EventQueue$4.run(EventQueue.java:720)
2024-10-30 16:58:52,786 [ERROR] LogOutputStream:75 - [STDERR_REDIRECT] 	at java.desktop/java.awt.EventQueue$4.run(EventQueue.java:714)
2024-10-30 16:58:52,826 [ERROR] LogOutputStream:75 - [STDERR_REDIRECT] 	at java.base/java.security.AccessController.doPrivileged(AccessController.java:399)
2024-10-30 16:58:52,846 [ERROR] LogOutputStream:75 - [STDERR_REDIRECT] 	at java.base/java.security.ProtectionDomain$JavaSecurityAccessImpl.doIntersectionPrivilege(ProtectionDomain.java:86)
2024-10-30 16:58:52,860 [ERROR] LogOutputStream:75 - [STDERR_REDIRECT] 	at java.desktop/java.awt.EventQueue.dispatchEvent(EventQueue.java:742)
2024-10-30 16:58:52,881 [ERROR] LogOutputStream:75 - [STDERR_REDIRECT] 	at java.desktop/java.awt.EventDispatchThread.pumpOneEventForFilters(EventDispatchThread.java:203)
2024-10-30 16:58:52,898 [ERROR] LogOutputStream:75 - [STDERR_REDIRECT] 	at java.desktop/java.awt.EventDispatchThread.pumpEventsForFilter(EventDispatchThread.java:124)
2024-10-30 16:58:52,915 [ERROR] LogOutputStream:75 - [STDERR_REDIRECT] 	at java.desktop/java.awt.EventDispatchThread.pumpEventsForHierarchy(EventDispatchThread.java:113)
2024-10-30 16:58:52,931 [ERROR] LogOutputStream:75 - [STDERR_REDIRECT] 	at java.desktop/java.awt.EventDispatchThread.pumpEvents(EventDispatchThread.java:109)
2024-10-30 16:58:52,943 [ERROR] LogOutputStream:75 - [STDERR_REDIRECT] 	at java.desktop/java.awt.EventDispatchThread.pumpEvents(EventDispatchThread.java:101)
2024-10-30 16:58:52,956 [ERROR] LogOutputStream:75 - [STDERR_REDIRECT] 	at java.desktop/java.awt.EventDispatchThread.run(EventDispatchThread.java:90)
2024-10-30 17:22:14,870 [INFO] MainUpdater:2873 - connection check result : 10
2024-10-30 17:22:14,872 [INFO] McuFinderGlobals:76 - Set McuFinderConnectedMode to true
2024-10-30 17:22:15,588 [INFO] ServerAccessManage:473 - Download File mcusAds.json._tmp_
2024-10-30 17:22:15,773 [INFO] LoadUrlFilesThread:156 - End of LoadUrlFiles Thread
2024-10-30 17:22:17,870 [INFO] ServerAccessManage:473 - Download File cube-finder-db.zip
2024-10-30 17:22:35,731 [INFO] FileExtend:240 - Unzip File : cube-finder-db.zip
2024-10-30 17:22:35,733 [INFO] FileExtend:255 - Standard Zip Deflate
2024-10-30 17:22:39,890 [INFO] LoadUrlFilesThread:156 - End of LoadUrlFiles Thread
2024-10-30 17:22:41,591 [INFO] ServerAccessManage:473 - Download File crdb.zip
2024-10-30 17:22:43,101 [INFO] FileExtend:240 - Unzip File : crdb.zip
2024-10-30 17:22:43,102 [INFO] FileExtend:255 - Standard Zip Deflate
2024-10-30 17:22:43,370 [INFO] LoadUrlFilesThread:156 - End of LoadUrlFiles Thread
2024-10-30 17:22:43,735 [INFO] ServerAccessManage:473 - Download File tutoVideoDB.zip
2024-10-30 17:22:43,856 [INFO] FileExtend:240 - Unzip File : tutoVideoDB.zip
2024-10-30 17:22:43,857 [INFO] FileExtend:255 - Standard Zip Deflate
2024-10-30 17:22:44,085 [INFO] LoadUrlFilesThread:156 - End of LoadUrlFiles Thread
2024-10-30 17:22:44,124 [WARN] DbFile:41 - Overriding database path with different value: C:\Users\OVIA\.stmcufinder\plugins\mcufinder/ => C:\Users\OVIA\.stmcufinder\plugins\mcufinder
2024-10-30 17:22:44,323 [INFO] ServerAccessManage:473 - Download File api_config.json
2024-10-30 17:22:44,506 [INFO] LoadUrlFilesThread:156 - End of LoadUrlFiles Thread
2024-10-30 17:22:44,514 [INFO] DbMcusAds:53 - JSON generation date=Fri Sep 20 18:34:38 IST 2024 (1726837478367)
2024-10-30 17:22:44,529 [INFO] ApiDb:448 - Save user favorites file C:\Users\OVIA/.stm32cubeide/favorites.mcus.txt: 0 item(s)
2024-10-30 17:22:44,532 [INFO] ApiDb:452 - User favorites MCUs=[]
2024-10-30 17:22:44,542 [INFO] ApiDb:581 - Connected to CubeFinder SQLite database (C:\Users\OVIA\.stmcufinder\plugins\mcufinder\mcu\cube-finder-db.db)
2024-10-30 17:22:44,944 [INFO] ApiDb:668 - CubeFinder database Data Model version=2.1
2024-10-30 17:22:44,944 [INFO] ApiDb:669 - CubeFinder database Configuration version=3.0.39
2024-10-30 17:22:44,944 [INFO] ApiDb:670 - CubeFinder database generation date=2024-10-15 (1729006872)
2024-10-30 17:22:44,945 [INFO] ApiDb:671 - CubeFinder database FW Pack versions=[FP-ATR-ASTRA1_V2.0.0, FP-SNS-FLIGHT1_V5.0.2, FP-SNS-MOTENV1_V5.0.0, FP-SNS-MOTENVWB1_V1.4.0, FP-SNS-SMARTAG2_V1.2.0, FP-SNS-STBOX1_V2.0.0, STM32Cube_FW_C0_V1.2.0, STM32Cube_FW_F4_V1.28.1, STM32Cube_FW_F7_V1.17.2, STM32Cube_FW_G0_V1.6.2, STM32Cube_FW_G4_V1.6.0, STM32Cube_FW_H5_V1.3.0, STM32Cube_FW_H7RS_V1.1.0, STM32Cube_FW_H7_V1.11.2, STM32Cube_FW_L0_V1.12.2, STM32Cube_FW_L5_V1.5.1, STM32Cube_FW_U0_V1.1.0, STM32Cube_FW_U5_V1.6.0, STM32Cube_FW_WB0_V1.0.0, STM32Cube_FW_WBA_V1.4.1, STM32Cube_FW_WB_V1.20.0, STM32Cube_FW_WL_V1.3.0, X-CUBE-ALGOBUILD_V1.4.0, X-CUBE-ALS_V1.0.2, X-CUBE-AZRTOS-F4_V1.1.0, X-CUBE-AZRTOS-F7_V1.1.0, X-CUBE-AZRTOS-G0_V1.1.0, X-CUBE-AZRTOS-G4_V2.0.0, X-CUBE-AZRTOS-H7RS_V1.0.0, X-CUBE-AZRTOS-H7_V3.3.0, X-CUBE-AZRTOS-L4_V2.0.0, X-CUBE-AZRTOS-L5_V2.0.0, X-CUBE-AZRTOS-WB_V2.0.0, X-CUBE-AZRTOS-WL_V2.0.0, X-CUBE-BLE1_V7.0.0, X-CUBE-BLE2_V3.3.0, X-CUBE-BLEMGR_V3.1.0, X-CUBE-EEPRMA1_V5.1.0, X-CUBE-FREERTOS_V1.2.0, X-CUBE-GNSS1_V6.0.0, X-CUBE-MEMS1_V11.0.0, X-CUBE-NFC4_V3.0.0, X-CUBE-NFC7_V1.0.1, X-CUBE-SFXS2LP1_V4.0.0, X-CUBE-SUBG2_V5.0.0, X-CUBE-TOF1_V3.4.2]
2024-10-30 17:22:55,385 [INFO] ApiDb:240 - Found 483 in-development CPN: [B-G473E-ZEST1S, B-WB1M-WPAN1, B-WL5M-SUBG1, NUCLEO-C031C6, NUCLEO-H503RB, NUCLEO-H533RE, NUCLEO-H563ZI, NUCLEO-H7S3L8, NUCLEO-U031R8, NUCLEO-U083RC, NUCLEO-U545RE-Q, NUCLEO-U5A5ZJ-Q, NUCLEO-WBA52CG, NUCLEO-WBA55CG, STEVAL-PROTEUS1, STEVAL-SMARTAG2, STEVAL-STWINBX1, STM320518-EVAL, STM32C0116-DK, STM32C011D6Y3TR, STM32C011D6Y6TR, STM32C011F4P3, STM32C011F4P6, STM32C011F4U3, STM32C011F4U6TR, STM32C011F6P3, STM32C011F6P6, STM32C011F6U3, STM32C011F6U6TR, STM32C011J4M3, STM32C011J4M6, STM32C011J6M3, STM32C011J6M6, STM32C0316-DK, STM32C031C4T3, STM32C031C4T6, STM32C031C4U3, STM32C031C4U6, STM32C031C6T3, STM32C031C6T6, STM32C031C6U3, STM32C031C6U6, STM32C031F4P3, STM32C031F4P6, STM32C031F6P3, STM32C031F6P6, STM32C031G4U3, STM32C031G4U6, STM32C031G6U3, STM32C031G6U6, STM32C031K4T3, STM32C031K4T6, STM32C031K4U3, STM32C031K4U6, STM32C031K6T3, STM32C031K6T6, STM32C031K6U3, STM32C031K6U6, STM32G071K8TXN, STM32G071K8UXN, STM32G081GBU6N, STM32G081KBT6N, STM32G081KBUXN, STM32G0B1CCT6N, STM32G0B1KCT6, STM32G0B1NEY6TR, STM32G0B1RCT6N, STM32G0C1CCT6, STM32G0C1CCT6N, STM32G0C1CCU6N, STM32G0C1CET6N, STM32G0C1CEU6N, STM32G0C1KCT6, STM32G0C1NEY6TR, STM32G0C1RCI6N, STM32G0C1RCT6N, STM32G0C1REI6N, STM32G0C1RET6N, STM32G0C1VCI6, STM32G0C1VEI6, STM32G471CCT6, STM32G471CCU6, STM32G471CET3, STM32G471CET6, STM32G471CEU3, STM32G471CEU6, STM32G471MCT6, STM32G471MET3, STM32G471MET6, STM32G471MEY6TR, STM32G471QCT6, STM32G471QET3, STM32G471RCT6, STM32G471RET3, STM32G471RET6, STM32G471VCH6, STM32G471VCI6, STM32G471VCT6, STM32G471VEH3, STM32G471VEH6, STM32G471VEI3, STM32G471VEI6, STM32G471VET3, STM32G471VET6, STM32G474CCT6, STM32H503CBT6, STM32H503CBU6, STM32H503EBY6TR, STM32H503KBU6, STM32H503RBT6, STM32H523CCT6, STM32H523CCU6, STM32H523CET6, STM32H523CEU6, STM32H523HEY6TR, STM32H523RCT6, STM32H523RET6, STM32H523VCI6, STM32H523VCT6, STM32H523VEI6, STM32H523VET6, STM32H523ZCJ6, STM32H523ZCT6, STM32H523ZEJ6, STM32H523ZET6, STM32H533CET6, STM32H533CEU6, STM32H533HEY6TR, STM32H533RET6, STM32H533VEI6, STM32H533VET6, STM32H533ZEJ6, STM32H533ZET6, STM32H562AGI6, STM32H562AII6, STM32H562IGK6, STM32H562IGT6, STM32H562IIK6, STM32H562IIT6, STM32H562RGT6, STM32H562RGV6, STM32H562RIT6, STM32H562RIV6, STM32H562VGT6, STM32H562VIT6, STM32H562ZGT6, STM32H562ZIT6, STM32H563AGI6, STM32H563AII3Q, STM32H563AII6, STM32H563IGK6, STM32H563IGT6, STM32H563IIK3Q, STM32H563IIK6, STM32H563IIT3Q, STM32H563IIT6, STM32H563MIY3QTR, STM32H563RGT6, STM32H563RGV6, STM32H563RIT6, STM32H563RIV6, STM32H563VGT6, STM32H563VIT3Q, STM32H563VIT6, STM32H563ZGT6, STM32H563ZIT3Q, STM32H563ZIT6, STM32H573AII3Q, STM32H573AII6, STM32H573I-DK, STM32H573IIK3Q, STM32H573IIK6, STM32H573IIT3Q, STM32H573IIT6, STM32H573MIY3QTR, STM32H573RIT6, STM32H573RIV6, STM32H573VIT3Q, STM32H573VIT6, STM32H573ZIT3Q, STM32H573ZIT6, STM32H7R3A8I6, STM32H7R3I8K6, STM32H7R3I8T6, STM32H7R3L8H6, STM32H7R3L8H6H, STM32H7R3R8V6, STM32H7R3V8H6, STM32H7R3V8T6, STM32H7R3V8Y6, STM32H7R3Z8J6, STM32H7R3Z8T6, STM32H7R7A8I6, STM32H7R7I8K6, STM32H7R7I8T6, STM32H7R7L8H6, STM32H7R7L8H6H, STM32H7R7Z8J6, STM32H7S3A8I6, STM32H7S3I8K6, STM32H7S3I8T6, STM32H7S3L8H6, STM32H7S3L8H6H, STM32H7S3R8V6, STM32H7S3V8H6, STM32H7S3V8T6, STM32H7S3V8Y6, STM32H7S3Z8J6, STM32H7S3Z8T6, STM32H7S78-DK, STM32H7S7A8I6, STM32H7S7I8K6, STM32H7S7I8T6, STM32H7S7L8H6, STM32H7S7L8H6H, STM32H7S7Z8J6, STM32L4R5QGI6STR, STM32MP131AAE3, STM32MP131AAF3, STM32MP131AAG3, STM32MP131CAE3, STM32MP131CAF3, STM32MP131CAG3, STM32MP131DAE7, STM32MP131DAF7, STM32MP131DAG7, STM32MP131FAE7, STM32MP131FAF7, STM32MP131FAG7, STM32MP133AAE3, STM32MP133AAF3, STM32MP133AAG3, STM32MP133CAE3, STM32MP133CAF3, STM32MP133CAG3, STM32MP133DAE7, STM32MP133DAF7, STM32MP133DAG7, STM32MP133FAE7, STM32MP133FAF7, STM32MP133FAG7, STM32MP135AAE3, STM32MP135AAF3, STM32MP135AAG3, STM32MP135CAE3, STM32MP135CAF3, STM32MP135CAG3, STM32MP135DAE7, STM32MP135DAF7, STM32MP135DAG7, STM32MP135F-DK, STM32MP135FAE7, STM32MP135FAF7, STM32MP135FAF7T, STM32MP135FAF7U, STM32MP135FAG7, STM32U031C6T6, STM32U031C6U6, STM32U031C8T6, STM32U031C8U6, STM32U031F4P6, STM32U031F6P6, STM32U031F8P6, STM32U031G6Y6TR, STM32U031G8Y6TR, STM32U031K4U6, STM32U031K6U6, STM32U031K8U6, STM32U031R6I6, STM32U031R6T6, STM32U031R8I6, STM32U031R8T6, STM32U073C8T6, STM32U073C8U6, STM32U073CBT6, STM32U073CBU6, STM32U073CCT6, STM32U073CCU6, STM32U073H8Y6TR, STM32U073HBY6TR, STM32U073HCY6TR, STM32U073K8U6, STM32U073KBU6, STM32U073KCU6, STM32U073M8I6, STM32U073M8T6, STM32U073MBI6, STM32U073MBT6, STM32U073MCI6, STM32U073MCT6, STM32U073R8I6, STM32U073R8T6, STM32U073RBI6, STM32U073RBT6, STM32U073RCI6, STM32U073RCT6, STM32U083C-DK, STM32U083CCT6, STM32U083CCU6, STM32U083HCY6TR, STM32U083KCU6, STM32U083MCI6, STM32U083MCT6, STM32U083RCI6, STM32U083RCT6, STM32U535CBT6, STM32U535CBT6Q, STM32U535CBU6, STM32U535CBU6Q, STM32U535CCT6, STM32U535CCT6Q, STM32U535CCU6, STM32U535CCU6Q, STM32U535CET6, STM32U535CET6Q, STM32U535CEU6, STM32U535CEU6Q, STM32U535JEY6QTR, STM32U535NCY6QTR, STM32U535NEY6QTR, STM32U535RBI6, STM32U535RBI6Q, STM32U535RBT6, STM32U535RBT6Q, STM32U535RCI6, STM32U535RCI6Q, STM32U535RCT6, STM32U535RCT6Q, STM32U535REI6, STM32U535REI6Q, STM32U535RET6, STM32U535RET6Q, STM32U535VCI6, STM32U535VCI6Q, STM32U535VCT6, STM32U535VCT6Q, STM32U535VEI6, STM32U535VEI6Q, STM32U535VET6, STM32U535VET6Q, STM32U545CET6, STM32U545CET6Q, STM32U545CEU6, STM32U545CEU6Q, STM32U545JEY6QTR, STM32U545NEY6QTR, STM32U545REI6, STM32U545REI6Q, STM32U545RET6, STM32U545RET6Q, STM32U545VEI6, STM32U545VEI6Q, STM32U545VET6, STM32U545VET6Q, STM32U595AIH6, STM32U595AIH6Q, STM32U595AJH6, STM32U595AJH6Q, STM32U595QII6, STM32U595QII6Q, STM32U595QJI6, STM32U595QJI6Q, STM32U595RIT6, STM32U595RIT6Q, STM32U595RJT6, STM32U595RJT6Q, STM32U595VIT6, STM32U595VIT6Q, STM32U595VJT6, STM32U595VJT6Q, STM32U595ZIT6, STM32U595ZIT6Q, STM32U595ZIY6QTR, STM32U595ZJT6, STM32U595ZJT6Q, STM32U595ZJY6QTR, STM32U599BJY6QTR, STM32U599NIH6Q, STM32U599NJH6Q, STM32U599VIT6Q, STM32U599VJT6, STM32U599VJT6Q, STM32U599ZIT6Q, STM32U599ZIY6QTR, STM32U599ZJT6Q, STM32U599ZJY6QTR, STM32U5A5AJH6, STM32U5A5AJH6Q, STM32U5A5QII3Q , STM32U5A5QJI6, STM32U5A5QJI6Q, STM32U5A5RJT6, STM32U5A5RJT6Q, STM32U5A5VJT6, STM32U5A5VJT6Q, STM32U5A5ZJT6, STM32U5A5ZJT6Q, STM32U5A5ZJY6QTR, STM32U5A9BJY6QTR, STM32U5A9J-DK, STM32U5A9NJH6Q, STM32U5A9VJT6Q, STM32U5A9ZJT6Q, STM32U5A9ZJY6QTR, STM32U5F7VIT6, STM32U5F7VIT6Q, STM32U5F7VJT6, STM32U5F7VJT6Q, STM32U5F9BJY6QTR, STM32U5F9NJH6Q, STM32U5F9VIT6Q, STM32U5F9VJT6Q, STM32U5F9ZIJ6QTR, STM32U5F9ZIT6Q, STM32U5F9ZJJ6QTR, STM32U5F9ZJT6Q, STM32U5G7VJT6, STM32U5G7VJT6Q, STM32U5G9BJY6QTR, STM32U5G9J-DK1, STM32U5G9J-DK2, STM32U5G9NJH6Q, STM32U5G9VJT6Q, STM32U5G9ZJJ6QTR, STM32U5G9ZJT6Q, STM32WB1MMCH6, STM32WBA50KEU6, STM32WBA50KEU6TR, STM32WBA50KGU6, STM32WBA50KGU6TR, STM32WBA52CEU6, STM32WBA52CEU6TR, STM32WBA52CEU7, STM32WBA52CEU7TR, STM32WBA52CGU6, STM32WBA52CGU6TR, STM32WBA52CGU6U, STM32WBA52CGU7, STM32WBA52CGU7TR, STM32WBA52KEU6, STM32WBA52KEU6TR, STM32WBA52KGU6, STM32WBA52KGU6TR, STM32WBA54CEU6, STM32WBA54CEU6TR, STM32WBA54CEU7, STM32WBA54CEU7TR, STM32WBA54CGU6, STM32WBA54CGU6TR, STM32WBA54CGU7, STM32WBA54CGU7TR, STM32WBA54KEU6, STM32WBA54KEU6TR, STM32WBA54KEU7, STM32WBA54KEU7TR, STM32WBA54KGU6, STM32WBA54KGU6TR, STM32WBA54KGU7, STM32WBA54KGU7TR, STM32WBA55CEU6, STM32WBA55CEU6TR, STM32WBA55CEU7, STM32WBA55CEU7TR, STM32WBA55CGU6, STM32WBA55CGU6TR, STM32WBA55CGU6U, STM32WBA55CGU7, STM32WBA55CGU7TR, STM32WBA55G-DK1, STM32WBA55HEF6, STM32WBA55HEF7, STM32WBA55HGF6, STM32WBA55HGF7, STM32WBA55UEI6, STM32WBA55UEI6TR, STM32WBA55UEI7, STM32WBA55UEI7TR, STM32WBA55UGI6, STM32WBA55UGI6TR, STM32WBA55UGI7, STM32WBA55UGI7TR, STM32WL5MOCH6, STM32WL5MOCH6TR]
2024-10-30 17:22:55,399 [INFO] DbMcus:218 - Found 4204 MCUs, 4204 are supported
2024-10-30 17:22:55,400 [INFO] ApiDb:423 - Load user favorites file C:\Users\OVIA/.stm32cubeide/favorites.mcus.txt: 0 item(s)
2024-10-30 17:22:55,401 [INFO] ApiDb:427 - User favorites MCUs=[]
2024-10-30 17:22:55,401 [INFO] DbMcus:224 - Set 0 / 0 favorites MCUs
2024-10-30 17:22:57,447 [INFO] ApiDb:448 - Save user favorites file C:\Users\OVIA/.stm32cubeide/favorites.boards.txt: 0 item(s)
2024-10-30 17:22:57,448 [INFO] ApiDb:452 - User favorites Boards=[]
2024-10-30 17:22:57,456 [INFO] ApiDb:581 - Connected to CubeFinder SQLite database (C:\Users\OVIA\.stmcufinder\plugins\mcufinder\mcu\cube-finder-db.db)
2024-10-30 17:22:57,889 [INFO] ApiDb:668 - CubeFinder database Data Model version=2.1
2024-10-30 17:22:57,889 [INFO] ApiDb:669 - CubeFinder database Configuration version=3.0.39
2024-10-30 17:22:57,890 [INFO] ApiDb:670 - CubeFinder database generation date=2024-10-15 (1729006872)
2024-10-30 17:22:57,890 [INFO] ApiDb:671 - CubeFinder database FW Pack versions=[FP-ATR-ASTRA1_V2.0.0, FP-SNS-FLIGHT1_V5.0.2, FP-SNS-MOTENV1_V5.0.0, FP-SNS-MOTENVWB1_V1.4.0, FP-SNS-SMARTAG2_V1.2.0, FP-SNS-STBOX1_V2.0.0, STM32Cube_FW_C0_V1.2.0, STM32Cube_FW_F4_V1.28.1, STM32Cube_FW_F7_V1.17.2, STM32Cube_FW_G0_V1.6.2, STM32Cube_FW_G4_V1.6.0, STM32Cube_FW_H5_V1.3.0, STM32Cube_FW_H7RS_V1.1.0, STM32Cube_FW_H7_V1.11.2, STM32Cube_FW_L0_V1.12.2, STM32Cube_FW_L5_V1.5.1, STM32Cube_FW_U0_V1.1.0, STM32Cube_FW_U5_V1.6.0, STM32Cube_FW_WB0_V1.0.0, STM32Cube_FW_WBA_V1.4.1, STM32Cube_FW_WB_V1.20.0, STM32Cube_FW_WL_V1.3.0, X-CUBE-ALGOBUILD_V1.4.0, X-CUBE-ALS_V1.0.2, X-CUBE-AZRTOS-F4_V1.1.0, X-CUBE-AZRTOS-F7_V1.1.0, X-CUBE-AZRTOS-G0_V1.1.0, X-CUBE-AZRTOS-G4_V2.0.0, X-CUBE-AZRTOS-H7RS_V1.0.0, X-CUBE-AZRTOS-H7_V3.3.0, X-CUBE-AZRTOS-L4_V2.0.0, X-CUBE-AZRTOS-L5_V2.0.0, X-CUBE-AZRTOS-WB_V2.0.0, X-CUBE-AZRTOS-WL_V2.0.0, X-CUBE-BLE1_V7.0.0, X-CUBE-BLE2_V3.3.0, X-CUBE-BLEMGR_V3.1.0, X-CUBE-EEPRMA1_V5.1.0, X-CUBE-FREERTOS_V1.2.0, X-CUBE-GNSS1_V6.0.0, X-CUBE-MEMS1_V11.0.0, X-CUBE-NFC4_V3.0.0, X-CUBE-NFC7_V1.0.1, X-CUBE-SFXS2LP1_V4.0.0, X-CUBE-SUBG2_V5.0.0, X-CUBE-TOF1_V3.4.2]
2024-10-30 17:22:58,155 [INFO] DbBoardsSqlite:226 - include board P-NUCLEO-WB55-NUCLEO as a kit item of type 'Nucleo-64'
2024-10-30 17:22:58,156 [INFO] DbBoardsSqlite:226 - include board P-NUCLEO-WB55-USBDONGLE as a kit item of type 'Nucleo USB Dongle'
2024-10-30 17:22:58,157 [INFO] DbBoardsSqlite:226 - include board STEVAL-IDP005V1 as a kit item of type 'Evaluation Board'
2024-10-30 17:22:58,158 [INFO] DbBoardsSqlite:226 - include board STEVAL-IDP005V2 as a kit item of type 'Evaluation Board'
2024-10-30 17:22:58,444 [INFO] ApiDb:240 - Found 483 in-development CPN: [B-G473E-ZEST1S, B-WB1M-WPAN1, B-WL5M-SUBG1, NUCLEO-C031C6, NUCLEO-H503RB, NUCLEO-H533RE, NUCLEO-H563ZI, NUCLEO-H7S3L8, NUCLEO-U031R8, NUCLEO-U083RC, NUCLEO-U545RE-Q, NUCLEO-U5A5ZJ-Q, NUCLEO-WBA52CG, NUCLEO-WBA55CG, STEVAL-PROTEUS1, STEVAL-SMARTAG2, STEVAL-STWINBX1, STM320518-EVAL, STM32C0116-DK, STM32C011D6Y3TR, STM32C011D6Y6TR, STM32C011F4P3, STM32C011F4P6, STM32C011F4U3, STM32C011F4U6TR, STM32C011F6P3, STM32C011F6P6, STM32C011F6U3, STM32C011F6U6TR, STM32C011J4M3, STM32C011J4M6, STM32C011J6M3, STM32C011J6M6, STM32C0316-DK, STM32C031C4T3, STM32C031C4T6, STM32C031C4U3, STM32C031C4U6, STM32C031C6T3, STM32C031C6T6, STM32C031C6U3, STM32C031C6U6, STM32C031F4P3, STM32C031F4P6, STM32C031F6P3, STM32C031F6P6, STM32C031G4U3, STM32C031G4U6, STM32C031G6U3, STM32C031G6U6, STM32C031K4T3, STM32C031K4T6, STM32C031K4U3, STM32C031K4U6, STM32C031K6T3, STM32C031K6T6, STM32C031K6U3, STM32C031K6U6, STM32G071K8TXN, STM32G071K8UXN, STM32G081GBU6N, STM32G081KBT6N, STM32G081KBUXN, STM32G0B1CCT6N, STM32G0B1KCT6, STM32G0B1NEY6TR, STM32G0B1RCT6N, STM32G0C1CCT6, STM32G0C1CCT6N, STM32G0C1CCU6N, STM32G0C1CET6N, STM32G0C1CEU6N, STM32G0C1KCT6, STM32G0C1NEY6TR, STM32G0C1RCI6N, STM32G0C1RCT6N, STM32G0C1REI6N, STM32G0C1RET6N, STM32G0C1VCI6, STM32G0C1VEI6, STM32G471CCT6, STM32G471CCU6, STM32G471CET3, STM32G471CET6, STM32G471CEU3, STM32G471CEU6, STM32G471MCT6, STM32G471MET3, STM32G471MET6, STM32G471MEY6TR, STM32G471QCT6, STM32G471QET3, STM32G471RCT6, STM32G471RET3, STM32G471RET6, STM32G471VCH6, STM32G471VCI6, STM32G471VCT6, STM32G471VEH3, STM32G471VEH6, STM32G471VEI3, STM32G471VEI6, STM32G471VET3, STM32G471VET6, STM32G474CCT6, STM32H503CBT6, STM32H503CBU6, STM32H503EBY6TR, STM32H503KBU6, STM32H503RBT6, STM32H523CCT6, STM32H523CCU6, STM32H523CET6, STM32H523CEU6, STM32H523HEY6TR, STM32H523RCT6, STM32H523RET6, STM32H523VCI6, STM32H523VCT6, STM32H523VEI6, STM32H523VET6, STM32H523ZCJ6, STM32H523ZCT6, STM32H523ZEJ6, STM32H523ZET6, STM32H533CET6, STM32H533CEU6, STM32H533HEY6TR, STM32H533RET6, STM32H533VEI6, STM32H533VET6, STM32H533ZEJ6, STM32H533ZET6, STM32H562AGI6, STM32H562AII6, STM32H562IGK6, STM32H562IGT6, STM32H562IIK6, STM32H562IIT6, STM32H562RGT6, STM32H562RGV6, STM32H562RIT6, STM32H562RIV6, STM32H562VGT6, STM32H562VIT6, STM32H562ZGT6, STM32H562ZIT6, STM32H563AGI6, STM32H563AII3Q, STM32H563AII6, STM32H563IGK6, STM32H563IGT6, STM32H563IIK3Q, STM32H563IIK6, STM32H563IIT3Q, STM32H563IIT6, STM32H563MIY3QTR, STM32H563RGT6, STM32H563RGV6, STM32H563RIT6, STM32H563RIV6, STM32H563VGT6, STM32H563VIT3Q, STM32H563VIT6, STM32H563ZGT6, STM32H563ZIT3Q, STM32H563ZIT6, STM32H573AII3Q, STM32H573AII6, STM32H573I-DK, STM32H573IIK3Q, STM32H573IIK6, STM32H573IIT3Q, STM32H573IIT6, STM32H573MIY3QTR, STM32H573RIT6, STM32H573RIV6, STM32H573VIT3Q, STM32H573VIT6, STM32H573ZIT3Q, STM32H573ZIT6, STM32H7R3A8I6, STM32H7R3I8K6, STM32H7R3I8T6, STM32H7R3L8H6, STM32H7R3L8H6H, STM32H7R3R8V6, STM32H7R3V8H6, STM32H7R3V8T6, STM32H7R3V8Y6, STM32H7R3Z8J6, STM32H7R3Z8T6, STM32H7R7A8I6, STM32H7R7I8K6, STM32H7R7I8T6, STM32H7R7L8H6, STM32H7R7L8H6H, STM32H7R7Z8J6, STM32H7S3A8I6, STM32H7S3I8K6, STM32H7S3I8T6, STM32H7S3L8H6, STM32H7S3L8H6H, STM32H7S3R8V6, STM32H7S3V8H6, STM32H7S3V8T6, STM32H7S3V8Y6, STM32H7S3Z8J6, STM32H7S3Z8T6, STM32H7S78-DK, STM32H7S7A8I6, STM32H7S7I8K6, STM32H7S7I8T6, STM32H7S7L8H6, STM32H7S7L8H6H, STM32H7S7Z8J6, STM32L4R5QGI6STR, STM32MP131AAE3, STM32MP131AAF3, STM32MP131AAG3, STM32MP131CAE3, STM32MP131CAF3, STM32MP131CAG3, STM32MP131DAE7, STM32MP131DAF7, STM32MP131DAG7, STM32MP131FAE7, STM32MP131FAF7, STM32MP131FAG7, STM32MP133AAE3, STM32MP133AAF3, STM32MP133AAG3, STM32MP133CAE3, STM32MP133CAF3, STM32MP133CAG3, STM32MP133DAE7, STM32MP133DAF7, STM32MP133DAG7, STM32MP133FAE7, STM32MP133FAF7, STM32MP133FAG7, STM32MP135AAE3, STM32MP135AAF3, STM32MP135AAG3, STM32MP135CAE3, STM32MP135CAF3, STM32MP135CAG3, STM32MP135DAE7, STM32MP135DAF7, STM32MP135DAG7, STM32MP135F-DK, STM32MP135FAE7, STM32MP135FAF7, STM32MP135FAF7T, STM32MP135FAF7U, STM32MP135FAG7, STM32U031C6T6, STM32U031C6U6, STM32U031C8T6, STM32U031C8U6, STM32U031F4P6, STM32U031F6P6, STM32U031F8P6, STM32U031G6Y6TR, STM32U031G8Y6TR, STM32U031K4U6, STM32U031K6U6, STM32U031K8U6, STM32U031R6I6, STM32U031R6T6, STM32U031R8I6, STM32U031R8T6, STM32U073C8T6, STM32U073C8U6, STM32U073CBT6, STM32U073CBU6, STM32U073CCT6, STM32U073CCU6, STM32U073H8Y6TR, STM32U073HBY6TR, STM32U073HCY6TR, STM32U073K8U6, STM32U073KBU6, STM32U073KCU6, STM32U073M8I6, STM32U073M8T6, STM32U073MBI6, STM32U073MBT6, STM32U073MCI6, STM32U073MCT6, STM32U073R8I6, STM32U073R8T6, STM32U073RBI6, STM32U073RBT6, STM32U073RCI6, STM32U073RCT6, STM32U083C-DK, STM32U083CCT6, STM32U083CCU6, STM32U083HCY6TR, STM32U083KCU6, STM32U083MCI6, STM32U083MCT6, STM32U083RCI6, STM32U083RCT6, STM32U535CBT6, STM32U535CBT6Q, STM32U535CBU6, STM32U535CBU6Q, STM32U535CCT6, STM32U535CCT6Q, STM32U535CCU6, STM32U535CCU6Q, STM32U535CET6, STM32U535CET6Q, STM32U535CEU6, STM32U535CEU6Q, STM32U535JEY6QTR, STM32U535NCY6QTR, STM32U535NEY6QTR, STM32U535RBI6, STM32U535RBI6Q, STM32U535RBT6, STM32U535RBT6Q, STM32U535RCI6, STM32U535RCI6Q, STM32U535RCT6, STM32U535RCT6Q, STM32U535REI6, STM32U535REI6Q, STM32U535RET6, STM32U535RET6Q, STM32U535VCI6, STM32U535VCI6Q, STM32U535VCT6, STM32U535VCT6Q, STM32U535VEI6, STM32U535VEI6Q, STM32U535VET6, STM32U535VET6Q, STM32U545CET6, STM32U545CET6Q, STM32U545CEU6, STM32U545CEU6Q, STM32U545JEY6QTR, STM32U545NEY6QTR, STM32U545REI6, STM32U545REI6Q, STM32U545RET6, STM32U545RET6Q, STM32U545VEI6, STM32U545VEI6Q, STM32U545VET6, STM32U545VET6Q, STM32U595AIH6, STM32U595AIH6Q, STM32U595AJH6, STM32U595AJH6Q, STM32U595QII6, STM32U595QII6Q, STM32U595QJI6, STM32U595QJI6Q, STM32U595RIT6, STM32U595RIT6Q, STM32U595RJT6, STM32U595RJT6Q, STM32U595VIT6, STM32U595VIT6Q, STM32U595VJT6, STM32U595VJT6Q, STM32U595ZIT6, STM32U595ZIT6Q, STM32U595ZIY6QTR, STM32U595ZJT6, STM32U595ZJT6Q, STM32U595ZJY6QTR, STM32U599BJY6QTR, STM32U599NIH6Q, STM32U599NJH6Q, STM32U599VIT6Q, STM32U599VJT6, STM32U599VJT6Q, STM32U599ZIT6Q, STM32U599ZIY6QTR, STM32U599ZJT6Q, STM32U599ZJY6QTR, STM32U5A5AJH6, STM32U5A5AJH6Q, STM32U5A5QII3Q , STM32U5A5QJI6, STM32U5A5QJI6Q, STM32U5A5RJT6, STM32U5A5RJT6Q, STM32U5A5VJT6, STM32U5A5VJT6Q, STM32U5A5ZJT6, STM32U5A5ZJT6Q, STM32U5A5ZJY6QTR, STM32U5A9BJY6QTR, STM32U5A9J-DK, STM32U5A9NJH6Q, STM32U5A9VJT6Q, STM32U5A9ZJT6Q, STM32U5A9ZJY6QTR, STM32U5F7VIT6, STM32U5F7VIT6Q, STM32U5F7VJT6, STM32U5F7VJT6Q, STM32U5F9BJY6QTR, STM32U5F9NJH6Q, STM32U5F9VIT6Q, STM32U5F9VJT6Q, STM32U5F9ZIJ6QTR, STM32U5F9ZIT6Q, STM32U5F9ZJJ6QTR, STM32U5F9ZJT6Q, STM32U5G7VJT6, STM32U5G7VJT6Q, STM32U5G9BJY6QTR, STM32U5G9J-DK1, STM32U5G9J-DK2, STM32U5G9NJH6Q, STM32U5G9VJT6Q, STM32U5G9ZJJ6QTR, STM32U5G9ZJT6Q, STM32WB1MMCH6, STM32WBA50KEU6, STM32WBA50KEU6TR, STM32WBA50KGU6, STM32WBA50KGU6TR, STM32WBA52CEU6, STM32WBA52CEU6TR, STM32WBA52CEU7, STM32WBA52CEU7TR, STM32WBA52CGU6, STM32WBA52CGU6TR, STM32WBA52CGU6U, STM32WBA52CGU7, STM32WBA52CGU7TR, STM32WBA52KEU6, STM32WBA52KEU6TR, STM32WBA52KGU6, STM32WBA52KGU6TR, STM32WBA54CEU6, STM32WBA54CEU6TR, STM32WBA54CEU7, STM32WBA54CEU7TR, STM32WBA54CGU6, STM32WBA54CGU6TR, STM32WBA54CGU7, STM32WBA54CGU7TR, STM32WBA54KEU6, STM32WBA54KEU6TR, STM32WBA54KEU7, STM32WBA54KEU7TR, STM32WBA54KGU6, STM32WBA54KGU6TR, STM32WBA54KGU7, STM32WBA54KGU7TR, STM32WBA55CEU6, STM32WBA55CEU6TR, STM32WBA55CEU7, STM32WBA55CEU7TR, STM32WBA55CGU6, STM32WBA55CGU6TR, STM32WBA55CGU6U, STM32WBA55CGU7, STM32WBA55CGU7TR, STM32WBA55G-DK1, STM32WBA55HEF6, STM32WBA55HEF7, STM32WBA55HGF6, STM32WBA55HGF7, STM32WBA55UEI6, STM32WBA55UEI6TR, STM32WBA55UEI7, STM32WBA55UEI7TR, STM32WBA55UGI6, STM32WBA55UGI6TR, STM32WBA55UGI7, STM32WBA55UGI7TR, STM32WL5MOCH6, STM32WL5MOCH6TR]
2024-10-30 17:22:58,572 [INFO] BoardInfo:889 - No configuration file found for board NUCLEO-C071RB
2024-10-30 17:22:58,574 [INFO] DbBoards:161 - Board is not supported: NUCLEO-C071RB
2024-10-30 17:22:59,201 [INFO] BoardInfo:889 - No configuration file found for board NUCLEO-WB05KZ
2024-10-30 17:22:59,203 [INFO] DbBoards:161 - Board is not supported: NUCLEO-WB05KZ
2024-10-30 17:22:59,212 [INFO] BoardInfo:889 - No configuration file found for board NUCLEO-WB07CC
2024-10-30 17:22:59,214 [INFO] DbBoards:161 - Board is not supported: NUCLEO-WB07CC
2024-10-30 17:22:59,221 [INFO] BoardInfo:889 - No configuration file found for board NUCLEO-WB09KE
2024-10-30 17:22:59,222 [INFO] DbBoards:161 - Board is not supported: NUCLEO-WB09KE
2024-10-30 17:22:59,302 [INFO] BoardInfo:889 - No configuration file found for board P-NUCLEO-WB55
2024-10-30 17:22:59,304 [INFO] DbBoards:161 - Kit is not supported: P-NUCLEO-WB55
2024-10-30 17:22:59,346 [INFO] BoardInfo:889 - No configuration file found for board STEVAL-BFA001V1B
2024-10-30 17:22:59,348 [INFO] DbBoards:161 - Kit is not supported: STEVAL-BFA001V1B
2024-10-30 17:22:59,358 [INFO] BoardInfo:889 - No configuration file found for board STEVAL-BFA001V2B
2024-10-30 17:22:59,360 [INFO] DbBoards:161 - Kit is not supported: STEVAL-BFA001V2B
2024-10-30 17:23:00,196 [INFO] BoardInfo:889 - No configuration file found for board STM32MP257F-DK
2024-10-30 17:23:00,197 [INFO] DbBoards:161 - Board is not supported: STM32MP257F-DK
2024-10-30 17:23:00,203 [INFO] BoardInfo:889 - No configuration file found for board STM32MP257F-EV1
2024-10-30 17:23:00,204 [INFO] DbBoards:161 - Board is not supported: STM32MP257F-EV1
2024-10-30 17:23:00,299 [INFO] DbBoards:168 - Found 201 boards, 192 are supported
2024-10-30 17:23:00,300 [INFO] DbBoards:169 - Found 201 boards, 8 of them is supported for  Bsp
2024-10-30 17:23:00,314 [INFO] ApiDb:423 - Load user favorites file C:\Users\OVIA/.stm32cubeide/favorites.boards.txt: 0 item(s)
2024-10-30 17:23:00,315 [INFO] ApiDb:427 - User favorites Boards=[]
2024-10-30 17:23:00,315 [INFO] DbBoards:198 - Set 0 / 0 favorites Boards
2024-10-30 17:23:00,362 [INFO] LoadUrlFilesThread:185 - End of LoadServerUrlFiles without Thread
2024-10-30 17:23:00,363 [INFO] TargetSelectorAdapter:259 - Refresh data is successful
2024-10-30 17:23:00,372 [INFO] ApiDb:668 - CubeFinder database Data Model version=2.1
2024-10-30 17:23:00,372 [INFO] ApiDb:669 - CubeFinder database Configuration version=3.0.39
2024-10-30 17:23:00,373 [INFO] ApiDb:670 - CubeFinder database generation date=2024-10-15 (1729006872)
2024-10-30 17:23:00,373 [INFO] ApiDb:671 - CubeFinder database FW Pack versions=[FP-ATR-ASTRA1_V2.0.0, FP-SNS-FLIGHT1_V5.0.2, FP-SNS-MOTENV1_V5.0.0, FP-SNS-MOTENVWB1_V1.4.0, FP-SNS-SMARTAG2_V1.2.0, FP-SNS-STBOX1_V2.0.0, STM32Cube_FW_C0_V1.2.0, STM32Cube_FW_F4_V1.28.1, STM32Cube_FW_F7_V1.17.2, STM32Cube_FW_G0_V1.6.2, STM32Cube_FW_G4_V1.6.0, STM32Cube_FW_H5_V1.3.0, STM32Cube_FW_H7RS_V1.1.0, STM32Cube_FW_H7_V1.11.2, STM32Cube_FW_L0_V1.12.2, STM32Cube_FW_L5_V1.5.1, STM32Cube_FW_U0_V1.1.0, STM32Cube_FW_U5_V1.6.0, STM32Cube_FW_WB0_V1.0.0, STM32Cube_FW_WBA_V1.4.1, STM32Cube_FW_WB_V1.20.0, STM32Cube_FW_WL_V1.3.0, X-CUBE-ALGOBUILD_V1.4.0, X-CUBE-ALS_V1.0.2, X-CUBE-AZRTOS-F4_V1.1.0, X-CUBE-AZRTOS-F7_V1.1.0, X-CUBE-AZRTOS-G0_V1.1.0, X-CUBE-AZRTOS-G4_V2.0.0, X-CUBE-AZRTOS-H7RS_V1.0.0, X-CUBE-AZRTOS-H7_V3.3.0, X-CUBE-AZRTOS-L4_V2.0.0, X-CUBE-AZRTOS-L5_V2.0.0, X-CUBE-AZRTOS-WB_V2.0.0, X-CUBE-AZRTOS-WL_V2.0.0, X-CUBE-BLE1_V7.0.0, X-CUBE-BLE2_V3.3.0, X-CUBE-BLEMGR_V3.1.0, X-CUBE-EEPRMA1_V5.1.0, X-CUBE-FREERTOS_V1.2.0, X-CUBE-GNSS1_V6.0.0, X-CUBE-MEMS1_V11.0.0, X-CUBE-NFC4_V3.0.0, X-CUBE-NFC7_V1.0.1, X-CUBE-SFXS2LP1_V4.0.0, X-CUBE-SUBG2_V5.0.0, X-CUBE-TOF1_V3.4.2]
2024-10-30 17:23:04,184 [ERROR] DbExamplesSqlite:437 - Missing JSON key: board_cpn
2024-10-30 17:23:04,186 [ERROR] DbExamplesSqlite:437 - Missing JSON key: board_cpn
2024-10-30 17:23:04,187 [ERROR] DbExamplesSqlite:437 - Missing JSON key: board_cpn
2024-10-30 17:23:04,188 [ERROR] DbExamplesSqlite:437 - Missing JSON key: board_cpn
2024-10-30 17:23:05,074 [ERROR] DbExamplesSqlite:437 - Missing JSON key: board_cpn
2024-10-30 17:23:05,075 [ERROR] DbExamplesSqlite:437 - Missing JSON key: board_cpn
2024-10-30 17:23:05,077 [ERROR] DbExamplesSqlite:437 - Missing JSON key: board_cpn
2024-10-30 17:23:05,078 [ERROR] DbExamplesSqlite:437 - Missing JSON key: board_cpn
2024-10-30 17:23:05,079 [ERROR] DbExamplesSqlite:437 - Missing JSON key: board_cpn
2024-10-30 17:23:05,080 [ERROR] DbExamplesSqlite:437 - Missing JSON key: board_cpn
2024-10-30 17:23:05,081 [ERROR] DbExamplesSqlite:437 - Missing JSON key: board_cpn
2024-10-30 17:23:05,082 [ERROR] DbExamplesSqlite:437 - Missing JSON key: board_cpn
2024-10-30 17:23:05,083 [ERROR] DbExamplesSqlite:437 - Missing JSON key: board_cpn
2024-10-30 17:23:05,094 [INFO] DbExamplesSqlite:395 - Ignored 28 examples not supported by CubeIDE
2024-10-30 17:23:05,095 [INFO] DbExamplesSqlite:396 - Found 8617 examples active
2024-10-30 17:23:05,096 [INFO] DbExamplesSqlite:397 - Found 0 examples obsolete
2024-10-30 17:23:05,097 [INFO] DbExamplesSqlite:398 - Found 0 examples under development
2024-10-30 17:23:05,098 [INFO] DbExamplesSqlite:399 - Found 10 examples not building
2024-10-30 17:23:05,105 [INFO] DbExamples:125 - Found 8599 examples
2024-10-30 17:23:06,047 [ERROR] DbExamples:208 - Found 206 examples with invalid data (board or MCU)
2024-10-30 17:23:06,050 [INFO] DbExamples:222 - Found 108 boards with related examples
2024-10-30 17:23:06,055 [INFO] DbExamples:235 - Found 87 MCUs with related examples
2024-10-30 17:23:06,170 [INFO] ApiDb:423 - Load user favorites file C:\Users\OVIA/.stm32cubeide/favorites.examples.txt: 0 item(s)
2024-10-30 17:23:06,170 [INFO] ApiDb:427 - User favorites Examples=[]
2024-10-30 17:23:06,177 [INFO] DbExamples:250 - Set 0 / 0 favorites Examples
2024-10-30 17:23:06,391 [INFO] McuFinderGlobals:76 - Set McuFinderConnectedMode to true
2024-10-30 17:23:06,393 [INFO] MultiScanPanel:200 - Auto-refresh data requested => check proxy status ongoing
2024-10-30 17:23:06,394 [INFO] FinderPluginLoader:95 - Searching for filters in installed packs
2024-10-30 17:23:10,143 [INFO] LoadUrlFilesThread:185 - End of LoadServerUrlFiles without Thread
2024-10-30 17:23:10,143 [INFO] DetailPanel:341 - Set advertising image to C:/Users/OVIA/STM32Cube/Repository/\en.prom-stm32c071-usb-memories-mcu-finder.png
2024-10-30 17:24:34,376 [INFO] MultiScanPanel:200 - Auto-refresh data requested => check proxy status ongoing
2024-10-30 17:24:35,053 [INFO] LoadUrlFilesThread:185 - End of LoadServerUrlFiles without Thread
2024-10-30 17:24:35,054 [INFO] DetailPanel:341 - Set advertising image to C:/Users/OVIA/STM32Cube/Repository/\en.prom-stm32c071-usb-memories-mcu-finder.png
2024-10-30 17:24:35,143 [INFO] DbBoards:642 - Loading board mini-images...
2024-10-30 17:24:39,098 [ERROR] DbBoards:659 - Image file not found for board NUCLEO-WB05KZ: C:\Users\OVIA\.stmcufinder\plugins\mcufinder//mcu//boards_images/NUCLEO-WB05KZ.jpg
2024-10-30 17:24:45,684 [INFO] DbBoards:665 - Loaded 200 board mini-images
2024-10-30 17:28:22,853 [INFO] McuFinderGlobals:76 - Set McuFinderConnectedMode to true
2024-10-30 17:28:22,859 [INFO] ApiDb:448 - Save user favorites file C:\Users\OVIA/.stm32cubeide/favorites.mcus.txt: 0 item(s)
2024-10-30 17:28:22,860 [INFO] ApiDb:452 - User favorites MCUs=[]
2024-10-30 17:28:22,874 [INFO] ApiDb:448 - Save user favorites file C:\Users\OVIA/.stm32cubeide/favorites.boards.txt: 0 item(s)
2024-10-30 17:28:22,875 [INFO] ApiDb:452 - User favorites Boards=[]
2024-10-30 18:43:08,473 [ERROR] ConfigurationRetriever:142 - IOException on connection: sw-center.st.com
2024-10-30 18:43:08,475 [ERROR] ConfigurationRetriever:142 - IOException on connection: sw-center.st.com
2024-10-30 18:43:08,477 [ERROR] ConfigurationRetriever:142 - IOException on connection: sw-center.st.com
2024-10-30 19:33:09,547 [ERROR] ConfigurationRetriever:142 - IOException on connection: sw-center.st.com
2024-10-30 19:33:09,549 [ERROR] ConfigurationRetriever:142 - IOException on connection: sw-center.st.com
2024-10-30 19:33:09,550 [ERROR] ConfigurationRetriever:142 - IOException on connection: sw-center.st.com
2024-10-30 19:33:50,675 [ERROR] ConfigurationRetriever:142 - IOException on connection: sw-center.st.com
2024-10-30 19:33:50,678 [ERROR] ConfigurationRetriever:142 - IOException on connection: sw-center.st.com
2024-10-30 19:33:50,682 [ERROR] ConfigurationRetriever:142 - IOException on connection: sw-center.st.com
2024-10-30 20:35:46,027 [ERROR] ConfigurationRetriever:142 - IOException on connection: sw-center.st.com
2024-10-30 20:35:46,029 [ERROR] ConfigurationRetriever:142 - IOException on connection: sw-center.st.com
2024-10-30 20:35:46,031 [ERROR] ConfigurationRetriever:142 - IOException on connection: sw-center.st.com
2024-10-30 20:37:02,865 [ERROR] ConfigurationRetriever:142 - IOException on connection: sw-center.st.com
2024-10-30 20:37:02,868 [ERROR] ConfigurationRetriever:142 - IOException on connection: sw-center.st.com
2024-10-30 20:37:02,869 [ERROR] ConfigurationRetriever:142 - IOException on connection: sw-center.st.com
2024-10-30 20:39:54,373 [INFO] LogOutputStream:77 - [STDOUT_REDIRECT] StartTraceHandler.execute(), success : Collect=true
2024-10-30 20:41:59,933 [ERROR] ConfigurationRetriever:142 - IOException on connection: sw-center.st.com
2024-10-30 20:41:59,936 [ERROR] ConfigurationRetriever:142 - IOException on connection: sw-center.st.com
2024-10-30 20:41:59,939 [ERROR] ConfigurationRetriever:142 - IOException on connection: sw-center.st.com
2024-10-30 20:42:28,699 [INFO] LogOutputStream:77 - [STDOUT_REDIRECT] StartTraceHandler.execute(), success : Collect=false
2024-10-30 20:42:33,176 [INFO] LogOutputStream:77 - [STDOUT_REDIRECT] StartTraceHandler.execute(), success : Collect=true
2024-10-30 20:42:35,143 [INFO] LogOutputStream:77 - [STDOUT_REDIRECT] StartTraceHandler.execute(), success : Collect=false
2024-10-30 20:43:26,458 [ERROR] ConfigurationRetriever:142 - IOException on connection: sw-center.st.com
2024-10-30 20:43:26,460 [ERROR] ConfigurationRetriever:142 - IOException on connection: sw-center.st.com
2024-10-30 20:43:26,462 [ERROR] ConfigurationRetriever:142 - IOException on connection: sw-center.st.com
2024-10-30 20:43:48,640 [INFO] LogOutputStream:77 - [STDOUT_REDIRECT] StartTraceHandler.execute(), success : Collect=true
2024-10-30 20:43:52,478 [INFO] LogOutputStream:77 - [STDOUT_REDIRECT] StartTraceHandler.execute(), success : Collect=false
2024-10-30 20:43:53,559 [INFO] LogOutputStream:77 - [STDOUT_REDIRECT] StartTraceHandler.execute(), success : Collect=true
2024-10-30 20:43:56,667 [INFO] LogOutputStream:77 - [STDOUT_REDIRECT] StartTraceHandler.execute(), success : Collect=false
2024-10-30 20:45:07,299 [INFO] LogOutputStream:77 - [STDOUT_REDIRECT] StartTraceHandler.execute(), success : Collect=true
2024-10-30 20:46:27,550 [ERROR] ConfigurationRetriever:142 - IOException on connection: sw-center.st.com
2024-10-30 20:46:27,553 [ERROR] ConfigurationRetriever:142 - IOException on connection: sw-center.st.com
2024-10-30 20:46:27,556 [ERROR] ConfigurationRetriever:142 - IOException on connection: sw-center.st.com
2024-10-30 20:46:40,408 [ERROR] ConfigurationRetriever:142 - IOException on connection: sw-center.st.com
2024-10-30 20:46:40,410 [ERROR] ConfigurationRetriever:142 - IOException on connection: sw-center.st.com
2024-10-30 20:46:40,412 [ERROR] ConfigurationRetriever:142 - IOException on connection: sw-center.st.com
2024-10-30 20:47:38,276 [INFO] LogOutputStream:77 - [STDOUT_REDIRECT] StartTraceHandler.execute(), success : Collect=false
2024-10-30 20:47:47,612 [INFO] LogOutputStream:77 - [STDOUT_REDIRECT] StartTraceHandler.execute(), success : Collect=true
2024-10-30 23:48:03,054 [ERROR] LogOutputStream:75 - [STDERR_REDIRECT] 
