2024-10-20 00:01:50,866 [ERROR] ConfigurationRetriever:142 - IOException on connection: sw-center.st.com
2024-10-20 00:01:50,938 [ERROR] ConfigurationRetriever:142 - IOException on connection: sw-center.st.com
2024-10-20 00:01:50,940 [ERROR] ConfigurationRetriever:142 - IOException on connection: sw-center.st.com
2024-10-20 00:14:28,605 [ERROR] ConfigurationRetriever:142 - IOException on connection: sw-center.st.com
2024-10-20 00:14:28,609 [ERROR] ConfigurationRetriever:142 - IOException on connection: sw-center.st.com
2024-10-20 00:14:28,611 [ERROR] ConfigurationRetriever:142 - IOException on connection: sw-center.st.com
2024-10-20 00:14:32,099 [ERROR] LogOutputStream:75 - [STDERR_REDIRECT] 
2024-10-20 08:33:43,083 [INFO] Activator:176 - 


2024-10-20 08:33:43,152 [INFO] Activator:177 - !SESSION log4j initialized
2024-10-20 08:34:18,190 [INFO] LogOutputStream:77 - [STDOUT_REDIRECT] 
2024-10-20 08:34:20,124 [ERROR] ConfigurationRetriever:142 - IOException on connection: sw-center.st.com
2024-10-20 08:34:20,127 [ERROR] ConfigurationRetriever:142 - IOException on connection: sw-center.st.com
2024-10-20 08:34:20,130 [ERROR] ConfigurationRetriever:142 - IOException on connection: sw-center.st.com
2024-10-20 08:34:27,191 [INFO] ApplicationProperties:184 - Using Application install path: C:\ST\STM32CubeIDE_1.15.1\STM32CubeIDE\plugins\com.st.stm32cube.common.mx_6.11.1.202404110753
2024-10-20 08:34:27,356 [INFO] DbMcusXml:78 - Set database path to: C:\ST\STM32CubeIDE_1.15.1\STM32CubeIDE\plugins\com.st.stm32cube.common.mx_6.11.1.202404110753\\db\/mcu/
2024-10-20 08:34:27,357 [INFO] ApiDb:274 - Set plugin database path to: C:\ST\STM32CubeIDE_1.15.1\STM32CubeIDE\plugins\com.st.stm32cube.common.mx_6.11.1.202404110753\\db\/plugins/boardmanager/
2024-10-20 08:34:27,358 [WARN] ApiDb:259 - Overriding images path with different value:  => C:\ST\STM32CubeIDE_1.15.1\STM32CubeIDE\plugins\com.st.stm32cube.common.mx_6.11.1.202404110753\\db\/plugins/mcufinder/images/
2024-10-20 08:34:27,541 [INFO] ApiDb:250 - Set database path to: C:\Users\OVIA\.stmcufinder\plugins\mcufinder//mcu/
2024-10-20 08:34:27,546 [INFO] DbMcusAds:125 - Set database path to: C:\Users\OVIA\.stmcufinder\plugins\mcufinder//mcu/
2024-10-20 08:34:27,554 [INFO] CrossReferenceDbSqlite:203 - Set database path to: C:\Users\OVIA\.stmcufinder\plugins\mcufinder//mcu/cs/
2024-10-20 08:34:28,543 [INFO] RulesReader:64 - Compatibility file has been processed (297 Rules)
2024-10-20 08:34:29,487 [INFO] DbMcusXml:78 - Set database path to: C:\ST\STM32CubeIDE_1.15.1\STM32CubeIDE\plugins\com.st.stm32cube.common.mx_6.11.1.202404110753\\db\/mcu/
2024-10-20 08:34:29,488 [INFO] ApiDb:274 - Set plugin database path to: C:\ST\STM32CubeIDE_1.15.1\STM32CubeIDE\plugins\com.st.stm32cube.common.mx_6.11.1.202404110753\\db\/plugins/boardmanager/
2024-10-20 08:34:29,489 [INFO] ApiDb:261 - Set plugin images path to: C:\ST\STM32CubeIDE_1.15.1\STM32CubeIDE\plugins\com.st.stm32cube.common.mx_6.11.1.202404110753\\db\/plugins/mcufinder/images/
2024-10-20 08:34:29,490 [WARN] DbFile:41 - Overriding database path with different value: C:\Users\OVIA\.stmcufinder\plugins\mcufinder/ => C:\Users\OVIA\.stmcufinder\plugins\mcufinder
2024-10-20 08:34:29,490 [INFO] ApiDb:250 - Set database path to: C:\Users\OVIA\.stmcufinder\plugins\mcufinder//mcu/
2024-10-20 08:34:29,491 [WARN] DbFile:41 - Overriding database path with different value: C:\Users\OVIA\.stmcufinder\plugins\mcufinder/ => C:\Users\OVIA\.stmcufinder\plugins\mcufinder
2024-10-20 08:34:29,491 [INFO] DbMcusAds:125 - Set database path to: C:\Users\OVIA\.stmcufinder\plugins\mcufinder//mcu/
2024-10-20 08:34:29,492 [WARN] DbFile:41 - Overriding database path with different value: C:\Users\OVIA\.stmcufinder\plugins\mcufinder/ => C:\Users\OVIA\.stmcufinder\plugins\mcufinder
2024-10-20 08:34:29,492 [WARN] DbFile:41 - Overriding database path with different value: C:\Users\OVIA\.stmcufinder\plugins\mcufinder/ => C:\Users\OVIA\.stmcufinder\plugins\mcufinder
2024-10-20 08:34:29,493 [INFO] CrossReferenceDbSqlite:203 - Set database path to: C:\Users\OVIA\.stmcufinder\plugins\mcufinder//mcu/cs/
2024-10-20 08:34:30,720 [INFO] MainPanel:264 - HeapMemory: 268435456
2024-10-20 08:34:32,149 [INFO] DbMcusXml:78 - Set database path to: C:\ST\STM32CubeIDE_1.15.1\STM32CubeIDE\plugins\com.st.stm32cube.common.mx_6.11.1.202404110753\\db\/mcu/
2024-10-20 08:34:32,149 [INFO] ApiDb:274 - Set plugin database path to: C:\ST\STM32CubeIDE_1.15.1\STM32CubeIDE\plugins\com.st.stm32cube.common.mx_6.11.1.202404110753\\db\/plugins/boardmanager/
2024-10-20 08:34:32,150 [INFO] ApiDb:261 - Set plugin images path to: C:\ST\STM32CubeIDE_1.15.1\STM32CubeIDE\plugins\com.st.stm32cube.common.mx_6.11.1.202404110753\\db\/plugins/mcufinder/images/
2024-10-20 08:34:32,151 [WARN] DbFile:41 - Overriding database path with different value: C:\Users\OVIA\.stmcufinder\plugins\mcufinder/ => C:\Users\OVIA\.stmcufinder\plugins\mcufinder
2024-10-20 08:34:32,151 [INFO] ApiDb:250 - Set database path to: C:\Users\OVIA\.stmcufinder\plugins\mcufinder//mcu/
2024-10-20 08:34:32,152 [WARN] DbFile:41 - Overriding database path with different value: C:\Users\OVIA\.stmcufinder\plugins\mcufinder/ => C:\Users\OVIA\.stmcufinder\plugins\mcufinder
2024-10-20 08:34:32,152 [INFO] DbMcusAds:125 - Set database path to: C:\Users\OVIA\.stmcufinder\plugins\mcufinder//mcu/
2024-10-20 08:34:32,153 [WARN] DbFile:41 - Overriding database path with different value: C:\Users\OVIA\.stmcufinder\plugins\mcufinder/ => C:\Users\OVIA\.stmcufinder\plugins\mcufinder
2024-10-20 08:34:32,153 [WARN] DbFile:41 - Overriding database path with different value: C:\Users\OVIA\.stmcufinder\plugins\mcufinder/ => C:\Users\OVIA\.stmcufinder\plugins\mcufinder
2024-10-20 08:34:32,155 [INFO] CrossReferenceDbSqlite:203 - Set database path to: C:\Users\OVIA\.stmcufinder\plugins\mcufinder//mcu/cs/
2024-10-20 08:34:32,494 [INFO] ApplicationProperties:184 - Using Application install path: C:\ST\STM32CubeIDE_1.15.1\STM32CubeIDE\plugins\com.st.stm32cube.common.mx_6.11.1.202404110753
2024-10-20 08:34:32,515 [INFO] PluginManage:196 - Search for loadable plugins [exclusion list=, ]
2024-10-20 08:34:32,553 [INFO] PluginManage:310 - Check plugin analytics
2024-10-20 08:34:33,909 [INFO] AnalyticsPlugin:253 - Accepted Software Licenses: 
2024-10-20 08:34:33,910 [INFO] AnalyticsPlugin:255 - Accepted CMSIS Pack Licenses: 
2024-10-20 08:34:33,911 [INFO] AnalyticsPlugin:257 - Accepted Firmware Licenses: 
2024-10-20 08:34:33,924 [INFO] PluginManage:359 - Loaded plugin analytics (category:tool,tabindex:-1)
2024-10-20 08:34:33,925 [INFO] PluginManage:310 - Check plugin cadmodel
2024-10-20 08:34:33,937 [ERROR] ConfigurationRetriever:142 - IOException on connection: sw-center.st.com
2024-10-20 08:34:33,940 [ERROR] ConfigurationRetriever:142 - IOException on connection: sw-center.st.com
2024-10-20 08:34:33,942 [ERROR] ConfigurationRetriever:142 - IOException on connection: sw-center.st.com
2024-10-20 08:34:34,076 [INFO] CADModel:105 - Init CAD model plugin
2024-10-20 08:34:34,077 [INFO] PluginManage:359 - Loaded plugin cadmodel (category:power,tabindex:5)
2024-10-20 08:34:34,079 [INFO] PluginManage:310 - Check plugin clock
2024-10-20 08:34:34,199 [INFO] PluginManage:359 - Loaded plugin clock (category:base,tabindex:2)
2024-10-20 08:34:34,200 [INFO] PluginManage:310 - Check plugin ddr
2024-10-20 08:34:34,258 [INFO] PluginManage:359 - Loaded plugin ddr (category:tool,tabindex:6)
2024-10-20 08:34:34,259 [INFO] PluginManage:310 - Check plugin filemanager
2024-10-20 08:34:35,501 [INFO] PluginManage:359 - Loaded plugin filemanager (category:base,tabindex:10)
2024-10-20 08:34:35,502 [INFO] PluginManage:310 - Check plugin ipmanager
2024-10-20 08:34:35,642 [INFO] PluginManage:359 - Loaded plugin ipmanager (category:base,tabindex:5)
2024-10-20 08:34:35,642 [INFO] PluginManage:310 - Check plugin lpbam
2024-10-20 08:34:35,717 [INFO] PluginManage:359 - Loaded plugin lpbam (category:base,tabindex:0)
2024-10-20 08:34:35,718 [INFO] PluginManage:310 - Check plugin memorymap
2024-10-20 08:34:36,022 [INFO] PluginManage:359 - Loaded plugin memorymap (category:base,tabindex:4)
2024-10-20 08:34:36,023 [INFO] PluginManage:310 - Check plugin pinoutandconfiguration
2024-10-20 08:34:36,123 [INFO] PluginManage:359 - Loaded plugin pinoutandconfiguration (category:base,tabindex:1)
2024-10-20 08:34:36,124 [INFO] PluginManage:310 - Check plugin pinoutconfig
2024-10-20 08:34:36,830 [WARN] SupportedApi:132 - Cannot load RTOS API schema: s4s-elt-must-match.1: The content of 'definitions' must match (annotation?, (simpleType | complexType)?, (unique | key | keyref)*)). A problem was found starting at: attribute.
2024-10-20 08:34:37,826 [INFO] PluginManage:359 - Loaded plugin pinoutconfig (category:base,tabindex:0)
2024-10-20 08:34:37,827 [INFO] PluginManage:310 - Check plugin power
2024-10-20 08:34:37,965 [INFO] PluginManage:359 - Loaded plugin power (category:power,tabindex:4)
2024-10-20 08:34:37,966 [INFO] PluginManage:310 - Check plugin projectmanager
2024-10-20 08:34:38,083 [INFO] PluginManage:359 - Loaded plugin projectmanager (category:projectmanager,tabindex:3)
2024-10-20 08:34:38,085 [INFO] PluginManage:310 - Check plugin thirdparty
2024-10-20 08:34:39,289 [INFO] PluginManage:359 - Loaded plugin thirdparty (category:base,tabindex:-1)
2024-10-20 08:34:39,290 [INFO] PluginManage:310 - Check plugin tools
2024-10-20 08:34:39,296 [WARN] IntegrityCheckThread:84 - waiting for thirdparty lock release [integrity check]
2024-10-20 08:34:39,298 [INFO] IntegrityCheckThread:86 - entering critical section [integrity check]
2024-10-20 08:34:39,299 [INFO] ThirdPartyUpdaterWithRetryManager:70 - Updater plugin not ready yet. [1/15]
2024-10-20 08:34:39,313 [INFO] PluginManage:359 - Loaded plugin tools (category:base,tabindex:7)
2024-10-20 08:34:39,314 [INFO] PluginManage:310 - Check plugin tutovideos
2024-10-20 08:34:40,748 [INFO] PluginManage:359 - Loaded plugin tutovideos (category:base,tabindex:-1)
2024-10-20 08:34:40,749 [INFO] PluginManage:310 - Check plugin updater
2024-10-20 08:34:40,987 [INFO] PluginManage:359 - Loaded plugin updater (category:base,tabindex:12)
2024-10-20 08:34:40,988 [INFO] PluginManage:310 - Check plugin userauth
2024-10-20 08:34:41,040 [INFO] UserAuth:114 - Init User Auth plugin
2024-10-20 08:34:41,041 [INFO] PluginManage:359 - Loaded plugin userauth (category:base,tabindex:14)
2024-10-20 08:34:41,043 [INFO] PluginManage:283 - PluginManage : Loaded plugins [17]
2024-10-20 08:34:42,303 [INFO] ThirdPartyUpdaterWithRetryManager:70 - Updater plugin not ready yet. [2/15]
2024-10-20 08:34:43,805 [INFO] PinOutPanel:1561 - setPackage(No Configuration,No Configuration)
2024-10-20 08:34:44,674 [INFO] CADModel:165 - CPN selected for project level
2024-10-20 08:34:44,674 [INFO] CADModel:114 - Register for checkConnection events
2024-10-20 08:34:44,810 [INFO] IPUIPlugin:80 - create IPUIPlugin
2024-10-20 08:34:44,810 [INFO] PluginManager:220 - loadIPPluginJar : add adc
2024-10-20 08:34:44,841 [INFO] IPUIPlugin:80 - create IPUIPlugin
2024-10-20 08:34:44,841 [INFO] PluginManager:220 - loadIPPluginJar : add aes
2024-10-20 08:34:44,893 [INFO] IPUIPlugin:80 - create IPUIPlugin
2024-10-20 08:34:44,893 [INFO] PluginManager:220 - loadIPPluginJar : add can
2024-10-20 08:34:44,935 [INFO] IPUIPlugin:80 - create IPUIPlugin
2024-10-20 08:34:44,936 [INFO] PluginManager:220 - loadIPPluginJar : add comp
2024-10-20 08:34:44,958 [INFO] IPUIPlugin:80 - create IPUIPlugin
2024-10-20 08:34:44,959 [INFO] PluginManager:220 - loadIPPluginJar : add cryp
2024-10-20 08:34:44,990 [INFO] IPUIPlugin:80 - create IPUIPlugin
2024-10-20 08:34:44,991 [INFO] PluginManager:220 - loadIPPluginJar : add dfsdm
2024-10-20 08:34:45,047 [INFO] IPUIPlugin:80 - create IPUIPlugin
2024-10-20 08:34:45,048 [INFO] PluginManager:220 - loadIPPluginJar : add dma
2024-10-20 08:34:45,087 [INFO] IPUIPlugin:80 - create IPUIPlugin
2024-10-20 08:34:45,088 [INFO] PluginManager:220 - loadIPPluginJar : add dma3
2024-10-20 08:34:45,273 [INFO] IPUIPlugin:80 - create IPUIPlugin
2024-10-20 08:34:45,273 [INFO] PluginManager:220 - loadIPPluginJar : add extmemmanager
2024-10-20 08:34:45,290 [INFO] IPUIPlugin:80 - create IPUIPlugin
2024-10-20 08:34:45,291 [INFO] PluginManager:220 - loadIPPluginJar : add fatfs
2024-10-20 08:34:45,306 [INFO] ThirdPartyUpdaterWithRetryManager:70 - Updater plugin not ready yet. [3/15]
2024-10-20 08:34:45,317 [INFO] IPUIPlugin:80 - create IPUIPlugin
2024-10-20 08:34:45,318 [INFO] PluginManager:220 - loadIPPluginJar : add fmc
2024-10-20 08:34:45,363 [INFO] IPUIPlugin:80 - create IPUIPlugin
2024-10-20 08:34:45,363 [INFO] PluginManager:220 - loadIPPluginJar : add freertos
2024-10-20 08:34:45,399 [INFO] IPUIPlugin:80 - create IPUIPlugin
2024-10-20 08:34:45,400 [INFO] PluginManager:220 - loadIPPluginJar : add genericplugin
2024-10-20 08:34:45,440 [INFO] IPUIPlugin:80 - create IPUIPlugin
2024-10-20 08:34:45,440 [INFO] PluginManager:220 - loadIPPluginJar : add gfxmmu
2024-10-20 08:34:45,486 [INFO] IPUIPlugin:80 - create IPUIPlugin
2024-10-20 08:34:45,487 [INFO] PluginManager:220 - loadIPPluginJar : add gic
2024-10-20 08:34:45,517 [INFO] IPUIPlugin:80 - create IPUIPlugin
2024-10-20 08:34:45,517 [INFO] PluginManager:220 - loadIPPluginJar : add gpio
2024-10-20 08:34:45,555 [INFO] IPUIPlugin:80 - create IPUIPlugin
2024-10-20 08:34:45,555 [INFO] PluginManager:220 - loadIPPluginJar : add gtzc
2024-10-20 08:34:45,587 [INFO] IPUIPlugin:80 - create IPUIPlugin
2024-10-20 08:34:45,588 [INFO] PluginManager:220 - loadIPPluginJar : add hash
2024-10-20 08:34:45,633 [INFO] IPUIPlugin:80 - create IPUIPlugin
2024-10-20 08:34:45,633 [INFO] PluginManager:220 - loadIPPluginJar : add i2c
2024-10-20 08:34:45,676 [INFO] IPUIPlugin:80 - create IPUIPlugin
2024-10-20 08:34:45,677 [INFO] PluginManager:220 - loadIPPluginJar : add i2s
2024-10-20 08:34:45,687 [INFO] IPUIPlugin:80 - create IPUIPlugin
2024-10-20 08:34:45,688 [INFO] PluginManager:220 - loadIPPluginJar : add i3c
2024-10-20 08:34:45,711 [INFO] IPUIPlugin:80 - create IPUIPlugin
2024-10-20 08:34:45,711 [INFO] PluginManager:220 - loadIPPluginJar : add ipddr
2024-10-20 08:34:45,783 [INFO] IPUIPlugin:80 - create IPUIPlugin
2024-10-20 08:34:45,784 [INFO] PluginManager:220 - loadIPPluginJar : add linkedlist
2024-10-20 08:34:45,812 [INFO] IPUIPlugin:80 - create IPUIPlugin
2024-10-20 08:34:45,813 [INFO] PluginManager:220 - loadIPPluginJar : add lorawan
2024-10-20 08:34:45,840 [INFO] IPUIPlugin:80 - create IPUIPlugin
2024-10-20 08:34:45,841 [INFO] PluginManager:220 - loadIPPluginJar : add ltdc
2024-10-20 08:34:45,871 [INFO] IPUIPlugin:80 - create IPUIPlugin
2024-10-20 08:34:45,873 [INFO] PluginManager:220 - loadIPPluginJar : add mdma
2024-10-20 08:34:45,907 [INFO] IPUIPlugin:80 - create IPUIPlugin
2024-10-20 08:34:45,908 [INFO] PluginManager:220 - loadIPPluginJar : add nvic
2024-10-20 08:34:45,942 [INFO] IPUIPlugin:80 - create IPUIPlugin
2024-10-20 08:34:45,942 [INFO] PluginManager:220 - loadIPPluginJar : add opamp
2024-10-20 08:34:45,963 [INFO] IPUIPlugin:80 - create IPUIPlugin
2024-10-20 08:34:45,963 [INFO] PluginManager:220 - loadIPPluginJar : add openamp
2024-10-20 08:34:46,023 [INFO] IPUIPlugin:80 - create IPUIPlugin
2024-10-20 08:34:46,024 [INFO] PluginManager:220 - loadIPPluginJar : add pdm2pcm
2024-10-20 08:34:46,084 [INFO] IPUIPlugin:80 - create IPUIPlugin
2024-10-20 08:34:46,094 [INFO] PluginManager:220 - loadIPPluginJar : add plateformsettings
2024-10-20 08:34:46,119 [INFO] IPUIPlugin:80 - create IPUIPlugin
2024-10-20 08:34:46,119 [INFO] PluginManager:220 - loadIPPluginJar : add quadspi
2024-10-20 08:34:46,163 [INFO] IPUIPlugin:80 - create IPUIPlugin
2024-10-20 08:34:46,163 [INFO] PluginManager:220 - loadIPPluginJar : add resmgrutility
2024-10-20 08:34:46,203 [INFO] IPUIPlugin:80 - create IPUIPlugin
2024-10-20 08:34:46,203 [INFO] PluginManager:220 - loadIPPluginJar : add sai
2024-10-20 08:34:46,243 [INFO] IPUIPlugin:80 - create IPUIPlugin
2024-10-20 08:34:46,243 [INFO] PluginManager:220 - loadIPPluginJar : add spi
2024-10-20 08:34:46,268 [INFO] IPUIPlugin:80 - create IPUIPlugin
2024-10-20 08:34:46,268 [INFO] PluginManager:220 - loadIPPluginJar : add stm32_wpan
2024-10-20 08:34:46,301 [INFO] IPUIPlugin:80 - create IPUIPlugin
2024-10-20 08:34:46,301 [INFO] PluginManager:220 - loadIPPluginJar : add tim
2024-10-20 08:34:46,331 [INFO] IPUIPlugin:80 - create IPUIPlugin
2024-10-20 08:34:46,332 [INFO] PluginManager:220 - loadIPPluginJar : add touchsensing
2024-10-20 08:34:46,355 [INFO] IPUIPlugin:80 - create IPUIPlugin
2024-10-20 08:34:46,355 [INFO] PluginManager:220 - loadIPPluginJar : add tracer_emb
2024-10-20 08:34:46,387 [INFO] IPUIPlugin:80 - create IPUIPlugin
2024-10-20 08:34:46,387 [INFO] PluginManager:220 - loadIPPluginJar : add ts
2024-10-20 08:34:46,408 [INFO] IPUIPlugin:80 - create IPUIPlugin
2024-10-20 08:34:46,409 [INFO] PluginManager:220 - loadIPPluginJar : add tsc
2024-10-20 08:34:46,555 [INFO] IPUIPlugin:80 - create IPUIPlugin
2024-10-20 08:34:46,556 [INFO] PluginManager:220 - loadIPPluginJar : add ucpd
2024-10-20 08:34:46,594 [INFO] IPUIPlugin:80 - create IPUIPlugin
2024-10-20 08:34:46,595 [INFO] PluginManager:220 - loadIPPluginJar : add usart
2024-10-20 08:34:46,632 [INFO] IPUIPlugin:80 - create IPUIPlugin
2024-10-20 08:34:46,633 [INFO] PluginManager:220 - loadIPPluginJar : add usbx
2024-10-20 08:34:47,171 [INFO] CADModel:165 - CPN selected for project level
2024-10-20 08:34:47,172 [INFO] CADModel:114 - Register for checkConnection events
2024-10-20 08:34:47,173 [FATAL] Updater:308 - Updater called before beeing initialized
2024-10-20 08:34:47,174 [ERROR] CADModel:125 - Updater not yet initialized, retry later 
2024-10-20 08:34:48,307 [INFO] ThirdPartyUpdaterWithRetryManager:70 - Updater plugin not ready yet. [4/15]
2024-10-20 08:34:48,559 [INFO] CADModel:165 - CPN selected for project level
2024-10-20 08:34:48,559 [INFO] CADModel:114 - Register for checkConnection events
2024-10-20 08:34:48,559 [FATAL] Updater:308 - Updater called before beeing initialized
2024-10-20 08:34:48,560 [ERROR] CADModel:125 - Updater not yet initialized, retry later 
2024-10-20 08:34:48,590 [FATAL] Updater:308 - Updater called before beeing initialized
2024-10-20 08:34:49,378 [FATAL] Updater:308 - Updater called before beeing initialized
2024-10-20 08:34:49,444 [INFO] DbMcusAds:53 - JSON generation date=Fri Sep 20 18:34:23 IST 2024 (1726837463113)
2024-10-20 08:34:49,445 [FATAL] Updater:308 - Updater called before beeing initialized
2024-10-20 08:34:49,870 [WARN] DetailPanel:346 - Failed to get advertising image, set to default
2024-10-20 08:34:50,590 [FATAL] Updater:308 - Updater called before beeing initialized
2024-10-20 08:34:50,631 [FATAL] Updater:308 - Updater called before beeing initialized
2024-10-20 08:34:50,632 [FATAL] Updater:308 - Updater called before beeing initialized
2024-10-20 08:34:50,632 [WARN] DetailPanel:346 - Failed to get advertising image, set to default
2024-10-20 08:34:50,637 [FATAL] Updater:308 - Updater called before beeing initialized
2024-10-20 08:34:51,012 [ERROR] Updater:1120 - MainUpdater not yet initialized. External WinMGr cannot be set.
2024-10-20 08:34:51,045 [INFO] Updater:1056 - Updater Version found : 6.11.1
2024-10-20 08:34:51,275 [INFO] ApplicationProperties:184 - Using Application install path: C:\ST\STM32CubeIDE_1.15.1\STM32CubeIDE\plugins\com.st.stm32cube.common.mx_6.11.1.202404110753
2024-10-20 08:34:51,309 [FATAL] Updater:308 - Updater called before beeing initialized
2024-10-20 08:34:51,311 [ERROR] IntegrityCheckThread:130 - Cannot retrieve database content from updater: error 21
2024-10-20 08:34:51,312 [INFO] ThirdParty:978 - Integrity check success = false
2024-10-20 08:34:51,312 [INFO] IntegrityCheckThread:100 - exiting critical section [integrity check]
2024-10-20 08:34:51,313 [INFO] IntegrityCheckThread:103 - End integrity checks thread
2024-10-20 08:34:52,944 [ERROR] LogOutputStream:75 - [STDERR_REDIRECT] Oct 20, 2024 8:34:52 AM java.util.prefs.WindowsPreferences <init>
2024-10-20 08:34:52,951 [ERROR] LogOutputStream:75 - [STDERR_REDIRECT] WARNING: Could not open/create prefs root node Software\JavaSoft\Prefs at root 0xffffffff80000002. Windows RegCreateKeyEx(...) returned error code 5.
2024-10-20 08:34:52,952 [ERROR] LogOutputStream:75 - [STDERR_REDIRECT] 
2024-10-20 08:34:54,641 [INFO] MainUpdater:2873 - connection check result : 22
2024-10-20 08:34:54,645 [INFO] MainUpdater:290 - Updater Check For Update Now.
2024-10-20 08:34:54,645 [INFO] MicroXplorer:498 - Change Database Version : DB.6.0.111
2024-10-20 08:34:54,696 [INFO] McuFinderGlobals:63 - Set McuFinder mode to 2 (CubeIDE integrated)
2024-10-20 08:34:54,697 [INFO] UserAuth:179 - activating auth plugin
2024-10-20 08:34:54,741 [INFO] UserAuth:415 - Internet connection configuration mode: 2
2024-10-20 08:34:54,903 [INFO] UserAuth:415 - Internet connection configuration mode: 2
2024-10-20 08:34:55,514 [INFO] CheckServerUpdateThread:120 - End of CheckServer Thread
2024-10-20 08:44:27,808 [ERROR] ConfigurationRetriever:142 - IOException on connection: sw-center.st.com
2024-10-20 08:44:27,810 [ERROR] ConfigurationRetriever:142 - IOException on connection: sw-center.st.com
2024-10-20 08:44:27,810 [ERROR] ConfigurationRetriever:142 - IOException on connection: sw-center.st.com
2024-10-20 08:44:35,445 [ERROR] ConfigurationRetriever:142 - IOException on connection: sw-center.st.com
2024-10-20 08:44:35,448 [ERROR] ConfigurationRetriever:142 - IOException on connection: sw-center.st.com
2024-10-20 08:44:35,451 [ERROR] ConfigurationRetriever:142 - IOException on connection: sw-center.st.com
2024-10-20 08:53:39,626 [ERROR] ConfigurationRetriever:142 - IOException on connection: sw-center.st.com
2024-10-20 08:53:39,629 [ERROR] ConfigurationRetriever:142 - IOException on connection: sw-center.st.com
2024-10-20 08:53:39,633 [ERROR] ConfigurationRetriever:142 - IOException on connection: sw-center.st.com
2024-10-20 08:54:22,473 [ERROR] ConfigurationRetriever:142 - IOException on connection: sw-center.st.com
2024-10-20 08:54:22,475 [ERROR] ConfigurationRetriever:142 - IOException on connection: sw-center.st.com
2024-10-20 08:54:22,477 [ERROR] ConfigurationRetriever:142 - IOException on connection: sw-center.st.com
2024-10-20 08:56:07,452 [ERROR] ConfigurationRetriever:142 - IOException on connection: sw-center.st.com
2024-10-20 08:56:07,455 [ERROR] ConfigurationRetriever:142 - IOException on connection: sw-center.st.com
2024-10-20 08:56:07,456 [ERROR] ConfigurationRetriever:142 - IOException on connection: sw-center.st.com
2024-10-20 09:03:47,744 [ERROR] ConfigurationRetriever:142 - IOException on connection: sw-center.st.com
2024-10-20 09:03:47,751 [ERROR] ConfigurationRetriever:142 - IOException on connection: sw-center.st.com
2024-10-20 09:03:47,752 [ERROR] ConfigurationRetriever:142 - IOException on connection: sw-center.st.com
2024-10-20 13:28:21,838 [ERROR] ConfigurationRetriever:142 - IOException on connection: sw-center.st.com
2024-10-20 13:28:21,842 [ERROR] ConfigurationRetriever:142 - IOException on connection: sw-center.st.com
2024-10-20 13:28:21,845 [ERROR] ConfigurationRetriever:142 - IOException on connection: sw-center.st.com
