2024-10-25 15:48:17,264 [INFO] Activator:176 - 


2024-10-25 15:48:17,308 [INFO] Activator:177 - !SESSION log4j initialized
2024-10-25 15:48:34,836 [INFO] LogOutputStream:77 - [STDOUT_REDIRECT] 
2024-10-25 15:49:12,211 [INFO] ApplicationProperties:184 - Using Application install path: C:\ST\STM32CubeIDE_1.15.1\STM32CubeIDE\plugins\com.st.stm32cube.common.mx_6.11.1.202404110753
2024-10-25 15:49:12,337 [INFO] DbMcusXml:78 - Set database path to: C:\ST\STM32CubeIDE_1.15.1\STM32CubeIDE\plugins\com.st.stm32cube.common.mx_6.11.1.202404110753\\db\/mcu/
2024-10-25 15:49:12,338 [INFO] ApiDb:274 - Set plugin database path to: C:\ST\STM32CubeIDE_1.15.1\STM32CubeIDE\plugins\com.st.stm32cube.common.mx_6.11.1.202404110753\\db\/plugins/boardmanager/
2024-10-25 15:49:12,339 [WARN] ApiDb:259 - Overriding images path with different value:  => C:\ST\STM32CubeIDE_1.15.1\STM32CubeIDE\plugins\com.st.stm32cube.common.mx_6.11.1.202404110753\\db\/plugins/mcufinder/images/
2024-10-25 15:49:12,594 [INFO] ApiDb:250 - Set database path to: C:\Users\OVIA\.stmcufinder\plugins\mcufinder//mcu/
2024-10-25 15:49:12,597 [INFO] DbMcusAds:125 - Set database path to: C:\Users\OVIA\.stmcufinder\plugins\mcufinder//mcu/
2024-10-25 15:49:12,651 [INFO] CrossReferenceDbSqlite:203 - Set database path to: C:\Users\OVIA\.stmcufinder\plugins\mcufinder//mcu/cs/
2024-10-25 15:49:13,624 [INFO] RulesReader:64 - Compatibility file has been processed (297 Rules)
2024-10-25 15:49:14,376 [INFO] DbMcusXml:78 - Set database path to: C:\ST\STM32CubeIDE_1.15.1\STM32CubeIDE\plugins\com.st.stm32cube.common.mx_6.11.1.202404110753\\db\/mcu/
2024-10-25 15:49:14,377 [INFO] ApiDb:274 - Set plugin database path to: C:\ST\STM32CubeIDE_1.15.1\STM32CubeIDE\plugins\com.st.stm32cube.common.mx_6.11.1.202404110753\\db\/plugins/boardmanager/
2024-10-25 15:49:14,377 [INFO] ApiDb:261 - Set plugin images path to: C:\ST\STM32CubeIDE_1.15.1\STM32CubeIDE\plugins\com.st.stm32cube.common.mx_6.11.1.202404110753\\db\/plugins/mcufinder/images/
2024-10-25 15:49:14,396 [WARN] DbFile:41 - Overriding database path with different value: C:\Users\OVIA\.stmcufinder\plugins\mcufinder/ => C:\Users\OVIA\.stmcufinder\plugins\mcufinder
2024-10-25 15:49:14,396 [INFO] ApiDb:250 - Set database path to: C:\Users\OVIA\.stmcufinder\plugins\mcufinder//mcu/
2024-10-25 15:49:14,397 [WARN] DbFile:41 - Overriding database path with different value: C:\Users\OVIA\.stmcufinder\plugins\mcufinder/ => C:\Users\OVIA\.stmcufinder\plugins\mcufinder
2024-10-25 15:49:14,398 [INFO] DbMcusAds:125 - Set database path to: C:\Users\OVIA\.stmcufinder\plugins\mcufinder//mcu/
2024-10-25 15:49:14,398 [WARN] DbFile:41 - Overriding database path with different value: C:\Users\OVIA\.stmcufinder\plugins\mcufinder/ => C:\Users\OVIA\.stmcufinder\plugins\mcufinder
2024-10-25 15:49:14,398 [WARN] DbFile:41 - Overriding database path with different value: C:\Users\OVIA\.stmcufinder\plugins\mcufinder/ => C:\Users\OVIA\.stmcufinder\plugins\mcufinder
2024-10-25 15:49:14,399 [INFO] CrossReferenceDbSqlite:203 - Set database path to: C:\Users\OVIA\.stmcufinder\plugins\mcufinder//mcu/cs/
2024-10-25 15:49:15,189 [INFO] MainPanel:264 - HeapMemory: 268435456
2024-10-25 15:49:16,181 [INFO] DbMcusXml:78 - Set database path to: C:\ST\STM32CubeIDE_1.15.1\STM32CubeIDE\plugins\com.st.stm32cube.common.mx_6.11.1.202404110753\\db\/mcu/
2024-10-25 15:49:16,181 [INFO] ApiDb:274 - Set plugin database path to: C:\ST\STM32CubeIDE_1.15.1\STM32CubeIDE\plugins\com.st.stm32cube.common.mx_6.11.1.202404110753\\db\/plugins/boardmanager/
2024-10-25 15:49:16,181 [INFO] ApiDb:261 - Set plugin images path to: C:\ST\STM32CubeIDE_1.15.1\STM32CubeIDE\plugins\com.st.stm32cube.common.mx_6.11.1.202404110753\\db\/plugins/mcufinder/images/
2024-10-25 15:49:16,182 [WARN] DbFile:41 - Overriding database path with different value: C:\Users\OVIA\.stmcufinder\plugins\mcufinder/ => C:\Users\OVIA\.stmcufinder\plugins\mcufinder
2024-10-25 15:49:16,183 [INFO] ApiDb:250 - Set database path to: C:\Users\OVIA\.stmcufinder\plugins\mcufinder//mcu/
2024-10-25 15:49:16,183 [WARN] DbFile:41 - Overriding database path with different value: C:\Users\OVIA\.stmcufinder\plugins\mcufinder/ => C:\Users\OVIA\.stmcufinder\plugins\mcufinder
2024-10-25 15:49:16,183 [INFO] DbMcusAds:125 - Set database path to: C:\Users\OVIA\.stmcufinder\plugins\mcufinder//mcu/
2024-10-25 15:49:16,183 [WARN] DbFile:41 - Overriding database path with different value: C:\Users\OVIA\.stmcufinder\plugins\mcufinder/ => C:\Users\OVIA\.stmcufinder\plugins\mcufinder
2024-10-25 15:49:16,184 [WARN] DbFile:41 - Overriding database path with different value: C:\Users\OVIA\.stmcufinder\plugins\mcufinder/ => C:\Users\OVIA\.stmcufinder\plugins\mcufinder
2024-10-25 15:49:16,184 [INFO] CrossReferenceDbSqlite:203 - Set database path to: C:\Users\OVIA\.stmcufinder\plugins\mcufinder//mcu/cs/
2024-10-25 15:49:16,314 [INFO] ApplicationProperties:184 - Using Application install path: C:\ST\STM32CubeIDE_1.15.1\STM32CubeIDE\plugins\com.st.stm32cube.common.mx_6.11.1.202404110753
2024-10-25 15:49:16,338 [INFO] PluginManage:196 - Search for loadable plugins [exclusion list=, ]
2024-10-25 15:49:16,344 [INFO] PluginManage:310 - Check plugin analytics
2024-10-25 15:49:17,081 [INFO] AnalyticsPlugin:253 - Accepted Software Licenses: 
2024-10-25 15:49:17,081 [INFO] AnalyticsPlugin:255 - Accepted CMSIS Pack Licenses: 
2024-10-25 15:49:17,083 [INFO] AnalyticsPlugin:257 - Accepted Firmware Licenses: FW.F4.1.28.0
2024-10-25 15:49:17,090 [INFO] PluginManage:359 - Loaded plugin analytics (category:tool,tabindex:-1)
2024-10-25 15:49:17,092 [INFO] PluginManage:310 - Check plugin cadmodel
2024-10-25 15:49:17,298 [INFO] CADModel:105 - Init CAD model plugin
2024-10-25 15:49:17,299 [INFO] PluginManage:359 - Loaded plugin cadmodel (category:power,tabindex:5)
2024-10-25 15:49:17,299 [INFO] PluginManage:310 - Check plugin clock
2024-10-25 15:49:17,417 [INFO] PluginManage:359 - Loaded plugin clock (category:base,tabindex:2)
2024-10-25 15:49:17,418 [INFO] PluginManage:310 - Check plugin ddr
2024-10-25 15:49:17,469 [INFO] PluginManage:359 - Loaded plugin ddr (category:tool,tabindex:6)
2024-10-25 15:49:17,470 [INFO] PluginManage:310 - Check plugin filemanager
2024-10-25 15:49:18,483 [INFO] PluginManage:359 - Loaded plugin filemanager (category:base,tabindex:10)
2024-10-25 15:49:18,484 [INFO] PluginManage:310 - Check plugin ipmanager
2024-10-25 15:49:18,677 [INFO] PluginManage:359 - Loaded plugin ipmanager (category:base,tabindex:5)
2024-10-25 15:49:18,678 [INFO] PluginManage:310 - Check plugin lpbam
2024-10-25 15:49:18,840 [INFO] PluginManage:359 - Loaded plugin lpbam (category:base,tabindex:0)
2024-10-25 15:49:18,840 [INFO] PluginManage:310 - Check plugin memorymap
2024-10-25 15:49:18,970 [INFO] PluginManage:359 - Loaded plugin memorymap (category:base,tabindex:4)
2024-10-25 15:49:18,970 [INFO] PluginManage:310 - Check plugin pinoutandconfiguration
2024-10-25 15:49:19,087 [INFO] PluginManage:359 - Loaded plugin pinoutandconfiguration (category:base,tabindex:1)
2024-10-25 15:49:19,087 [INFO] PluginManage:310 - Check plugin pinoutconfig
2024-10-25 15:49:19,850 [WARN] SupportedApi:132 - Cannot load RTOS API schema: s4s-elt-must-match.1: The content of 'definitions' must match (annotation?, (simpleType | complexType)?, (unique | key | keyref)*)). A problem was found starting at: attribute.
2024-10-25 15:49:20,710 [INFO] PluginManage:359 - Loaded plugin pinoutconfig (category:base,tabindex:0)
2024-10-25 15:49:20,711 [INFO] PluginManage:310 - Check plugin power
2024-10-25 15:49:20,954 [INFO] PluginManage:359 - Loaded plugin power (category:power,tabindex:4)
2024-10-25 15:49:20,954 [INFO] PluginManage:310 - Check plugin projectmanager
2024-10-25 15:49:21,133 [INFO] PluginManage:359 - Loaded plugin projectmanager (category:projectmanager,tabindex:3)
2024-10-25 15:49:21,134 [INFO] PluginManage:310 - Check plugin thirdparty
2024-10-25 15:49:22,845 [INFO] PluginManage:359 - Loaded plugin thirdparty (category:base,tabindex:-1)
2024-10-25 15:49:22,845 [INFO] PluginManage:310 - Check plugin tools
2024-10-25 15:49:22,848 [WARN] IntegrityCheckThread:84 - waiting for thirdparty lock release [integrity check]
2024-10-25 15:49:22,849 [INFO] IntegrityCheckThread:86 - entering critical section [integrity check]
2024-10-25 15:49:22,852 [INFO] ThirdPartyUpdaterWithRetryManager:70 - Updater plugin not ready yet. [1/15]
2024-10-25 15:49:22,959 [INFO] PluginManage:359 - Loaded plugin tools (category:base,tabindex:7)
2024-10-25 15:49:22,960 [INFO] PluginManage:310 - Check plugin tutovideos
2024-10-25 15:49:23,838 [INFO] PluginManage:359 - Loaded plugin tutovideos (category:base,tabindex:-1)
2024-10-25 15:49:23,839 [INFO] PluginManage:310 - Check plugin updater
2024-10-25 15:49:23,897 [INFO] PluginManage:359 - Loaded plugin updater (category:base,tabindex:12)
2024-10-25 15:49:23,897 [INFO] PluginManage:310 - Check plugin userauth
2024-10-25 15:49:23,941 [INFO] UserAuth:114 - Init User Auth plugin
2024-10-25 15:49:23,941 [INFO] PluginManage:359 - Loaded plugin userauth (category:base,tabindex:14)
2024-10-25 15:49:23,944 [INFO] PluginManage:283 - PluginManage : Loaded plugins [17]
2024-10-25 15:49:25,866 [INFO] ThirdPartyUpdaterWithRetryManager:70 - Updater plugin not ready yet. [2/15]
2024-10-25 15:49:26,025 [INFO] PinOutPanel:1561 - setPackage(No Configuration,No Configuration)
2024-10-25 15:49:26,640 [INFO] CADModel:165 - CPN selected for project level
2024-10-25 15:49:26,641 [INFO] CADModel:114 - Register for checkConnection events
2024-10-25 15:49:26,866 [INFO] IPUIPlugin:80 - create IPUIPlugin
2024-10-25 15:49:26,866 [INFO] PluginManager:220 - loadIPPluginJar : add adc
2024-10-25 15:49:27,037 [INFO] IPUIPlugin:80 - create IPUIPlugin
2024-10-25 15:49:27,037 [INFO] PluginManager:220 - loadIPPluginJar : add aes
2024-10-25 15:49:27,201 [INFO] IPUIPlugin:80 - create IPUIPlugin
2024-10-25 15:49:27,201 [INFO] PluginManager:220 - loadIPPluginJar : add can
2024-10-25 15:49:27,338 [INFO] IPUIPlugin:80 - create IPUIPlugin
2024-10-25 15:49:27,338 [INFO] PluginManager:220 - loadIPPluginJar : add comp
2024-10-25 15:49:27,484 [INFO] IPUIPlugin:80 - create IPUIPlugin
2024-10-25 15:49:27,484 [INFO] PluginManager:220 - loadIPPluginJar : add cryp
2024-10-25 15:49:27,599 [INFO] IPUIPlugin:80 - create IPUIPlugin
2024-10-25 15:49:27,599 [INFO] PluginManager:220 - loadIPPluginJar : add dfsdm
2024-10-25 15:49:27,679 [INFO] IPUIPlugin:80 - create IPUIPlugin
2024-10-25 15:49:27,680 [INFO] PluginManager:220 - loadIPPluginJar : add dma
2024-10-25 15:49:27,869 [INFO] IPUIPlugin:80 - create IPUIPlugin
2024-10-25 15:49:27,869 [INFO] PluginManager:220 - loadIPPluginJar : add dma3
2024-10-25 15:49:28,060 [INFO] IPUIPlugin:80 - create IPUIPlugin
2024-10-25 15:49:28,061 [INFO] PluginManager:220 - loadIPPluginJar : add extmemmanager
2024-10-25 15:49:28,135 [INFO] IPUIPlugin:80 - create IPUIPlugin
2024-10-25 15:49:28,135 [INFO] PluginManager:220 - loadIPPluginJar : add fatfs
2024-10-25 15:49:28,311 [INFO] IPUIPlugin:80 - create IPUIPlugin
2024-10-25 15:49:28,312 [INFO] PluginManager:220 - loadIPPluginJar : add fmc
2024-10-25 15:49:28,394 [INFO] IPUIPlugin:80 - create IPUIPlugin
2024-10-25 15:49:28,395 [INFO] PluginManager:220 - loadIPPluginJar : add freertos
2024-10-25 15:49:28,465 [INFO] IPUIPlugin:80 - create IPUIPlugin
2024-10-25 15:49:28,467 [INFO] PluginManager:220 - loadIPPluginJar : add genericplugin
2024-10-25 15:49:28,838 [INFO] IPUIPlugin:80 - create IPUIPlugin
2024-10-25 15:49:28,839 [INFO] PluginManager:220 - loadIPPluginJar : add gfxmmu
2024-10-25 15:49:28,872 [INFO] ThirdPartyUpdaterWithRetryManager:70 - Updater plugin not ready yet. [3/15]
2024-10-25 15:49:29,617 [INFO] IPUIPlugin:80 - create IPUIPlugin
2024-10-25 15:49:29,617 [INFO] PluginManager:220 - loadIPPluginJar : add gic
2024-10-25 15:49:29,665 [INFO] IPUIPlugin:80 - create IPUIPlugin
2024-10-25 15:49:29,666 [INFO] PluginManager:220 - loadIPPluginJar : add gpio
2024-10-25 15:49:30,032 [INFO] IPUIPlugin:80 - create IPUIPlugin
2024-10-25 15:49:30,033 [INFO] PluginManager:220 - loadIPPluginJar : add gtzc
2024-10-25 15:49:30,168 [INFO] IPUIPlugin:80 - create IPUIPlugin
2024-10-25 15:49:30,168 [INFO] PluginManager:220 - loadIPPluginJar : add hash
2024-10-25 15:49:30,359 [INFO] IPUIPlugin:80 - create IPUIPlugin
2024-10-25 15:49:30,360 [INFO] PluginManager:220 - loadIPPluginJar : add i2c
2024-10-25 15:49:30,628 [INFO] IPUIPlugin:80 - create IPUIPlugin
2024-10-25 15:49:30,629 [INFO] PluginManager:220 - loadIPPluginJar : add i2s
2024-10-25 15:49:30,771 [INFO] IPUIPlugin:80 - create IPUIPlugin
2024-10-25 15:49:30,771 [INFO] PluginManager:220 - loadIPPluginJar : add i3c
2024-10-25 15:49:31,236 [INFO] IPUIPlugin:80 - create IPUIPlugin
2024-10-25 15:49:31,237 [INFO] PluginManager:220 - loadIPPluginJar : add ipddr
2024-10-25 15:49:31,586 [INFO] IPUIPlugin:80 - create IPUIPlugin
2024-10-25 15:49:31,587 [INFO] PluginManager:220 - loadIPPluginJar : add linkedlist
2024-10-25 15:49:31,728 [INFO] IPUIPlugin:80 - create IPUIPlugin
2024-10-25 15:49:31,728 [INFO] PluginManager:220 - loadIPPluginJar : add lorawan
2024-10-25 15:49:31,858 [INFO] IPUIPlugin:80 - create IPUIPlugin
2024-10-25 15:49:31,858 [INFO] PluginManager:220 - loadIPPluginJar : add ltdc
2024-10-25 15:49:31,872 [INFO] ThirdPartyUpdaterWithRetryManager:70 - Updater plugin not ready yet. [4/15]
2024-10-25 15:49:31,988 [INFO] IPUIPlugin:80 - create IPUIPlugin
2024-10-25 15:49:31,989 [INFO] PluginManager:220 - loadIPPluginJar : add mdma
2024-10-25 15:49:32,071 [INFO] IPUIPlugin:80 - create IPUIPlugin
2024-10-25 15:49:32,072 [INFO] PluginManager:220 - loadIPPluginJar : add nvic
2024-10-25 15:49:32,220 [INFO] IPUIPlugin:80 - create IPUIPlugin
2024-10-25 15:49:32,220 [INFO] PluginManager:220 - loadIPPluginJar : add opamp
2024-10-25 15:49:32,565 [INFO] IPUIPlugin:80 - create IPUIPlugin
2024-10-25 15:49:32,566 [INFO] PluginManager:220 - loadIPPluginJar : add openamp
2024-10-25 15:49:32,737 [INFO] IPUIPlugin:80 - create IPUIPlugin
2024-10-25 15:49:32,737 [INFO] PluginManager:220 - loadIPPluginJar : add pdm2pcm
2024-10-25 15:49:32,786 [INFO] IPUIPlugin:80 - create IPUIPlugin
2024-10-25 15:49:32,794 [INFO] PluginManager:220 - loadIPPluginJar : add plateformsettings
2024-10-25 15:49:32,896 [INFO] IPUIPlugin:80 - create IPUIPlugin
2024-10-25 15:49:32,896 [INFO] PluginManager:220 - loadIPPluginJar : add quadspi
2024-10-25 15:49:32,933 [INFO] IPUIPlugin:80 - create IPUIPlugin
2024-10-25 15:49:32,934 [INFO] PluginManager:220 - loadIPPluginJar : add resmgrutility
2024-10-25 15:49:33,193 [INFO] IPUIPlugin:80 - create IPUIPlugin
2024-10-25 15:49:33,194 [INFO] PluginManager:220 - loadIPPluginJar : add sai
2024-10-25 15:49:33,347 [INFO] IPUIPlugin:80 - create IPUIPlugin
2024-10-25 15:49:33,347 [INFO] PluginManager:220 - loadIPPluginJar : add spi
2024-10-25 15:49:33,639 [INFO] IPUIPlugin:80 - create IPUIPlugin
2024-10-25 15:49:33,639 [INFO] PluginManager:220 - loadIPPluginJar : add stm32_wpan
2024-10-25 15:49:33,732 [INFO] IPUIPlugin:80 - create IPUIPlugin
2024-10-25 15:49:33,733 [INFO] PluginManager:220 - loadIPPluginJar : add tim
2024-10-25 15:49:33,984 [INFO] IPUIPlugin:80 - create IPUIPlugin
2024-10-25 15:49:33,984 [INFO] PluginManager:220 - loadIPPluginJar : add touchsensing
2024-10-25 15:49:34,080 [INFO] IPUIPlugin:80 - create IPUIPlugin
2024-10-25 15:49:34,080 [INFO] PluginManager:220 - loadIPPluginJar : add tracer_emb
2024-10-25 15:49:34,188 [INFO] IPUIPlugin:80 - create IPUIPlugin
2024-10-25 15:49:34,189 [INFO] PluginManager:220 - loadIPPluginJar : add ts
2024-10-25 15:49:34,261 [INFO] IPUIPlugin:80 - create IPUIPlugin
2024-10-25 15:49:34,262 [INFO] PluginManager:220 - loadIPPluginJar : add tsc
2024-10-25 15:49:34,347 [INFO] IPUIPlugin:80 - create IPUIPlugin
2024-10-25 15:49:34,347 [INFO] PluginManager:220 - loadIPPluginJar : add ucpd
2024-10-25 15:49:34,541 [INFO] IPUIPlugin:80 - create IPUIPlugin
2024-10-25 15:49:34,543 [INFO] PluginManager:220 - loadIPPluginJar : add usart
2024-10-25 15:49:34,754 [INFO] IPUIPlugin:80 - create IPUIPlugin
2024-10-25 15:49:34,754 [INFO] PluginManager:220 - loadIPPluginJar : add usbx
2024-10-25 15:49:34,933 [INFO] ThirdPartyUpdaterWithRetryManager:70 - Updater plugin not ready yet. [5/15]
2024-10-25 15:49:35,206 [INFO] CADModel:165 - CPN selected for project level
2024-10-25 15:49:35,206 [INFO] CADModel:114 - Register for checkConnection events
2024-10-25 15:49:35,207 [FATAL] Updater:308 - Updater called before beeing initialized
2024-10-25 15:49:35,207 [ERROR] CADModel:125 - Updater not yet initialized, retry later 
2024-10-25 15:49:35,905 [INFO] CADModel:165 - CPN selected for project level
2024-10-25 15:49:35,906 [INFO] CADModel:114 - Register for checkConnection events
2024-10-25 15:49:35,906 [FATAL] Updater:308 - Updater called before beeing initialized
2024-10-25 15:49:35,906 [ERROR] CADModel:125 - Updater not yet initialized, retry later 
2024-10-25 15:49:35,923 [FATAL] Updater:308 - Updater called before beeing initialized
2024-10-25 15:49:36,424 [FATAL] Updater:308 - Updater called before beeing initialized
2024-10-25 15:49:36,446 [INFO] DbMcusAds:53 - JSON generation date=Fri Sep 20 18:34:38 IST 2024 (1726837478367)
2024-10-25 15:49:36,446 [FATAL] Updater:308 - Updater called before beeing initialized
2024-10-25 15:49:36,942 [WARN] DetailPanel:346 - Failed to get advertising image, set to default
2024-10-25 15:49:37,461 [FATAL] Updater:308 - Updater called before beeing initialized
2024-10-25 15:49:37,490 [FATAL] Updater:308 - Updater called before beeing initialized
2024-10-25 15:49:37,490 [FATAL] Updater:308 - Updater called before beeing initialized
2024-10-25 15:49:37,490 [WARN] DetailPanel:346 - Failed to get advertising image, set to default
2024-10-25 15:49:37,493 [FATAL] Updater:308 - Updater called before beeing initialized
2024-10-25 15:49:37,863 [ERROR] Updater:1120 - MainUpdater not yet initialized. External WinMGr cannot be set.
2024-10-25 15:49:37,913 [INFO] Updater:1056 - Updater Version found : 6.11.1
2024-10-25 15:49:37,935 [INFO] ThirdPartyUpdaterWithRetryManager:70 - Updater plugin not ready yet. [6/15]
2024-10-25 15:49:38,021 [INFO] ApplicationProperties:184 - Using Application install path: C:\ST\STM32CubeIDE_1.15.1\STM32CubeIDE\plugins\com.st.stm32cube.common.mx_6.11.1.202404110753
2024-10-25 15:49:39,737 [ERROR] LogOutputStream:75 - [STDERR_REDIRECT] Oct 25, 2024 3:49:39 PM java.util.prefs.WindowsPreferences <init>
2024-10-25 15:49:39,744 [ERROR] LogOutputStream:75 - [STDERR_REDIRECT] WARNING: Could not open/create prefs root node Software\JavaSoft\Prefs at root 0xffffffff80000002. Windows RegCreateKeyEx(...) returned error code 5.
2024-10-25 15:49:39,745 [ERROR] LogOutputStream:75 - [STDERR_REDIRECT] 
2024-10-25 15:49:40,938 [FATAL] Updater:308 - Updater called before beeing initialized
2024-10-25 15:49:40,940 [ERROR] IntegrityCheckThread:130 - Cannot retrieve database content from updater: error 21
2024-10-25 15:49:40,941 [INFO] ThirdParty:978 - Integrity check success = false
2024-10-25 15:49:40,941 [INFO] IntegrityCheckThread:100 - exiting critical section [integrity check]
2024-10-25 15:49:40,942 [INFO] IntegrityCheckThread:103 - End integrity checks thread
2024-10-25 15:49:41,924 [INFO] MainUpdater:2873 - connection check result : 10
2024-10-25 15:49:41,927 [INFO] MainUpdater:290 - Updater Check For Update Now.
2024-10-25 15:49:41,928 [INFO] MicroXplorer:498 - Change Database Version : DB.6.0.111
2024-10-25 15:49:42,043 [INFO] McuFinderGlobals:63 - Set McuFinder mode to 2 (CubeIDE integrated)
2024-10-25 15:49:42,147 [INFO] UserAuth:415 - Internet connection configuration mode: 1
2024-10-25 15:49:42,551 [INFO] JxBrowserEngine:152 - Initiate JxBrowser Engine with user profile folder
2024-10-25 15:49:43,206 [INFO] CheckServerUpdateThread:120 - End of CheckServer Thread
2024-10-25 15:50:30,554 [INFO] WebApp:161 - Instantiating new browser for Auth
2024-10-25 15:50:43,216 [INFO] WebApp:779 - Register for checkConnection events
2024-10-25 15:50:43,217 [INFO] WebApp:414 - Apply proxy settings
2024-10-25 15:50:43,218 [INFO] WebApp:499 - Chromium requires no authentication
2024-10-25 15:50:43,325 [INFO] WebApp:442 - Direct internet connection detected
2024-10-25 15:50:44,976 [INFO] WebApp:192 - Starting web application
2024-10-25 15:50:44,977 [INFO] WebApp:544 - Web application path used C:\ST\STM32CubeIDE_1.15.1\STM32CubeIDE\plugins\com.st.stm32cube.common.mx_6.11.1.202404110753\db\plugins\mcufinder\reactClient1\index.html
