2024-10-19 13:07:30,258 [INFO] Activator:176 - 


2024-10-19 13:07:30,271 [INFO] Activator:177 - !SESSION log4j initialized
2024-10-19 13:07:54,638 [INFO] LogOutputStream:77 - [STDOUT_REDIRECT] 
2024-10-19 13:07:56,328 [ERROR] ConfigurationRetriever:142 - IOException on connection: sw-center.st.com
2024-10-19 13:07:56,330 [ERROR] ConfigurationRetriever:142 - IOException on connection: sw-center.st.com
2024-10-19 13:07:56,332 [ERROR] ConfigurationRetriever:142 - IOException on connection: sw-center.st.com
2024-10-19 13:08:10,597 [INFO] ApplicationProperties:184 - Using Application install path: C:\ST\STM32CubeIDE_1.15.1\STM32CubeIDE\plugins\com.st.stm32cube.common.mx_6.11.1.202404110753
2024-10-19 13:08:10,728 [INFO] DbMcusXml:78 - Set database path to: C:\ST\STM32CubeIDE_1.15.1\STM32CubeIDE\plugins\com.st.stm32cube.common.mx_6.11.1.202404110753\\db\/mcu/
2024-10-19 13:08:10,730 [INFO] ApiDb:274 - Set plugin database path to: C:\ST\STM32CubeIDE_1.15.1\STM32CubeIDE\plugins\com.st.stm32cube.common.mx_6.11.1.202404110753\\db\/plugins/boardmanager/
2024-10-19 13:08:10,732 [WARN] ApiDb:259 - Overriding images path with different value:  => C:\ST\STM32CubeIDE_1.15.1\STM32CubeIDE\plugins\com.st.stm32cube.common.mx_6.11.1.202404110753\\db\/plugins/mcufinder/images/
2024-10-19 13:08:10,799 [INFO] ApiDb:250 - Set database path to: C:\Users\OVIA\.stmcufinder\plugins\mcufinder//mcu/
2024-10-19 13:08:10,804 [INFO] DbMcusAds:125 - Set database path to: C:\Users\OVIA\.stmcufinder\plugins\mcufinder//mcu/
2024-10-19 13:08:10,815 [INFO] CrossReferenceDbSqlite:203 - Set database path to: C:\Users\OVIA\.stmcufinder\plugins\mcufinder//mcu/cs/
2024-10-19 13:08:11,646 [INFO] RulesReader:64 - Compatibility file has been processed (297 Rules)
2024-10-19 13:08:12,333 [INFO] DbMcusXml:78 - Set database path to: C:\ST\STM32CubeIDE_1.15.1\STM32CubeIDE\plugins\com.st.stm32cube.common.mx_6.11.1.202404110753\\db\/mcu/
2024-10-19 13:08:12,334 [INFO] ApiDb:274 - Set plugin database path to: C:\ST\STM32CubeIDE_1.15.1\STM32CubeIDE\plugins\com.st.stm32cube.common.mx_6.11.1.202404110753\\db\/plugins/boardmanager/
2024-10-19 13:08:12,335 [INFO] ApiDb:261 - Set plugin images path to: C:\ST\STM32CubeIDE_1.15.1\STM32CubeIDE\plugins\com.st.stm32cube.common.mx_6.11.1.202404110753\\db\/plugins/mcufinder/images/
2024-10-19 13:08:12,336 [WARN] DbFile:41 - Overriding database path with different value: C:\Users\OVIA\.stmcufinder\plugins\mcufinder/ => C:\Users\OVIA\.stmcufinder\plugins\mcufinder
2024-10-19 13:08:12,336 [INFO] ApiDb:250 - Set database path to: C:\Users\OVIA\.stmcufinder\plugins\mcufinder//mcu/
2024-10-19 13:08:12,337 [WARN] DbFile:41 - Overriding database path with different value: C:\Users\OVIA\.stmcufinder\plugins\mcufinder/ => C:\Users\OVIA\.stmcufinder\plugins\mcufinder
2024-10-19 13:08:12,337 [INFO] DbMcusAds:125 - Set database path to: C:\Users\OVIA\.stmcufinder\plugins\mcufinder//mcu/
2024-10-19 13:08:12,337 [WARN] DbFile:41 - Overriding database path with different value: C:\Users\OVIA\.stmcufinder\plugins\mcufinder/ => C:\Users\OVIA\.stmcufinder\plugins\mcufinder
2024-10-19 13:08:12,338 [WARN] DbFile:41 - Overriding database path with different value: C:\Users\OVIA\.stmcufinder\plugins\mcufinder/ => C:\Users\OVIA\.stmcufinder\plugins\mcufinder
2024-10-19 13:08:12,338 [INFO] CrossReferenceDbSqlite:203 - Set database path to: C:\Users\OVIA\.stmcufinder\plugins\mcufinder//mcu/cs/
2024-10-19 13:08:13,254 [INFO] MainPanel:264 - HeapMemory: 268435456
2024-10-19 13:08:14,135 [INFO] DbMcusXml:78 - Set database path to: C:\ST\STM32CubeIDE_1.15.1\STM32CubeIDE\plugins\com.st.stm32cube.common.mx_6.11.1.202404110753\\db\/mcu/
2024-10-19 13:08:14,136 [INFO] ApiDb:274 - Set plugin database path to: C:\ST\STM32CubeIDE_1.15.1\STM32CubeIDE\plugins\com.st.stm32cube.common.mx_6.11.1.202404110753\\db\/plugins/boardmanager/
2024-10-19 13:08:14,136 [INFO] ApiDb:261 - Set plugin images path to: C:\ST\STM32CubeIDE_1.15.1\STM32CubeIDE\plugins\com.st.stm32cube.common.mx_6.11.1.202404110753\\db\/plugins/mcufinder/images/
2024-10-19 13:08:14,137 [WARN] DbFile:41 - Overriding database path with different value: C:\Users\OVIA\.stmcufinder\plugins\mcufinder/ => C:\Users\OVIA\.stmcufinder\plugins\mcufinder
2024-10-19 13:08:14,138 [INFO] ApiDb:250 - Set database path to: C:\Users\OVIA\.stmcufinder\plugins\mcufinder//mcu/
2024-10-19 13:08:14,138 [WARN] DbFile:41 - Overriding database path with different value: C:\Users\OVIA\.stmcufinder\plugins\mcufinder/ => C:\Users\OVIA\.stmcufinder\plugins\mcufinder
2024-10-19 13:08:14,139 [INFO] DbMcusAds:125 - Set database path to: C:\Users\OVIA\.stmcufinder\plugins\mcufinder//mcu/
2024-10-19 13:08:14,139 [WARN] DbFile:41 - Overriding database path with different value: C:\Users\OVIA\.stmcufinder\plugins\mcufinder/ => C:\Users\OVIA\.stmcufinder\plugins\mcufinder
2024-10-19 13:08:14,139 [WARN] DbFile:41 - Overriding database path with different value: C:\Users\OVIA\.stmcufinder\plugins\mcufinder/ => C:\Users\OVIA\.stmcufinder\plugins\mcufinder
2024-10-19 13:08:14,140 [INFO] CrossReferenceDbSqlite:203 - Set database path to: C:\Users\OVIA\.stmcufinder\plugins\mcufinder//mcu/cs/
2024-10-19 13:08:14,306 [INFO] ApplicationProperties:184 - Using Application install path: C:\ST\STM32CubeIDE_1.15.1\STM32CubeIDE\plugins\com.st.stm32cube.common.mx_6.11.1.202404110753
2024-10-19 13:08:14,327 [INFO] PluginManage:196 - Search for loadable plugins [exclusion list=, ]
2024-10-19 13:08:14,344 [INFO] PluginManage:310 - Check plugin analytics
2024-10-19 13:08:15,320 [INFO] AnalyticsPlugin:253 - Accepted Software Licenses: 
2024-10-19 13:08:15,322 [INFO] AnalyticsPlugin:255 - Accepted CMSIS Pack Licenses: 
2024-10-19 13:08:15,323 [INFO] AnalyticsPlugin:257 - Accepted Firmware Licenses: 
2024-10-19 13:08:15,335 [INFO] PluginManage:359 - Loaded plugin analytics (category:tool,tabindex:-1)
2024-10-19 13:08:15,337 [INFO] PluginManage:310 - Check plugin cadmodel
2024-10-19 13:08:15,354 [ERROR] ConfigurationRetriever:142 - IOException on connection: sw-center.st.com
2024-10-19 13:08:15,358 [ERROR] ConfigurationRetriever:142 - IOException on connection: sw-center.st.com
2024-10-19 13:08:15,360 [ERROR] ConfigurationRetriever:142 - IOException on connection: sw-center.st.com
2024-10-19 13:08:15,431 [INFO] CADModel:105 - Init CAD model plugin
2024-10-19 13:08:15,432 [INFO] PluginManage:359 - Loaded plugin cadmodel (category:power,tabindex:5)
2024-10-19 13:08:15,433 [INFO] PluginManage:310 - Check plugin clock
2024-10-19 13:08:15,526 [INFO] PluginManage:359 - Loaded plugin clock (category:base,tabindex:2)
2024-10-19 13:08:15,527 [INFO] PluginManage:310 - Check plugin ddr
2024-10-19 13:08:15,548 [INFO] PluginManage:359 - Loaded plugin ddr (category:tool,tabindex:6)
2024-10-19 13:08:15,549 [INFO] PluginManage:310 - Check plugin filemanager
2024-10-19 13:08:16,447 [INFO] PluginManage:359 - Loaded plugin filemanager (category:base,tabindex:10)
2024-10-19 13:08:16,448 [INFO] PluginManage:310 - Check plugin ipmanager
2024-10-19 13:08:16,513 [INFO] PluginManage:359 - Loaded plugin ipmanager (category:base,tabindex:5)
2024-10-19 13:08:16,514 [INFO] PluginManage:310 - Check plugin lpbam
2024-10-19 13:08:16,596 [INFO] PluginManage:359 - Loaded plugin lpbam (category:base,tabindex:0)
2024-10-19 13:08:16,597 [INFO] PluginManage:310 - Check plugin memorymap
2024-10-19 13:08:16,729 [INFO] PluginManage:359 - Loaded plugin memorymap (category:base,tabindex:4)
2024-10-19 13:08:16,730 [INFO] PluginManage:310 - Check plugin pinoutandconfiguration
2024-10-19 13:08:16,842 [INFO] PluginManage:359 - Loaded plugin pinoutandconfiguration (category:base,tabindex:1)
2024-10-19 13:08:16,843 [INFO] PluginManage:310 - Check plugin pinoutconfig
2024-10-19 13:08:17,457 [WARN] SupportedApi:132 - Cannot load RTOS API schema: s4s-elt-must-match.1: The content of 'definitions' must match (annotation?, (simpleType | complexType)?, (unique | key | keyref)*)). A problem was found starting at: attribute.
2024-10-19 13:08:18,150 [INFO] PluginManage:359 - Loaded plugin pinoutconfig (category:base,tabindex:0)
2024-10-19 13:08:18,151 [INFO] PluginManage:310 - Check plugin power
2024-10-19 13:08:18,276 [INFO] PluginManage:359 - Loaded plugin power (category:power,tabindex:4)
2024-10-19 13:08:18,277 [INFO] PluginManage:310 - Check plugin projectmanager
2024-10-19 13:08:18,372 [INFO] PluginManage:359 - Loaded plugin projectmanager (category:projectmanager,tabindex:3)
2024-10-19 13:08:18,372 [INFO] PluginManage:310 - Check plugin thirdparty
2024-10-19 13:08:19,747 [INFO] PluginManage:359 - Loaded plugin thirdparty (category:base,tabindex:-1)
2024-10-19 13:08:19,747 [WARN] IntegrityCheckThread:84 - waiting for thirdparty lock release [integrity check]
2024-10-19 13:08:19,748 [INFO] PluginManage:310 - Check plugin tools
2024-10-19 13:08:19,748 [INFO] IntegrityCheckThread:86 - entering critical section [integrity check]
2024-10-19 13:08:19,750 [INFO] ThirdPartyUpdaterWithRetryManager:70 - Updater plugin not ready yet. [1/15]
2024-10-19 13:08:19,888 [INFO] PluginManage:359 - Loaded plugin tools (category:base,tabindex:7)
2024-10-19 13:08:19,889 [INFO] PluginManage:310 - Check plugin tutovideos
2024-10-19 13:08:20,722 [INFO] PluginManage:359 - Loaded plugin tutovideos (category:base,tabindex:-1)
2024-10-19 13:08:20,722 [INFO] PluginManage:310 - Check plugin updater
2024-10-19 13:08:20,780 [INFO] PluginManage:359 - Loaded plugin updater (category:base,tabindex:12)
2024-10-19 13:08:20,781 [INFO] PluginManage:310 - Check plugin userauth
2024-10-19 13:08:20,851 [INFO] UserAuth:114 - Init User Auth plugin
2024-10-19 13:08:20,852 [INFO] PluginManage:359 - Loaded plugin userauth (category:base,tabindex:14)
2024-10-19 13:08:20,854 [INFO] PluginManage:283 - PluginManage : Loaded plugins [17]
2024-10-19 13:08:22,537 [INFO] PinOutPanel:1561 - setPackage(No Configuration,No Configuration)
2024-10-19 13:08:22,751 [INFO] ThirdPartyUpdaterWithRetryManager:70 - Updater plugin not ready yet. [2/15]
2024-10-19 13:08:23,049 [INFO] CADModel:165 - CPN selected for project level
2024-10-19 13:08:23,050 [INFO] CADModel:114 - Register for checkConnection events
2024-10-19 13:08:23,203 [INFO] IPUIPlugin:80 - create IPUIPlugin
2024-10-19 13:08:23,204 [INFO] PluginManager:220 - loadIPPluginJar : add adc
2024-10-19 13:08:23,359 [INFO] IPUIPlugin:80 - create IPUIPlugin
2024-10-19 13:08:23,360 [INFO] PluginManager:220 - loadIPPluginJar : add aes
2024-10-19 13:08:23,525 [INFO] IPUIPlugin:80 - create IPUIPlugin
2024-10-19 13:08:23,526 [INFO] PluginManager:220 - loadIPPluginJar : add can
2024-10-19 13:08:23,615 [INFO] IPUIPlugin:80 - create IPUIPlugin
2024-10-19 13:08:23,615 [INFO] PluginManager:220 - loadIPPluginJar : add comp
2024-10-19 13:08:23,749 [INFO] IPUIPlugin:80 - create IPUIPlugin
2024-10-19 13:08:23,749 [INFO] PluginManager:220 - loadIPPluginJar : add cryp
2024-10-19 13:08:23,864 [INFO] IPUIPlugin:80 - create IPUIPlugin
2024-10-19 13:08:23,865 [INFO] PluginManager:220 - loadIPPluginJar : add dfsdm
2024-10-19 13:08:23,954 [INFO] IPUIPlugin:80 - create IPUIPlugin
2024-10-19 13:08:23,956 [INFO] PluginManager:220 - loadIPPluginJar : add dma
2024-10-19 13:08:24,145 [INFO] IPUIPlugin:80 - create IPUIPlugin
2024-10-19 13:08:24,145 [INFO] PluginManager:220 - loadIPPluginJar : add dma3
2024-10-19 13:08:24,340 [INFO] IPUIPlugin:80 - create IPUIPlugin
2024-10-19 13:08:24,341 [INFO] PluginManager:220 - loadIPPluginJar : add extmemmanager
2024-10-19 13:08:24,416 [INFO] IPUIPlugin:80 - create IPUIPlugin
2024-10-19 13:08:24,417 [INFO] PluginManager:220 - loadIPPluginJar : add fatfs
2024-10-19 13:08:24,610 [INFO] IPUIPlugin:80 - create IPUIPlugin
2024-10-19 13:08:24,611 [INFO] PluginManager:220 - loadIPPluginJar : add fmc
2024-10-19 13:08:24,699 [INFO] IPUIPlugin:80 - create IPUIPlugin
2024-10-19 13:08:24,700 [INFO] PluginManager:220 - loadIPPluginJar : add freertos
2024-10-19 13:08:24,777 [INFO] IPUIPlugin:80 - create IPUIPlugin
2024-10-19 13:08:24,777 [INFO] PluginManager:220 - loadIPPluginJar : add genericplugin
2024-10-19 13:08:25,185 [INFO] IPUIPlugin:80 - create IPUIPlugin
2024-10-19 13:08:25,185 [INFO] PluginManager:220 - loadIPPluginJar : add gfxmmu
2024-10-19 13:08:25,752 [INFO] ThirdPartyUpdaterWithRetryManager:70 - Updater plugin not ready yet. [3/15]
2024-10-19 13:08:25,763 [INFO] IPUIPlugin:80 - create IPUIPlugin
2024-10-19 13:08:25,764 [INFO] PluginManager:220 - loadIPPluginJar : add gic
2024-10-19 13:08:25,850 [INFO] IPUIPlugin:80 - create IPUIPlugin
2024-10-19 13:08:25,850 [INFO] PluginManager:220 - loadIPPluginJar : add gpio
2024-10-19 13:08:26,267 [INFO] IPUIPlugin:80 - create IPUIPlugin
2024-10-19 13:08:26,267 [INFO] PluginManager:220 - loadIPPluginJar : add gtzc
2024-10-19 13:08:26,395 [INFO] IPUIPlugin:80 - create IPUIPlugin
2024-10-19 13:08:26,396 [INFO] PluginManager:220 - loadIPPluginJar : add hash
2024-10-19 13:08:26,628 [INFO] IPUIPlugin:80 - create IPUIPlugin
2024-10-19 13:08:26,628 [INFO] PluginManager:220 - loadIPPluginJar : add i2c
2024-10-19 13:08:26,805 [INFO] IPUIPlugin:80 - create IPUIPlugin
2024-10-19 13:08:26,805 [INFO] PluginManager:220 - loadIPPluginJar : add i2s
2024-10-19 13:08:26,987 [INFO] IPUIPlugin:80 - create IPUIPlugin
2024-10-19 13:08:26,988 [INFO] PluginManager:220 - loadIPPluginJar : add i3c
2024-10-19 13:08:27,513 [INFO] IPUIPlugin:80 - create IPUIPlugin
2024-10-19 13:08:27,513 [INFO] PluginManager:220 - loadIPPluginJar : add ipddr
2024-10-19 13:08:27,954 [INFO] IPUIPlugin:80 - create IPUIPlugin
2024-10-19 13:08:27,955 [INFO] PluginManager:220 - loadIPPluginJar : add linkedlist
2024-10-19 13:08:28,093 [INFO] IPUIPlugin:80 - create IPUIPlugin
2024-10-19 13:08:28,093 [INFO] PluginManager:220 - loadIPPluginJar : add lorawan
2024-10-19 13:08:28,247 [INFO] IPUIPlugin:80 - create IPUIPlugin
2024-10-19 13:08:28,248 [INFO] PluginManager:220 - loadIPPluginJar : add ltdc
2024-10-19 13:08:28,305 [INFO] IPUIPlugin:80 - create IPUIPlugin
2024-10-19 13:08:28,306 [INFO] PluginManager:220 - loadIPPluginJar : add mdma
2024-10-19 13:08:28,358 [INFO] IPUIPlugin:80 - create IPUIPlugin
2024-10-19 13:08:28,359 [INFO] PluginManager:220 - loadIPPluginJar : add nvic
2024-10-19 13:08:28,505 [INFO] IPUIPlugin:80 - create IPUIPlugin
2024-10-19 13:08:28,506 [INFO] PluginManager:220 - loadIPPluginJar : add opamp
2024-10-19 13:08:28,754 [INFO] ThirdPartyUpdaterWithRetryManager:70 - Updater plugin not ready yet. [4/15]
2024-10-19 13:08:28,754 [INFO] IPUIPlugin:80 - create IPUIPlugin
2024-10-19 13:08:28,755 [INFO] PluginManager:220 - loadIPPluginJar : add openamp
2024-10-19 13:08:28,920 [INFO] IPUIPlugin:80 - create IPUIPlugin
2024-10-19 13:08:28,921 [INFO] PluginManager:220 - loadIPPluginJar : add pdm2pcm
2024-10-19 13:08:28,996 [INFO] IPUIPlugin:80 - create IPUIPlugin
2024-10-19 13:08:29,005 [INFO] PluginManager:220 - loadIPPluginJar : add plateformsettings
2024-10-19 13:08:29,091 [INFO] IPUIPlugin:80 - create IPUIPlugin
2024-10-19 13:08:29,092 [INFO] PluginManager:220 - loadIPPluginJar : add quadspi
2024-10-19 13:08:29,135 [INFO] IPUIPlugin:80 - create IPUIPlugin
2024-10-19 13:08:29,136 [INFO] PluginManager:220 - loadIPPluginJar : add resmgrutility
2024-10-19 13:08:29,363 [INFO] IPUIPlugin:80 - create IPUIPlugin
2024-10-19 13:08:29,363 [INFO] PluginManager:220 - loadIPPluginJar : add sai
2024-10-19 13:08:29,522 [INFO] IPUIPlugin:80 - create IPUIPlugin
2024-10-19 13:08:29,523 [INFO] PluginManager:220 - loadIPPluginJar : add spi
2024-10-19 13:08:29,822 [INFO] IPUIPlugin:80 - create IPUIPlugin
2024-10-19 13:08:29,823 [INFO] PluginManager:220 - loadIPPluginJar : add stm32_wpan
2024-10-19 13:08:29,920 [INFO] IPUIPlugin:80 - create IPUIPlugin
2024-10-19 13:08:29,921 [INFO] PluginManager:220 - loadIPPluginJar : add tim
2024-10-19 13:08:30,244 [INFO] IPUIPlugin:80 - create IPUIPlugin
2024-10-19 13:08:30,245 [INFO] PluginManager:220 - loadIPPluginJar : add touchsensing
2024-10-19 13:08:30,335 [INFO] IPUIPlugin:80 - create IPUIPlugin
2024-10-19 13:08:30,335 [INFO] PluginManager:220 - loadIPPluginJar : add tracer_emb
2024-10-19 13:08:30,425 [INFO] IPUIPlugin:80 - create IPUIPlugin
2024-10-19 13:08:30,426 [INFO] PluginManager:220 - loadIPPluginJar : add ts
2024-10-19 13:08:30,514 [INFO] IPUIPlugin:80 - create IPUIPlugin
2024-10-19 13:08:30,515 [INFO] PluginManager:220 - loadIPPluginJar : add tsc
2024-10-19 13:08:30,602 [INFO] IPUIPlugin:80 - create IPUIPlugin
2024-10-19 13:08:30,603 [INFO] PluginManager:220 - loadIPPluginJar : add ucpd
2024-10-19 13:08:30,808 [INFO] IPUIPlugin:80 - create IPUIPlugin
2024-10-19 13:08:30,809 [INFO] PluginManager:220 - loadIPPluginJar : add usart
2024-10-19 13:08:31,113 [INFO] IPUIPlugin:80 - create IPUIPlugin
2024-10-19 13:08:31,114 [INFO] PluginManager:220 - loadIPPluginJar : add usbx
2024-10-19 13:08:31,562 [INFO] CADModel:165 - CPN selected for project level
2024-10-19 13:08:31,563 [INFO] CADModel:114 - Register for checkConnection events
2024-10-19 13:08:31,563 [FATAL] Updater:308 - Updater called before beeing initialized
2024-10-19 13:08:31,564 [ERROR] CADModel:125 - Updater not yet initialized, retry later 
2024-10-19 13:08:31,757 [INFO] ThirdPartyUpdaterWithRetryManager:70 - Updater plugin not ready yet. [5/15]
2024-10-19 13:08:32,427 [INFO] CADModel:165 - CPN selected for project level
2024-10-19 13:08:32,427 [INFO] CADModel:114 - Register for checkConnection events
2024-10-19 13:08:32,428 [FATAL] Updater:308 - Updater called before beeing initialized
2024-10-19 13:08:32,428 [ERROR] CADModel:125 - Updater not yet initialized, retry later 
2024-10-19 13:08:32,450 [FATAL] Updater:308 - Updater called before beeing initialized
2024-10-19 13:08:33,067 [FATAL] Updater:308 - Updater called before beeing initialized
2024-10-19 13:08:33,112 [INFO] DbMcusAds:53 - JSON generation date=Fri Sep 20 18:34:23 IST 2024 (1726837463113)
2024-10-19 13:08:33,113 [FATAL] Updater:308 - Updater called before beeing initialized
2024-10-19 13:08:33,613 [WARN] DetailPanel:346 - Failed to get advertising image, set to default
2024-10-19 13:08:34,227 [FATAL] Updater:308 - Updater called before beeing initialized
2024-10-19 13:08:34,254 [FATAL] Updater:308 - Updater called before beeing initialized
2024-10-19 13:08:34,254 [FATAL] Updater:308 - Updater called before beeing initialized
2024-10-19 13:08:34,255 [WARN] DetailPanel:346 - Failed to get advertising image, set to default
2024-10-19 13:08:34,259 [FATAL] Updater:308 - Updater called before beeing initialized
2024-10-19 13:08:34,686 [ERROR] Updater:1120 - MainUpdater not yet initialized. External WinMGr cannot be set.
2024-10-19 13:08:34,736 [INFO] Updater:1056 - Updater Version found : 6.11.1
2024-10-19 13:08:34,759 [FATAL] Updater:308 - Updater called before beeing initialized
2024-10-19 13:08:34,760 [ERROR] IntegrityCheckThread:130 - Cannot retrieve database content from updater: error 21
2024-10-19 13:08:34,761 [INFO] ThirdParty:978 - Integrity check success = false
2024-10-19 13:08:34,761 [INFO] IntegrityCheckThread:100 - exiting critical section [integrity check]
2024-10-19 13:08:34,762 [INFO] IntegrityCheckThread:103 - End integrity checks thread
2024-10-19 13:08:34,806 [INFO] ApplicationProperties:184 - Using Application install path: C:\ST\STM32CubeIDE_1.15.1\STM32CubeIDE\plugins\com.st.stm32cube.common.mx_6.11.1.202404110753
2024-10-19 13:08:36,537 [ERROR] LogOutputStream:75 - [STDERR_REDIRECT] Oct 19, 2024 1:08:36 PM java.util.prefs.WindowsPreferences <init>
2024-10-19 13:08:36,549 [ERROR] LogOutputStream:75 - [STDERR_REDIRECT] WARNING: Could not open/create prefs root node Software\JavaSoft\Prefs at root 0xffffffff80000002. Windows RegCreateKeyEx(...) returned error code 5.
2024-10-19 13:08:36,550 [ERROR] LogOutputStream:75 - [STDERR_REDIRECT] 
2024-10-19 13:08:37,673 [INFO] MainUpdater:2873 - connection check result : 22
2024-10-19 13:08:37,676 [INFO] MainUpdater:290 - Updater Check For Update Now.
2024-10-19 13:08:37,677 [INFO] MicroXplorer:498 - Change Database Version : DB.6.0.111
2024-10-19 13:08:37,787 [INFO] McuFinderGlobals:63 - Set McuFinder mode to 2 (CubeIDE integrated)
2024-10-19 13:08:37,788 [INFO] UserAuth:179 - activating auth plugin
2024-10-19 13:08:37,826 [INFO] UserAuth:415 - Internet connection configuration mode: 2
2024-10-19 13:08:37,929 [INFO] UserAuth:415 - Internet connection configuration mode: 2
2024-10-19 13:08:38,865 [INFO] CheckServerUpdateThread:120 - End of CheckServer Thread
2024-10-19 13:36:51,046 [ERROR] ConfigurationRetriever:142 - IOException on connection: sw-center.st.com
2024-10-19 13:36:51,049 [ERROR] ConfigurationRetriever:142 - IOException on connection: sw-center.st.com
2024-10-19 13:36:51,051 [ERROR] ConfigurationRetriever:142 - IOException on connection: sw-center.st.com
2024-10-19 15:20:53,731 [ERROR] ConfigurationRetriever:142 - IOException on connection: sw-center.st.com
2024-10-19 15:20:53,735 [ERROR] ConfigurationRetriever:142 - IOException on connection: sw-center.st.com
2024-10-19 15:20:53,738 [ERROR] ConfigurationRetriever:142 - IOException on connection: sw-center.st.com
2024-10-19 18:06:55,225 [INFO] Activator:176 - 


2024-10-19 18:06:55,265 [INFO] Activator:177 - !SESSION log4j initialized
2024-10-19 18:07:35,964 [INFO] LogOutputStream:77 - [STDOUT_REDIRECT] 
2024-10-19 18:07:37,824 [ERROR] ConfigurationRetriever:142 - IOException on connection: sw-center.st.com
2024-10-19 18:07:37,841 [ERROR] ConfigurationRetriever:142 - IOException on connection: sw-center.st.com
2024-10-19 18:07:37,843 [ERROR] ConfigurationRetriever:142 - IOException on connection: sw-center.st.com
2024-10-19 18:07:37,862 [ERROR] ConfigurationRetriever:142 - IOException on connection: sw-center.st.com
2024-10-19 18:07:37,870 [ERROR] ConfigurationRetriever:142 - IOException on connection: sw-center.st.com
2024-10-19 18:07:37,874 [ERROR] ConfigurationRetriever:142 - IOException on connection: sw-center.st.com
2024-10-19 18:07:55,043 [INFO] ApplicationProperties:184 - Using Application install path: C:\ST\STM32CubeIDE_1.15.1\STM32CubeIDE\plugins\com.st.stm32cube.common.mx_6.11.1.202404110753
2024-10-19 18:07:55,176 [INFO] DbMcusXml:78 - Set database path to: C:\ST\STM32CubeIDE_1.15.1\STM32CubeIDE\plugins\com.st.stm32cube.common.mx_6.11.1.202404110753\\db\/mcu/
2024-10-19 18:07:55,177 [INFO] ApiDb:274 - Set plugin database path to: C:\ST\STM32CubeIDE_1.15.1\STM32CubeIDE\plugins\com.st.stm32cube.common.mx_6.11.1.202404110753\\db\/plugins/boardmanager/
2024-10-19 18:07:55,178 [WARN] ApiDb:259 - Overriding images path with different value:  => C:\ST\STM32CubeIDE_1.15.1\STM32CubeIDE\plugins\com.st.stm32cube.common.mx_6.11.1.202404110753\\db\/plugins/mcufinder/images/
2024-10-19 18:07:55,244 [INFO] ApiDb:250 - Set database path to: C:\Users\OVIA\.stmcufinder\plugins\mcufinder//mcu/
2024-10-19 18:07:55,250 [INFO] DbMcusAds:125 - Set database path to: C:\Users\OVIA\.stmcufinder\plugins\mcufinder//mcu/
2024-10-19 18:07:55,265 [INFO] CrossReferenceDbSqlite:203 - Set database path to: C:\Users\OVIA\.stmcufinder\plugins\mcufinder//mcu/cs/
2024-10-19 18:07:56,148 [INFO] RulesReader:64 - Compatibility file has been processed (297 Rules)
2024-10-19 18:07:56,882 [INFO] DbMcusXml:78 - Set database path to: C:\ST\STM32CubeIDE_1.15.1\STM32CubeIDE\plugins\com.st.stm32cube.common.mx_6.11.1.202404110753\\db\/mcu/
2024-10-19 18:07:56,883 [INFO] ApiDb:274 - Set plugin database path to: C:\ST\STM32CubeIDE_1.15.1\STM32CubeIDE\plugins\com.st.stm32cube.common.mx_6.11.1.202404110753\\db\/plugins/boardmanager/
2024-10-19 18:07:56,885 [INFO] ApiDb:261 - Set plugin images path to: C:\ST\STM32CubeIDE_1.15.1\STM32CubeIDE\plugins\com.st.stm32cube.common.mx_6.11.1.202404110753\\db\/plugins/mcufinder/images/
2024-10-19 18:07:56,886 [WARN] DbFile:41 - Overriding database path with different value: C:\Users\OVIA\.stmcufinder\plugins\mcufinder/ => C:\Users\OVIA\.stmcufinder\plugins\mcufinder
2024-10-19 18:07:56,887 [INFO] ApiDb:250 - Set database path to: C:\Users\OVIA\.stmcufinder\plugins\mcufinder//mcu/
2024-10-19 18:07:56,888 [WARN] DbFile:41 - Overriding database path with different value: C:\Users\OVIA\.stmcufinder\plugins\mcufinder/ => C:\Users\OVIA\.stmcufinder\plugins\mcufinder
2024-10-19 18:07:56,888 [INFO] DbMcusAds:125 - Set database path to: C:\Users\OVIA\.stmcufinder\plugins\mcufinder//mcu/
2024-10-19 18:07:56,889 [WARN] DbFile:41 - Overriding database path with different value: C:\Users\OVIA\.stmcufinder\plugins\mcufinder/ => C:\Users\OVIA\.stmcufinder\plugins\mcufinder
2024-10-19 18:07:56,890 [WARN] DbFile:41 - Overriding database path with different value: C:\Users\OVIA\.stmcufinder\plugins\mcufinder/ => C:\Users\OVIA\.stmcufinder\plugins\mcufinder
2024-10-19 18:07:56,890 [INFO] CrossReferenceDbSqlite:203 - Set database path to: C:\Users\OVIA\.stmcufinder\plugins\mcufinder//mcu/cs/
2024-10-19 18:07:57,801 [INFO] MainPanel:264 - HeapMemory: 268435456
2024-10-19 18:07:58,883 [INFO] DbMcusXml:78 - Set database path to: C:\ST\STM32CubeIDE_1.15.1\STM32CubeIDE\plugins\com.st.stm32cube.common.mx_6.11.1.202404110753\\db\/mcu/
2024-10-19 18:07:58,885 [INFO] ApiDb:274 - Set plugin database path to: C:\ST\STM32CubeIDE_1.15.1\STM32CubeIDE\plugins\com.st.stm32cube.common.mx_6.11.1.202404110753\\db\/plugins/boardmanager/
2024-10-19 18:07:58,885 [INFO] ApiDb:261 - Set plugin images path to: C:\ST\STM32CubeIDE_1.15.1\STM32CubeIDE\plugins\com.st.stm32cube.common.mx_6.11.1.202404110753\\db\/plugins/mcufinder/images/
2024-10-19 18:07:58,887 [WARN] DbFile:41 - Overriding database path with different value: C:\Users\OVIA\.stmcufinder\plugins\mcufinder/ => C:\Users\OVIA\.stmcufinder\plugins\mcufinder
2024-10-19 18:07:58,888 [INFO] ApiDb:250 - Set database path to: C:\Users\OVIA\.stmcufinder\plugins\mcufinder//mcu/
2024-10-19 18:07:58,889 [WARN] DbFile:41 - Overriding database path with different value: C:\Users\OVIA\.stmcufinder\plugins\mcufinder/ => C:\Users\OVIA\.stmcufinder\plugins\mcufinder
2024-10-19 18:07:58,889 [INFO] DbMcusAds:125 - Set database path to: C:\Users\OVIA\.stmcufinder\plugins\mcufinder//mcu/
2024-10-19 18:07:58,890 [WARN] DbFile:41 - Overriding database path with different value: C:\Users\OVIA\.stmcufinder\plugins\mcufinder/ => C:\Users\OVIA\.stmcufinder\plugins\mcufinder
2024-10-19 18:07:58,890 [WARN] DbFile:41 - Overriding database path with different value: C:\Users\OVIA\.stmcufinder\plugins\mcufinder/ => C:\Users\OVIA\.stmcufinder\plugins\mcufinder
2024-10-19 18:07:58,891 [INFO] CrossReferenceDbSqlite:203 - Set database path to: C:\Users\OVIA\.stmcufinder\plugins\mcufinder//mcu/cs/
2024-10-19 18:07:59,110 [INFO] ApplicationProperties:184 - Using Application install path: C:\ST\STM32CubeIDE_1.15.1\STM32CubeIDE\plugins\com.st.stm32cube.common.mx_6.11.1.202404110753
2024-10-19 18:07:59,131 [INFO] PluginManage:196 - Search for loadable plugins [exclusion list=, ]
2024-10-19 18:07:59,147 [INFO] PluginManage:310 - Check plugin analytics
2024-10-19 18:08:00,504 [INFO] AnalyticsPlugin:253 - Accepted Software Licenses: 
2024-10-19 18:08:00,505 [INFO] AnalyticsPlugin:255 - Accepted CMSIS Pack Licenses: 
2024-10-19 18:08:00,507 [INFO] AnalyticsPlugin:257 - Accepted Firmware Licenses: 
2024-10-19 18:08:00,525 [ERROR] ConfigurationRetriever:142 - IOException on connection: sw-center.st.com
2024-10-19 18:08:00,528 [ERROR] ConfigurationRetriever:142 - IOException on connection: sw-center.st.com
2024-10-19 18:08:00,530 [ERROR] ConfigurationRetriever:142 - IOException on connection: sw-center.st.com
2024-10-19 18:08:00,534 [INFO] PluginManage:359 - Loaded plugin analytics (category:tool,tabindex:-1)
2024-10-19 18:08:00,537 [INFO] PluginManage:310 - Check plugin cadmodel
2024-10-19 18:08:00,623 [INFO] CADModel:105 - Init CAD model plugin
2024-10-19 18:08:00,625 [INFO] PluginManage:359 - Loaded plugin cadmodel (category:power,tabindex:5)
2024-10-19 18:08:00,626 [INFO] PluginManage:310 - Check plugin clock
2024-10-19 18:08:00,749 [INFO] PluginManage:359 - Loaded plugin clock (category:base,tabindex:2)
2024-10-19 18:08:00,752 [INFO] PluginManage:310 - Check plugin ddr
2024-10-19 18:08:00,774 [INFO] PluginManage:359 - Loaded plugin ddr (category:tool,tabindex:6)
2024-10-19 18:08:00,775 [INFO] PluginManage:310 - Check plugin filemanager
2024-10-19 18:08:01,614 [INFO] PluginManage:359 - Loaded plugin filemanager (category:base,tabindex:10)
2024-10-19 18:08:01,615 [INFO] PluginManage:310 - Check plugin ipmanager
2024-10-19 18:08:01,681 [INFO] PluginManage:359 - Loaded plugin ipmanager (category:base,tabindex:5)
2024-10-19 18:08:01,682 [INFO] PluginManage:310 - Check plugin lpbam
2024-10-19 18:08:01,775 [INFO] PluginManage:359 - Loaded plugin lpbam (category:base,tabindex:0)
2024-10-19 18:08:01,776 [INFO] PluginManage:310 - Check plugin memorymap
2024-10-19 18:08:01,884 [INFO] PluginManage:359 - Loaded plugin memorymap (category:base,tabindex:4)
2024-10-19 18:08:01,885 [INFO] PluginManage:310 - Check plugin pinoutandconfiguration
2024-10-19 18:08:01,964 [INFO] PluginManage:359 - Loaded plugin pinoutandconfiguration (category:base,tabindex:1)
2024-10-19 18:08:01,964 [INFO] PluginManage:310 - Check plugin pinoutconfig
2024-10-19 18:08:02,560 [WARN] SupportedApi:132 - Cannot load RTOS API schema: s4s-elt-must-match.1: The content of 'definitions' must match (annotation?, (simpleType | complexType)?, (unique | key | keyref)*)). A problem was found starting at: attribute.
2024-10-19 18:08:03,311 [INFO] PluginManage:359 - Loaded plugin pinoutconfig (category:base,tabindex:0)
2024-10-19 18:08:03,311 [INFO] PluginManage:310 - Check plugin power
2024-10-19 18:08:03,411 [INFO] PluginManage:359 - Loaded plugin power (category:power,tabindex:4)
2024-10-19 18:08:03,412 [INFO] PluginManage:310 - Check plugin projectmanager
2024-10-19 18:08:03,529 [INFO] PluginManage:359 - Loaded plugin projectmanager (category:projectmanager,tabindex:3)
2024-10-19 18:08:03,530 [INFO] PluginManage:310 - Check plugin thirdparty
2024-10-19 18:08:04,756 [INFO] PluginManage:359 - Loaded plugin thirdparty (category:base,tabindex:-1)
2024-10-19 18:08:04,755 [WARN] IntegrityCheckThread:84 - waiting for thirdparty lock release [integrity check]
2024-10-19 18:08:04,756 [INFO] PluginManage:310 - Check plugin tools
2024-10-19 18:08:04,757 [INFO] IntegrityCheckThread:86 - entering critical section [integrity check]
2024-10-19 18:08:04,758 [INFO] ThirdPartyUpdaterWithRetryManager:70 - Updater plugin not ready yet. [1/15]
2024-10-19 18:08:04,770 [INFO] PluginManage:359 - Loaded plugin tools (category:base,tabindex:7)
2024-10-19 18:08:04,770 [INFO] PluginManage:310 - Check plugin tutovideos
2024-10-19 18:08:05,719 [INFO] PluginManage:359 - Loaded plugin tutovideos (category:base,tabindex:-1)
2024-10-19 18:08:05,720 [INFO] PluginManage:310 - Check plugin updater
2024-10-19 18:08:05,776 [INFO] PluginManage:359 - Loaded plugin updater (category:base,tabindex:12)
2024-10-19 18:08:05,777 [INFO] PluginManage:310 - Check plugin userauth
2024-10-19 18:08:05,821 [INFO] UserAuth:114 - Init User Auth plugin
2024-10-19 18:08:05,822 [INFO] PluginManage:359 - Loaded plugin userauth (category:base,tabindex:14)
2024-10-19 18:08:05,824 [INFO] PluginManage:283 - PluginManage : Loaded plugins [17]
2024-10-19 18:08:07,382 [INFO] PinOutPanel:1561 - setPackage(No Configuration,No Configuration)
2024-10-19 18:08:07,761 [INFO] ThirdPartyUpdaterWithRetryManager:70 - Updater plugin not ready yet. [2/15]
2024-10-19 18:08:07,951 [INFO] CADModel:165 - CPN selected for project level
2024-10-19 18:08:07,953 [INFO] CADModel:114 - Register for checkConnection events
2024-10-19 18:08:08,126 [INFO] IPUIPlugin:80 - create IPUIPlugin
2024-10-19 18:08:08,126 [INFO] PluginManager:220 - loadIPPluginJar : add adc
2024-10-19 18:08:08,294 [INFO] IPUIPlugin:80 - create IPUIPlugin
2024-10-19 18:08:08,295 [INFO] PluginManager:220 - loadIPPluginJar : add aes
2024-10-19 18:08:08,475 [INFO] IPUIPlugin:80 - create IPUIPlugin
2024-10-19 18:08:08,476 [INFO] PluginManager:220 - loadIPPluginJar : add can
2024-10-19 18:08:08,486 [INFO] IPUIPlugin:80 - create IPUIPlugin
2024-10-19 18:08:08,487 [INFO] PluginManager:220 - loadIPPluginJar : add comp
2024-10-19 18:08:08,632 [INFO] IPUIPlugin:80 - create IPUIPlugin
2024-10-19 18:08:08,633 [INFO] PluginManager:220 - loadIPPluginJar : add cryp
2024-10-19 18:08:08,758 [INFO] IPUIPlugin:80 - create IPUIPlugin
2024-10-19 18:08:08,759 [INFO] PluginManager:220 - loadIPPluginJar : add dfsdm
2024-10-19 18:08:08,869 [INFO] IPUIPlugin:80 - create IPUIPlugin
2024-10-19 18:08:08,871 [INFO] PluginManager:220 - loadIPPluginJar : add dma
2024-10-19 18:08:09,075 [INFO] IPUIPlugin:80 - create IPUIPlugin
2024-10-19 18:08:09,076 [INFO] PluginManager:220 - loadIPPluginJar : add dma3
2024-10-19 18:08:09,285 [INFO] IPUIPlugin:80 - create IPUIPlugin
2024-10-19 18:08:09,285 [INFO] PluginManager:220 - loadIPPluginJar : add extmemmanager
2024-10-19 18:08:09,368 [INFO] IPUIPlugin:80 - create IPUIPlugin
2024-10-19 18:08:09,369 [INFO] PluginManager:220 - loadIPPluginJar : add fatfs
2024-10-19 18:08:09,601 [INFO] IPUIPlugin:80 - create IPUIPlugin
2024-10-19 18:08:09,602 [INFO] PluginManager:220 - loadIPPluginJar : add fmc
2024-10-19 18:08:09,670 [INFO] IPUIPlugin:80 - create IPUIPlugin
2024-10-19 18:08:09,671 [INFO] PluginManager:220 - loadIPPluginJar : add freertos
2024-10-19 18:08:09,756 [INFO] IPUIPlugin:80 - create IPUIPlugin
2024-10-19 18:08:09,756 [INFO] PluginManager:220 - loadIPPluginJar : add genericplugin
2024-10-19 18:08:10,190 [INFO] IPUIPlugin:80 - create IPUIPlugin
2024-10-19 18:08:10,191 [INFO] PluginManager:220 - loadIPPluginJar : add gfxmmu
2024-10-19 18:08:10,762 [INFO] ThirdPartyUpdaterWithRetryManager:70 - Updater plugin not ready yet. [3/15]
2024-10-19 18:08:10,790 [INFO] IPUIPlugin:80 - create IPUIPlugin
2024-10-19 18:08:10,791 [INFO] PluginManager:220 - loadIPPluginJar : add gic
2024-10-19 18:08:10,863 [INFO] IPUIPlugin:80 - create IPUIPlugin
2024-10-19 18:08:10,864 [INFO] PluginManager:220 - loadIPPluginJar : add gpio
2024-10-19 18:08:11,346 [INFO] IPUIPlugin:80 - create IPUIPlugin
2024-10-19 18:08:11,346 [INFO] PluginManager:220 - loadIPPluginJar : add gtzc
2024-10-19 18:08:11,359 [INFO] IPUIPlugin:80 - create IPUIPlugin
2024-10-19 18:08:11,360 [INFO] PluginManager:220 - loadIPPluginJar : add hash
2024-10-19 18:08:11,614 [INFO] IPUIPlugin:80 - create IPUIPlugin
2024-10-19 18:08:11,615 [INFO] PluginManager:220 - loadIPPluginJar : add i2c
2024-10-19 18:08:11,796 [INFO] IPUIPlugin:80 - create IPUIPlugin
2024-10-19 18:08:11,796 [INFO] PluginManager:220 - loadIPPluginJar : add i2s
2024-10-19 18:08:12,030 [INFO] IPUIPlugin:80 - create IPUIPlugin
2024-10-19 18:08:12,031 [INFO] PluginManager:220 - loadIPPluginJar : add i3c
2024-10-19 18:08:12,592 [INFO] IPUIPlugin:80 - create IPUIPlugin
2024-10-19 18:08:12,592 [INFO] PluginManager:220 - loadIPPluginJar : add ipddr
2024-10-19 18:08:13,044 [INFO] IPUIPlugin:80 - create IPUIPlugin
2024-10-19 18:08:13,045 [INFO] PluginManager:220 - loadIPPluginJar : add linkedlist
2024-10-19 18:08:13,195 [INFO] IPUIPlugin:80 - create IPUIPlugin
2024-10-19 18:08:13,196 [INFO] PluginManager:220 - loadIPPluginJar : add lorawan
2024-10-19 18:08:13,363 [INFO] IPUIPlugin:80 - create IPUIPlugin
2024-10-19 18:08:13,364 [INFO] PluginManager:220 - loadIPPluginJar : add ltdc
2024-10-19 18:08:13,431 [INFO] IPUIPlugin:80 - create IPUIPlugin
2024-10-19 18:08:13,432 [INFO] PluginManager:220 - loadIPPluginJar : add mdma
2024-10-19 18:08:13,498 [INFO] IPUIPlugin:80 - create IPUIPlugin
2024-10-19 18:08:13,499 [INFO] PluginManager:220 - loadIPPluginJar : add nvic
2024-10-19 18:08:13,676 [INFO] IPUIPlugin:80 - create IPUIPlugin
2024-10-19 18:08:13,677 [INFO] PluginManager:220 - loadIPPluginJar : add opamp
2024-10-19 18:08:13,765 [INFO] ThirdPartyUpdaterWithRetryManager:70 - Updater plugin not ready yet. [4/15]
2024-10-19 18:08:13,956 [INFO] IPUIPlugin:80 - create IPUIPlugin
2024-10-19 18:08:13,957 [INFO] PluginManager:220 - loadIPPluginJar : add openamp
2024-10-19 18:08:14,136 [INFO] IPUIPlugin:80 - create IPUIPlugin
2024-10-19 18:08:14,137 [INFO] PluginManager:220 - loadIPPluginJar : add pdm2pcm
2024-10-19 18:08:14,215 [INFO] IPUIPlugin:80 - create IPUIPlugin
2024-10-19 18:08:14,226 [INFO] PluginManager:220 - loadIPPluginJar : add plateformsettings
2024-10-19 18:08:14,330 [INFO] IPUIPlugin:80 - create IPUIPlugin
2024-10-19 18:08:14,331 [INFO] PluginManager:220 - loadIPPluginJar : add quadspi
2024-10-19 18:08:14,377 [INFO] IPUIPlugin:80 - create IPUIPlugin
2024-10-19 18:08:14,378 [INFO] PluginManager:220 - loadIPPluginJar : add resmgrutility
2024-10-19 18:08:14,607 [INFO] IPUIPlugin:80 - create IPUIPlugin
2024-10-19 18:08:14,607 [INFO] PluginManager:220 - loadIPPluginJar : add sai
2024-10-19 18:08:14,794 [INFO] IPUIPlugin:80 - create IPUIPlugin
2024-10-19 18:08:14,794 [INFO] PluginManager:220 - loadIPPluginJar : add spi
2024-10-19 18:08:15,126 [INFO] IPUIPlugin:80 - create IPUIPlugin
2024-10-19 18:08:15,127 [INFO] PluginManager:220 - loadIPPluginJar : add stm32_wpan
2024-10-19 18:08:15,136 [INFO] IPUIPlugin:80 - create IPUIPlugin
2024-10-19 18:08:15,137 [INFO] PluginManager:220 - loadIPPluginJar : add tim
2024-10-19 18:08:15,424 [INFO] IPUIPlugin:80 - create IPUIPlugin
2024-10-19 18:08:15,424 [INFO] PluginManager:220 - loadIPPluginJar : add touchsensing
2024-10-19 18:08:15,434 [INFO] IPUIPlugin:80 - create IPUIPlugin
2024-10-19 18:08:15,435 [INFO] PluginManager:220 - loadIPPluginJar : add tracer_emb
2024-10-19 18:08:15,533 [INFO] IPUIPlugin:80 - create IPUIPlugin
2024-10-19 18:08:15,533 [INFO] PluginManager:220 - loadIPPluginJar : add ts
2024-10-19 18:08:15,543 [INFO] IPUIPlugin:80 - create IPUIPlugin
2024-10-19 18:08:15,544 [INFO] PluginManager:220 - loadIPPluginJar : add tsc
2024-10-19 18:08:15,635 [INFO] IPUIPlugin:80 - create IPUIPlugin
2024-10-19 18:08:15,636 [INFO] PluginManager:220 - loadIPPluginJar : add ucpd
2024-10-19 18:08:15,849 [INFO] IPUIPlugin:80 - create IPUIPlugin
2024-10-19 18:08:15,849 [INFO] PluginManager:220 - loadIPPluginJar : add usart
2024-10-19 18:08:16,048 [INFO] IPUIPlugin:80 - create IPUIPlugin
2024-10-19 18:08:16,048 [INFO] PluginManager:220 - loadIPPluginJar : add usbx
2024-10-19 18:08:16,491 [INFO] CADModel:165 - CPN selected for project level
2024-10-19 18:08:16,492 [INFO] CADModel:114 - Register for checkConnection events
2024-10-19 18:08:16,493 [FATAL] Updater:308 - Updater called before beeing initialized
2024-10-19 18:08:16,493 [ERROR] CADModel:125 - Updater not yet initialized, retry later 
2024-10-19 18:08:16,768 [INFO] ThirdPartyUpdaterWithRetryManager:70 - Updater plugin not ready yet. [5/15]
2024-10-19 18:08:17,296 [INFO] CADModel:165 - CPN selected for project level
2024-10-19 18:08:17,296 [INFO] CADModel:114 - Register for checkConnection events
2024-10-19 18:08:17,297 [FATAL] Updater:308 - Updater called before beeing initialized
2024-10-19 18:08:17,297 [ERROR] CADModel:125 - Updater not yet initialized, retry later 
2024-10-19 18:08:17,315 [FATAL] Updater:308 - Updater called before beeing initialized
2024-10-19 18:08:18,157 [FATAL] Updater:308 - Updater called before beeing initialized
2024-10-19 18:08:18,186 [INFO] DbMcusAds:53 - JSON generation date=Fri Sep 20 18:34:23 IST 2024 (1726837463113)
2024-10-19 18:08:18,187 [FATAL] Updater:308 - Updater called before beeing initialized
2024-10-19 18:08:18,624 [WARN] DetailPanel:346 - Failed to get advertising image, set to default
2024-10-19 18:08:19,209 [FATAL] Updater:308 - Updater called before beeing initialized
2024-10-19 18:08:19,244 [FATAL] Updater:308 - Updater called before beeing initialized
2024-10-19 18:08:19,245 [FATAL] Updater:308 - Updater called before beeing initialized
2024-10-19 18:08:19,246 [WARN] DetailPanel:346 - Failed to get advertising image, set to default
2024-10-19 18:08:19,253 [FATAL] Updater:308 - Updater called before beeing initialized
2024-10-19 18:08:19,631 [ERROR] Updater:1120 - MainUpdater not yet initialized. External WinMGr cannot be set.
2024-10-19 18:08:19,678 [INFO] Updater:1056 - Updater Version found : 6.11.1
2024-10-19 18:08:19,755 [INFO] ApplicationProperties:184 - Using Application install path: C:\ST\STM32CubeIDE_1.15.1\STM32CubeIDE\plugins\com.st.stm32cube.common.mx_6.11.1.202404110753
2024-10-19 18:08:19,771 [FATAL] Updater:308 - Updater called before beeing initialized
2024-10-19 18:08:19,772 [ERROR] IntegrityCheckThread:130 - Cannot retrieve database content from updater: error 21
2024-10-19 18:08:19,773 [INFO] ThirdParty:978 - Integrity check success = false
2024-10-19 18:08:19,773 [INFO] IntegrityCheckThread:100 - exiting critical section [integrity check]
2024-10-19 18:08:19,774 [INFO] IntegrityCheckThread:103 - End integrity checks thread
2024-10-19 18:08:21,437 [ERROR] LogOutputStream:75 - [STDERR_REDIRECT] Oct 19, 2024 6:08:21 PM java.util.prefs.WindowsPreferences <init>
2024-10-19 18:08:21,445 [ERROR] LogOutputStream:75 - [STDERR_REDIRECT] WARNING: Could not open/create prefs root node Software\JavaSoft\Prefs at root 0xffffffff80000002. Windows RegCreateKeyEx(...) returned error code 5.
2024-10-19 18:08:21,446 [ERROR] LogOutputStream:75 - [STDERR_REDIRECT] 
2024-10-19 18:08:23,161 [INFO] MainUpdater:2873 - connection check result : 22
2024-10-19 18:08:23,164 [INFO] MainUpdater:290 - Updater Check For Update Now.
2024-10-19 18:08:23,167 [INFO] MicroXplorer:498 - Change Database Version : DB.6.0.111
2024-10-19 18:08:23,379 [INFO] McuFinderGlobals:63 - Set McuFinder mode to 2 (CubeIDE integrated)
2024-10-19 18:08:23,380 [INFO] UserAuth:179 - activating auth plugin
2024-10-19 18:08:23,648 [INFO] UserAuth:415 - Internet connection configuration mode: 2
2024-10-19 18:08:24,003 [INFO] UserAuth:415 - Internet connection configuration mode: 2
2024-10-19 18:08:25,394 [INFO] CheckServerUpdateThread:120 - End of CheckServer Thread
2024-10-19 22:17:11,526 [ERROR] ConfigurationRetriever:142 - IOException on connection: sw-center.st.com
2024-10-19 22:17:11,528 [ERROR] ConfigurationRetriever:142 - IOException on connection: sw-center.st.com
2024-10-19 22:17:11,529 [ERROR] ConfigurationRetriever:142 - IOException on connection: sw-center.st.com
