2024-10-12 22:59:47,561 [INFO] Activator:176 - 


2024-10-12 22:59:47,592 [INFO] Activator:177 - !SESSION log4j initialized
2024-10-12 23:00:17,547 [INFO] LogOutputStream:77 - [STDOUT_REDIRECT] 
2024-10-12 23:00:19,776 [ERROR] ConfigurationRetriever:142 - IOException on connection: sw-center.st.com
2024-10-12 23:00:19,780 [ERROR] ConfigurationRetriever:142 - IOException on connection: sw-center.st.com
2024-10-12 23:00:19,782 [ERROR] ConfigurationRetriever:142 - IOException on connection: sw-center.st.com
2024-10-12 23:00:19,792 [ERROR] ConfigurationRetriever:142 - IOException on connection: sw-center.st.com
2024-10-12 23:00:19,795 [ERROR] ConfigurationRetriever:142 - IOException on connection: sw-center.st.com
2024-10-12 23:00:19,797 [ERROR] ConfigurationRetriever:142 - IOException on connection: sw-center.st.com
2024-10-12 23:00:32,354 [INFO] ApplicationProperties:184 - Using Application install path: C:\ST\STM32CubeIDE_1.15.1\STM32CubeIDE\plugins\com.st.stm32cube.common.mx_6.11.1.202404110753
2024-10-12 23:00:32,459 [INFO] DbMcusXml:78 - Set database path to: C:\ST\STM32CubeIDE_1.15.1\STM32CubeIDE\plugins\com.st.stm32cube.common.mx_6.11.1.202404110753\\db\/mcu/
2024-10-12 23:00:32,460 [INFO] ApiDb:274 - Set plugin database path to: C:\ST\STM32CubeIDE_1.15.1\STM32CubeIDE\plugins\com.st.stm32cube.common.mx_6.11.1.202404110753\\db\/plugins/boardmanager/
2024-10-12 23:00:32,461 [WARN] ApiDb:259 - Overriding images path with different value:  => C:\ST\STM32CubeIDE_1.15.1\STM32CubeIDE\plugins\com.st.stm32cube.common.mx_6.11.1.202404110753\\db\/plugins/mcufinder/images/
2024-10-12 23:00:32,534 [INFO] ApiDb:250 - Set database path to: C:\Users\OVIA\.stmcufinder\plugins\mcufinder//mcu/
2024-10-12 23:00:32,539 [INFO] DbMcusAds:125 - Set database path to: C:\Users\OVIA\.stmcufinder\plugins\mcufinder//mcu/
2024-10-12 23:00:32,549 [INFO] CrossReferenceDbSqlite:203 - Set database path to: C:\Users\OVIA\.stmcufinder\plugins\mcufinder//mcu/cs/
2024-10-12 23:00:33,217 [INFO] RulesReader:64 - Compatibility file has been processed (297 Rules)
2024-10-12 23:00:33,822 [INFO] DbMcusXml:78 - Set database path to: C:\ST\STM32CubeIDE_1.15.1\STM32CubeIDE\plugins\com.st.stm32cube.common.mx_6.11.1.202404110753\\db\/mcu/
2024-10-12 23:00:33,822 [INFO] ApiDb:274 - Set plugin database path to: C:\ST\STM32CubeIDE_1.15.1\STM32CubeIDE\plugins\com.st.stm32cube.common.mx_6.11.1.202404110753\\db\/plugins/boardmanager/
2024-10-12 23:00:33,823 [INFO] ApiDb:261 - Set plugin images path to: C:\ST\STM32CubeIDE_1.15.1\STM32CubeIDE\plugins\com.st.stm32cube.common.mx_6.11.1.202404110753\\db\/plugins/mcufinder/images/
2024-10-12 23:00:33,824 [WARN] DbFile:41 - Overriding database path with different value: C:\Users\OVIA\.stmcufinder\plugins\mcufinder/ => C:\Users\OVIA\.stmcufinder\plugins\mcufinder
2024-10-12 23:00:33,825 [INFO] ApiDb:250 - Set database path to: C:\Users\OVIA\.stmcufinder\plugins\mcufinder//mcu/
2024-10-12 23:00:33,826 [WARN] DbFile:41 - Overriding database path with different value: C:\Users\OVIA\.stmcufinder\plugins\mcufinder/ => C:\Users\OVIA\.stmcufinder\plugins\mcufinder
2024-10-12 23:00:33,826 [INFO] DbMcusAds:125 - Set database path to: C:\Users\OVIA\.stmcufinder\plugins\mcufinder//mcu/
2024-10-12 23:00:33,827 [WARN] DbFile:41 - Overriding database path with different value: C:\Users\OVIA\.stmcufinder\plugins\mcufinder/ => C:\Users\OVIA\.stmcufinder\plugins\mcufinder
2024-10-12 23:00:33,827 [WARN] DbFile:41 - Overriding database path with different value: C:\Users\OVIA\.stmcufinder\plugins\mcufinder/ => C:\Users\OVIA\.stmcufinder\plugins\mcufinder
2024-10-12 23:00:33,828 [INFO] CrossReferenceDbSqlite:203 - Set database path to: C:\Users\OVIA\.stmcufinder\plugins\mcufinder//mcu/cs/
2024-10-12 23:00:34,576 [INFO] MainPanel:264 - HeapMemory: 268435456
2024-10-12 23:00:35,378 [INFO] DbMcusXml:78 - Set database path to: C:\ST\STM32CubeIDE_1.15.1\STM32CubeIDE\plugins\com.st.stm32cube.common.mx_6.11.1.202404110753\\db\/mcu/
2024-10-12 23:00:35,378 [INFO] ApiDb:274 - Set plugin database path to: C:\ST\STM32CubeIDE_1.15.1\STM32CubeIDE\plugins\com.st.stm32cube.common.mx_6.11.1.202404110753\\db\/plugins/boardmanager/
2024-10-12 23:00:35,379 [INFO] ApiDb:261 - Set plugin images path to: C:\ST\STM32CubeIDE_1.15.1\STM32CubeIDE\plugins\com.st.stm32cube.common.mx_6.11.1.202404110753\\db\/plugins/mcufinder/images/
2024-10-12 23:00:35,380 [WARN] DbFile:41 - Overriding database path with different value: C:\Users\OVIA\.stmcufinder\plugins\mcufinder/ => C:\Users\OVIA\.stmcufinder\plugins\mcufinder
2024-10-12 23:00:35,381 [INFO] ApiDb:250 - Set database path to: C:\Users\OVIA\.stmcufinder\plugins\mcufinder//mcu/
2024-10-12 23:00:35,381 [WARN] DbFile:41 - Overriding database path with different value: C:\Users\OVIA\.stmcufinder\plugins\mcufinder/ => C:\Users\OVIA\.stmcufinder\plugins\mcufinder
2024-10-12 23:00:35,381 [INFO] DbMcusAds:125 - Set database path to: C:\Users\OVIA\.stmcufinder\plugins\mcufinder//mcu/
2024-10-12 23:00:35,382 [WARN] DbFile:41 - Overriding database path with different value: C:\Users\OVIA\.stmcufinder\plugins\mcufinder/ => C:\Users\OVIA\.stmcufinder\plugins\mcufinder
2024-10-12 23:00:35,382 [WARN] DbFile:41 - Overriding database path with different value: C:\Users\OVIA\.stmcufinder\plugins\mcufinder/ => C:\Users\OVIA\.stmcufinder\plugins\mcufinder
2024-10-12 23:00:35,382 [INFO] CrossReferenceDbSqlite:203 - Set database path to: C:\Users\OVIA\.stmcufinder\plugins\mcufinder//mcu/cs/
2024-10-12 23:00:35,556 [INFO] ApplicationProperties:184 - Using Application install path: C:\ST\STM32CubeIDE_1.15.1\STM32CubeIDE\plugins\com.st.stm32cube.common.mx_6.11.1.202404110753
2024-10-12 23:00:35,581 [INFO] PluginManage:196 - Search for loadable plugins [exclusion list=, ]
2024-10-12 23:00:35,597 [INFO] PluginManage:310 - Check plugin analytics
2024-10-12 23:00:36,655 [INFO] AnalyticsPlugin:253 - Accepted Software Licenses: 
2024-10-12 23:00:36,656 [INFO] AnalyticsPlugin:255 - Accepted CMSIS Pack Licenses: 
2024-10-12 23:00:36,657 [INFO] AnalyticsPlugin:257 - Accepted Firmware Licenses: 
2024-10-12 23:00:36,669 [INFO] PluginManage:359 - Loaded plugin analytics (category:tool,tabindex:-1)
2024-10-12 23:00:36,671 [INFO] PluginManage:310 - Check plugin cadmodel
2024-10-12 23:00:36,690 [ERROR] ConfigurationRetriever:142 - IOException on connection: sw-center.st.com
2024-10-12 23:00:36,694 [ERROR] ConfigurationRetriever:142 - IOException on connection: sw-center.st.com
2024-10-12 23:00:36,696 [ERROR] ConfigurationRetriever:142 - IOException on connection: sw-center.st.com
2024-10-12 23:00:36,798 [INFO] CADModel:105 - Init CAD model plugin
2024-10-12 23:00:36,799 [INFO] PluginManage:359 - Loaded plugin cadmodel (category:power,tabindex:5)
2024-10-12 23:00:36,800 [INFO] PluginManage:310 - Check plugin clock
2024-10-12 23:00:36,969 [INFO] PluginManage:359 - Loaded plugin clock (category:base,tabindex:2)
2024-10-12 23:00:36,970 [INFO] PluginManage:310 - Check plugin ddr
2024-10-12 23:00:37,004 [INFO] PluginManage:359 - Loaded plugin ddr (category:tool,tabindex:6)
2024-10-12 23:00:37,006 [INFO] PluginManage:310 - Check plugin filemanager
2024-10-12 23:00:38,037 [INFO] PluginManage:359 - Loaded plugin filemanager (category:base,tabindex:10)
2024-10-12 23:00:38,038 [INFO] PluginManage:310 - Check plugin ipmanager
2024-10-12 23:00:38,097 [INFO] PluginManage:359 - Loaded plugin ipmanager (category:base,tabindex:5)
2024-10-12 23:00:38,098 [INFO] PluginManage:310 - Check plugin lpbam
2024-10-12 23:00:38,210 [INFO] PluginManage:359 - Loaded plugin lpbam (category:base,tabindex:0)
2024-10-12 23:00:38,211 [INFO] PluginManage:310 - Check plugin memorymap
2024-10-12 23:00:38,373 [INFO] PluginManage:359 - Loaded plugin memorymap (category:base,tabindex:4)
2024-10-12 23:00:38,373 [INFO] PluginManage:310 - Check plugin pinoutandconfiguration
2024-10-12 23:00:38,451 [INFO] PluginManage:359 - Loaded plugin pinoutandconfiguration (category:base,tabindex:1)
2024-10-12 23:00:38,451 [INFO] PluginManage:310 - Check plugin pinoutconfig
2024-10-12 23:00:39,000 [WARN] SupportedApi:132 - Cannot load RTOS API schema: s4s-elt-must-match.1: The content of 'definitions' must match (annotation?, (simpleType | complexType)?, (unique | key | keyref)*)). A problem was found starting at: attribute.
2024-10-12 23:00:39,595 [INFO] PluginManage:359 - Loaded plugin pinoutconfig (category:base,tabindex:0)
2024-10-12 23:00:39,596 [INFO] PluginManage:310 - Check plugin power
2024-10-12 23:00:39,744 [INFO] PluginManage:359 - Loaded plugin power (category:power,tabindex:4)
2024-10-12 23:00:39,745 [INFO] PluginManage:310 - Check plugin projectmanager
2024-10-12 23:00:39,926 [INFO] PluginManage:359 - Loaded plugin projectmanager (category:projectmanager,tabindex:3)
2024-10-12 23:00:39,926 [INFO] PluginManage:310 - Check plugin thirdparty
2024-10-12 23:00:41,408 [WARN] IntegrityCheckThread:84 - waiting for thirdparty lock release [integrity check]
2024-10-12 23:00:41,408 [INFO] PluginManage:359 - Loaded plugin thirdparty (category:base,tabindex:-1)
2024-10-12 23:00:41,408 [INFO] IntegrityCheckThread:86 - entering critical section [integrity check]
2024-10-12 23:00:41,409 [INFO] PluginManage:310 - Check plugin tools
2024-10-12 23:00:41,409 [INFO] ThirdPartyUpdaterWithRetryManager:70 - Updater plugin not ready yet. [1/15]
2024-10-12 23:00:41,521 [INFO] PluginManage:359 - Loaded plugin tools (category:base,tabindex:7)
2024-10-12 23:00:41,521 [INFO] PluginManage:310 - Check plugin tutovideos
2024-10-12 23:00:42,160 [INFO] PluginManage:359 - Loaded plugin tutovideos (category:base,tabindex:-1)
2024-10-12 23:00:42,161 [INFO] PluginManage:310 - Check plugin updater
2024-10-12 23:00:42,209 [INFO] PluginManage:359 - Loaded plugin updater (category:base,tabindex:12)
2024-10-12 23:00:42,210 [INFO] PluginManage:310 - Check plugin userauth
2024-10-12 23:00:42,247 [INFO] UserAuth:114 - Init User Auth plugin
2024-10-12 23:00:42,247 [INFO] PluginManage:359 - Loaded plugin userauth (category:base,tabindex:14)
2024-10-12 23:00:42,249 [INFO] PluginManage:283 - PluginManage : Loaded plugins [17]
2024-10-12 23:00:43,871 [INFO] PinOutPanel:1561 - setPackage(No Configuration,No Configuration)
2024-10-12 23:00:44,412 [INFO] ThirdPartyUpdaterWithRetryManager:70 - Updater plugin not ready yet. [2/15]
2024-10-12 23:00:44,485 [INFO] CADModel:165 - CPN selected for project level
2024-10-12 23:00:44,486 [INFO] CADModel:114 - Register for checkConnection events
2024-10-12 23:00:44,679 [INFO] IPUIPlugin:80 - create IPUIPlugin
2024-10-12 23:00:44,680 [INFO] PluginManager:220 - loadIPPluginJar : add adc
2024-10-12 23:00:44,874 [INFO] IPUIPlugin:80 - create IPUIPlugin
2024-10-12 23:00:44,874 [INFO] PluginManager:220 - loadIPPluginJar : add aes
2024-10-12 23:00:45,078 [INFO] IPUIPlugin:80 - create IPUIPlugin
2024-10-12 23:00:45,078 [INFO] PluginManager:220 - loadIPPluginJar : add can
2024-10-12 23:00:45,199 [INFO] IPUIPlugin:80 - create IPUIPlugin
2024-10-12 23:00:45,200 [INFO] PluginManager:220 - loadIPPluginJar : add comp
2024-10-12 23:00:45,351 [INFO] IPUIPlugin:80 - create IPUIPlugin
2024-10-12 23:00:45,351 [INFO] PluginManager:220 - loadIPPluginJar : add cryp
2024-10-12 23:00:45,498 [INFO] IPUIPlugin:80 - create IPUIPlugin
2024-10-12 23:00:45,499 [INFO] PluginManager:220 - loadIPPluginJar : add dfsdm
2024-10-12 23:00:45,598 [INFO] IPUIPlugin:80 - create IPUIPlugin
2024-10-12 23:00:45,600 [INFO] PluginManager:220 - loadIPPluginJar : add dma
2024-10-12 23:00:45,858 [INFO] IPUIPlugin:80 - create IPUIPlugin
2024-10-12 23:00:45,859 [INFO] PluginManager:220 - loadIPPluginJar : add dma3
2024-10-12 23:00:46,083 [INFO] IPUIPlugin:80 - create IPUIPlugin
2024-10-12 23:00:46,084 [INFO] PluginManager:220 - loadIPPluginJar : add extmemmanager
2024-10-12 23:00:46,210 [INFO] IPUIPlugin:80 - create IPUIPlugin
2024-10-12 23:00:46,211 [INFO] PluginManager:220 - loadIPPluginJar : add fatfs
2024-10-12 23:00:46,451 [INFO] IPUIPlugin:80 - create IPUIPlugin
2024-10-12 23:00:46,452 [INFO] PluginManager:220 - loadIPPluginJar : add fmc
2024-10-12 23:00:46,539 [INFO] IPUIPlugin:80 - create IPUIPlugin
2024-10-12 23:00:46,540 [INFO] PluginManager:220 - loadIPPluginJar : add freertos
2024-10-12 23:00:46,662 [INFO] IPUIPlugin:80 - create IPUIPlugin
2024-10-12 23:00:46,663 [INFO] PluginManager:220 - loadIPPluginJar : add genericplugin
2024-10-12 23:00:47,181 [INFO] IPUIPlugin:80 - create IPUIPlugin
2024-10-12 23:00:47,182 [INFO] PluginManager:220 - loadIPPluginJar : add gfxmmu
2024-10-12 23:00:47,413 [INFO] ThirdPartyUpdaterWithRetryManager:70 - Updater plugin not ready yet. [3/15]
2024-10-12 23:00:47,821 [INFO] IPUIPlugin:80 - create IPUIPlugin
2024-10-12 23:00:47,822 [INFO] PluginManager:220 - loadIPPluginJar : add gic
2024-10-12 23:00:47,920 [INFO] IPUIPlugin:80 - create IPUIPlugin
2024-10-12 23:00:47,920 [INFO] PluginManager:220 - loadIPPluginJar : add gpio
2024-10-12 23:00:48,427 [INFO] IPUIPlugin:80 - create IPUIPlugin
2024-10-12 23:00:48,428 [INFO] PluginManager:220 - loadIPPluginJar : add gtzc
2024-10-12 23:00:48,613 [INFO] IPUIPlugin:80 - create IPUIPlugin
2024-10-12 23:00:48,614 [INFO] PluginManager:220 - loadIPPluginJar : add hash
2024-10-12 23:00:48,887 [INFO] IPUIPlugin:80 - create IPUIPlugin
2024-10-12 23:00:48,888 [INFO] PluginManager:220 - loadIPPluginJar : add i2c
2024-10-12 23:00:49,072 [INFO] IPUIPlugin:80 - create IPUIPlugin
2024-10-12 23:00:49,072 [INFO] PluginManager:220 - loadIPPluginJar : add i2s
2024-10-12 23:00:49,283 [INFO] IPUIPlugin:80 - create IPUIPlugin
2024-10-12 23:00:49,284 [INFO] PluginManager:220 - loadIPPluginJar : add i3c
2024-10-12 23:00:49,859 [INFO] IPUIPlugin:80 - create IPUIPlugin
2024-10-12 23:00:49,860 [INFO] PluginManager:220 - loadIPPluginJar : add ipddr
2024-10-12 23:00:50,397 [INFO] IPUIPlugin:80 - create IPUIPlugin
2024-10-12 23:00:50,398 [INFO] PluginManager:220 - loadIPPluginJar : add linkedlist
2024-10-12 23:00:50,416 [INFO] ThirdPartyUpdaterWithRetryManager:70 - Updater plugin not ready yet. [4/15]
2024-10-12 23:00:50,568 [INFO] IPUIPlugin:80 - create IPUIPlugin
2024-10-12 23:00:50,569 [INFO] PluginManager:220 - loadIPPluginJar : add lorawan
2024-10-12 23:00:50,774 [INFO] IPUIPlugin:80 - create IPUIPlugin
2024-10-12 23:00:50,775 [INFO] PluginManager:220 - loadIPPluginJar : add ltdc
2024-10-12 23:00:50,866 [INFO] IPUIPlugin:80 - create IPUIPlugin
2024-10-12 23:00:50,866 [INFO] PluginManager:220 - loadIPPluginJar : add mdma
2024-10-12 23:00:50,936 [INFO] IPUIPlugin:80 - create IPUIPlugin
2024-10-12 23:00:50,937 [INFO] PluginManager:220 - loadIPPluginJar : add nvic
2024-10-12 23:00:51,142 [INFO] IPUIPlugin:80 - create IPUIPlugin
2024-10-12 23:00:51,143 [INFO] PluginManager:220 - loadIPPluginJar : add opamp
2024-10-12 23:00:51,618 [INFO] IPUIPlugin:80 - create IPUIPlugin
2024-10-12 23:00:51,619 [INFO] PluginManager:220 - loadIPPluginJar : add openamp
2024-10-12 23:00:51,968 [INFO] IPUIPlugin:80 - create IPUIPlugin
2024-10-12 23:00:51,969 [INFO] PluginManager:220 - loadIPPluginJar : add pdm2pcm
2024-10-12 23:00:52,061 [INFO] IPUIPlugin:80 - create IPUIPlugin
2024-10-12 23:00:52,074 [INFO] PluginManager:220 - loadIPPluginJar : add plateformsettings
2024-10-12 23:00:52,223 [INFO] IPUIPlugin:80 - create IPUIPlugin
2024-10-12 23:00:52,224 [INFO] PluginManager:220 - loadIPPluginJar : add quadspi
2024-10-12 23:00:52,290 [INFO] IPUIPlugin:80 - create IPUIPlugin
2024-10-12 23:00:52,290 [INFO] PluginManager:220 - loadIPPluginJar : add resmgrutility
2024-10-12 23:00:52,608 [INFO] IPUIPlugin:80 - create IPUIPlugin
2024-10-12 23:00:52,608 [INFO] PluginManager:220 - loadIPPluginJar : add sai
2024-10-12 23:00:52,764 [INFO] IPUIPlugin:80 - create IPUIPlugin
2024-10-12 23:00:52,764 [INFO] PluginManager:220 - loadIPPluginJar : add spi
2024-10-12 23:00:53,059 [INFO] IPUIPlugin:80 - create IPUIPlugin
2024-10-12 23:00:53,059 [INFO] PluginManager:220 - loadIPPluginJar : add stm32_wpan
2024-10-12 23:00:53,137 [INFO] IPUIPlugin:80 - create IPUIPlugin
2024-10-12 23:00:53,138 [INFO] PluginManager:220 - loadIPPluginJar : add tim
2024-10-12 23:00:53,419 [INFO] ThirdPartyUpdaterWithRetryManager:70 - Updater plugin not ready yet. [5/15]
2024-10-12 23:00:53,422 [INFO] IPUIPlugin:80 - create IPUIPlugin
2024-10-12 23:00:53,422 [INFO] PluginManager:220 - loadIPPluginJar : add touchsensing
2024-10-12 23:00:53,556 [INFO] IPUIPlugin:80 - create IPUIPlugin
2024-10-12 23:00:53,556 [INFO] PluginManager:220 - loadIPPluginJar : add tracer_emb
2024-10-12 23:00:53,650 [INFO] IPUIPlugin:80 - create IPUIPlugin
2024-10-12 23:00:53,650 [INFO] PluginManager:220 - loadIPPluginJar : add ts
2024-10-12 23:00:53,727 [INFO] IPUIPlugin:80 - create IPUIPlugin
2024-10-12 23:00:53,728 [INFO] PluginManager:220 - loadIPPluginJar : add tsc
2024-10-12 23:00:53,848 [INFO] IPUIPlugin:80 - create IPUIPlugin
2024-10-12 23:00:53,849 [INFO] PluginManager:220 - loadIPPluginJar : add ucpd
2024-10-12 23:00:54,143 [INFO] IPUIPlugin:80 - create IPUIPlugin
2024-10-12 23:00:54,144 [INFO] PluginManager:220 - loadIPPluginJar : add usart
2024-10-12 23:00:54,531 [INFO] IPUIPlugin:80 - create IPUIPlugin
2024-10-12 23:00:54,532 [INFO] PluginManager:220 - loadIPPluginJar : add usbx
2024-10-12 23:00:55,035 [INFO] CADModel:165 - CPN selected for project level
2024-10-12 23:00:55,036 [INFO] CADModel:114 - Register for checkConnection events
2024-10-12 23:00:55,037 [FATAL] Updater:308 - Updater called before beeing initialized
2024-10-12 23:00:55,038 [ERROR] CADModel:125 - Updater not yet initialized, retry later 
2024-10-12 23:00:55,914 [INFO] CADModel:165 - CPN selected for project level
2024-10-12 23:00:55,915 [INFO] CADModel:114 - Register for checkConnection events
2024-10-12 23:00:55,915 [FATAL] Updater:308 - Updater called before beeing initialized
2024-10-12 23:00:55,916 [ERROR] CADModel:125 - Updater not yet initialized, retry later 
2024-10-12 23:00:55,934 [FATAL] Updater:308 - Updater called before beeing initialized
2024-10-12 23:00:56,422 [INFO] ThirdPartyUpdaterWithRetryManager:70 - Updater plugin not ready yet. [6/15]
2024-10-12 23:00:56,890 [FATAL] Updater:308 - Updater called before beeing initialized
2024-10-12 23:00:56,984 [INFO] DbMcusAds:53 - JSON generation date=Fri Sep 20 18:34:23 IST 2024 (1726837463113)
2024-10-12 23:00:56,985 [FATAL] Updater:308 - Updater called before beeing initialized
2024-10-12 23:00:57,496 [WARN] DetailPanel:346 - Failed to get advertising image, set to default
2024-10-12 23:00:57,968 [FATAL] Updater:308 - Updater called before beeing initialized
2024-10-12 23:00:57,996 [FATAL] Updater:308 - Updater called before beeing initialized
2024-10-12 23:00:57,997 [FATAL] Updater:308 - Updater called before beeing initialized
2024-10-12 23:00:57,997 [WARN] DetailPanel:346 - Failed to get advertising image, set to default
2024-10-12 23:00:58,000 [FATAL] Updater:308 - Updater called before beeing initialized
2024-10-12 23:00:58,292 [ERROR] Updater:1120 - MainUpdater not yet initialized. External WinMGr cannot be set.
2024-10-12 23:00:58,342 [INFO] Updater:1056 - Updater Version found : 6.11.1
2024-10-12 23:00:58,458 [INFO] ApplicationProperties:184 - Using Application install path: C:\ST\STM32CubeIDE_1.15.1\STM32CubeIDE\plugins\com.st.stm32cube.common.mx_6.11.1.202404110753
2024-10-12 23:00:59,425 [FATAL] Updater:308 - Updater called before beeing initialized
2024-10-12 23:00:59,427 [ERROR] IntegrityCheckThread:130 - Cannot retrieve database content from updater: error 21
2024-10-12 23:00:59,428 [INFO] ThirdParty:978 - Integrity check success = false
2024-10-12 23:00:59,428 [INFO] IntegrityCheckThread:100 - exiting critical section [integrity check]
2024-10-12 23:00:59,429 [INFO] IntegrityCheckThread:103 - End integrity checks thread
2024-10-12 23:01:00,248 [ERROR] LogOutputStream:75 - [STDERR_REDIRECT] Oct 12, 2024 11:01:00 PM java.util.prefs.WindowsPreferences <init>
2024-10-12 23:01:00,262 [ERROR] LogOutputStream:75 - [STDERR_REDIRECT] WARNING: Could not open/create prefs root node Software\JavaSoft\Prefs at root 0xffffffff80000002. Windows RegCreateKeyEx(...) returned error code 5.
2024-10-12 23:01:00,263 [ERROR] LogOutputStream:75 - [STDERR_REDIRECT] 
2024-10-12 23:01:01,499 [INFO] MainUpdater:2873 - connection check result : 22
2024-10-12 23:01:01,502 [INFO] MainUpdater:290 - Updater Check For Update Now.
2024-10-12 23:01:01,503 [INFO] MicroXplorer:498 - Change Database Version : DB.6.0.111
2024-10-12 23:01:01,589 [INFO] McuFinderGlobals:63 - Set McuFinder mode to 2 (CubeIDE integrated)
2024-10-12 23:01:01,590 [INFO] UserAuth:179 - activating auth plugin
2024-10-12 23:01:01,637 [INFO] UserAuth:415 - Internet connection configuration mode: 2
2024-10-12 23:01:01,735 [INFO] UserAuth:415 - Internet connection configuration mode: 2
2024-10-12 23:01:02,667 [INFO] CheckServerUpdateThread:120 - End of CheckServer Thread
2024-10-12 23:28:08,577 [ERROR] ConfigurationRetriever:142 - IOException on connection: sw-center.st.com
2024-10-12 23:28:08,580 [ERROR] ConfigurationRetriever:142 - IOException on connection: sw-center.st.com
2024-10-12 23:28:08,581 [ERROR] ConfigurationRetriever:142 - IOException on connection: sw-center.st.com
2024-10-12 23:36:46,448 [ERROR] ConfigurationRetriever:142 - IOException on connection: sw-center.st.com
2024-10-12 23:36:46,450 [ERROR] ConfigurationRetriever:142 - IOException on connection: sw-center.st.com
2024-10-12 23:36:46,452 [ERROR] ConfigurationRetriever:142 - IOException on connection: sw-center.st.com
